[2025-07-24 14:36:49,683] 0  INFO GUI_LOGGER: INIT APPLICATION
[2025-07-24 14:36:49,704] 21  INFO CORE_LOGGER: START INIT Application
[2025-07-24 14:36:49,708] 25  INFO CONFIG_LOGGER: Setting default home directory: C:\Users\User\.WoPeD-3.9.0\nets\
[2025-07-24 14:36:49,708] 25  INFO CONFIG_LOGGER: Loading configuration from: C:\Users\User\.WoPeD-3.9.0\WoPeDconfig.xml.
[2025-07-24 14:36:49,846] 163  INFO CONFIG_LOGGER: Setting Locale to en_GB
[2025-07-24 14:36:49,849] 166  INFO CONFIG_LOGGER: Setting home directory: C:\Users\User\.WoPeD-3.9.0\nets\
[2025-07-24 14:36:49,849] 166  INFO CONFIG_LOGGER: Setting current working directory: null
[2025-07-24 14:36:49,849] 166  INFO CONFIG_LOGGER: Setting current working directory: C:\Users\User\.WoPeD-3.9.0\nets\
[2025-07-24 14:36:49,862] 179  INFO CONFIG_LOGGER: Configuration successfully loaded.
[2025-07-24 14:36:49,869] 186  WARN CONFIG_LOGGER: Configuration file not found: C:\Users\User\.WoPeD-3.9.0\WoPeDmetrics.xml. Using built-in settings.
[2025-07-24 14:36:49,889] 206  INFO CONFIG_LOGGER: Configuration successfully loaded.
[2025-07-24 14:36:49,915] 232  INFO CORE_LOGGER: Look-And-Feel set to com.sun.java.swing.plaf.windows.WindowsLookAndFeel
[2025-07-24 14:36:50,255] 572  INFO GUI_LOGGER: END  INIT Application
[2025-07-24 14:36:50,407] 724 DEBUG QUALANALYSIS_LOGGER: -> init() org.woped.qualanalysis.coverabilitygraph.gui.CoverabilityGraphFrameController
[2025-07-24 14:36:50,413] 730 DEBUG QUALANALYSIS_LOGGER: <- init() org.woped.qualanalysis.coverabilitygraph.gui.CoverabilityGraphFrameController
[2025-07-24 14:36:50,477] 794 DEBUG FILE_LOGGER: ##### START PNML Version (1.3.2) IMPORT #####
[2025-07-24 14:36:50,611] 928 DEBUG QUALANALYSIS_LOGGER: PT Handle Pairs calculated. (0 ms)
[2025-07-24 14:36:50,611] 928 DEBUG QUALANALYSIS_LOGGER: TP Handle Pairs calculated. (7 ms)
[2025-07-24 14:36:50,761] 1078 DEBUG FILE_LOGGER:  ... Place (ID:p1) imported
[2025-07-24 14:36:50,761] 1078 DEBUG FILE_LOGGER:  ... Place (ID:p2) imported
[2025-07-24 14:36:50,761] 1078 DEBUG FILE_LOGGER:  ... Place (ID:p3) imported
[2025-07-24 14:36:50,763] 1080 DEBUG FILE_LOGGER:  ... Place (ID:p4) imported
[2025-07-24 14:36:50,763] 1080 DEBUG FILE_LOGGER:  ... Place (ID:p5) imported
[2025-07-24 14:36:50,763] 1080 DEBUG FILE_LOGGER:  ... Place (ID:p6) imported
[2025-07-24 14:36:50,770] 1087 DEBUG FILE_LOGGER:  ... Transition (ID:t4) imported 
[2025-07-24 14:36:50,770] 1087 DEBUG FILE_LOGGER:  ... Transition (ID:t1) imported 
[2025-07-24 14:36:50,771] 1088 DEBUG FILE_LOGGER:  ... Transition (ID:t2) imported 
[2025-07-24 14:36:50,771] 1088 DEBUG FILE_LOGGER:  ... Transition (ID:t3) imported 
[2025-07-24 14:36:50,777] 1094 DEBUG FILE_LOGGER:  ... Arc created: (ID:a11) p6 -> t2 
[2025-07-24 14:36:50,778] 1095 DEBUG FILE_LOGGER:  ... Arc created: (ID:a10) t2 -> p4 
[2025-07-24 14:36:50,778] 1095 DEBUG FILE_LOGGER:  ... Arc created: (ID:a13) p2 -> t4 
[2025-07-24 14:36:50,778] 1095 DEBUG FILE_LOGGER:  ... Arc created: (ID:a12) p3 -> t4 
[2025-07-24 14:36:50,778] 1095 DEBUG FILE_LOGGER:  ... Arc created: (ID:a15) t4 -> p6 
[2025-07-24 14:36:50,779] 1096 DEBUG FILE_LOGGER:  ... Arc created: (ID:a14) p1 -> t4 
[2025-07-24 14:36:50,779] 1096 DEBUG FILE_LOGGER:  ... Arc created: (ID:a17) t4 -> p4 
[2025-07-24 14:36:50,779] 1096 DEBUG FILE_LOGGER:  ... Arc created: (ID:a16) t4 -> p5 
[2025-07-24 14:36:50,779] 1096 DEBUG FILE_LOGGER:  ... Arc created: (ID:a18) p1 -> t2 
[2025-07-24 14:36:50,779] 1096 DEBUG FILE_LOGGER:  ... Arc created: (ID:a1) p1 -> t1 
[2025-07-24 14:36:50,780] 1097 DEBUG FILE_LOGGER:  ... Arc created: (ID:a2) t1 -> p2 
[2025-07-24 14:36:50,780] 1097 DEBUG FILE_LOGGER:  ... Arc created: (ID:a3) p2 -> t2 
[2025-07-24 14:36:50,780] 1097 DEBUG FILE_LOGGER:  ... Arc created: (ID:a4) t2 -> p3 
[2025-07-24 14:36:50,780] 1097 DEBUG FILE_LOGGER:  ... Arc created: (ID:a5) t1 -> p4 
[2025-07-24 14:36:50,780] 1097 DEBUG FILE_LOGGER:  ... Arc created: (ID:a6) p4 -> t3 
[2025-07-24 14:36:50,781] 1098 DEBUG FILE_LOGGER:  ... Arc created: (ID:a7) t3 -> p1 
[2025-07-24 14:36:50,781] 1098 DEBUG FILE_LOGGER:  ... Arc created: (ID:a8) t2 -> p5 
[2025-07-24 14:36:50,781] 1098 DEBUG FILE_LOGGER:  ... Arc created: (ID:a9) p5 -> t1 
[2025-07-24 14:36:50,840] 1157 DEBUG EDITOR_LOGGER: Net updated. (5 ms)
[2025-07-24 14:36:50,846] 1163 DEBUG EDITOR_LOGGER: Net updated. (5 ms)
[2025-07-24 14:36:50,847] 1164 DEBUG FILE_LOGGER: ##### END PNML IMPORT Version (1.3.2) ##### (370 ms)
[2025-07-24 14:36:50,848] 1165  INFO CONFIG_LOGGER: Setting current working directory: D:\BPA Series\SupplementsOnGithub\bpa\Short 27 Clock
[2025-07-24 14:36:50,848] 1165  INFO FILE_LOGGER: Petrinet loaded from file: D:\BPA Series\SupplementsOnGithub\bpa\Short 27 Clock\clock.pnml
[2025-07-24 14:43:46,811] 417128 DEBUG FILE_LOGGER: ##### START PNML EXPORT #####
[2025-07-24 14:43:46,828] 417145 DEBUG FILE_LOGGER:    ... Transition (ID:t4) set
[2025-07-24 14:43:46,829] 417146 DEBUG FILE_LOGGER:    ... Place (ID:p1) set
[2025-07-24 14:43:46,829] 417146 DEBUG FILE_LOGGER:    ... Place (ID:p2) set
[2025-07-24 14:43:46,829] 417146 DEBUG FILE_LOGGER:    ... Place (ID:p3) set
[2025-07-24 14:43:46,829] 417146 DEBUG FILE_LOGGER:    ... Place (ID:p4) set
[2025-07-24 14:43:46,829] 417146 DEBUG FILE_LOGGER:    ... Place (ID:p5) set
[2025-07-24 14:43:46,830] 417147 DEBUG FILE_LOGGER:    ... Place (ID:p6) set
[2025-07-24 14:43:46,830] 417147 DEBUG FILE_LOGGER:    ... Transition (ID:t1) set
[2025-07-24 14:43:46,830] 417147 DEBUG FILE_LOGGER:    ... Transition (ID:t2) set
[2025-07-24 14:43:46,830] 417147 DEBUG FILE_LOGGER:    ... Transition (ID:t3) set
[2025-07-24 14:43:46,831] 417148 DEBUG FILE_LOGGER:    ... Arc (ID:a11( p6 -> t2) set
[2025-07-24 14:43:46,832] 417149 DEBUG FILE_LOGGER: ... Arc label position: X = 500.0 / Y = 12.0
[2025-07-24 14:43:46,832] 417149 DEBUG FILE_LOGGER:    ... Arc (ID:a10( t2 -> p4) set
[2025-07-24 14:43:46,832] 417149 DEBUG FILE_LOGGER: ... Arc label position: X = 500.0 / Y = 12.0
[2025-07-24 14:43:46,832] 417149 DEBUG FILE_LOGGER:    ... Arc (ID:a13( p2 -> t4) set
[2025-07-24 14:43:46,832] 417149 DEBUG FILE_LOGGER: ... Arc label position: X = 500.0 / Y = 12.0
[2025-07-24 14:43:46,833] 417150 DEBUG FILE_LOGGER:    ... Arc (ID:a12( p3 -> t4) set
[2025-07-24 14:43:46,833] 417150 DEBUG FILE_LOGGER: ... Arc label position: X = 500.0 / Y = 12.0
[2025-07-24 14:43:46,833] 417150 DEBUG FILE_LOGGER:    ... Arc (ID:a15( t4 -> p6) set
[2025-07-24 14:43:46,833] 417150 DEBUG FILE_LOGGER: ... Arc label position: X = 500.0 / Y = 12.0
[2025-07-24 14:43:46,833] 417150 DEBUG FILE_LOGGER:    ... Arc (ID:a14( p1 -> t4) set
[2025-07-24 14:43:46,833] 417150 DEBUG FILE_LOGGER: ... Arc label position: X = 500.0 / Y = 12.0
[2025-07-24 14:43:46,833] 417150 DEBUG FILE_LOGGER:    ... Arc (ID:a17( t4 -> p4) set
[2025-07-24 14:43:46,834] 417151 DEBUG FILE_LOGGER: ... Arc label position: X = 500.0 / Y = 12.0
[2025-07-24 14:43:46,834] 417151 DEBUG FILE_LOGGER:    ... Arc (ID:a16( t4 -> p5) set
[2025-07-24 14:43:46,834] 417151 DEBUG FILE_LOGGER: ... Arc label position: X = 500.0 / Y = 12.0
[2025-07-24 14:43:46,834] 417151 DEBUG FILE_LOGGER:    ... Arc (ID:a18( p1 -> t2) set
[2025-07-24 14:43:46,834] 417151 DEBUG FILE_LOGGER: ... Arc label position: X = 500.0 / Y = 12.0
[2025-07-24 14:43:46,834] 417151 DEBUG FILE_LOGGER:    ... Arc (ID:a1( p1 -> t1) set
[2025-07-24 14:43:46,834] 417151 DEBUG FILE_LOGGER: ... Arc label position: X = 500.0 / Y = 12.0
[2025-07-24 14:43:46,835] 417152 DEBUG FILE_LOGGER:    ... Arc (ID:a2( t1 -> p2) set
[2025-07-24 14:43:46,835] 417152 DEBUG FILE_LOGGER: ... Arc label position: X = 500.0 / Y = 12.0
[2025-07-24 14:43:46,835] 417152 DEBUG FILE_LOGGER:    ... Arc (ID:a3( p2 -> t2) set
[2025-07-24 14:43:46,835] 417152 DEBUG FILE_LOGGER: ... Arc label position: X = 500.0 / Y = 12.0
[2025-07-24 14:43:46,835] 417152 DEBUG FILE_LOGGER:    ... Arc (ID:a4( t2 -> p3) set
[2025-07-24 14:43:46,835] 417152 DEBUG FILE_LOGGER: ... Arc label position: X = 500.0 / Y = 12.0
[2025-07-24 14:43:46,835] 417152 DEBUG FILE_LOGGER:    ... Arc (ID:a5( t1 -> p4) set
[2025-07-24 14:43:46,836] 417153 DEBUG FILE_LOGGER: ... Arc label position: X = 500.0 / Y = 12.0
[2025-07-24 14:43:46,836] 417153 DEBUG FILE_LOGGER:    ... Arc (ID:a6( p4 -> t3) set
[2025-07-24 14:43:46,836] 417153 DEBUG FILE_LOGGER: ... Arc label position: X = 500.0 / Y = 12.0
[2025-07-24 14:43:46,836] 417153 DEBUG FILE_LOGGER:    ... Arc (ID:a7( t3 -> p1) set
[2025-07-24 14:43:46,836] 417153 DEBUG FILE_LOGGER: ... Arc label position: X = 500.0 / Y = 12.0
[2025-07-24 14:43:46,836] 417153 DEBUG FILE_LOGGER:    ... Arc (ID:a8( t2 -> p5) set
[2025-07-24 14:43:46,837] 417154 DEBUG FILE_LOGGER: ... Arc label position: X = 500.0 / Y = 12.0
[2025-07-24 14:43:46,837] 417154 DEBUG FILE_LOGGER:    ... Arc (ID:a9( p5 -> t1) set
[2025-07-24 14:43:46,837] 417154 DEBUG FILE_LOGGER: ... Arc label position: X = 500.0 / Y = 12.0
[2025-07-24 14:43:46,851] 417168 DEBUG FILE_LOGGER: ##### END PNML EXPORT ##### (39 ms)
[2025-07-24 14:43:46,851] 417168  INFO FILE_LOGGER: Petrinet saved in file: D:\BPA Series\SupplementsOnGithub\bpa\Short 27 Clock\clock.pnml
[2025-07-24 14:43:46,851] 417168  INFO CONFIG_LOGGER: Setting current working directory: null
[2025-07-24 14:43:46,861] 417178  INFO CONFIG_LOGGER: Configuration successfully saved to: C:\Users\User\.WoPeD-3.9.0\WoPeDconfig.xml
[2025-07-24 14:43:46,861] 417178  INFO GUI_LOGGER: EXIT WoPeD
[2025-07-24 15:27:33,530] 0  INFO GUI_LOGGER: INIT APPLICATION
[2025-07-24 15:27:33,553] 23  INFO CORE_LOGGER: START INIT Application
[2025-07-24 15:27:33,557] 27  INFO CONFIG_LOGGER: Setting default home directory: C:\Users\User\.WoPeD-3.9.0\nets\
[2025-07-24 15:27:33,557] 27  INFO CONFIG_LOGGER: Loading configuration from: C:\Users\User\.WoPeD-3.9.0\WoPeDconfig.xml.
[2025-07-24 15:27:33,706] 176  INFO CONFIG_LOGGER: Setting Locale to en_GB
[2025-07-24 15:27:33,709] 179  INFO CONFIG_LOGGER: Setting home directory: C:\Users\User\.WoPeD-3.9.0\nets\
[2025-07-24 15:27:33,709] 179  INFO CONFIG_LOGGER: Setting current working directory: D:\BPA Series\SupplementsOnGithub\bpa\Short 25 Wind farm
[2025-07-24 15:27:33,722] 192  INFO CONFIG_LOGGER: Configuration successfully loaded.
[2025-07-24 15:27:33,729] 199  WARN CONFIG_LOGGER: Configuration file not found: C:\Users\User\.WoPeD-3.9.0\WoPeDmetrics.xml. Using built-in settings.
[2025-07-24 15:27:33,747] 217  INFO CONFIG_LOGGER: Configuration successfully loaded.
[2025-07-24 15:27:33,777] 247  INFO CORE_LOGGER: Look-And-Feel set to com.sun.java.swing.plaf.windows.WindowsLookAndFeel
[2025-07-24 15:27:34,121] 591  INFO GUI_LOGGER: END  INIT Application
[2025-07-24 15:27:34,288] 758 DEBUG QUALANALYSIS_LOGGER: -> init() org.woped.qualanalysis.coverabilitygraph.gui.CoverabilityGraphFrameController
[2025-07-24 15:27:34,294] 764 DEBUG QUALANALYSIS_LOGGER: <- init() org.woped.qualanalysis.coverabilitygraph.gui.CoverabilityGraphFrameController
[2025-07-24 15:27:34,340] 810 DEBUG FILE_LOGGER: ##### START PNML Version (1.3.2) IMPORT #####
[2025-07-24 15:27:34,473] 943 DEBUG QUALANALYSIS_LOGGER: PT Handle Pairs calculated. (0 ms)
[2025-07-24 15:27:34,474] 944 DEBUG QUALANALYSIS_LOGGER: TP Handle Pairs calculated. (8 ms)
[2025-07-24 15:27:34,633] 1103 DEBUG FILE_LOGGER:  ... Place (ID:p1) imported
[2025-07-24 15:27:34,634] 1104 DEBUG FILE_LOGGER:  ... Place (ID:p2) imported
[2025-07-24 15:27:34,634] 1104 DEBUG FILE_LOGGER:  ... Place (ID:p3) imported
[2025-07-24 15:27:34,635] 1105 DEBUG FILE_LOGGER:  ... Place (ID:p4) imported
[2025-07-24 15:27:34,636] 1106 DEBUG FILE_LOGGER:  ... Place (ID:p5) imported
[2025-07-24 15:27:34,636] 1106 DEBUG FILE_LOGGER:  ... Place (ID:p6) imported
[2025-07-24 15:27:34,642] 1112 DEBUG FILE_LOGGER:  ... Transition (ID:t4) imported 
[2025-07-24 15:27:34,642] 1112 DEBUG FILE_LOGGER:  ... Transition (ID:t1) imported 
[2025-07-24 15:27:34,642] 1112 DEBUG FILE_LOGGER:  ... Transition (ID:t2) imported 
[2025-07-24 15:27:34,643] 1113 DEBUG FILE_LOGGER:  ... Transition (ID:t3) imported 
[2025-07-24 15:27:34,648] 1118 DEBUG FILE_LOGGER:  ... Arc created: (ID:a11) p6 -> t2 
[2025-07-24 15:27:34,648] 1118 DEBUG FILE_LOGGER:  ... Arc created: (ID:a10) t2 -> p4 
[2025-07-24 15:27:34,649] 1119 DEBUG FILE_LOGGER:  ... Arc created: (ID:a13) p2 -> t4 
[2025-07-24 15:27:34,649] 1119 DEBUG FILE_LOGGER:  ... Arc created: (ID:a12) p3 -> t4 
[2025-07-24 15:27:34,649] 1119 DEBUG FILE_LOGGER:  ... Arc created: (ID:a15) t4 -> p6 
[2025-07-24 15:27:34,649] 1119 DEBUG FILE_LOGGER:  ... Arc created: (ID:a14) p1 -> t4 
[2025-07-24 15:27:34,649] 1119 DEBUG FILE_LOGGER:  ... Arc created: (ID:a17) t4 -> p4 
[2025-07-24 15:27:34,650] 1120 DEBUG FILE_LOGGER:  ... Arc created: (ID:a16) t4 -> p5 
[2025-07-24 15:27:34,650] 1120 DEBUG FILE_LOGGER:  ... Arc created: (ID:a18) p1 -> t2 
[2025-07-24 15:27:34,650] 1120 DEBUG FILE_LOGGER:  ... Arc created: (ID:a1) p1 -> t1 
[2025-07-24 15:27:34,650] 1120 DEBUG FILE_LOGGER:  ... Arc created: (ID:a2) t1 -> p2 
[2025-07-24 15:27:34,651] 1121 DEBUG FILE_LOGGER:  ... Arc created: (ID:a3) p2 -> t2 
[2025-07-24 15:27:34,651] 1121 DEBUG FILE_LOGGER:  ... Arc created: (ID:a4) t2 -> p3 
[2025-07-24 15:27:34,651] 1121 DEBUG FILE_LOGGER:  ... Arc created: (ID:a5) t1 -> p4 
[2025-07-24 15:27:34,651] 1121 DEBUG FILE_LOGGER:  ... Arc created: (ID:a6) p4 -> t3 
[2025-07-24 15:27:34,651] 1121 DEBUG FILE_LOGGER:  ... Arc created: (ID:a7) t3 -> p1 
[2025-07-24 15:27:34,652] 1122 DEBUG FILE_LOGGER:  ... Arc created: (ID:a8) t2 -> p5 
[2025-07-24 15:27:34,652] 1122 DEBUG FILE_LOGGER:  ... Arc created: (ID:a9) p5 -> t1 
[2025-07-24 15:27:34,708] 1178 DEBUG EDITOR_LOGGER: Net updated. (6 ms)
[2025-07-24 15:27:34,714] 1184 DEBUG EDITOR_LOGGER: Net updated. (5 ms)
[2025-07-24 15:27:34,714] 1184 DEBUG FILE_LOGGER: ##### END PNML IMPORT Version (1.3.2) ##### (374 ms)
[2025-07-24 15:27:34,715] 1185  INFO CONFIG_LOGGER: Setting current working directory: D:\BPA Series\SupplementsOnGithub\bpa\Short 27 Clock
[2025-07-24 15:27:34,715] 1185  INFO FILE_LOGGER: Petrinet loaded from file: D:\BPA Series\SupplementsOnGithub\bpa\Short 27 Clock\clock.pnml
[2025-07-24 15:27:42,354] 8824 DEBUG EDITOR_LOGGER: START TokenGame
[2025-07-24 15:27:42,359] 8829 DEBUG QUALANALYSIS_LOGGER: TokenGame: CHECK NET
[2025-07-24 15:27:42,360] 8830 DEBUG QUALANALYSIS_LOGGER:            ... DONE (1 ms)
[2025-07-24 15:27:44,094] 10564 DEBUG QUALANALYSIS_LOGGER: TokenGame: CHECK NET
[2025-07-24 15:27:44,107] 10577 DEBUG QUALANALYSIS_LOGGER:            ... DONE (13 ms)
[2025-07-24 15:27:47,300] 13770 DEBUG QUALANALYSIS_LOGGER: TokenGame: CHECK NET
[2025-07-24 15:27:47,305] 13775 DEBUG QUALANALYSIS_LOGGER:            ... DONE (5 ms)
[2025-07-24 15:27:48,101] 14571 DEBUG QUALANALYSIS_LOGGER: TokenGame: CHECK NET
[2025-07-24 15:27:48,106] 14576 DEBUG QUALANALYSIS_LOGGER:            ... DONE (5 ms)
[2025-07-24 15:27:48,404] 14874 DEBUG QUALANALYSIS_LOGGER: TokenGame: CHECK NET
[2025-07-24 15:27:48,411] 14881 DEBUG QUALANALYSIS_LOGGER:            ... DONE (6 ms)
[2025-07-24 15:27:48,665] 15135 DEBUG QUALANALYSIS_LOGGER: TokenGame: CHECK NET
[2025-07-24 15:27:48,670] 15140 DEBUG QUALANALYSIS_LOGGER:            ... DONE (5 ms)
[2025-07-24 15:27:48,964] 15434 DEBUG QUALANALYSIS_LOGGER: TokenGame: CHECK NET
[2025-07-24 15:27:48,968] 15438 DEBUG QUALANALYSIS_LOGGER:            ... DONE (5 ms)
[2025-07-24 15:27:50,380] 16850 DEBUG QUALANALYSIS_LOGGER: TokenGame: CHECK NET
[2025-07-24 15:27:50,387] 16857 DEBUG QUALANALYSIS_LOGGER:            ... DONE (7 ms)
[2025-07-24 15:27:50,916] 17386 DEBUG QUALANALYSIS_LOGGER: TokenGame: CHECK NET
[2025-07-24 15:27:50,921] 17391 DEBUG QUALANALYSIS_LOGGER:            ... DONE (5 ms)
[2025-07-24 15:27:52,356] 18826 DEBUG QUALANALYSIS_LOGGER: TokenGame: CHECK NET
[2025-07-24 15:27:52,366] 18836 DEBUG QUALANALYSIS_LOGGER:            ... DONE (10 ms)
[2025-07-24 15:28:00,244] 26714 DEBUG QUALANALYSIS_LOGGER: TokenGame: CHECK NET
[2025-07-24 15:28:00,250] 26720 DEBUG QUALANALYSIS_LOGGER:            ... DONE (6 ms)
[2025-07-24 15:28:05,417] 31887 DEBUG QUALANALYSIS_LOGGER: TokenGame: CHECK NET
[2025-07-24 15:28:05,419] 31889 DEBUG QUALANALYSIS_LOGGER:            ... DONE (2 ms)
[2025-07-24 15:28:05,580] 32050 DEBUG QUALANALYSIS_LOGGER: TokenGame: CHECK NET
[2025-07-24 15:28:05,588] 32058 DEBUG QUALANALYSIS_LOGGER:            ... DONE (8 ms)
[2025-07-24 15:28:05,877] 32347 DEBUG QUALANALYSIS_LOGGER: TokenGame: CHECK NET
[2025-07-24 15:28:05,884] 32354 DEBUG QUALANALYSIS_LOGGER:            ... DONE (7 ms)
[2025-07-24 15:28:06,044] 32514 DEBUG QUALANALYSIS_LOGGER: TokenGame: CHECK NET
[2025-07-24 15:28:06,049] 32519 DEBUG QUALANALYSIS_LOGGER:            ... DONE (5 ms)
[2025-07-24 15:28:06,183] 32653 DEBUG QUALANALYSIS_LOGGER: TokenGame: CHECK NET
[2025-07-24 15:28:06,187] 32657 DEBUG QUALANALYSIS_LOGGER:            ... DONE (4 ms)
[2025-07-24 15:28:06,474] 32944 DEBUG QUALANALYSIS_LOGGER: TokenGame: CHECK NET
[2025-07-24 15:28:06,477] 32947 DEBUG QUALANALYSIS_LOGGER:            ... DONE (3 ms)
[2025-07-24 15:28:06,865] 33335 DEBUG QUALANALYSIS_LOGGER: TokenGame: CHECK NET
[2025-07-24 15:28:06,866] 33336 DEBUG QUALANALYSIS_LOGGER:            ... DONE (1 ms)
[2025-07-24 15:28:07,106] 33576 DEBUG QUALANALYSIS_LOGGER: TokenGame: CHECK NET
[2025-07-24 15:28:07,107] 33577 DEBUG QUALANALYSIS_LOGGER:            ... DONE (1 ms)
[2025-07-24 15:28:07,338] 33808 DEBUG QUALANALYSIS_LOGGER: TokenGame: CHECK NET
[2025-07-24 15:28:07,339] 33809 DEBUG QUALANALYSIS_LOGGER:            ... DONE (1 ms)
[2025-07-24 15:28:10,466] 36936 DEBUG QUALANALYSIS_LOGGER: TokenGame: CHECK NET
[2025-07-24 15:28:10,467] 36937 DEBUG QUALANALYSIS_LOGGER:            ... DONE (1 ms)
[2025-07-24 15:28:12,380] 38850 DEBUG QUALANALYSIS_LOGGER: TokenGame: CHECK NET
[2025-07-24 15:28:12,386] 38856 DEBUG QUALANALYSIS_LOGGER:            ... DONE (6 ms)
[2025-07-24 15:28:12,564] 39034 DEBUG QUALANALYSIS_LOGGER: TokenGame: CHECK NET
[2025-07-24 15:28:12,568] 39038 DEBUG QUALANALYSIS_LOGGER:            ... DONE (4 ms)
[2025-07-24 15:28:12,758] 39228 DEBUG QUALANALYSIS_LOGGER: TokenGame: CHECK NET
[2025-07-24 15:28:12,763] 39233 DEBUG QUALANALYSIS_LOGGER:            ... DONE (5 ms)
[2025-07-24 15:28:12,955] 39425 DEBUG QUALANALYSIS_LOGGER: TokenGame: CHECK NET
[2025-07-24 15:28:12,956] 39426 DEBUG QUALANALYSIS_LOGGER:            ... DONE (1 ms)
[2025-07-24 15:28:13,163] 39633 DEBUG QUALANALYSIS_LOGGER: TokenGame: CHECK NET
[2025-07-24 15:28:13,168] 39638 DEBUG QUALANALYSIS_LOGGER:            ... DONE (5 ms)
[2025-07-24 15:28:13,398] 39868 DEBUG QUALANALYSIS_LOGGER: TokenGame: CHECK NET
[2025-07-24 15:28:13,403] 39873 DEBUG QUALANALYSIS_LOGGER:            ... DONE (5 ms)
[2025-07-24 15:28:45,150] 71620  INFO CONFIG_LOGGER: Configuration successfully saved to: C:\Users\User\.WoPeD-3.9.0\WoPeDconfig.xml
[2025-07-24 15:28:45,150] 71620  INFO GUI_LOGGER: EXIT WoPeD
