[2025-03-20 17:55:41,663] 0  INFO GUI_LOGGER: INIT APPLICATION
[2025-03-20 17:55:41,698] 35  INFO CORE_LOGGER: START INIT Application
[2025-03-20 17:55:41,716] 53  INFO CONFIG_LOGGER: Setting default home directory: C:\Users\User\.WoPeD-3.9.0\nets\
[2025-03-20 17:55:41,721] 58  INFO CONFIG_LOGGER: Loading configuration from: C:\Users\User\.WoPeD-3.9.0\WoPeDconfig.xml.
[2025-03-20 17:55:41,865] 202  INFO CONFIG_LOGGER: Setting Locale to en_GB
[2025-03-20 17:55:41,868] 205  INFO CONFIG_LOGGER: Setting home directory: C:\Users\User\.WoPeD-3.9.0\nets\
[2025-03-20 17:55:41,868] 205  INFO CONFIG_LOGGER: Setting current working directory: D:\BPA Series\SupplementsOnGithub\bpa\Short 07 Car radiator fan
[2025-03-20 17:55:41,882] 219  INFO CONFIG_LOGGER: Configuration successfully loaded.
[2025-03-20 17:55:41,912] 249  WARN CONFIG_LOGGER: Configuration file not found: C:\Users\User\.WoPeD-3.9.0\WoPeDmetrics.xml. Using built-in settings.
[2025-03-20 17:55:41,932] 269  INFO CONFIG_LOGGER: Configuration successfully loaded.
[2025-03-20 17:55:41,970] 307  INFO CORE_LOGGER: Look-And-Feel set to com.sun.java.swing.plaf.windows.WindowsLookAndFeel
[2025-03-20 17:55:42,375] 712  INFO GUI_LOGGER: END  INIT Application
[2025-03-20 17:55:42,623] 960 DEBUG QUALANALYSIS_LOGGER: -> init() org.woped.qualanalysis.coverabilitygraph.gui.CoverabilityGraphFrameController
[2025-03-20 17:55:42,634] 971 DEBUG QUALANALYSIS_LOGGER: <- init() org.woped.qualanalysis.coverabilitygraph.gui.CoverabilityGraphFrameController
[2025-03-20 17:55:42,686] 1023 DEBUG FILE_LOGGER: ##### START PNML Version (1.3.2) IMPORT #####
[2025-03-20 17:55:42,818] 1155 DEBUG QUALANALYSIS_LOGGER: PT Handle Pairs calculated. (0 ms)
[2025-03-20 17:55:42,819] 1156 DEBUG QUALANALYSIS_LOGGER: TP Handle Pairs calculated. (9 ms)
[2025-03-20 17:55:42,974] 1311 DEBUG FILE_LOGGER:  ... Place (ID:p1) imported
[2025-03-20 17:55:42,974] 1311 DEBUG FILE_LOGGER:  ... Place (ID:p2) imported
[2025-03-20 17:55:42,974] 1311 DEBUG FILE_LOGGER:  ... Place (ID:p3) imported
[2025-03-20 17:55:42,975] 1312 DEBUG FILE_LOGGER:  ... Place (ID:p4) imported
[2025-03-20 17:55:42,975] 1312 DEBUG FILE_LOGGER:  ... Place (ID:p5) imported
[2025-03-20 17:55:42,975] 1312 DEBUG FILE_LOGGER:  ... Place (ID:p6) imported
[2025-03-20 17:55:42,979] 1316 DEBUG FILE_LOGGER:  ... Transition (ID:t4) imported 
[2025-03-20 17:55:42,980] 1317 DEBUG FILE_LOGGER:  ... Transition (ID:t5) imported 
[2025-03-20 17:55:42,980] 1317 DEBUG FILE_LOGGER:  ... Transition (ID:t3) imported 
[2025-03-20 17:55:42,988] 1325 DEBUG FILE_LOGGER:  ... Arc created: (ID:a11) p5 -> t5 
[2025-03-20 17:55:42,989] 1326 DEBUG FILE_LOGGER:  ... Arc created: (ID:a10) t4 -> p3 
[2025-03-20 17:55:42,989] 1326 DEBUG FILE_LOGGER:  ... Arc created: (ID:a13) t5 -> p3 
[2025-03-20 17:55:42,989] 1326 DEBUG FILE_LOGGER:  ... Arc created: (ID:a12) p4 -> t5 
[2025-03-20 17:55:42,989] 1326 DEBUG FILE_LOGGER:  ... Arc created: (ID:a15) p6 -> t3 
[2025-03-20 17:55:42,989] 1326 DEBUG FILE_LOGGER:  ... Arc created: (ID:a14) t5 -> p6 
[2025-03-20 17:55:42,990] 1327 DEBUG FILE_LOGGER:  ... Arc created: (ID:a16) p6 -> t4 
[2025-03-20 17:55:42,990] 1327 DEBUG FILE_LOGGER:  ... Arc created: (ID:a3) p1 -> t3 
[2025-03-20 17:55:42,990] 1327 DEBUG FILE_LOGGER:  ... Arc created: (ID:a4) p2 -> t4 
[2025-03-20 17:55:42,990] 1327 DEBUG FILE_LOGGER:  ... Arc created: (ID:a5) p3 -> t3 
[2025-03-20 17:55:42,992] 1329 DEBUG FILE_LOGGER:  ... Arc created: (ID:a6) t3 -> p4 
[2025-03-20 17:55:42,992] 1329 DEBUG FILE_LOGGER:  ... Arc created: (ID:a7) p4 -> t4 
[2025-03-20 17:55:42,992] 1329 DEBUG FILE_LOGGER:  ... Arc created: (ID:a8) t3 -> p5 
[2025-03-20 17:55:42,992] 1329 DEBUG FILE_LOGGER:  ... Arc created: (ID:a9) t4 -> p5 
[2025-03-20 17:55:43,046] 1383 DEBUG EDITOR_LOGGER: Net updated. (1 ms)
[2025-03-20 17:55:43,049] 1386 DEBUG EDITOR_LOGGER: Net updated. (2 ms)
[2025-03-20 17:55:43,050] 1387 DEBUG FILE_LOGGER: ##### END PNML IMPORT Version (1.3.2) ##### (363 ms)
[2025-03-20 17:55:43,052] 1389  INFO CONFIG_LOGGER: Setting current working directory: D:\BPA Series\SupplementsOnGithub\bpa\Short 08 Burger assembly
[2025-03-20 17:55:43,053] 1390  INFO FILE_LOGGER: Petrinet loaded from file: D:\BPA Series\SupplementsOnGithub\bpa\Short 08 Burger assembly\burgers.pnml
[2025-03-20 17:57:43,601] 121938  INFO CONFIG_LOGGER: Configuration successfully saved to: C:\Users\User\.WoPeD-3.9.0\WoPeDconfig.xml
[2025-03-20 17:57:43,601] 121938  INFO GUI_LOGGER: EXIT WoPeD
[2025-07-22 19:08:51,331] 0  INFO GUI_LOGGER: INIT APPLICATION
[2025-07-22 19:08:51,364] 33  INFO CORE_LOGGER: START INIT Application
[2025-07-22 19:08:51,368] 37  INFO CONFIG_LOGGER: Setting default home directory: C:\Users\User\.WoPeD-3.9.0\nets\
[2025-07-22 19:08:51,369] 38  INFO CONFIG_LOGGER: Loading configuration from: C:\Users\User\.WoPeD-3.9.0\WoPeDconfig.xml.
[2025-07-22 19:08:51,520] 189  INFO CONFIG_LOGGER: Setting Locale to en_GB
[2025-07-22 19:08:51,523] 192  INFO CONFIG_LOGGER: Setting home directory: C:\Users\User\.WoPeD-3.9.0\nets\
[2025-07-22 19:08:51,523] 192  INFO CONFIG_LOGGER: Setting current working directory: null
[2025-07-22 19:08:51,523] 192  INFO CONFIG_LOGGER: Setting current working directory: C:\Users\User\.WoPeD-3.9.0\nets\
[2025-07-22 19:08:51,538] 207  INFO CONFIG_LOGGER: Configuration successfully loaded.
[2025-07-22 19:08:51,547] 216  WARN CONFIG_LOGGER: Configuration file not found: C:\Users\User\.WoPeD-3.9.0\WoPeDmetrics.xml. Using built-in settings.
[2025-07-22 19:08:51,566] 235  INFO CONFIG_LOGGER: Configuration successfully loaded.
[2025-07-22 19:08:51,594] 263  INFO CORE_LOGGER: Look-And-Feel set to com.sun.java.swing.plaf.windows.WindowsLookAndFeel
[2025-07-22 19:08:51,910] 579  INFO GUI_LOGGER: END  INIT Application
[2025-07-22 19:08:52,072] 741 DEBUG QUALANALYSIS_LOGGER: -> init() org.woped.qualanalysis.coverabilitygraph.gui.CoverabilityGraphFrameController
[2025-07-22 19:08:52,079] 748 DEBUG QUALANALYSIS_LOGGER: <- init() org.woped.qualanalysis.coverabilitygraph.gui.CoverabilityGraphFrameController
[2025-07-22 19:08:52,125] 794 DEBUG FILE_LOGGER: ##### START PNML Version (1.3.2) IMPORT #####
[2025-07-22 19:08:52,261] 930 DEBUG QUALANALYSIS_LOGGER: PT Handle Pairs calculated. (0 ms)
[2025-07-22 19:08:52,261] 930 DEBUG QUALANALYSIS_LOGGER: TP Handle Pairs calculated. (6 ms)
[2025-07-22 19:08:52,416] 1085 DEBUG FILE_LOGGER:  ... Place (ID:p1) imported
[2025-07-22 19:08:52,416] 1085 DEBUG FILE_LOGGER:  ... Place (ID:p2) imported
[2025-07-22 19:08:52,416] 1085 DEBUG FILE_LOGGER:  ... Place (ID:p3) imported
[2025-07-22 19:08:52,416] 1085 DEBUG FILE_LOGGER:  ... Place (ID:p4) imported
[2025-07-22 19:08:52,417] 1086 DEBUG FILE_LOGGER:  ... Place (ID:p5) imported
[2025-07-22 19:08:52,417] 1086 DEBUG FILE_LOGGER:  ... Place (ID:p6) imported
[2025-07-22 19:08:52,422] 1091 DEBUG FILE_LOGGER:  ... Transition (ID:t4) imported 
[2025-07-22 19:08:52,422] 1091 DEBUG FILE_LOGGER:  ... Transition (ID:t5) imported 
[2025-07-22 19:08:52,423] 1092 DEBUG FILE_LOGGER:  ... Transition (ID:t3) imported 
[2025-07-22 19:08:52,433] 1102 DEBUG FILE_LOGGER:  ... Arc created: (ID:a11) p5 -> t5 
[2025-07-22 19:08:52,434] 1103 DEBUG FILE_LOGGER:  ... Arc created: (ID:a10) t4 -> p3 
[2025-07-22 19:08:52,434] 1103 DEBUG FILE_LOGGER:  ... Arc created: (ID:a13) t5 -> p3 
[2025-07-22 19:08:52,434] 1103 DEBUG FILE_LOGGER:  ... Arc created: (ID:a12) p4 -> t5 
[2025-07-22 19:08:52,434] 1103 DEBUG FILE_LOGGER:  ... Arc created: (ID:a15) p6 -> t3 
[2025-07-22 19:08:52,435] 1104 DEBUG FILE_LOGGER:  ... Arc created: (ID:a14) t5 -> p6 
[2025-07-22 19:08:52,435] 1104 DEBUG FILE_LOGGER:  ... Arc created: (ID:a16) p6 -> t4 
[2025-07-22 19:08:52,435] 1104 DEBUG FILE_LOGGER:  ... Arc created: (ID:a3) p1 -> t3 
[2025-07-22 19:08:52,436] 1105 DEBUG FILE_LOGGER:  ... Arc created: (ID:a4) p2 -> t4 
[2025-07-22 19:08:52,436] 1105 DEBUG FILE_LOGGER:  ... Arc created: (ID:a5) p3 -> t3 
[2025-07-22 19:08:52,436] 1105 DEBUG FILE_LOGGER:  ... Arc created: (ID:a6) t3 -> p4 
[2025-07-22 19:08:52,436] 1105 DEBUG FILE_LOGGER:  ... Arc created: (ID:a7) p4 -> t4 
[2025-07-22 19:08:52,436] 1105 DEBUG FILE_LOGGER:  ... Arc created: (ID:a8) t3 -> p5 
[2025-07-22 19:08:52,437] 1106 DEBUG FILE_LOGGER:  ... Arc created: (ID:a9) t4 -> p5 
[2025-07-22 19:08:52,490] 1159 DEBUG EDITOR_LOGGER: Net updated. (5 ms)
[2025-07-22 19:08:52,496] 1165 DEBUG EDITOR_LOGGER: Net updated. (5 ms)
[2025-07-22 19:08:52,496] 1165 DEBUG FILE_LOGGER: ##### END PNML IMPORT Version (1.3.2) ##### (371 ms)
[2025-07-22 19:08:52,497] 1166  INFO CONFIG_LOGGER: Setting current working directory: D:\BPA Series\SupplementsOnGithub\bpa\Short 08 Burger assembly
[2025-07-22 19:08:52,497] 1166  INFO FILE_LOGGER: Petrinet loaded from file: D:\BPA Series\SupplementsOnGithub\bpa\Short 08 Burger assembly\burgers.pnml
[2025-07-22 19:12:36,699] 225368 DEBUG FILE_LOGGER: ##### START PNML EXPORT #####
[2025-07-22 19:12:36,714] 225383 DEBUG FILE_LOGGER:    ... Transition (ID:t4) set
[2025-07-22 19:12:36,715] 225384 DEBUG FILE_LOGGER:    ... Place (ID:p1) set
[2025-07-22 19:12:36,715] 225384 DEBUG FILE_LOGGER:    ... Transition (ID:t5) set
[2025-07-22 19:12:36,715] 225384 DEBUG FILE_LOGGER:    ... Place (ID:p2) set
[2025-07-22 19:12:36,715] 225384 DEBUG FILE_LOGGER:    ... Place (ID:p3) set
[2025-07-22 19:12:36,716] 225385 DEBUG FILE_LOGGER:    ... Place (ID:p4) set
[2025-07-22 19:12:36,716] 225385 DEBUG FILE_LOGGER:    ... Place (ID:p5) set
[2025-07-22 19:12:36,716] 225385 DEBUG FILE_LOGGER:    ... Place (ID:p6) set
[2025-07-22 19:12:36,716] 225385 DEBUG FILE_LOGGER:    ... Transition (ID:t3) set
[2025-07-22 19:12:36,717] 225386 DEBUG FILE_LOGGER:    ... Arc (ID:a11( p5 -> t5) set
[2025-07-22 19:12:36,717] 225386 DEBUG FILE_LOGGER: ... Arc label position: X = 503.0 / Y = 0.0
[2025-07-22 19:12:36,717] 225386 DEBUG FILE_LOGGER:    ... Arc (ID:a10( t4 -> p3) set
[2025-07-22 19:12:36,717] 225386 DEBUG FILE_LOGGER: ... Arc label position: X = 500.0 / Y = 12.0
[2025-07-22 19:12:36,717] 225386 DEBUG FILE_LOGGER:    ... Arc (ID:a13( t5 -> p3) set
[2025-07-22 19:12:36,717] 225386 DEBUG FILE_LOGGER: ... Arc label position: X = 500.0 / Y = 12.0
[2025-07-22 19:12:36,719] 225388 DEBUG FILE_LOGGER:    ... Arc (ID:a12( p4 -> t5) set
[2025-07-22 19:12:36,719] 225388 DEBUG FILE_LOGGER: ... Arc label position: X = 500.0 / Y = 12.0
[2025-07-22 19:12:36,719] 225388 DEBUG FILE_LOGGER:    ... Arc (ID:a15( p6 -> t3) set
[2025-07-22 19:12:36,719] 225388 DEBUG FILE_LOGGER: ... Arc label position: X = 500.0 / Y = 12.0
[2025-07-22 19:12:36,719] 225388 DEBUG FILE_LOGGER:    ... Arc (ID:a14( t5 -> p6) set
[2025-07-22 19:12:36,719] 225388 DEBUG FILE_LOGGER: ... Arc label position: X = 500.0 / Y = 12.0
[2025-07-22 19:12:36,720] 225389 DEBUG FILE_LOGGER:    ... Arc (ID:a16( p6 -> t4) set
[2025-07-22 19:12:36,720] 225389 DEBUG FILE_LOGGER: ... Arc label position: X = 500.0 / Y = 12.0
[2025-07-22 19:12:36,720] 225389 DEBUG FILE_LOGGER:    ... Arc (ID:a3( p1 -> t3) set
[2025-07-22 19:12:36,720] 225389 DEBUG FILE_LOGGER: ... Arc label position: X = 500.0 / Y = 12.0
[2025-07-22 19:12:36,720] 225389 DEBUG FILE_LOGGER:    ... Arc (ID:a4( p2 -> t4) set
[2025-07-22 19:12:36,720] 225389 DEBUG FILE_LOGGER: ... Arc label position: X = 500.0 / Y = 12.0
[2025-07-22 19:12:36,720] 225389 DEBUG FILE_LOGGER:    ... Arc (ID:a5( p3 -> t3) set
[2025-07-22 19:12:36,720] 225389 DEBUG FILE_LOGGER: ... Arc label position: X = 500.0 / Y = 12.0
[2025-07-22 19:12:36,721] 225390 DEBUG FILE_LOGGER:    ... Arc (ID:a6( t3 -> p4) set
[2025-07-22 19:12:36,721] 225390 DEBUG FILE_LOGGER: ... Arc label position: X = 500.0 / Y = 12.0
[2025-07-22 19:12:36,721] 225390 DEBUG FILE_LOGGER:    ... Arc (ID:a7( p4 -> t4) set
[2025-07-22 19:12:36,721] 225390 DEBUG FILE_LOGGER: ... Arc label position: X = 500.0 / Y = 12.0
[2025-07-22 19:12:36,721] 225390 DEBUG FILE_LOGGER:    ... Arc (ID:a8( t3 -> p5) set
[2025-07-22 19:12:36,721] 225390 DEBUG FILE_LOGGER: ... Arc label position: X = 500.0 / Y = 12.0
[2025-07-22 19:12:36,721] 225390 DEBUG FILE_LOGGER:    ... Arc (ID:a9( t4 -> p5) set
[2025-07-22 19:12:36,721] 225390 DEBUG FILE_LOGGER: ... Arc label position: X = 500.0 / Y = 12.0
[2025-07-22 19:12:36,737] 225406 DEBUG FILE_LOGGER: ##### END PNML EXPORT ##### (38 ms)
[2025-07-22 19:12:36,738] 225407  INFO FILE_LOGGER: Petrinet saved in file: D:\BPA Series\SupplementsOnGithub\bpa\Short 08 Burger assembly\burgers.pnml
[2025-07-22 19:12:36,738] 225407  INFO CONFIG_LOGGER: Setting current working directory: null
[2025-07-22 19:12:36,749] 225418  INFO CONFIG_LOGGER: Configuration successfully saved to: C:\Users\User\.WoPeD-3.9.0\WoPeDconfig.xml
[2025-07-22 19:12:36,749] 225418  INFO GUI_LOGGER: EXIT WoPeD
[2025-07-24 14:52:02,547] 0  INFO GUI_LOGGER: INIT APPLICATION
[2025-07-24 14:52:02,584] 37  INFO CORE_LOGGER: START INIT Application
[2025-07-24 14:52:02,590] 43  INFO CONFIG_LOGGER: Setting default home directory: C:\Users\User\.WoPeD-3.9.0\nets\
[2025-07-24 14:52:02,590] 43  INFO CONFIG_LOGGER: Loading configuration from: C:\Users\User\.WoPeD-3.9.0\WoPeDconfig.xml.
[2025-07-24 14:52:02,737] 190  INFO CONFIG_LOGGER: Setting Locale to en_GB
[2025-07-24 14:52:02,739] 192  INFO CONFIG_LOGGER: Setting home directory: C:\Users\User\.WoPeD-3.9.0\nets\
[2025-07-24 14:52:02,739] 192  INFO CONFIG_LOGGER: Setting current working directory: null
[2025-07-24 14:52:02,739] 192  INFO CONFIG_LOGGER: Setting current working directory: C:\Users\User\.WoPeD-3.9.0\nets\
[2025-07-24 14:52:02,750] 203  INFO CONFIG_LOGGER: Configuration successfully loaded.
[2025-07-24 14:52:02,757] 210  WARN CONFIG_LOGGER: Configuration file not found: C:\Users\User\.WoPeD-3.9.0\WoPeDmetrics.xml. Using built-in settings.
[2025-07-24 14:52:02,776] 229  INFO CONFIG_LOGGER: Configuration successfully loaded.
[2025-07-24 14:52:02,805] 258  INFO CORE_LOGGER: Look-And-Feel set to com.sun.java.swing.plaf.windows.WindowsLookAndFeel
[2025-07-24 14:52:03,154] 607  INFO GUI_LOGGER: END  INIT Application
[2025-07-24 14:52:03,316] 769 DEBUG QUALANALYSIS_LOGGER: -> init() org.woped.qualanalysis.coverabilitygraph.gui.CoverabilityGraphFrameController
[2025-07-24 14:52:03,322] 775 DEBUG QUALANALYSIS_LOGGER: <- init() org.woped.qualanalysis.coverabilitygraph.gui.CoverabilityGraphFrameController
[2025-07-24 14:52:03,378] 831 DEBUG FILE_LOGGER: ##### START PNML Version (1.3.2) IMPORT #####
[2025-07-24 14:52:03,516] 969 DEBUG QUALANALYSIS_LOGGER: PT Handle Pairs calculated. (0 ms)
[2025-07-24 14:52:03,516] 969 DEBUG QUALANALYSIS_LOGGER: TP Handle Pairs calculated. (6 ms)
[2025-07-24 14:52:03,667] 1120 DEBUG FILE_LOGGER:  ... Place (ID:p1) imported
[2025-07-24 14:52:03,668] 1121 DEBUG FILE_LOGGER:  ... Place (ID:p2) imported
[2025-07-24 14:52:03,668] 1121 DEBUG FILE_LOGGER:  ... Place (ID:p3) imported
[2025-07-24 14:52:03,668] 1121 DEBUG FILE_LOGGER:  ... Place (ID:p4) imported
[2025-07-24 14:52:03,668] 1121 DEBUG FILE_LOGGER:  ... Place (ID:p5) imported
[2025-07-24 14:52:03,669] 1122 DEBUG FILE_LOGGER:  ... Place (ID:p6) imported
[2025-07-24 14:52:03,672] 1125 DEBUG FILE_LOGGER:  ... Transition (ID:t4) imported 
[2025-07-24 14:52:03,673] 1126 DEBUG FILE_LOGGER:  ... Transition (ID:t5) imported 
[2025-07-24 14:52:03,673] 1126 DEBUG FILE_LOGGER:  ... Transition (ID:t3) imported 
[2025-07-24 14:52:03,682] 1135 DEBUG FILE_LOGGER:  ... Arc created: (ID:a11) p5 -> t5 
[2025-07-24 14:52:03,682] 1135 DEBUG FILE_LOGGER:  ... Arc created: (ID:a10) t4 -> p3 
[2025-07-24 14:52:03,682] 1135 DEBUG FILE_LOGGER:  ... Arc created: (ID:a13) t5 -> p3 
[2025-07-24 14:52:03,682] 1135 DEBUG FILE_LOGGER:  ... Arc created: (ID:a12) p4 -> t5 
[2025-07-24 14:52:03,683] 1136 DEBUG FILE_LOGGER:  ... Arc created: (ID:a15) p6 -> t3 
[2025-07-24 14:52:03,683] 1136 DEBUG FILE_LOGGER:  ... Arc created: (ID:a14) t5 -> p6 
[2025-07-24 14:52:03,683] 1136 DEBUG FILE_LOGGER:  ... Arc created: (ID:a16) p6 -> t4 
[2025-07-24 14:52:03,684] 1137 DEBUG FILE_LOGGER:  ... Arc created: (ID:a3) p1 -> t3 
[2025-07-24 14:52:03,684] 1137 DEBUG FILE_LOGGER:  ... Arc created: (ID:a4) p2 -> t4 
[2025-07-24 14:52:03,684] 1137 DEBUG FILE_LOGGER:  ... Arc created: (ID:a5) p3 -> t3 
[2025-07-24 14:52:03,684] 1137 DEBUG FILE_LOGGER:  ... Arc created: (ID:a6) t3 -> p4 
[2025-07-24 14:52:03,685] 1138 DEBUG FILE_LOGGER:  ... Arc created: (ID:a7) p4 -> t4 
[2025-07-24 14:52:03,685] 1138 DEBUG FILE_LOGGER:  ... Arc created: (ID:a8) t3 -> p5 
[2025-07-24 14:52:03,685] 1138 DEBUG FILE_LOGGER:  ... Arc created: (ID:a9) t4 -> p5 
[2025-07-24 14:52:03,740] 1193 DEBUG EDITOR_LOGGER: Net updated. (5 ms)
[2025-07-24 14:52:03,746] 1199 DEBUG EDITOR_LOGGER: Net updated. (5 ms)
[2025-07-24 14:52:03,746] 1199 DEBUG FILE_LOGGER: ##### END PNML IMPORT Version (1.3.2) ##### (368 ms)
[2025-07-24 14:52:03,747] 1200  INFO CONFIG_LOGGER: Setting current working directory: D:\BPA Series\SupplementsOnGithub\bpa\Short 08 Burger assembly
[2025-07-24 14:52:03,747] 1200  INFO FILE_LOGGER: Petrinet loaded from file: D:\BPA Series\SupplementsOnGithub\bpa\Short 08 Burger assembly\burgers.pnml
[2025-07-24 14:52:13,690] 11143 DEBUG EDITOR_LOGGER: START TokenGame
[2025-07-24 14:52:13,731] 11184 DEBUG QUALANALYSIS_LOGGER: TokenGame: CHECK NET
[2025-07-24 14:52:13,736] 11189 DEBUG QUALANALYSIS_LOGGER:            ... DONE (4 ms)
[2025-07-24 14:52:15,794] 13247 DEBUG QUALANALYSIS_LOGGER: TokenGame: CHECK NET
[2025-07-24 14:52:15,803] 13256 DEBUG QUALANALYSIS_LOGGER:            ... DONE (9 ms)
[2025-07-24 14:52:17,170] 14623 DEBUG QUALANALYSIS_LOGGER: TokenGame: CHECK NET
[2025-07-24 14:52:17,176] 14629 DEBUG QUALANALYSIS_LOGGER:            ... DONE (6 ms)
[2025-07-24 14:52:18,808] 16261 DEBUG QUALANALYSIS_LOGGER: TokenGame: CHECK NET
[2025-07-24 14:52:18,810] 16263 DEBUG QUALANALYSIS_LOGGER:            ... DONE (2 ms)
[2025-07-24 14:54:09,313] 126766  INFO CONFIG_LOGGER: Configuration successfully saved to: C:\Users\User\.WoPeD-3.9.0\WoPeDconfig.xml
[2025-07-24 14:54:09,313] 126766  INFO GUI_LOGGER: EXIT WoPeD
