[2025-07-22 18:18:54,889] 0  INFO GUI_LOGGER: INIT APPLICATION
[2025-07-22 18:18:54,919] 30  INFO CORE_LOGGER: START INIT Application
[2025-07-22 18:18:54,925] 36  INFO CONFIG_LOGGER: Setting default home directory: C:\Users\User\.WoPeD-3.9.0\nets\
[2025-07-22 18:18:54,926] 37  INFO CONFIG_LOGGER: Loading configuration from: C:\Users\User\.WoPeD-3.9.0\WoPeDconfig.xml.
[2025-07-22 18:18:55,100] 211  INFO CONFIG_LOGGER: Setting Locale to en_GB
[2025-07-22 18:18:55,104] 215  INFO CONFIG_LOGGER: Setting home directory: C:\Users\User\.WoPeD-3.9.0\nets\
[2025-07-22 18:18:55,105] 216  INFO CONFIG_LOGGER: Setting current working directory: null
[2025-07-22 18:18:55,105] 216  INFO CONFIG_LOGGER: Setting current working directory: C:\Users\User\.WoPeD-3.9.0\nets\
[2025-07-22 18:18:55,121] 232  INFO CONFIG_LOGGER: Configuration successfully loaded.
[2025-07-22 18:18:55,131] 242  WARN CONFIG_LOGGER: Configuration file not found: C:\Users\User\.WoPeD-3.9.0\WoPeDmetrics.xml. Using built-in settings.
[2025-07-22 18:18:55,154] 265  INFO CONFIG_LOGGER: Configuration successfully loaded.
[2025-07-22 18:18:55,191] 302  INFO CORE_LOGGER: Look-And-Feel set to com.sun.java.swing.plaf.windows.WindowsLookAndFeel
[2025-07-22 18:18:55,601] 712  INFO GUI_LOGGER: END  INIT Application
[2025-07-22 18:18:55,827] 938 DEBUG QUALANALYSIS_LOGGER: -> init() org.woped.qualanalysis.coverabilitygraph.gui.CoverabilityGraphFrameController
[2025-07-22 18:18:55,835] 946 DEBUG QUALANALYSIS_LOGGER: <- init() org.woped.qualanalysis.coverabilitygraph.gui.CoverabilityGraphFrameController
[2025-07-22 18:18:55,886] 997 DEBUG FILE_LOGGER: ##### START PNML Version (1.3.2) IMPORT #####
[2025-07-22 18:18:56,100] 1211 DEBUG QUALANALYSIS_LOGGER: PT Handle Pairs calculated. (1 ms)
[2025-07-22 18:18:56,100] 1211 DEBUG QUALANALYSIS_LOGGER: TP Handle Pairs calculated. (13 ms)
[2025-07-22 18:18:56,321] 1432 DEBUG FILE_LOGGER:  ... Place (ID:p1) imported
[2025-07-22 18:18:56,321] 1432 DEBUG FILE_LOGGER:  ... Place (ID:p2) imported
[2025-07-22 18:18:56,321] 1432 DEBUG FILE_LOGGER:  ... Place (ID:p3) imported
[2025-07-22 18:18:56,322] 1433 DEBUG FILE_LOGGER:  ... Place (ID:p4) imported
[2025-07-22 18:18:56,322] 1433 DEBUG FILE_LOGGER:  ... Place (ID:p5) imported
[2025-07-22 18:18:56,323] 1434 DEBUG FILE_LOGGER:  ... Place (ID:p6) imported
[2025-07-22 18:18:56,329] 1440 DEBUG FILE_LOGGER:  ... Transition (ID:t4) imported 
[2025-07-22 18:18:56,329] 1440 DEBUG FILE_LOGGER:  ... Transition (ID:t1) imported 
[2025-07-22 18:18:56,330] 1441 DEBUG FILE_LOGGER:  ... Transition (ID:t2) imported 
[2025-07-22 18:18:56,330] 1441 DEBUG FILE_LOGGER:  ... Transition (ID:t3) imported 
[2025-07-22 18:18:56,340] 1451 DEBUG FILE_LOGGER:  ... Arc created: (ID:a1) p6 -> t1 
[2025-07-22 18:18:56,340] 1451 DEBUG FILE_LOGGER:  ... Arc created: (ID:a11) p5 -> t4 
[2025-07-22 18:18:56,341] 1452 DEBUG FILE_LOGGER:  ... Arc created: (ID:a2) p2 -> t1 
[2025-07-22 18:18:56,341] 1452 DEBUG FILE_LOGGER:  ... Arc created: (ID:a10) t3 -> p4 
[2025-07-22 18:18:56,341] 1452 DEBUG FILE_LOGGER:  ... Arc created: (ID:a3) p4 -> t1 
[2025-07-22 18:18:56,341] 1452 DEBUG FILE_LOGGER:  ... Arc created: (ID:a4) t1 -> p5 
[2025-07-22 18:18:56,342] 1453 DEBUG FILE_LOGGER:  ... Arc created: (ID:a12) t4 -> p6 
[2025-07-22 18:18:56,342] 1453 DEBUG FILE_LOGGER:  ... Arc created: (ID:a5) t1 -> p3 
[2025-07-22 18:18:56,343] 1454 DEBUG FILE_LOGGER:  ... Arc created: (ID:a6) t1 -> p1 
[2025-07-22 18:18:56,343] 1454 DEBUG FILE_LOGGER:  ... Arc created: (ID:a7) p1 -> t2 
[2025-07-22 18:18:56,343] 1454 DEBUG FILE_LOGGER:  ... Arc created: (ID:a8) t2 -> p2 
[2025-07-22 18:18:56,343] 1454 DEBUG FILE_LOGGER:  ... Arc created: (ID:a9) p3 -> t3 
[2025-07-22 18:18:56,414] 1525 DEBUG EDITOR_LOGGER: Net updated. (7 ms)
[2025-07-22 18:18:56,420] 1531 DEBUG EDITOR_LOGGER: Net updated. (5 ms)
[2025-07-22 18:18:56,420] 1531 DEBUG FILE_LOGGER: ##### END PNML IMPORT Version (1.3.2) ##### (534 ms)
[2025-07-22 18:18:56,422] 1533  INFO CONFIG_LOGGER: Setting current working directory: D:\BPA Series\SupplementsOnGithub\bpa\Short 05 Espresso
[2025-07-22 18:18:56,422] 1533  INFO FILE_LOGGER: Petrinet loaded from file: D:\BPA Series\SupplementsOnGithub\bpa\Short 05 Espresso\espresso.pnml
[2025-07-22 18:29:51,361] 656472 DEBUG EDITOR_LOGGER: Net updated. (1 ms)
[2025-07-22 18:33:02,327] 847438 DEBUG FILE_LOGGER: ##### START PNML EXPORT #####
[2025-07-22 18:33:02,344] 847455 DEBUG FILE_LOGGER:    ... Transition (ID:t4) set
[2025-07-22 18:33:02,345] 847456 DEBUG FILE_LOGGER:    ... Place (ID:p1) set
[2025-07-22 18:33:02,345] 847456 DEBUG FILE_LOGGER:    ... Place (ID:p2) set
[2025-07-22 18:33:02,345] 847456 DEBUG FILE_LOGGER:    ... Place (ID:p3) set
[2025-07-22 18:33:02,345] 847456 DEBUG FILE_LOGGER:    ... Place (ID:p4) set
[2025-07-22 18:33:02,345] 847456 DEBUG FILE_LOGGER:    ... Place (ID:p5) set
[2025-07-22 18:33:02,346] 847457 DEBUG FILE_LOGGER:    ... Place (ID:p6) set
[2025-07-22 18:33:02,346] 847457 DEBUG FILE_LOGGER:    ... Transition (ID:t1) set
[2025-07-22 18:33:02,346] 847457 DEBUG FILE_LOGGER:    ... Transition (ID:t2) set
[2025-07-22 18:33:02,346] 847457 DEBUG FILE_LOGGER:    ... Transition (ID:t3) set
[2025-07-22 18:33:02,347] 847458 DEBUG FILE_LOGGER:    ... Arc (ID:a1( p6 -> t1) set
[2025-07-22 18:33:02,348] 847459 DEBUG FILE_LOGGER: ... Arc label position: X = 500.0 / Y = 12.0
[2025-07-22 18:33:02,348] 847459 DEBUG FILE_LOGGER:    ... Arc (ID:a11( p5 -> t4) set
[2025-07-22 18:33:02,348] 847459 DEBUG FILE_LOGGER: ... Arc label position: X = 500.0 / Y = 12.0
[2025-07-22 18:33:02,348] 847459 DEBUG FILE_LOGGER:    ... Arc (ID:a2( p2 -> t1) set
[2025-07-22 18:33:02,348] 847459 DEBUG FILE_LOGGER: ... Arc label position: X = 500.0 / Y = 12.0
[2025-07-22 18:33:02,348] 847459 DEBUG FILE_LOGGER:    ... Arc (ID:a10( t3 -> p4) set
[2025-07-22 18:33:02,349] 847460 DEBUG FILE_LOGGER: ... Arc label position: X = 500.0 / Y = 12.0
[2025-07-22 18:33:02,349] 847460 DEBUG FILE_LOGGER:    ... Arc (ID:a3( p4 -> t1) set
[2025-07-22 18:33:02,349] 847460 DEBUG FILE_LOGGER: ... Arc label position: X = 500.0 / Y = 12.0
[2025-07-22 18:33:02,349] 847460 DEBUG FILE_LOGGER:    ... Arc (ID:a4( t1 -> p5) set
[2025-07-22 18:33:02,349] 847460 DEBUG FILE_LOGGER: ... Arc label position: X = 500.0 / Y = 12.0
[2025-07-22 18:33:02,349] 847460 DEBUG FILE_LOGGER:    ... Arc (ID:a12( t4 -> p6) set
[2025-07-22 18:33:02,349] 847460 DEBUG FILE_LOGGER: ... Arc label position: X = 500.0 / Y = 12.0
[2025-07-22 18:33:02,350] 847461 DEBUG FILE_LOGGER:    ... Arc (ID:a5( t1 -> p3) set
[2025-07-22 18:33:02,350] 847461 DEBUG FILE_LOGGER: ... Arc label position: X = 500.0 / Y = 12.0
[2025-07-22 18:33:02,350] 847461 DEBUG FILE_LOGGER:    ... Arc (ID:a6( t1 -> p1) set
[2025-07-22 18:33:02,350] 847461 DEBUG FILE_LOGGER: ... Arc label position: X = 500.0 / Y = 12.0
[2025-07-22 18:33:02,350] 847461 DEBUG FILE_LOGGER:    ... Arc (ID:a7( p1 -> t2) set
[2025-07-22 18:33:02,350] 847461 DEBUG FILE_LOGGER: ... Arc label position: X = 500.0 / Y = 12.0
[2025-07-22 18:33:02,351] 847462 DEBUG FILE_LOGGER:    ... Arc (ID:a8( t2 -> p2) set
[2025-07-22 18:33:02,351] 847462 DEBUG FILE_LOGGER: ... Arc label position: X = 500.0 / Y = 12.0
[2025-07-22 18:33:02,351] 847462 DEBUG FILE_LOGGER:    ... Arc (ID:a9( p3 -> t3) set
[2025-07-22 18:33:02,351] 847462 DEBUG FILE_LOGGER: ... Arc label position: X = 500.0 / Y = 12.0
[2025-07-22 18:33:02,365] 847476 DEBUG FILE_LOGGER: ##### END PNML EXPORT ##### (38 ms)
[2025-07-22 18:33:02,365] 847476  INFO FILE_LOGGER: Petrinet saved in file: D:\BPA Series\SupplementsOnGithub\bpa\Short 05 Espresso\espresso.pnml
[2025-07-22 18:33:02,365] 847476  INFO CONFIG_LOGGER: Setting current working directory: null
[2025-07-22 18:33:02,377] 847488  INFO CONFIG_LOGGER: Configuration successfully saved to: C:\Users\User\.WoPeD-3.9.0\WoPeDconfig.xml
[2025-07-22 18:33:02,377] 847488  INFO GUI_LOGGER: EXIT WoPeD
[2025-11-01 18:35:30,134] 0  INFO GUI_LOGGER: INIT APPLICATION
[2025-11-01 18:35:30,169] 35  INFO CORE_LOGGER: START INIT Application
[2025-11-01 18:35:30,174] 40  INFO CONFIG_LOGGER: Setting default home directory: C:\Users\User\.WoPeD-3.9.0\nets\
[2025-11-01 18:35:30,174] 40  INFO CONFIG_LOGGER: Loading configuration from: C:\Users\User\.WoPeD-3.9.0\WoPeDconfig.xml.
[2025-11-01 18:35:30,331] 197  INFO CONFIG_LOGGER: Setting Locale to en_GB
[2025-11-01 18:35:30,333] 199  INFO CONFIG_LOGGER: Setting home directory: C:\Users\User\.WoPeD-3.9.0\nets\
[2025-11-01 18:35:30,334] 200  INFO CONFIG_LOGGER: Setting current working directory: D:\BPA Series\SupplementsOnGithub\bpa\Short 40 Chainsaw
[2025-11-01 18:35:30,347] 213  INFO CONFIG_LOGGER: Configuration successfully loaded.
[2025-11-01 18:35:30,355] 221  WARN CONFIG_LOGGER: Configuration file not found: C:\Users\User\.WoPeD-3.9.0\WoPeDmetrics.xml. Using built-in settings.
[2025-11-01 18:35:30,377] 243  INFO CONFIG_LOGGER: Configuration successfully loaded.
[2025-11-01 18:35:30,412] 278  INFO CORE_LOGGER: Look-And-Feel set to com.sun.java.swing.plaf.windows.WindowsLookAndFeel
[2025-11-01 18:35:30,750] 616  INFO GUI_LOGGER: END  INIT Application
[2025-11-01 18:35:30,900] 766 DEBUG QUALANALYSIS_LOGGER: -> init() org.woped.qualanalysis.coverabilitygraph.gui.CoverabilityGraphFrameController
[2025-11-01 18:35:30,906] 772 DEBUG QUALANALYSIS_LOGGER: <- init() org.woped.qualanalysis.coverabilitygraph.gui.CoverabilityGraphFrameController
[2025-11-01 18:35:30,951] 817 DEBUG FILE_LOGGER: ##### START PNML Version (1.3.2) IMPORT #####
[2025-11-01 18:35:31,071] 937 DEBUG QUALANALYSIS_LOGGER: PT Handle Pairs calculated. (0 ms)
[2025-11-01 18:35:31,071] 937 DEBUG QUALANALYSIS_LOGGER: TP Handle Pairs calculated. (7 ms)
[2025-11-01 18:35:31,229] 1095 DEBUG FILE_LOGGER:  ... Place (ID:p1) imported
[2025-11-01 18:35:31,229] 1095 DEBUG FILE_LOGGER:  ... Place (ID:p2) imported
[2025-11-01 18:35:31,229] 1095 DEBUG FILE_LOGGER:  ... Place (ID:p3) imported
[2025-11-01 18:35:31,230] 1096 DEBUG FILE_LOGGER:  ... Place (ID:p4) imported
[2025-11-01 18:35:31,230] 1096 DEBUG FILE_LOGGER:  ... Place (ID:p5) imported
[2025-11-01 18:35:31,230] 1096 DEBUG FILE_LOGGER:  ... Place (ID:p6) imported
[2025-11-01 18:35:31,235] 1101 DEBUG FILE_LOGGER:  ... Transition (ID:t4) imported 
[2025-11-01 18:35:31,236] 1102 DEBUG FILE_LOGGER:  ... Transition (ID:t1) imported 
[2025-11-01 18:35:31,236] 1102 DEBUG FILE_LOGGER:  ... Transition (ID:t2) imported 
[2025-11-01 18:35:31,236] 1102 DEBUG FILE_LOGGER:  ... Transition (ID:t3) imported 
[2025-11-01 18:35:31,243] 1109 DEBUG FILE_LOGGER:  ... Arc created: (ID:a1) p6 -> t1 
[2025-11-01 18:35:31,243] 1109 DEBUG FILE_LOGGER:  ... Arc created: (ID:a11) p5 -> t4 
[2025-11-01 18:35:31,243] 1109 DEBUG FILE_LOGGER:  ... Arc created: (ID:a2) p2 -> t1 
[2025-11-01 18:35:31,243] 1109 DEBUG FILE_LOGGER:  ... Arc created: (ID:a10) t3 -> p4 
[2025-11-01 18:35:31,244] 1110 DEBUG FILE_LOGGER:  ... Arc created: (ID:a3) p4 -> t1 
[2025-11-01 18:35:31,244] 1110 DEBUG FILE_LOGGER:  ... Arc created: (ID:a4) t1 -> p5 
[2025-11-01 18:35:31,244] 1110 DEBUG FILE_LOGGER:  ... Arc created: (ID:a12) t4 -> p6 
[2025-11-01 18:35:31,244] 1110 DEBUG FILE_LOGGER:  ... Arc created: (ID:a5) t1 -> p3 
[2025-11-01 18:35:31,245] 1111 DEBUG FILE_LOGGER:  ... Arc created: (ID:a6) t1 -> p1 
[2025-11-01 18:35:31,245] 1111 DEBUG FILE_LOGGER:  ... Arc created: (ID:a7) p1 -> t2 
[2025-11-01 18:35:31,245] 1111 DEBUG FILE_LOGGER:  ... Arc created: (ID:a8) t2 -> p2 
[2025-11-01 18:35:31,246] 1112 DEBUG FILE_LOGGER:  ... Arc created: (ID:a9) p3 -> t3 
[2025-11-01 18:35:31,309] 1175 DEBUG EDITOR_LOGGER: Net updated. (6 ms)
[2025-11-01 18:35:31,315] 1181 DEBUG EDITOR_LOGGER: Net updated. (5 ms)
[2025-11-01 18:35:31,316] 1182 DEBUG FILE_LOGGER: ##### END PNML IMPORT Version (1.3.2) ##### (364 ms)
[2025-11-01 18:35:31,316] 1182  INFO CONFIG_LOGGER: Setting current working directory: D:\BPA Series\SupplementsOnGithub\bpa\Short 05 Espresso
[2025-11-01 18:35:31,317] 1183  INFO FILE_LOGGER: Petrinet loaded from file: D:\BPA Series\SupplementsOnGithub\bpa\Short 05 Espresso\espresso.pnml
[2025-11-01 18:40:31,406] 301272 DEBUG EDITOR_LOGGER: START TokenGame
[2025-11-01 18:40:31,412] 301278 DEBUG QUALANALYSIS_LOGGER: TokenGame: CHECK NET
[2025-11-01 18:40:31,413] 301279 DEBUG QUALANALYSIS_LOGGER:            ... DONE (1 ms)
[2025-11-01 18:40:33,629] 303495 DEBUG QUALANALYSIS_LOGGER: TokenGame: CHECK NET
[2025-11-01 18:40:33,631] 303497 DEBUG QUALANALYSIS_LOGGER:            ... DONE (2 ms)
[2025-11-01 18:40:34,862] 304728 DEBUG QUALANALYSIS_LOGGER: TokenGame: CHECK NET
[2025-11-01 18:40:34,863] 304729 DEBUG QUALANALYSIS_LOGGER:            ... DONE (1 ms)
[2025-11-01 18:40:39,886] 309752 DEBUG QUALANALYSIS_LOGGER: TokenGame: CHECK NET
[2025-11-01 18:40:39,887] 309753 DEBUG QUALANALYSIS_LOGGER:            ... DONE (1 ms)
[2025-11-01 18:40:43,022] 312888 DEBUG QUALANALYSIS_LOGGER: TokenGame: CHECK NET
[2025-11-01 18:40:43,023] 312889 DEBUG QUALANALYSIS_LOGGER:            ... DONE (1 ms)
[2025-11-01 18:40:44,118] 313984 DEBUG QUALANALYSIS_LOGGER: TokenGame: CHECK NET
[2025-11-01 18:40:44,119] 313985 DEBUG QUALANALYSIS_LOGGER:            ... DONE (1 ms)
[2025-11-01 18:40:49,798] 319664 DEBUG QUALANALYSIS_LOGGER: TokenGame: CHECK NET
[2025-11-01 18:40:49,799] 319665 DEBUG QUALANALYSIS_LOGGER:            ... DONE (1 ms)
[2025-11-01 18:40:51,366] 321232 DEBUG QUALANALYSIS_LOGGER: TokenGame: CHECK NET
[2025-11-01 18:40:51,367] 321233 DEBUG QUALANALYSIS_LOGGER:            ... DONE (1 ms)
[2025-11-01 18:40:51,958] 321824 DEBUG QUALANALYSIS_LOGGER: TokenGame: CHECK NET
[2025-11-01 18:40:51,959] 321825 DEBUG QUALANALYSIS_LOGGER:            ... DONE (1 ms)
[2025-11-01 18:40:52,565] 322431 DEBUG QUALANALYSIS_LOGGER: TokenGame: CHECK NET
[2025-11-01 18:40:52,567] 322433 DEBUG QUALANALYSIS_LOGGER:            ... DONE (2 ms)
[2025-11-01 18:41:09,630] 339496 DEBUG QUALANALYSIS_LOGGER: TokenGame: CHECK NET
[2025-11-01 18:41:09,633] 339499 DEBUG QUALANALYSIS_LOGGER:            ... DONE (3 ms)
[2025-11-01 18:41:12,494] 342360 DEBUG QUALANALYSIS_LOGGER: TokenGame: CHECK NET
[2025-11-01 18:41:12,495] 342361 DEBUG QUALANALYSIS_LOGGER:            ... DONE (1 ms)
[2025-11-01 18:41:13,942] 343808 DEBUG QUALANALYSIS_LOGGER: TokenGame: CHECK NET
[2025-11-01 18:41:13,943] 343809 DEBUG QUALANALYSIS_LOGGER:            ... DONE (1 ms)
[2025-11-01 18:41:15,454] 345320 DEBUG QUALANALYSIS_LOGGER: TokenGame: CHECK NET
[2025-11-01 18:41:15,455] 345321 DEBUG QUALANALYSIS_LOGGER:            ... DONE (1 ms)
[2025-11-01 18:41:24,950] 354816 DEBUG QUALANALYSIS_LOGGER: TokenGame: CHECK NET
[2025-11-01 18:41:24,952] 354818 DEBUG QUALANALYSIS_LOGGER:            ... DONE (2 ms)
[2025-11-01 18:41:27,669] 357535 DEBUG QUALANALYSIS_LOGGER: TokenGame: CHECK NET
[2025-11-01 18:41:27,672] 357538 DEBUG QUALANALYSIS_LOGGER:            ... DONE (3 ms)
[2025-11-01 18:41:28,630] 358496 DEBUG QUALANALYSIS_LOGGER: TokenGame: CHECK NET
[2025-11-01 18:41:28,631] 358497 DEBUG QUALANALYSIS_LOGGER:            ... DONE (1 ms)
[2025-11-01 18:41:29,622] 359488 DEBUG QUALANALYSIS_LOGGER: TokenGame: CHECK NET
[2025-11-01 18:41:29,623] 359489 DEBUG QUALANALYSIS_LOGGER:            ... DONE (1 ms)
[2025-11-01 18:41:30,357] 360223 DEBUG QUALANALYSIS_LOGGER: TokenGame: CHECK NET
[2025-11-01 18:41:30,358] 360224 DEBUG QUALANALYSIS_LOGGER:            ... DONE (1 ms)
[2025-11-01 18:41:30,949] 360815 DEBUG QUALANALYSIS_LOGGER: TokenGame: CHECK NET
[2025-11-01 18:41:30,951] 360817 DEBUG QUALANALYSIS_LOGGER:            ... DONE (2 ms)
[2025-11-01 18:41:32,486] 362352 DEBUG QUALANALYSIS_LOGGER: TokenGame: CHECK NET
[2025-11-01 18:41:32,487] 362353 DEBUG QUALANALYSIS_LOGGER:            ... DONE (1 ms)
[2025-11-01 18:41:33,422] 363288 DEBUG QUALANALYSIS_LOGGER: TokenGame: CHECK NET
[2025-11-01 18:41:33,422] 363288 DEBUG QUALANALYSIS_LOGGER:            ... DONE (0 ms)
[2025-11-01 18:41:34,775] 364641 DEBUG QUALANALYSIS_LOGGER: TokenGame: CHECK NET
[2025-11-01 18:41:34,776] 364642 DEBUG QUALANALYSIS_LOGGER:            ... DONE (1 ms)
[2025-11-01 18:41:35,350] 365216 DEBUG QUALANALYSIS_LOGGER: TokenGame: CHECK NET
[2025-11-01 18:41:35,351] 365217 DEBUG QUALANALYSIS_LOGGER:            ... DONE (1 ms)
[2025-11-01 18:41:35,958] 365824 DEBUG QUALANALYSIS_LOGGER: TokenGame: CHECK NET
[2025-11-01 18:41:35,959] 365825 DEBUG QUALANALYSIS_LOGGER:            ... DONE (1 ms)
[2025-11-01 18:41:39,582] 369448 DEBUG QUALANALYSIS_LOGGER: TokenGame: CHECK NET
[2025-11-01 18:41:39,583] 369449 DEBUG QUALANALYSIS_LOGGER:            ... DONE (1 ms)
[2025-11-01 18:41:40,630] 370496 DEBUG QUALANALYSIS_LOGGER: TokenGame: CHECK NET
[2025-11-01 18:41:40,631] 370497 DEBUG QUALANALYSIS_LOGGER:            ... DONE (1 ms)
[2025-11-01 18:41:41,326] 371192 DEBUG QUALANALYSIS_LOGGER: TokenGame: CHECK NET
[2025-11-01 18:41:41,327] 371193 DEBUG QUALANALYSIS_LOGGER:            ... DONE (1 ms)
[2025-11-01 18:41:41,886] 371752 DEBUG QUALANALYSIS_LOGGER: TokenGame: CHECK NET
[2025-11-01 18:41:41,888] 371754 DEBUG QUALANALYSIS_LOGGER:            ... DONE (2 ms)
[2025-11-01 18:44:53,414] 563280 DEBUG QUALANALYSIS_LOGGER: TokenGame: CHECK NET
[2025-11-01 18:44:53,416] 563282 DEBUG QUALANALYSIS_LOGGER:            ... DONE (2 ms)
[2025-11-01 18:44:53,416] 563282 DEBUG EDITOR_LOGGER: STOP TokenGame
[2025-11-01 18:44:56,239] 566105 DEBUG EDITOR_LOGGER: Net updated. (2 ms)
[2025-11-01 18:44:56,244] 566110 DEBUG QUALANALYSIS_LOGGER: PT Handle Pairs calculated. (9 ms)
[2025-11-01 18:44:56,244] 566110 DEBUG QUALANALYSIS_LOGGER: TP Handle Pairs calculated. (12 ms)
[2025-11-01 18:44:56,259] 566125  INFO FILE_LOGGER: Local WoPeD analysis started.
[2025-11-01 18:48:23,549] 773415 DEBUG QUALANALYSIS_LOGGER: -> processViewEvent org.woped.qualanalysis.coverabilitygraph.gui.CoverabilityGraphEventProcessor
[2025-11-01 18:48:23,551] 773417 DEBUG EDITOR_LOGGER: Net updated. (1 ms)
[2025-11-01 18:48:23,552] 773418 DEBUG QUALANALYSIS_LOGGER: -> init() org.woped.qualanalysis.coverabilitygraph.gui.CoverabilityGraphVC
[2025-11-01 18:48:23,578] 773444 DEBUG QUALANALYSIS_LOGGER: <- init() org.woped.qualanalysis.coverabilitygraph.gui.CoverabilityGraphVC
[2025-11-01 18:48:23,611] 773477 DEBUG QUALANALYSIS_LOGGER: -> processViewEvent org.woped.qualanalysis.coverabilitygraph.gui.CoverabilityGraphEventProcessor
[2025-11-01 18:48:23,611] 773477 DEBUG QUALANALYSIS_LOGGER: <- processViewEvent org.woped.qualanalysis.coverabilitygraph.gui.CoverabilityGraphEventProcessor
[2025-11-01 18:48:23,646] 773512 DEBUG QUALANALYSIS_LOGGER: -> processViewEvent org.woped.qualanalysis.coverabilitygraph.gui.CoverabilityGraphEventProcessor
[2025-11-01 18:48:23,646] 773512 DEBUG QUALANALYSIS_LOGGER: <- processViewEvent org.woped.qualanalysis.coverabilitygraph.gui.CoverabilityGraphEventProcessor
[2025-11-01 18:48:23,652] 773518 DEBUG QUALANALYSIS_LOGGER: -> processViewEvent org.woped.qualanalysis.coverabilitygraph.gui.CoverabilityGraphEventProcessor
[2025-11-01 18:48:23,652] 773518 DEBUG QUALANALYSIS_LOGGER: <- processViewEvent org.woped.qualanalysis.coverabilitygraph.gui.CoverabilityGraphEventProcessor
[2025-11-01 18:48:23,657] 773523 DEBUG QUALANALYSIS_LOGGER: <- processViewEvent org.woped.qualanalysis.coverabilitygraph.gui.CoverabilityGraphEventProcessor
[2025-11-01 18:48:38,517] 788383 DEBUG QUALANALYSIS_LOGGER: -> processViewEvent org.woped.qualanalysis.coverabilitygraph.gui.CoverabilityGraphEventProcessor
[2025-11-01 18:48:38,517] 788383 DEBUG QUALANALYSIS_LOGGER: <- processViewEvent org.woped.qualanalysis.coverabilitygraph.gui.CoverabilityGraphEventProcessor
[2025-11-01 18:48:38,525] 788391 DEBUG QUALANALYSIS_LOGGER: -> processViewEvent org.woped.qualanalysis.coverabilitygraph.gui.CoverabilityGraphEventProcessor
[2025-11-01 18:48:38,525] 788391 DEBUG QUALANALYSIS_LOGGER: <- processViewEvent org.woped.qualanalysis.coverabilitygraph.gui.CoverabilityGraphEventProcessor
[2025-11-01 18:48:38,537] 788403 DEBUG QUALANALYSIS_LOGGER: -> processViewEvent org.woped.qualanalysis.coverabilitygraph.gui.CoverabilityGraphEventProcessor
[2025-11-01 18:48:38,537] 788403 DEBUG QUALANALYSIS_LOGGER: <- processViewEvent org.woped.qualanalysis.coverabilitygraph.gui.CoverabilityGraphEventProcessor
[2025-11-01 18:48:38,543] 788409 DEBUG QUALANALYSIS_LOGGER: -> processViewEvent org.woped.qualanalysis.coverabilitygraph.gui.CoverabilityGraphEventProcessor
[2025-11-01 18:48:38,543] 788409 DEBUG QUALANALYSIS_LOGGER: <- processViewEvent org.woped.qualanalysis.coverabilitygraph.gui.CoverabilityGraphEventProcessor
[2025-11-01 18:48:44,717] 794583 DEBUG EDITOR_LOGGER: START TokenGame
[2025-11-01 18:48:44,723] 794589 DEBUG QUALANALYSIS_LOGGER: TokenGame: CHECK NET
[2025-11-01 18:48:44,724] 794590 DEBUG QUALANALYSIS_LOGGER:            ... DONE (1 ms)
[2025-11-01 18:48:47,981] 797847 DEBUG QUALANALYSIS_LOGGER: TokenGame: CHECK NET
[2025-11-01 18:48:47,983] 797849 DEBUG QUALANALYSIS_LOGGER:            ... DONE (2 ms)
[2025-11-01 18:48:48,844] 798710 DEBUG QUALANALYSIS_LOGGER: TokenGame: CHECK NET
[2025-11-01 18:48:48,845] 798711 DEBUG QUALANALYSIS_LOGGER:            ... DONE (1 ms)
[2025-11-01 18:48:50,429] 800295 DEBUG QUALANALYSIS_LOGGER: TokenGame: CHECK NET
[2025-11-01 18:48:50,430] 800296 DEBUG QUALANALYSIS_LOGGER:            ... DONE (1 ms)
[2025-11-01 18:48:51,084] 800950 DEBUG QUALANALYSIS_LOGGER: TokenGame: CHECK NET
[2025-11-01 18:48:51,085] 800951 DEBUG QUALANALYSIS_LOGGER:            ... DONE (1 ms)
[2025-11-01 18:48:51,645] 801511 DEBUG QUALANALYSIS_LOGGER: TokenGame: CHECK NET
[2025-11-01 18:48:51,646] 801512 DEBUG QUALANALYSIS_LOGGER:            ... DONE (1 ms)
[2025-11-01 18:48:52,692] 802558 DEBUG QUALANALYSIS_LOGGER: TokenGame: CHECK NET
[2025-11-01 18:48:52,693] 802559 DEBUG QUALANALYSIS_LOGGER:            ... DONE (1 ms)
[2025-11-01 18:48:53,325] 803191 DEBUG QUALANALYSIS_LOGGER: TokenGame: CHECK NET
[2025-11-01 18:48:53,326] 803192 DEBUG QUALANALYSIS_LOGGER:            ... DONE (1 ms)
[2025-11-01 18:48:53,852] 803718 DEBUG QUALANALYSIS_LOGGER: TokenGame: CHECK NET
[2025-11-01 18:48:53,854] 803720 DEBUG QUALANALYSIS_LOGGER:            ... DONE (2 ms)
[2025-11-01 18:48:54,372] 804238 DEBUG QUALANALYSIS_LOGGER: TokenGame: CHECK NET
[2025-11-01 18:48:54,374] 804240 DEBUG QUALANALYSIS_LOGGER:            ... DONE (2 ms)
[2025-11-01 18:48:55,405] 805271 DEBUG QUALANALYSIS_LOGGER: TokenGame: CHECK NET
[2025-11-01 18:48:55,406] 805272 DEBUG QUALANALYSIS_LOGGER:            ... DONE (1 ms)
[2025-11-01 18:48:56,445] 806311 DEBUG QUALANALYSIS_LOGGER: TokenGame: CHECK NET
[2025-11-01 18:48:56,446] 806312 DEBUG QUALANALYSIS_LOGGER:            ... DONE (1 ms)
[2025-11-01 18:48:57,140] 807006 DEBUG QUALANALYSIS_LOGGER: TokenGame: CHECK NET
[2025-11-01 18:48:57,141] 807007 DEBUG QUALANALYSIS_LOGGER:            ... DONE (1 ms)
[2025-11-01 18:48:57,701] 807567 DEBUG QUALANALYSIS_LOGGER: TokenGame: CHECK NET
[2025-11-01 18:48:57,702] 807568 DEBUG QUALANALYSIS_LOGGER:            ... DONE (1 ms)
[2025-11-01 18:48:58,157] 808023 DEBUG QUALANALYSIS_LOGGER: TokenGame: CHECK NET
[2025-11-01 18:48:58,158] 808024 DEBUG QUALANALYSIS_LOGGER:            ... DONE (1 ms)
[2025-11-01 18:48:59,069] 808935 DEBUG QUALANALYSIS_LOGGER: TokenGame: CHECK NET
[2025-11-01 18:48:59,070] 808936 DEBUG QUALANALYSIS_LOGGER:            ... DONE (1 ms)
[2025-11-01 18:48:59,948] 809814 DEBUG QUALANALYSIS_LOGGER: TokenGame: CHECK NET
[2025-11-01 18:48:59,950] 809816 DEBUG QUALANALYSIS_LOGGER:            ... DONE (2 ms)
[2025-11-01 18:49:00,740] 810606 DEBUG QUALANALYSIS_LOGGER: TokenGame: CHECK NET
[2025-11-01 18:49:00,742] 810608 DEBUG QUALANALYSIS_LOGGER:            ... DONE (2 ms)
[2025-11-01 18:49:01,316] 811182 DEBUG QUALANALYSIS_LOGGER: TokenGame: CHECK NET
[2025-11-01 18:49:01,317] 811183 DEBUG QUALANALYSIS_LOGGER:            ... DONE (1 ms)
[2025-11-01 18:49:02,212] 812078 DEBUG QUALANALYSIS_LOGGER: TokenGame: CHECK NET
[2025-11-01 18:49:02,214] 812080 DEBUG QUALANALYSIS_LOGGER:            ... DONE (2 ms)
[2025-11-01 18:49:03,948] 813814 DEBUG QUALANALYSIS_LOGGER: TokenGame: CHECK NET
[2025-11-01 18:49:03,950] 813816 DEBUG QUALANALYSIS_LOGGER:            ... DONE (2 ms)
[2025-11-01 18:49:04,772] 814638 DEBUG QUALANALYSIS_LOGGER: TokenGame: CHECK NET
[2025-11-01 18:49:04,773] 814639 DEBUG QUALANALYSIS_LOGGER:            ... DONE (1 ms)
[2025-11-01 18:49:05,668] 815534 DEBUG QUALANALYSIS_LOGGER: TokenGame: CHECK NET
[2025-11-01 18:49:05,670] 815536 DEBUG QUALANALYSIS_LOGGER:            ... DONE (2 ms)
[2025-11-01 18:49:06,084] 815950 DEBUG QUALANALYSIS_LOGGER: TokenGame: CHECK NET
[2025-11-01 18:49:06,085] 815951 DEBUG QUALANALYSIS_LOGGER:            ... DONE (1 ms)
[2025-11-01 18:49:06,476] 816342 DEBUG QUALANALYSIS_LOGGER: TokenGame: CHECK NET
[2025-11-01 18:49:06,477] 816343 DEBUG QUALANALYSIS_LOGGER:            ... DONE (1 ms)
[2025-11-01 18:49:07,749] 817615 DEBUG QUALANALYSIS_LOGGER: TokenGame: CHECK NET
[2025-11-01 18:49:07,750] 817616 DEBUG QUALANALYSIS_LOGGER:            ... DONE (1 ms)
[2025-11-01 18:49:08,868] 818734 DEBUG QUALANALYSIS_LOGGER: TokenGame: CHECK NET
[2025-11-01 18:49:08,869] 818735 DEBUG QUALANALYSIS_LOGGER:            ... DONE (1 ms)
[2025-11-01 18:49:09,596] 819462 DEBUG QUALANALYSIS_LOGGER: TokenGame: CHECK NET
[2025-11-01 18:49:09,598] 819464 DEBUG QUALANALYSIS_LOGGER:            ... DONE (1 ms)
[2025-11-01 18:49:10,117] 819983 DEBUG QUALANALYSIS_LOGGER: TokenGame: CHECK NET
[2025-11-01 18:49:10,118] 819984 DEBUG QUALANALYSIS_LOGGER:            ... DONE (1 ms)
[2025-11-01 18:49:44,253] 854119 DEBUG QUALANALYSIS_LOGGER: TokenGame: CHECK NET
[2025-11-01 18:49:44,254] 854120 DEBUG QUALANALYSIS_LOGGER:            ... DONE (1 ms)
[2025-11-01 18:49:45,092] 854958 DEBUG QUALANALYSIS_LOGGER: TokenGame: CHECK NET
[2025-11-01 18:49:45,094] 854960 DEBUG QUALANALYSIS_LOGGER:            ... DONE (2 ms)
[2025-11-01 18:49:45,964] 855830 DEBUG QUALANALYSIS_LOGGER: TokenGame: CHECK NET
[2025-11-01 18:49:45,966] 855832 DEBUG QUALANALYSIS_LOGGER:            ... DONE (1 ms)
[2025-11-01 18:49:47,796] 857662 DEBUG QUALANALYSIS_LOGGER: TokenGame: CHECK NET
[2025-11-01 18:49:47,798] 857664 DEBUG QUALANALYSIS_LOGGER:            ... DONE (2 ms)
[2025-11-01 18:49:48,484] 858350 DEBUG QUALANALYSIS_LOGGER: TokenGame: CHECK NET
[2025-11-01 18:49:48,486] 858352 DEBUG QUALANALYSIS_LOGGER:            ... DONE (2 ms)
[2025-11-01 18:49:48,972] 858838 DEBUG QUALANALYSIS_LOGGER: TokenGame: CHECK NET
[2025-11-01 18:49:48,974] 858840 DEBUG QUALANALYSIS_LOGGER:            ... DONE (2 ms)
[2025-11-01 18:49:50,060] 859926 DEBUG QUALANALYSIS_LOGGER: TokenGame: CHECK NET
[2025-11-01 18:49:50,061] 859927 DEBUG QUALANALYSIS_LOGGER:            ... DONE (1 ms)
[2025-11-01 18:49:51,356] 861222 DEBUG QUALANALYSIS_LOGGER: TokenGame: CHECK NET
[2025-11-01 18:49:51,357] 861223 DEBUG QUALANALYSIS_LOGGER:            ... DONE (1 ms)
[2025-11-01 18:49:51,821] 861687 DEBUG QUALANALYSIS_LOGGER: TokenGame: CHECK NET
[2025-11-01 18:49:51,822] 861688 DEBUG QUALANALYSIS_LOGGER:            ... DONE (2 ms)
[2025-11-01 18:49:52,340] 862206 DEBUG QUALANALYSIS_LOGGER: TokenGame: CHECK NET
[2025-11-01 18:49:52,342] 862208 DEBUG QUALANALYSIS_LOGGER:            ... DONE (2 ms)
[2025-11-01 18:49:53,604] 863470 DEBUG QUALANALYSIS_LOGGER: TokenGame: CHECK NET
[2025-11-01 18:49:53,606] 863472 DEBUG QUALANALYSIS_LOGGER:            ... DONE (2 ms)
[2025-11-01 18:49:54,516] 864382 DEBUG QUALANALYSIS_LOGGER: TokenGame: CHECK NET
[2025-11-01 18:49:54,517] 864383 DEBUG QUALANALYSIS_LOGGER:            ... DONE (1 ms)
[2025-11-01 18:49:55,796] 865662 DEBUG QUALANALYSIS_LOGGER: TokenGame: CHECK NET
[2025-11-01 18:49:55,797] 865663 DEBUG QUALANALYSIS_LOGGER:            ... DONE (1 ms)
[2025-11-01 18:49:56,508] 866374 DEBUG QUALANALYSIS_LOGGER: TokenGame: CHECK NET
[2025-11-01 18:49:56,509] 866375 DEBUG QUALANALYSIS_LOGGER:            ... DONE (1 ms)
[2025-11-01 18:49:57,188] 867054 DEBUG QUALANALYSIS_LOGGER: TokenGame: CHECK NET
[2025-11-01 18:49:57,190] 867056 DEBUG QUALANALYSIS_LOGGER:            ... DONE (2 ms)
[2025-11-01 18:49:58,693] 868559 DEBUG QUALANALYSIS_LOGGER: TokenGame: CHECK NET
[2025-11-01 18:49:58,694] 868560 DEBUG QUALANALYSIS_LOGGER:            ... DONE (1 ms)
[2025-11-01 18:49:59,677] 869543 DEBUG QUALANALYSIS_LOGGER: TokenGame: CHECK NET
[2025-11-01 18:49:59,678] 869544 DEBUG QUALANALYSIS_LOGGER:            ... DONE (1 ms)
[2025-11-01 18:50:00,548] 870414 DEBUG QUALANALYSIS_LOGGER: TokenGame: CHECK NET
[2025-11-01 18:50:00,550] 870416 DEBUG QUALANALYSIS_LOGGER:            ... DONE (2 ms)
[2025-11-01 18:50:03,252] 873118 DEBUG QUALANALYSIS_LOGGER: TokenGame: CHECK NET
[2025-11-01 18:50:03,253] 873119 DEBUG QUALANALYSIS_LOGGER:            ... DONE (1 ms)
[2025-11-01 18:50:04,988] 874854 DEBUG QUALANALYSIS_LOGGER: TokenGame: CHECK NET
[2025-11-01 18:50:04,990] 874856 DEBUG QUALANALYSIS_LOGGER:            ... DONE (2 ms)
[2025-11-01 18:50:08,124] 877990 DEBUG QUALANALYSIS_LOGGER: TokenGame: CHECK NET
[2025-11-01 18:50:08,126] 877992 DEBUG QUALANALYSIS_LOGGER:            ... DONE (2 ms)
[2025-11-01 18:50:09,332] 879198 DEBUG QUALANALYSIS_LOGGER: TokenGame: CHECK NET
[2025-11-01 18:50:09,333] 879199 DEBUG QUALANALYSIS_LOGGER:            ... DONE (1 ms)
[2025-11-01 18:50:13,012] 882878 DEBUG QUALANALYSIS_LOGGER: TokenGame: CHECK NET
[2025-11-01 18:50:13,014] 882880 DEBUG QUALANALYSIS_LOGGER:            ... DONE (2 ms)
[2025-11-01 18:50:13,436] 883302 DEBUG QUALANALYSIS_LOGGER: TokenGame: CHECK NET
[2025-11-01 18:50:13,437] 883303 DEBUG QUALANALYSIS_LOGGER:            ... DONE (1 ms)
[2025-11-01 18:50:13,981] 883847 DEBUG QUALANALYSIS_LOGGER: TokenGame: CHECK NET
[2025-11-01 18:50:13,982] 883848 DEBUG QUALANALYSIS_LOGGER:            ... DONE (1 ms)
[2025-11-01 18:50:15,180] 885046 DEBUG QUALANALYSIS_LOGGER: TokenGame: CHECK NET
[2025-11-01 18:50:15,182] 885048 DEBUG QUALANALYSIS_LOGGER:            ... DONE (2 ms)
[2025-11-01 18:50:16,252] 886118 DEBUG QUALANALYSIS_LOGGER: TokenGame: CHECK NET
[2025-11-01 18:50:16,254] 886120 DEBUG QUALANALYSIS_LOGGER:            ... DONE (2 ms)
[2025-11-01 18:50:16,796] 886662 DEBUG QUALANALYSIS_LOGGER: TokenGame: CHECK NET
[2025-11-01 18:50:16,797] 886663 DEBUG QUALANALYSIS_LOGGER:            ... DONE (1 ms)
[2025-11-01 18:50:17,356] 887222 DEBUG QUALANALYSIS_LOGGER: TokenGame: CHECK NET
[2025-11-01 18:50:17,358] 887224 DEBUG QUALANALYSIS_LOGGER:            ... DONE (2 ms)
[2025-11-01 18:50:26,472] 896338 DEBUG QUALANALYSIS_LOGGER: TokenGame: CHECK NET
[2025-11-01 18:50:26,473] 896339 DEBUG QUALANALYSIS_LOGGER:            ... DONE (1 ms)
[2025-11-01 18:50:53,252] 923118 DEBUG QUALANALYSIS_LOGGER: TokenGame: CHECK NET
[2025-11-01 18:50:53,254] 923120 DEBUG QUALANALYSIS_LOGGER:            ... DONE (2 ms)
[2025-11-01 18:50:54,396] 924262 DEBUG QUALANALYSIS_LOGGER: TokenGame: CHECK NET
[2025-11-01 18:50:54,399] 924265 DEBUG QUALANALYSIS_LOGGER:            ... DONE (3 ms)
[2025-11-01 18:50:59,148] 929014 DEBUG QUALANALYSIS_LOGGER: TokenGame: CHECK NET
[2025-11-01 18:50:59,149] 929015 DEBUG QUALANALYSIS_LOGGER:            ... DONE (1 ms)
[2025-11-01 18:51:01,276] 931142 DEBUG QUALANALYSIS_LOGGER: TokenGame: CHECK NET
[2025-11-01 18:51:01,277] 931143 DEBUG QUALANALYSIS_LOGGER:            ... DONE (1 ms)
[2025-11-01 18:51:02,284] 932150 DEBUG QUALANALYSIS_LOGGER: TokenGame: CHECK NET
[2025-11-01 18:51:02,285] 932151 DEBUG QUALANALYSIS_LOGGER:            ... DONE (1 ms)
[2025-11-01 18:51:08,468] 938334 DEBUG QUALANALYSIS_LOGGER: TokenGame: CHECK NET
[2025-11-01 18:51:08,470] 938336 DEBUG QUALANALYSIS_LOGGER:            ... DONE (2 ms)
[2025-11-01 18:51:11,292] 941158 DEBUG QUALANALYSIS_LOGGER: TokenGame: CHECK NET
[2025-11-01 18:51:11,293] 941159 DEBUG QUALANALYSIS_LOGGER:            ... DONE (1 ms)
[2025-11-01 18:51:14,060] 943926 DEBUG QUALANALYSIS_LOGGER: TokenGame: CHECK NET
[2025-11-01 18:51:14,062] 943928 DEBUG QUALANALYSIS_LOGGER:            ... DONE (2 ms)
[2025-11-01 18:51:16,412] 946278 DEBUG QUALANALYSIS_LOGGER: TokenGame: CHECK NET
[2025-11-01 18:51:16,414] 946280 DEBUG QUALANALYSIS_LOGGER:            ... DONE (2 ms)
[2025-11-01 18:51:24,435] 954301 DEBUG QUALANALYSIS_LOGGER: TokenGame: CHECK NET
[2025-11-01 18:51:24,437] 954303 DEBUG QUALANALYSIS_LOGGER:            ... DONE (2 ms)
[2025-11-01 18:51:25,372] 955238 DEBUG QUALANALYSIS_LOGGER: TokenGame: CHECK NET
[2025-11-01 18:51:25,374] 955240 DEBUG QUALANALYSIS_LOGGER:            ... DONE (2 ms)
[2025-11-01 18:51:30,636] 960502 DEBUG QUALANALYSIS_LOGGER: TokenGame: CHECK NET
[2025-11-01 18:51:30,638] 960504 DEBUG QUALANALYSIS_LOGGER:            ... DONE (2 ms)
[2025-11-01 18:51:31,164] 961030 DEBUG QUALANALYSIS_LOGGER: TokenGame: CHECK NET
[2025-11-01 18:51:31,165] 961031 DEBUG QUALANALYSIS_LOGGER:            ... DONE (1 ms)
[2025-11-01 18:51:31,652] 961518 DEBUG QUALANALYSIS_LOGGER: TokenGame: CHECK NET
[2025-11-01 18:51:31,654] 961520 DEBUG QUALANALYSIS_LOGGER:            ... DONE (2 ms)
[2025-11-01 18:51:35,363] 965229 DEBUG QUALANALYSIS_LOGGER: TokenGame: CHECK NET
[2025-11-01 18:51:35,365] 965231 DEBUG QUALANALYSIS_LOGGER:            ... DONE (2 ms)
[2025-11-01 18:51:36,084] 965950 DEBUG QUALANALYSIS_LOGGER: TokenGame: CHECK NET
[2025-11-01 18:51:36,086] 965952 DEBUG QUALANALYSIS_LOGGER:            ... DONE (2 ms)
[2025-11-01 18:51:40,692] 970558 DEBUG QUALANALYSIS_LOGGER: TokenGame: CHECK NET
[2025-11-01 18:51:40,693] 970559 DEBUG QUALANALYSIS_LOGGER:            ... DONE (1 ms)
[2025-11-01 18:51:41,116] 970982 DEBUG QUALANALYSIS_LOGGER: TokenGame: CHECK NET
[2025-11-01 18:51:41,117] 970983 DEBUG QUALANALYSIS_LOGGER:            ... DONE (1 ms)
[2025-11-01 18:51:41,692] 971558 DEBUG QUALANALYSIS_LOGGER: TokenGame: CHECK NET
[2025-11-01 18:51:41,694] 971560 DEBUG QUALANALYSIS_LOGGER:            ... DONE (2 ms)
[2025-11-01 18:51:46,485] 976351 DEBUG QUALANALYSIS_LOGGER: TokenGame: CHECK NET
[2025-11-01 18:51:46,486] 976352 DEBUG QUALANALYSIS_LOGGER:            ... DONE (1 ms)
[2025-11-01 18:51:47,243] 977109 DEBUG QUALANALYSIS_LOGGER: TokenGame: CHECK NET
[2025-11-01 18:51:47,245] 977111 DEBUG QUALANALYSIS_LOGGER:            ... DONE (2 ms)
[2025-11-01 18:51:50,652] 980518 DEBUG QUALANALYSIS_LOGGER: TokenGame: CHECK NET
[2025-11-01 18:51:50,653] 980519 DEBUG QUALANALYSIS_LOGGER:            ... DONE (1 ms)
[2025-11-01 18:51:51,060] 980926 DEBUG QUALANALYSIS_LOGGER: TokenGame: CHECK NET
[2025-11-01 18:51:51,061] 980927 DEBUG QUALANALYSIS_LOGGER:            ... DONE (1 ms)
[2025-11-01 18:51:51,516] 981382 DEBUG QUALANALYSIS_LOGGER: TokenGame: CHECK NET
[2025-11-01 18:51:51,517] 981383 DEBUG QUALANALYSIS_LOGGER:            ... DONE (1 ms)
[2025-11-01 18:51:55,652] 985518 DEBUG QUALANALYSIS_LOGGER: TokenGame: CHECK NET
[2025-11-01 18:51:55,653] 985519 DEBUG QUALANALYSIS_LOGGER:            ... DONE (1 ms)
[2025-11-01 18:51:59,004] 988870 DEBUG QUALANALYSIS_LOGGER: TokenGame: CHECK NET
[2025-11-01 18:51:59,004] 988870 DEBUG QUALANALYSIS_LOGGER:            ... DONE (0 ms)
[2025-11-01 18:51:59,636] 989502 DEBUG QUALANALYSIS_LOGGER: TokenGame: CHECK NET
[2025-11-01 18:51:59,637] 989503 DEBUG QUALANALYSIS_LOGGER:            ... DONE (1 ms)
[2025-11-01 18:52:00,164] 990030 DEBUG QUALANALYSIS_LOGGER: TokenGame: CHECK NET
[2025-11-01 18:52:00,165] 990031 DEBUG QUALANALYSIS_LOGGER:            ... DONE (1 ms)
[2025-11-01 18:52:35,978] 1025844  INFO CONFIG_LOGGER: Configuration successfully saved to: C:\Users\User\.WoPeD-3.9.0\WoPeDconfig.xml
[2025-11-01 18:52:35,978] 1025844  INFO GUI_LOGGER: EXIT WoPeD
