[2023-08-05 12:13:38,596] 0  INFO GUI_LOGGER: INIT APPLICATION
[2023-08-05 12:13:38,618] 22  INFO CORE_LOGGER: START INIT Application
[2023-08-05 12:13:38,628] 32  INFO CONFIG_LOGGER: Setting default home directory: C:\Users\User\.WoPeD-3.9.0\nets\
[2023-08-05 12:13:38,632] 36  INFO CONFIG_LOGGER: Loading configuration from: C:\Users\User\.WoPeD-3.9.0\WoPeDconfig.xml.
[2023-08-05 12:13:38,735] 139  INFO CONFIG_LOGGER: Setting Locale to en_GB
[2023-08-05 12:13:38,738] 142  INFO CONFIG_LOGGER: Setting home directory: C:\Users\User\.WoPeD-3.9.0\nets\
[2023-08-05 12:13:38,738] 142  INFO CONFIG_LOGGER: Setting current working directory: D:\BPA Series\SupplementsOnGithub\bpa\Short 29 BMW CE 04 Charging\
[2023-08-05 12:13:38,748] 152  INFO CONFIG_LOGGER: Configuration successfully loaded.
[2023-08-05 12:13:38,784] 188  WARN CONFIG_LOGGER: Configuration file not found: C:\Users\User\.WoPeD-3.9.0\WoPeDmetrics.xml. Using built-in settings.
[2023-08-05 12:13:38,799] 203  INFO CONFIG_LOGGER: Configuration successfully loaded.
[2023-08-05 12:13:38,817] 221  INFO CORE_LOGGER: Look-And-Feel set to com.sun.java.swing.plaf.windows.WindowsLookAndFeel
[2023-08-05 12:13:39,074] 478  INFO GUI_LOGGER: END  INIT Application
[2023-08-05 12:13:39,204] 608 DEBUG QUALANALYSIS_LOGGER: -> init() org.woped.qualanalysis.coverabilitygraph.gui.CoverabilityGraphFrameController
[2023-08-05 12:13:39,210] 614 DEBUG QUALANALYSIS_LOGGER: <- init() org.woped.qualanalysis.coverabilitygraph.gui.CoverabilityGraphFrameController
[2023-08-05 12:13:39,233] 637 DEBUG FILE_LOGGER: ##### START PNML Version (1.3.2) IMPORT #####
[2023-08-05 12:13:39,355] 759 DEBUG QUALANALYSIS_LOGGER: PT Handle Pairs calculated. (0 ms)
[2023-08-05 12:13:39,355] 759 DEBUG QUALANALYSIS_LOGGER: TP Handle Pairs calculated. (5 ms)
[2023-08-05 12:13:39,491] 895 DEBUG FILE_LOGGER:  ... Place (ID:p1) imported
[2023-08-05 12:13:39,491] 895 DEBUG FILE_LOGGER:  ... Place (ID:p2) imported
[2023-08-05 12:13:39,491] 895 DEBUG FILE_LOGGER:  ... Place (ID:p3) imported
[2023-08-05 12:13:39,491] 895 DEBUG FILE_LOGGER:  ... Place (ID:p4) imported
[2023-08-05 12:13:39,492] 896 DEBUG FILE_LOGGER:  ... Place (ID:p5) imported
[2023-08-05 12:13:39,492] 896 DEBUG FILE_LOGGER:  ... Place (ID:p6) imported
[2023-08-05 12:13:39,492] 896 DEBUG FILE_LOGGER:  ... Place (ID:p7) imported
[2023-08-05 12:13:39,493] 897 DEBUG FILE_LOGGER:  ... Place (ID:p8) imported
[2023-08-05 12:13:39,493] 897 DEBUG FILE_LOGGER:  ... Place (ID:p9) imported
[2023-08-05 12:13:39,493] 897 DEBUG FILE_LOGGER:  ... Place (ID:p10) imported
[2023-08-05 12:13:39,493] 897 DEBUG FILE_LOGGER:  ... Place (ID:p11) imported
[2023-08-05 12:13:39,496] 900 DEBUG FILE_LOGGER:  ... Transition (ID:t4) imported 
[2023-08-05 12:13:39,497] 901 DEBUG FILE_LOGGER:  ... Transition (ID:t5) imported 
[2023-08-05 12:13:39,497] 901 DEBUG FILE_LOGGER:  ... Transition (ID:t6) imported 
[2023-08-05 12:13:39,497] 901 DEBUG FILE_LOGGER:  ... Transition (ID:t7) imported 
[2023-08-05 12:13:39,498] 902 DEBUG FILE_LOGGER:  ... Transition (ID:t8) imported 
[2023-08-05 12:13:39,498] 902 DEBUG FILE_LOGGER:  ... Transition (ID:t9) imported 
[2023-08-05 12:13:39,499] 903 DEBUG FILE_LOGGER:  ... Transition (ID:t10) imported 
[2023-08-05 12:13:39,499] 903 DEBUG FILE_LOGGER:  ... Transition (ID:t12) imported 
[2023-08-05 12:13:39,499] 903 DEBUG FILE_LOGGER:  ... Transition (ID:t11) imported 
[2023-08-05 12:13:39,499] 903 DEBUG FILE_LOGGER:  ... Transition (ID:t1) imported 
[2023-08-05 12:13:39,499] 903 DEBUG FILE_LOGGER:  ... Transition (ID:t2) imported 
[2023-08-05 12:13:39,499] 903 DEBUG FILE_LOGGER:  ... Transition (ID:t3) imported 
[2023-08-05 12:13:39,507] 911 DEBUG FILE_LOGGER:  ... Arc created: (ID:a33) p9 -> t8 
[2023-08-05 12:13:39,508] 912 DEBUG FILE_LOGGER:  ... Arc created: (ID:a32) t8 -> p9 
[2023-08-05 12:13:39,508] 912 DEBUG FILE_LOGGER:  ... Arc created: (ID:a35) p7 -> t9 
[2023-08-05 12:13:39,508] 912 DEBUG FILE_LOGGER:  ... Arc created: (ID:a34) t8 -> p7 
[2023-08-05 12:13:39,508] 912 DEBUG FILE_LOGGER:  ... Arc created: (ID:a37) p9 -> t9 
[2023-08-05 12:13:39,508] 912 DEBUG FILE_LOGGER:  ... Arc created: (ID:a36) t9 -> p8 
[2023-08-05 12:13:39,509] 913 DEBUG FILE_LOGGER:  ... Arc created: (ID:a39) p8 -> t10 
[2023-08-05 12:13:39,509] 913 DEBUG FILE_LOGGER:  ... Arc created: (ID:a38) t9 -> p9 
[2023-08-05 12:13:39,509] 913 DEBUG FILE_LOGGER:  ... Arc created: (ID:a40) t5 -> p10 
[2023-08-05 12:13:39,509] 913 DEBUG FILE_LOGGER:  ... Arc created: (ID:a41) t4 -> p11 
[2023-08-05 12:13:39,509] 913 DEBUG FILE_LOGGER:  ... Arc created: (ID:a44) t10 -> p10 
[2023-08-05 12:13:39,509] 913 DEBUG FILE_LOGGER:  ... Arc created: (ID:a43) t7 -> p11 
[2023-08-05 12:13:39,510] 914 DEBUG FILE_LOGGER:  ... Arc created: (ID:a46) p9 -> t11 
[2023-08-05 12:13:39,510] 914 DEBUG FILE_LOGGER:  ... Arc created: (ID:a45) p7 -> t11 
[2023-08-05 12:13:39,510] 914 DEBUG FILE_LOGGER:  ... Arc created: (ID:a48) t11 -> p6 
[2023-08-05 12:13:39,511] 915 DEBUG FILE_LOGGER:  ... Arc created: (ID:a47) t11 -> p9 
[2023-08-05 12:13:39,511] 915 DEBUG FILE_LOGGER:  ... Arc created: (ID:a49) p8 -> t12 
[2023-08-05 12:13:39,511] 915 DEBUG FILE_LOGGER:  ... Arc created: (ID:a51) p9 -> t12 
[2023-08-05 12:13:39,511] 915 DEBUG FILE_LOGGER:  ... Arc created: (ID:a50) t12 -> p7 
[2023-08-05 12:13:39,511] 915 DEBUG FILE_LOGGER:  ... Arc created: (ID:a53) p3 -> t6 
[2023-08-05 12:13:39,511] 915 DEBUG FILE_LOGGER:  ... Arc created: (ID:a52) t12 -> p9 
[2023-08-05 12:13:39,512] 916 DEBUG FILE_LOGGER:  ... Arc created: (ID:a11) t3 -> p3 
[2023-08-05 12:13:39,512] 916 DEBUG FILE_LOGGER:  ... Arc created: (ID:a10) p5 -> t3 
[2023-08-05 12:13:39,512] 916 DEBUG FILE_LOGGER:  ... Arc created: (ID:a54) p1 -> t5 
[2023-08-05 12:13:39,512] 916 DEBUG FILE_LOGGER:  ... Arc created: (ID:a13) p2 -> t4 
[2023-08-05 12:13:39,512] 916 DEBUG FILE_LOGGER:  ... Arc created: (ID:a12) p3 -> t4 
[2023-08-05 12:13:39,512] 916 DEBUG FILE_LOGGER:  ... Arc created: (ID:a15) t2 -> p1 
[2023-08-05 12:13:39,513] 917 DEBUG FILE_LOGGER:  ... Arc created: (ID:a14) p4 -> t3 
[2023-08-05 12:13:39,513] 917 DEBUG FILE_LOGGER:  ... Arc created: (ID:a17) t1 -> p2 
[2023-08-05 12:13:39,513] 917 DEBUG FILE_LOGGER:  ... Arc created: (ID:a16) p1 -> t2 
[2023-08-05 12:13:39,513] 917 DEBUG FILE_LOGGER:  ... Arc created: (ID:a18) p2 -> t1 
[2023-08-05 12:13:39,513] 917 DEBUG FILE_LOGGER:  ... Arc created: (ID:a20) p4 -> t5 
[2023-08-05 12:13:39,513] 917 DEBUG FILE_LOGGER:  ... Arc created: (ID:a22) p4 -> t6 
[2023-08-05 12:13:39,514] 918 DEBUG FILE_LOGGER:  ... Arc created: (ID:a21) p5 -> t6 
[2023-08-05 12:13:39,514] 918 DEBUG FILE_LOGGER:  ... Arc created: (ID:a24) t3 -> p6 
[2023-08-05 12:13:39,514] 918 DEBUG FILE_LOGGER:  ... Arc created: (ID:a23) t6 -> p4 
[2023-08-05 12:13:39,514] 918 DEBUG FILE_LOGGER:  ... Arc created: (ID:a26) t3 -> p9 
[2023-08-05 12:13:39,514] 918 DEBUG FILE_LOGGER:  ... Arc created: (ID:a25) t6 -> p8 
[2023-08-05 12:13:39,514] 918 DEBUG FILE_LOGGER:  ... Arc created: (ID:a28) p6 -> t7 
[2023-08-05 12:13:39,514] 918 DEBUG FILE_LOGGER:  ... Arc created: (ID:a27) t6 -> p9 
[2023-08-05 12:13:39,515] 919 DEBUG FILE_LOGGER:  ... Arc created: (ID:a29) p6 -> t8 
[2023-08-05 12:13:39,515] 919 DEBUG FILE_LOGGER:  ... Arc created: (ID:a1) p1 -> t1 
[2023-08-05 12:13:39,515] 919 DEBUG FILE_LOGGER:  ... Arc created: (ID:a2) p2 -> t2 
[2023-08-05 12:13:39,515] 919 DEBUG FILE_LOGGER:  ... Arc created: (ID:a3) t1 -> p3 
[2023-08-05 12:13:39,515] 919 DEBUG FILE_LOGGER:  ... Arc created: (ID:a4) t2 -> p4 
[2023-08-05 12:13:39,515] 919 DEBUG FILE_LOGGER:  ... Arc created: (ID:a5) t1 -> p5 
[2023-08-05 12:13:39,515] 919 DEBUG FILE_LOGGER:  ... Arc created: (ID:a6) p5 -> t1 
[2023-08-05 12:13:39,516] 920 DEBUG FILE_LOGGER:  ... Arc created: (ID:a7) p5 -> t2 
[2023-08-05 12:13:39,516] 920 DEBUG FILE_LOGGER:  ... Arc created: (ID:a8) t2 -> p5 
[2023-08-05 12:13:39,516] 920 DEBUG FILE_LOGGER:  ... Arc created: (ID:a9) p3 -> t3 
[2023-08-05 12:13:39,516] 920 DEBUG FILE_LOGGER:  ... Arc created: (ID:a31) t7 -> p9 
[2023-08-05 12:13:39,516] 920 DEBUG FILE_LOGGER:  ... Arc created: (ID:a30) p9 -> t7 
[2023-08-05 12:13:39,635] 1039 DEBUG EDITOR_LOGGER: Net updated. (3 ms)
[2023-08-05 12:13:39,639] 1043 DEBUG EDITOR_LOGGER: Net updated. (3 ms)
[2023-08-05 12:13:39,639] 1043 DEBUG FILE_LOGGER: ##### END PNML IMPORT Version (1.3.2) ##### (406 ms)
[2023-08-05 12:13:39,640] 1044  INFO CONFIG_LOGGER: Setting current working directory: D:\BPA Series\SupplementsOnGithub\bpa\Short 30 Tennis Scoring
[2023-08-05 12:13:39,641] 1045  INFO FILE_LOGGER: Petrinet loaded from file: D:\BPA Series\SupplementsOnGithub\bpa\Short 30 Tennis Scoring\petrinetz3.pnml
[2023-08-05 12:13:54,703] 16107 DEBUG EDITOR_LOGGER: START TokenGame
[2023-08-05 12:13:54,710] 16114 DEBUG QUALANALYSIS_LOGGER: TokenGame: CHECK NET
[2023-08-05 12:13:54,711] 16115 DEBUG QUALANALYSIS_LOGGER:            ... DONE (1 ms)
[2023-08-05 12:22:34,151] 535555 DEBUG QUALANALYSIS_LOGGER: TokenGame: CHECK NET
[2023-08-05 12:22:34,153] 535557 DEBUG QUALANALYSIS_LOGGER:            ... DONE (2 ms)
[2023-08-05 12:22:34,153] 535557 DEBUG EDITOR_LOGGER: STOP TokenGame
[2023-08-05 12:22:47,586] 548990 DEBUG EDITOR_LOGGER: Net updated. (2 ms)
[2023-08-05 12:23:06,642] 568046 DEBUG EDITOR_LOGGER: Net updated. (1 ms)
[2023-08-05 12:23:15,601] 577005 DEBUG EDITOR_LOGGER: Net updated. (1 ms)
[2023-08-05 12:23:16,407] 577811 DEBUG EDITOR_LOGGER: Net updated. (2 ms)
[2023-08-05 12:23:19,139] 580543 DEBUG EDITOR_LOGGER: Net updated. (1 ms)
[2023-08-05 12:23:53,122] 614526 DEBUG EDITOR_LOGGER: Net updated. (2 ms)
[2023-08-05 12:23:53,207] 614611 DEBUG EDITOR_LOGGER: Net updated. (2 ms)
[2023-08-05 12:24:00,918] 622322 DEBUG EDITOR_LOGGER: Net updated. (1 ms)
[2023-08-05 12:24:01,026] 622430 DEBUG EDITOR_LOGGER: Net updated. (1 ms)
[2023-08-05 12:24:25,302] 646706 DEBUG EDITOR_LOGGER: Net updated. (1 ms)
[2023-08-05 12:24:43,120] 664524 DEBUG EDITOR_LOGGER: Net updated. (1 ms)
[2023-08-05 12:24:50,294] 671698 DEBUG EDITOR_LOGGER: Net updated. (1 ms)
[2023-08-05 12:24:58,562] 679966 DEBUG EDITOR_LOGGER: Net updated. (1 ms)
[2023-08-05 12:25:01,716] 683120 DEBUG EDITOR_LOGGER: Net updated. (2 ms)
[2023-08-05 12:25:03,296] 684700 DEBUG EDITOR_LOGGER: Net updated. (2 ms)
[2023-08-05 12:25:05,089] 686493 DEBUG EDITOR_LOGGER: Net updated. (1 ms)
[2023-08-05 12:25:05,891] 687295 DEBUG EDITOR_LOGGER: Net updated. (1 ms)
[2023-08-05 12:25:43,321] 724725 DEBUG FILE_LOGGER: ##### START PNML EXPORT #####
[2023-08-05 12:25:43,334] 724738 DEBUG FILE_LOGGER:    ... Transition (ID:t4) set
[2023-08-05 12:25:43,335] 724739 DEBUG FILE_LOGGER:    ... Place (ID:p1) set
[2023-08-05 12:25:43,335] 724739 DEBUG FILE_LOGGER:    ... Transition (ID:t5) set
[2023-08-05 12:25:43,335] 724739 DEBUG FILE_LOGGER:    ... Place (ID:p2) set
[2023-08-05 12:25:43,336] 724740 DEBUG FILE_LOGGER:    ... Transition (ID:t6) set
[2023-08-05 12:25:43,336] 724740 DEBUG FILE_LOGGER:    ... Place (ID:p3) set
[2023-08-05 12:25:43,336] 724740 DEBUG FILE_LOGGER:    ... Transition (ID:t7) set
[2023-08-05 12:25:43,337] 724741 DEBUG FILE_LOGGER:    ... Place (ID:p4) set
[2023-08-05 12:25:43,337] 724741 DEBUG FILE_LOGGER:    ... Transition (ID:t8) set
[2023-08-05 12:25:43,337] 724741 DEBUG FILE_LOGGER:    ... Place (ID:p5) set
[2023-08-05 12:25:43,338] 724742 DEBUG FILE_LOGGER:    ... Transition (ID:t9) set
[2023-08-05 12:25:43,338] 724742 DEBUG FILE_LOGGER:    ... Place (ID:p6) set
[2023-08-05 12:25:43,338] 724742 DEBUG FILE_LOGGER:    ... Place (ID:p7) set
[2023-08-05 12:25:43,338] 724742 DEBUG FILE_LOGGER:    ... Place (ID:p8) set
[2023-08-05 12:25:43,338] 724742 DEBUG FILE_LOGGER:    ... Place (ID:p9) set
[2023-08-05 12:25:43,338] 724742 DEBUG FILE_LOGGER:    ... Place (ID:p10) set
[2023-08-05 12:25:43,338] 724742 DEBUG FILE_LOGGER:    ... Place (ID:p11) set
[2023-08-05 12:25:43,339] 724743 DEBUG FILE_LOGGER:    ... Transition (ID:t10) set
[2023-08-05 12:25:43,339] 724743 DEBUG FILE_LOGGER:    ... Transition (ID:t12) set
[2023-08-05 12:25:43,339] 724743 DEBUG FILE_LOGGER:    ... Transition (ID:t11) set
[2023-08-05 12:25:43,339] 724743 DEBUG FILE_LOGGER:    ... Transition (ID:t1) set
[2023-08-05 12:25:43,339] 724743 DEBUG FILE_LOGGER:    ... Transition (ID:t2) set
[2023-08-05 12:25:43,339] 724743 DEBUG FILE_LOGGER:    ... Transition (ID:t3) set
[2023-08-05 12:25:43,340] 724744 DEBUG FILE_LOGGER:    ... Arc (ID:a33( p9 -> t8) set
[2023-08-05 12:25:43,340] 724744 DEBUG FILE_LOGGER: ... Arc label position: X = 500.0 / Y = 12.0
[2023-08-05 12:25:43,341] 724745 DEBUG FILE_LOGGER:    ... Arc (ID:a32( t8 -> p9) set
[2023-08-05 12:25:43,341] 724745 DEBUG FILE_LOGGER: ... Arc label position: X = 500.0 / Y = 12.0
[2023-08-05 12:25:43,341] 724745 DEBUG FILE_LOGGER:    ... Arc (ID:a35( p7 -> t9) set
[2023-08-05 12:25:43,341] 724745 DEBUG FILE_LOGGER: ... Arc label position: X = 500.0 / Y = 12.0
[2023-08-05 12:25:43,341] 724745 DEBUG FILE_LOGGER:    ... Arc (ID:a34( t8 -> p7) set
[2023-08-05 12:25:43,341] 724745 DEBUG FILE_LOGGER: ... Arc label position: X = 500.0 / Y = 12.0
[2023-08-05 12:25:43,341] 724745 DEBUG FILE_LOGGER:    ... Arc (ID:a37( p9 -> t9) set
[2023-08-05 12:25:43,341] 724745 DEBUG FILE_LOGGER: ... Arc label position: X = 500.0 / Y = 12.0
[2023-08-05 12:25:43,341] 724745 DEBUG FILE_LOGGER:    ... Arc (ID:a36( t9 -> p8) set
[2023-08-05 12:25:43,342] 724746 DEBUG FILE_LOGGER: ... Arc label position: X = 500.0 / Y = 12.0
[2023-08-05 12:25:43,342] 724746 DEBUG FILE_LOGGER:    ... Arc (ID:a39( p8 -> t10) set
[2023-08-05 12:25:43,342] 724746 DEBUG FILE_LOGGER: ... Arc label position: X = 500.0 / Y = 12.0
[2023-08-05 12:25:43,342] 724746 DEBUG FILE_LOGGER:    ... Arc (ID:a38( t9 -> p9) set
[2023-08-05 12:25:43,342] 724746 DEBUG FILE_LOGGER: ... Arc label position: X = 500.0 / Y = 12.0
[2023-08-05 12:25:43,342] 724746 DEBUG FILE_LOGGER:    ... Arc (ID:a40( t5 -> p10) set
[2023-08-05 12:25:43,342] 724746 DEBUG FILE_LOGGER: ... Arc label position: X = 500.0 / Y = 12.0
[2023-08-05 12:25:43,342] 724746 DEBUG FILE_LOGGER:    ... Arc (ID:a41( t4 -> p11) set
[2023-08-05 12:25:43,342] 724746 DEBUG FILE_LOGGER: ... Arc label position: X = 500.0 / Y = 12.0
[2023-08-05 12:25:43,343] 724747 DEBUG FILE_LOGGER:    ... Arc (ID:a44( t10 -> p10) set
[2023-08-05 12:25:43,343] 724747 DEBUG FILE_LOGGER: ... Arc label position: X = 500.0 / Y = 12.0
[2023-08-05 12:25:43,343] 724747 DEBUG FILE_LOGGER:    ... Arc (ID:a43( t7 -> p11) set
[2023-08-05 12:25:43,343] 724747 DEBUG FILE_LOGGER: ... Arc label position: X = 500.0 / Y = 12.0
[2023-08-05 12:25:43,343] 724747 DEBUG FILE_LOGGER:    ... Arc (ID:a46( p9 -> t11) set
[2023-08-05 12:25:43,343] 724747 DEBUG FILE_LOGGER: ... Arc label position: X = 500.0 / Y = 12.0
[2023-08-05 12:25:43,343] 724747 DEBUG FILE_LOGGER:    ... Arc (ID:a45( p7 -> t11) set
[2023-08-05 12:25:43,343] 724747 DEBUG FILE_LOGGER: ... Arc label position: X = 500.0 / Y = 12.0
[2023-08-05 12:25:43,343] 724747 DEBUG FILE_LOGGER:    ... Arc (ID:a48( t11 -> p6) set
[2023-08-05 12:25:43,343] 724747 DEBUG FILE_LOGGER: ... Arc label position: X = 500.0 / Y = 12.0
[2023-08-05 12:25:43,343] 724747 DEBUG FILE_LOGGER:    ... Arc (ID:a47( t11 -> p9) set
[2023-08-05 12:25:43,344] 724748 DEBUG FILE_LOGGER: ... Arc label position: X = 500.0 / Y = 12.0
[2023-08-05 12:25:43,344] 724748 DEBUG FILE_LOGGER:    ... Arc (ID:a49( p8 -> t12) set
[2023-08-05 12:25:43,344] 724748 DEBUG FILE_LOGGER: ... Arc label position: X = 500.0 / Y = 12.0
[2023-08-05 12:25:43,344] 724748 DEBUG FILE_LOGGER:    ... Arc (ID:a51( p9 -> t12) set
[2023-08-05 12:25:43,344] 724748 DEBUG FILE_LOGGER: ... Arc label position: X = 500.0 / Y = 12.0
[2023-08-05 12:25:43,344] 724748 DEBUG FILE_LOGGER:    ... Arc (ID:a50( t12 -> p7) set
[2023-08-05 12:25:43,344] 724748 DEBUG FILE_LOGGER: ... Arc label position: X = 500.0 / Y = 12.0
[2023-08-05 12:25:43,344] 724748 DEBUG FILE_LOGGER:    ... Arc (ID:a53( p3 -> t6) set
[2023-08-05 12:25:43,344] 724748 DEBUG FILE_LOGGER: ... Arc label position: X = 500.0 / Y = 12.0
[2023-08-05 12:25:43,344] 724748 DEBUG FILE_LOGGER:    ... Arc (ID:a52( t12 -> p9) set
[2023-08-05 12:25:43,344] 724748 DEBUG FILE_LOGGER: ... Arc label position: X = 500.0 / Y = 12.0
[2023-08-05 12:25:43,344] 724748 DEBUG FILE_LOGGER:    ... Arc (ID:a11( t3 -> p3) set
[2023-08-05 12:25:43,344] 724748 DEBUG FILE_LOGGER: ... Arc label position: X = 500.0 / Y = 12.0
[2023-08-05 12:25:43,345] 724749 DEBUG FILE_LOGGER:    ... Arc (ID:a10( p5 -> t3) set
[2023-08-05 12:25:43,345] 724749 DEBUG FILE_LOGGER: ... Arc label position: X = 500.0 / Y = 12.0
[2023-08-05 12:25:43,345] 724749 DEBUG FILE_LOGGER:    ... Arc (ID:a54( p1 -> t5) set
[2023-08-05 12:25:43,345] 724749 DEBUG FILE_LOGGER: ... Arc label position: X = 500.0 / Y = 12.0
[2023-08-05 12:25:43,345] 724749 DEBUG FILE_LOGGER:    ... Arc (ID:a13( p2 -> t4) set
[2023-08-05 12:25:43,345] 724749 DEBUG FILE_LOGGER: ... Arc label position: X = 500.0 / Y = 12.0
[2023-08-05 12:25:43,345] 724749 DEBUG FILE_LOGGER:    ... Arc (ID:a12( p3 -> t4) set
[2023-08-05 12:25:43,345] 724749 DEBUG FILE_LOGGER: ... Arc label position: X = 500.0 / Y = 12.0
[2023-08-05 12:25:43,345] 724749 DEBUG FILE_LOGGER:    ... Arc (ID:a15( t2 -> p1) set
[2023-08-05 12:25:43,345] 724749 DEBUG FILE_LOGGER: ... Arc label position: X = 500.0 / Y = 12.0
[2023-08-05 12:25:43,346] 724750 DEBUG FILE_LOGGER:    ... Arc (ID:a14( p4 -> t3) set
[2023-08-05 12:25:43,346] 724750 DEBUG FILE_LOGGER: ... Arc label position: X = 500.0 / Y = 12.0
[2023-08-05 12:25:43,346] 724750 DEBUG FILE_LOGGER:    ... Arc (ID:a17( t1 -> p2) set
[2023-08-05 12:25:43,346] 724750 DEBUG FILE_LOGGER: ... Arc label position: X = 500.0 / Y = 12.0
[2023-08-05 12:25:43,346] 724750 DEBUG FILE_LOGGER:    ... Arc (ID:a16( p1 -> t2) set
[2023-08-05 12:25:43,346] 724750 DEBUG FILE_LOGGER: ... Arc label position: X = 500.0 / Y = 12.0
[2023-08-05 12:25:43,346] 724750 DEBUG FILE_LOGGER:    ... Arc (ID:a18( p2 -> t1) set
[2023-08-05 12:25:43,346] 724750 DEBUG FILE_LOGGER: ... Arc label position: X = 500.0 / Y = 12.0
[2023-08-05 12:25:43,346] 724750 DEBUG FILE_LOGGER:    ... Arc (ID:a20( p4 -> t5) set
[2023-08-05 12:25:43,346] 724750 DEBUG FILE_LOGGER: ... Arc label position: X = 500.0 / Y = 12.0
[2023-08-05 12:25:43,346] 724750 DEBUG FILE_LOGGER:    ... Arc (ID:a22( p4 -> t6) set
[2023-08-05 12:25:43,346] 724750 DEBUG FILE_LOGGER: ... Arc label position: X = 500.0 / Y = 12.0
[2023-08-05 12:25:43,346] 724750 DEBUG FILE_LOGGER:    ... Arc (ID:a21( p5 -> t6) set
[2023-08-05 12:25:43,347] 724751 DEBUG FILE_LOGGER: ... Arc label position: X = 500.0 / Y = 12.0
[2023-08-05 12:25:43,347] 724751 DEBUG FILE_LOGGER:    ... Arc (ID:a24( t3 -> p6) set
[2023-08-05 12:25:43,347] 724751 DEBUG FILE_LOGGER: ... Arc label position: X = 500.0 / Y = 12.0
[2023-08-05 12:25:43,347] 724751 DEBUG FILE_LOGGER:    ... Arc (ID:a23( t6 -> p4) set
[2023-08-05 12:25:43,347] 724751 DEBUG FILE_LOGGER: ... Arc label position: X = 500.0 / Y = 12.0
[2023-08-05 12:25:43,347] 724751 DEBUG FILE_LOGGER:    ... Arc (ID:a26( t3 -> p9) set
[2023-08-05 12:25:43,347] 724751 DEBUG FILE_LOGGER: ... Arc label position: X = 500.0 / Y = 12.0
[2023-08-05 12:25:43,347] 724751 DEBUG FILE_LOGGER:    ... Arc (ID:a25( t6 -> p8) set
[2023-08-05 12:25:43,347] 724751 DEBUG FILE_LOGGER: ... Arc label position: X = 500.0 / Y = 12.0
[2023-08-05 12:25:43,347] 724751 DEBUG FILE_LOGGER:    ... Arc (ID:a28( p6 -> t7) set
[2023-08-05 12:25:43,347] 724751 DEBUG FILE_LOGGER: ... Arc label position: X = 500.0 / Y = 12.0
[2023-08-05 12:25:43,347] 724751 DEBUG FILE_LOGGER:    ... Arc (ID:a27( t6 -> p9) set
[2023-08-05 12:25:43,347] 724751 DEBUG FILE_LOGGER: ... Arc label position: X = 500.0 / Y = 12.0
[2023-08-05 12:25:43,347] 724751 DEBUG FILE_LOGGER:    ... Arc (ID:a29( p6 -> t8) set
[2023-08-05 12:25:43,347] 724751 DEBUG FILE_LOGGER: ... Arc label position: X = 500.0 / Y = 12.0
[2023-08-05 12:25:43,348] 724752 DEBUG FILE_LOGGER:    ... Arc (ID:a1( p1 -> t1) set
[2023-08-05 12:25:43,348] 724752 DEBUG FILE_LOGGER: ... Arc label position: X = 500.0 / Y = 12.0
[2023-08-05 12:25:43,348] 724752 DEBUG FILE_LOGGER:    ... Arc (ID:a2( p2 -> t2) set
[2023-08-05 12:25:43,348] 724752 DEBUG FILE_LOGGER: ... Arc label position: X = 500.0 / Y = 12.0
[2023-08-05 12:25:43,348] 724752 DEBUG FILE_LOGGER:    ... Arc (ID:a3( t1 -> p3) set
[2023-08-05 12:25:43,348] 724752 DEBUG FILE_LOGGER: ... Arc label position: X = 500.0 / Y = 12.0
[2023-08-05 12:25:43,348] 724752 DEBUG FILE_LOGGER:    ... Arc (ID:a4( t2 -> p4) set
[2023-08-05 12:25:43,348] 724752 DEBUG FILE_LOGGER: ... Arc label position: X = 500.0 / Y = 12.0
[2023-08-05 12:25:43,348] 724752 DEBUG FILE_LOGGER:    ... Arc (ID:a5( t1 -> p5) set
[2023-08-05 12:25:43,348] 724752 DEBUG FILE_LOGGER: ... Arc label position: X = 500.0 / Y = 12.0
[2023-08-05 12:25:43,348] 724752 DEBUG FILE_LOGGER:    ... Arc (ID:a6( p5 -> t1) set
[2023-08-05 12:25:43,348] 724752 DEBUG FILE_LOGGER: ... Arc label position: X = 500.0 / Y = 12.0
[2023-08-05 12:25:43,348] 724752 DEBUG FILE_LOGGER:    ... Arc (ID:a7( p5 -> t2) set
[2023-08-05 12:25:43,348] 724752 DEBUG FILE_LOGGER: ... Arc label position: X = 500.0 / Y = 12.0
[2023-08-05 12:25:43,348] 724752 DEBUG FILE_LOGGER:    ... Arc (ID:a8( t2 -> p5) set
[2023-08-05 12:25:43,348] 724752 DEBUG FILE_LOGGER: ... Arc label position: X = 500.0 / Y = 12.0
[2023-08-05 12:25:43,349] 724753 DEBUG FILE_LOGGER:    ... Arc (ID:a9( p3 -> t3) set
[2023-08-05 12:25:43,349] 724753 DEBUG FILE_LOGGER: ... Arc label position: X = 500.0 / Y = 12.0
[2023-08-05 12:25:43,349] 724753 DEBUG FILE_LOGGER:    ... Arc (ID:a31( t7 -> p9) set
[2023-08-05 12:25:43,349] 724753 DEBUG FILE_LOGGER: ... Arc label position: X = 500.0 / Y = 12.0
[2023-08-05 12:25:43,349] 724753 DEBUG FILE_LOGGER:    ... Arc (ID:a30( p9 -> t7) set
[2023-08-05 12:25:43,349] 724753 DEBUG FILE_LOGGER: ... Arc label position: X = 500.0 / Y = 12.0
[2023-08-05 12:25:43,377] 724781 DEBUG FILE_LOGGER: ##### END PNML EXPORT ##### (56 ms)
[2023-08-05 12:25:43,377] 724781  INFO FILE_LOGGER: Petrinet saved in file: D:\BPA Series\SupplementsOnGithub\bpa\Short 30 Tennis Scoring\petrinetz3.pnml
[2023-08-05 12:25:43,378] 724782  INFO CONFIG_LOGGER: Setting current working directory: null
[2023-08-05 12:25:45,118] 726522 DEBUG EDITOR_LOGGER: START TokenGame
[2023-08-05 12:25:45,121] 726525 DEBUG QUALANALYSIS_LOGGER: TokenGame: CHECK NET
[2023-08-05 12:25:45,122] 726526 DEBUG QUALANALYSIS_LOGGER:            ... DONE (1 ms)
[2023-08-05 12:25:56,503] 737907 DEBUG QUALANALYSIS_LOGGER: TokenGame: CHECK NET
[2023-08-05 12:25:56,504] 737908 DEBUG QUALANALYSIS_LOGGER:            ... DONE (1 ms)
[2023-08-05 12:25:56,863] 738267 DEBUG QUALANALYSIS_LOGGER: TokenGame: CHECK NET
[2023-08-05 12:25:56,864] 738268 DEBUG QUALANALYSIS_LOGGER:            ... DONE (1 ms)
[2023-08-05 12:25:57,694] 739098 DEBUG QUALANALYSIS_LOGGER: TokenGame: CHECK NET
[2023-08-05 12:25:57,695] 739099 DEBUG QUALANALYSIS_LOGGER:            ... DONE (1 ms)
[2023-08-05 12:26:07,047] 748451 DEBUG QUALANALYSIS_LOGGER: TokenGame: CHECK NET
[2023-08-05 12:26:07,048] 748452 DEBUG QUALANALYSIS_LOGGER:            ... DONE (1 ms)
[2023-08-05 12:26:35,446] 776850 DEBUG QUALANALYSIS_LOGGER: TokenGame: CHECK NET
[2023-08-05 12:26:35,448] 776852 DEBUG QUALANALYSIS_LOGGER:            ... DONE (2 ms)
[2023-08-05 12:26:37,087] 778491 DEBUG QUALANALYSIS_LOGGER: TokenGame: CHECK NET
[2023-08-05 12:26:37,088] 778492 DEBUG QUALANALYSIS_LOGGER:            ... DONE (1 ms)
[2023-08-05 12:26:38,647] 780051 DEBUG QUALANALYSIS_LOGGER: TokenGame: CHECK NET
[2023-08-05 12:26:38,648] 780052 DEBUG QUALANALYSIS_LOGGER:            ... DONE (1 ms)
[2023-08-05 12:26:39,550] 780954 DEBUG QUALANALYSIS_LOGGER: TokenGame: CHECK NET
[2023-08-05 12:26:39,551] 780955 DEBUG QUALANALYSIS_LOGGER:            ... DONE (1 ms)
[2023-08-05 12:26:41,967] 783371 DEBUG QUALANALYSIS_LOGGER: TokenGame: CHECK NET
[2023-08-05 12:26:41,968] 783372 DEBUG QUALANALYSIS_LOGGER:            ... DONE (1 ms)
[2023-08-05 12:28:10,918] 872322 DEBUG QUALANALYSIS_LOGGER: TokenGame: CHECK NET
[2023-08-05 12:28:10,919] 872323 DEBUG QUALANALYSIS_LOGGER:            ... DONE (1 ms)
[2023-08-05 12:28:54,543] 915947 DEBUG QUALANALYSIS_LOGGER: TokenGame: CHECK NET
[2023-08-05 12:28:54,544] 915948 DEBUG QUALANALYSIS_LOGGER:            ... DONE (1 ms)
[2023-08-05 12:29:46,590] 967994 DEBUG QUALANALYSIS_LOGGER: TokenGame: CHECK NET
[2023-08-05 12:29:46,604] 968008 DEBUG QUALANALYSIS_LOGGER:            ... DONE (14 ms)
[2023-08-05 12:29:52,982] 974386 DEBUG QUALANALYSIS_LOGGER: TokenGame: CHECK NET
[2023-08-05 12:29:52,983] 974387 DEBUG QUALANALYSIS_LOGGER:            ... DONE (1 ms)
[2023-08-05 12:29:53,135] 974539 DEBUG QUALANALYSIS_LOGGER: TokenGame: CHECK NET
[2023-08-05 12:29:53,136] 974540 DEBUG QUALANALYSIS_LOGGER:            ... DONE (1 ms)
[2023-08-05 12:29:53,463] 974867 DEBUG QUALANALYSIS_LOGGER: TokenGame: CHECK NET
[2023-08-05 12:29:53,464] 974868 DEBUG QUALANALYSIS_LOGGER:            ... DONE (1 ms)
[2023-08-05 12:29:53,655] 975059 DEBUG QUALANALYSIS_LOGGER: TokenGame: CHECK NET
[2023-08-05 12:29:53,656] 975060 DEBUG QUALANALYSIS_LOGGER:            ... DONE (1 ms)
[2023-08-05 12:29:58,919] 980323 DEBUG QUALANALYSIS_LOGGER: TokenGame: CHECK NET
[2023-08-05 12:29:58,920] 980324 DEBUG QUALANALYSIS_LOGGER:            ... DONE (1 ms)
[2023-08-05 12:29:59,926] 981330 DEBUG QUALANALYSIS_LOGGER: TokenGame: CHECK NET
[2023-08-05 12:29:59,927] 981331 DEBUG QUALANALYSIS_LOGGER:            ... DONE (1 ms)
[2023-08-05 12:30:06,199] 987603 DEBUG QUALANALYSIS_LOGGER: TokenGame: CHECK NET
[2023-08-05 12:30:06,200] 987604 DEBUG QUALANALYSIS_LOGGER:            ... DONE (1 ms)
[2023-08-05 12:30:08,142] 989546 DEBUG QUALANALYSIS_LOGGER: TokenGame: CHECK NET
[2023-08-05 12:30:08,143] 989547 DEBUG QUALANALYSIS_LOGGER:            ... DONE (1 ms)
[2023-08-05 12:30:09,326] 990730 DEBUG QUALANALYSIS_LOGGER: TokenGame: CHECK NET
[2023-08-05 12:30:09,327] 990731 DEBUG QUALANALYSIS_LOGGER:            ... DONE (1 ms)
[2023-08-05 12:30:11,190] 992594 DEBUG QUALANALYSIS_LOGGER: TokenGame: CHECK NET
[2023-08-05 12:30:11,191] 992595 DEBUG QUALANALYSIS_LOGGER:            ... DONE (1 ms)
[2023-08-05 12:30:13,262] 994666 DEBUG QUALANALYSIS_LOGGER: TokenGame: CHECK NET
[2023-08-05 12:30:13,264] 994668 DEBUG QUALANALYSIS_LOGGER:            ... DONE (2 ms)
[2023-08-05 12:31:13,511] 1054915 DEBUG QUALANALYSIS_LOGGER: TokenGame: CHECK NET
[2023-08-05 12:31:13,512] 1054916 DEBUG QUALANALYSIS_LOGGER:            ... DONE (1 ms)
[2023-08-05 12:32:08,263] 1109667 DEBUG QUALANALYSIS_LOGGER: TokenGame: CHECK NET
[2023-08-05 12:32:08,264] 1109668 DEBUG QUALANALYSIS_LOGGER:            ... DONE (1 ms)
[2023-08-05 12:32:09,415] 1110819 DEBUG QUALANALYSIS_LOGGER: TokenGame: CHECK NET
[2023-08-05 12:32:09,415] 1110819 DEBUG QUALANALYSIS_LOGGER:            ... DONE (0 ms)
[2023-08-05 12:32:11,406] 1112810 DEBUG QUALANALYSIS_LOGGER: TokenGame: CHECK NET
[2023-08-05 12:32:11,407] 1112811 DEBUG QUALANALYSIS_LOGGER:            ... DONE (1 ms)
[2023-08-05 12:32:46,886] 1148290 DEBUG QUALANALYSIS_LOGGER: TokenGame: CHECK NET
[2023-08-05 12:32:46,888] 1148292 DEBUG QUALANALYSIS_LOGGER:            ... DONE (2 ms)
[2023-08-05 12:33:12,414] 1173818 DEBUG QUALANALYSIS_LOGGER: TokenGame: CHECK NET
[2023-08-05 12:33:12,415] 1173819 DEBUG QUALANALYSIS_LOGGER:            ... DONE (1 ms)
[2023-08-05 12:33:13,430] 1174834 DEBUG QUALANALYSIS_LOGGER: TokenGame: CHECK NET
[2023-08-05 12:33:13,431] 1174835 DEBUG QUALANALYSIS_LOGGER:            ... DONE (1 ms)
[2023-08-05 12:33:14,543] 1175947 DEBUG QUALANALYSIS_LOGGER: TokenGame: CHECK NET
[2023-08-05 12:33:14,543] 1175947 DEBUG QUALANALYSIS_LOGGER:            ... DONE (0 ms)
[2023-08-05 12:33:18,022] 1179426 DEBUG QUALANALYSIS_LOGGER: TokenGame: CHECK NET
[2023-08-05 12:33:18,023] 1179427 DEBUG QUALANALYSIS_LOGGER:            ... DONE (1 ms)
[2023-08-05 12:33:18,734] 1180138 DEBUG QUALANALYSIS_LOGGER: TokenGame: CHECK NET
[2023-08-05 12:33:18,735] 1180139 DEBUG QUALANALYSIS_LOGGER:            ... DONE (1 ms)
[2023-08-05 12:37:01,271] 1402675 DEBUG QUALANALYSIS_LOGGER: TokenGame: CHECK NET
[2023-08-05 12:37:01,272] 1402676 DEBUG QUALANALYSIS_LOGGER:            ... DONE (1 ms)
[2023-08-05 12:37:04,390] 1405794 DEBUG QUALANALYSIS_LOGGER: TokenGame: CHECK NET
[2023-08-05 12:37:04,391] 1405795 DEBUG QUALANALYSIS_LOGGER:            ... DONE (1 ms)
[2023-08-05 12:37:49,271] 1450675 DEBUG QUALANALYSIS_LOGGER: TokenGame: CHECK NET
[2023-08-05 12:37:49,272] 1450676 DEBUG QUALANALYSIS_LOGGER:            ... DONE (1 ms)
[2023-08-05 12:37:49,272] 1450676 DEBUG EDITOR_LOGGER: STOP TokenGame
[2023-08-05 12:37:50,703] 1452107 DEBUG EDITOR_LOGGER: START TokenGame
[2023-08-05 12:37:50,706] 1452110 DEBUG QUALANALYSIS_LOGGER: TokenGame: CHECK NET
[2023-08-05 12:37:50,706] 1452110 DEBUG QUALANALYSIS_LOGGER:            ... DONE (0 ms)
[2023-08-05 12:38:01,359] 1462763 DEBUG QUALANALYSIS_LOGGER: TokenGame: CHECK NET
[2023-08-05 12:38:01,360] 1462764 DEBUG QUALANALYSIS_LOGGER:            ... DONE (1 ms)
[2023-08-05 12:38:02,022] 1463426 DEBUG QUALANALYSIS_LOGGER: TokenGame: CHECK NET
[2023-08-05 12:38:02,023] 1463427 DEBUG QUALANALYSIS_LOGGER:            ... DONE (1 ms)
[2023-08-05 12:38:02,582] 1463986 DEBUG QUALANALYSIS_LOGGER: TokenGame: CHECK NET
[2023-08-05 12:38:02,583] 1463987 DEBUG QUALANALYSIS_LOGGER:            ... DONE (1 ms)
[2023-08-05 12:38:07,454] 1468858 DEBUG QUALANALYSIS_LOGGER: TokenGame: CHECK NET
[2023-08-05 12:38:07,455] 1468859 DEBUG QUALANALYSIS_LOGGER:            ... DONE (1 ms)
[2023-08-05 12:38:15,734] 1477138 DEBUG QUALANALYSIS_LOGGER: TokenGame: CHECK NET
[2023-08-05 12:38:15,736] 1477140 DEBUG QUALANALYSIS_LOGGER:            ... DONE (2 ms)
[2023-08-05 12:38:18,230] 1479634 DEBUG QUALANALYSIS_LOGGER: TokenGame: CHECK NET
[2023-08-05 12:38:18,232] 1479636 DEBUG QUALANALYSIS_LOGGER:            ... DONE (2 ms)
[2023-08-05 12:38:24,934] 1486338 DEBUG QUALANALYSIS_LOGGER: TokenGame: CHECK NET
[2023-08-05 12:38:24,935] 1486339 DEBUG QUALANALYSIS_LOGGER:            ... DONE (1 ms)
[2023-08-05 12:38:27,679] 1489083 DEBUG QUALANALYSIS_LOGGER: TokenGame: CHECK NET
[2023-08-05 12:38:27,679] 1489083 DEBUG QUALANALYSIS_LOGGER:            ... DONE (0 ms)
[2023-08-05 12:38:28,318] 1489722 DEBUG QUALANALYSIS_LOGGER: TokenGame: CHECK NET
[2023-08-05 12:38:28,319] 1489723 DEBUG QUALANALYSIS_LOGGER:            ... DONE (1 ms)
[2023-08-05 12:38:29,062] 1490466 DEBUG QUALANALYSIS_LOGGER: TokenGame: CHECK NET
[2023-08-05 12:38:29,063] 1490467 DEBUG QUALANALYSIS_LOGGER:            ... DONE (1 ms)
[2023-08-05 12:38:29,230] 1490634 DEBUG QUALANALYSIS_LOGGER: TokenGame: CHECK NET
[2023-08-05 12:38:29,231] 1490635 DEBUG QUALANALYSIS_LOGGER:            ... DONE (1 ms)
[2023-08-05 12:38:29,423] 1490827 DEBUG QUALANALYSIS_LOGGER: TokenGame: CHECK NET
[2023-08-05 12:38:29,424] 1490828 DEBUG QUALANALYSIS_LOGGER:            ... DONE (1 ms)
[2023-08-05 12:38:29,638] 1491042 DEBUG QUALANALYSIS_LOGGER: TokenGame: CHECK NET
[2023-08-05 12:38:29,639] 1491043 DEBUG QUALANALYSIS_LOGGER:            ... DONE (1 ms)
[2023-08-05 12:38:33,854] 1495258 DEBUG QUALANALYSIS_LOGGER: TokenGame: CHECK NET
[2023-08-05 12:38:33,855] 1495259 DEBUG QUALANALYSIS_LOGGER:            ... DONE (1 ms)
[2023-08-05 12:38:38,518] 1499922 DEBUG QUALANALYSIS_LOGGER: TokenGame: CHECK NET
[2023-08-05 12:38:38,519] 1499923 DEBUG QUALANALYSIS_LOGGER:            ... DONE (1 ms)
[2023-08-05 12:38:41,982] 1503386 DEBUG QUALANALYSIS_LOGGER: TokenGame: CHECK NET
[2023-08-05 12:38:41,983] 1503387 DEBUG QUALANALYSIS_LOGGER:            ... DONE (1 ms)
[2023-08-05 12:38:43,007] 1504411 DEBUG QUALANALYSIS_LOGGER: TokenGame: CHECK NET
[2023-08-05 12:38:43,007] 1504411 DEBUG QUALANALYSIS_LOGGER:            ... DONE (0 ms)
[2023-08-05 12:38:44,247] 1505651 DEBUG QUALANALYSIS_LOGGER: TokenGame: CHECK NET
[2023-08-05 12:38:44,248] 1505652 DEBUG QUALANALYSIS_LOGGER:            ... DONE (1 ms)
[2023-08-05 12:39:18,118] 1539522 DEBUG QUALANALYSIS_LOGGER: TokenGame: CHECK NET
[2023-08-05 12:39:18,120] 1539524 DEBUG QUALANALYSIS_LOGGER:            ... DONE (2 ms)
[2023-08-05 12:39:19,167] 1540571 DEBUG QUALANALYSIS_LOGGER: TokenGame: CHECK NET
[2023-08-05 12:39:19,168] 1540572 DEBUG QUALANALYSIS_LOGGER:            ... DONE (1 ms)
[2023-08-05 12:39:20,183] 1541587 DEBUG QUALANALYSIS_LOGGER: TokenGame: CHECK NET
[2023-08-05 12:39:20,184] 1541588 DEBUG QUALANALYSIS_LOGGER:            ... DONE (1 ms)
[2023-08-05 12:39:33,782] 1555186 DEBUG QUALANALYSIS_LOGGER: TokenGame: CHECK NET
[2023-08-05 12:39:33,783] 1555187 DEBUG QUALANALYSIS_LOGGER:            ... DONE (1 ms)
[2023-08-05 12:39:47,982] 1569386 DEBUG QUALANALYSIS_LOGGER: TokenGame: CHECK NET
[2023-08-05 12:39:47,984] 1569388 DEBUG QUALANALYSIS_LOGGER:            ... DONE (2 ms)
[2023-08-05 12:39:53,910] 1575314 DEBUG QUALANALYSIS_LOGGER: TokenGame: CHECK NET
[2023-08-05 12:39:53,911] 1575315 DEBUG QUALANALYSIS_LOGGER:            ... DONE (1 ms)
[2023-08-05 12:39:57,841] 1579245 DEBUG FILE_LOGGER: ##### START PNML EXPORT #####
[2023-08-05 12:39:57,841] 1579245 DEBUG FILE_LOGGER:    ... Transition (ID:t4) set
[2023-08-05 12:39:57,842] 1579246 DEBUG FILE_LOGGER:    ... Place (ID:p1) set
[2023-08-05 12:39:57,842] 1579246 DEBUG FILE_LOGGER:    ... Transition (ID:t5) set
[2023-08-05 12:39:57,842] 1579246 DEBUG FILE_LOGGER:    ... Place (ID:p2) set
[2023-08-05 12:39:57,842] 1579246 DEBUG FILE_LOGGER:    ... Transition (ID:t6) set
[2023-08-05 12:39:57,842] 1579246 DEBUG FILE_LOGGER:    ... Place (ID:p3) set
[2023-08-05 12:39:57,842] 1579246 DEBUG FILE_LOGGER:    ... Transition (ID:t7) set
[2023-08-05 12:39:57,842] 1579246 DEBUG FILE_LOGGER:    ... Place (ID:p4) set
[2023-08-05 12:39:57,842] 1579246 DEBUG FILE_LOGGER:    ... Transition (ID:t8) set
[2023-08-05 12:39:57,842] 1579246 DEBUG FILE_LOGGER:    ... Place (ID:p5) set
[2023-08-05 12:39:57,842] 1579246 DEBUG FILE_LOGGER:    ... Transition (ID:t9) set
[2023-08-05 12:39:57,842] 1579246 DEBUG FILE_LOGGER:    ... Place (ID:p6) set
[2023-08-05 12:39:57,842] 1579246 DEBUG FILE_LOGGER:    ... Place (ID:p7) set
[2023-08-05 12:39:57,842] 1579246 DEBUG FILE_LOGGER:    ... Place (ID:p8) set
[2023-08-05 12:39:57,842] 1579246 DEBUG FILE_LOGGER:    ... Place (ID:p9) set
[2023-08-05 12:39:57,843] 1579247 DEBUG FILE_LOGGER:    ... Place (ID:p10) set
[2023-08-05 12:39:57,843] 1579247 DEBUG FILE_LOGGER:    ... Place (ID:p11) set
[2023-08-05 12:39:57,843] 1579247 DEBUG FILE_LOGGER:    ... Transition (ID:t10) set
[2023-08-05 12:39:57,843] 1579247 DEBUG FILE_LOGGER:    ... Transition (ID:t12) set
[2023-08-05 12:39:57,843] 1579247 DEBUG FILE_LOGGER:    ... Transition (ID:t11) set
[2023-08-05 12:39:57,843] 1579247 DEBUG FILE_LOGGER:    ... Transition (ID:t1) set
[2023-08-05 12:39:57,843] 1579247 DEBUG FILE_LOGGER:    ... Transition (ID:t2) set
[2023-08-05 12:39:57,843] 1579247 DEBUG FILE_LOGGER:    ... Transition (ID:t3) set
[2023-08-05 12:39:57,843] 1579247 DEBUG FILE_LOGGER:    ... Arc (ID:a33( p9 -> t8) set
[2023-08-05 12:39:57,843] 1579247 DEBUG FILE_LOGGER: ... Arc label position: X = 500.0 / Y = 12.0
[2023-08-05 12:39:57,843] 1579247 DEBUG FILE_LOGGER:    ... Arc (ID:a32( t8 -> p9) set
[2023-08-05 12:39:57,843] 1579247 DEBUG FILE_LOGGER: ... Arc label position: X = 500.0 / Y = 12.0
[2023-08-05 12:39:57,844] 1579248 DEBUG FILE_LOGGER:    ... Arc (ID:a35( p7 -> t9) set
[2023-08-05 12:39:57,844] 1579248 DEBUG FILE_LOGGER: ... Arc label position: X = 500.0 / Y = 12.0
[2023-08-05 12:39:57,844] 1579248 DEBUG FILE_LOGGER:    ... Arc (ID:a34( t8 -> p7) set
[2023-08-05 12:39:57,844] 1579248 DEBUG FILE_LOGGER: ... Arc label position: X = 500.0 / Y = 12.0
[2023-08-05 12:39:57,844] 1579248 DEBUG FILE_LOGGER:    ... Arc (ID:a37( p9 -> t9) set
[2023-08-05 12:39:57,844] 1579248 DEBUG FILE_LOGGER: ... Arc label position: X = 500.0 / Y = 12.0
[2023-08-05 12:39:57,844] 1579248 DEBUG FILE_LOGGER:    ... Arc (ID:a36( t9 -> p8) set
[2023-08-05 12:39:57,844] 1579248 DEBUG FILE_LOGGER: ... Arc label position: X = 500.0 / Y = 12.0
[2023-08-05 12:39:57,844] 1579248 DEBUG FILE_LOGGER:    ... Arc (ID:a39( p8 -> t10) set
[2023-08-05 12:39:57,844] 1579248 DEBUG FILE_LOGGER: ... Arc label position: X = 500.0 / Y = 12.0
[2023-08-05 12:39:57,844] 1579248 DEBUG FILE_LOGGER:    ... Arc (ID:a38( t9 -> p9) set
[2023-08-05 12:39:57,844] 1579248 DEBUG FILE_LOGGER: ... Arc label position: X = 500.0 / Y = 12.0
[2023-08-05 12:39:57,844] 1579248 DEBUG FILE_LOGGER:    ... Arc (ID:a40( t5 -> p10) set
[2023-08-05 12:39:57,844] 1579248 DEBUG FILE_LOGGER: ... Arc label position: X = 500.0 / Y = 12.0
[2023-08-05 12:39:57,844] 1579248 DEBUG FILE_LOGGER:    ... Arc (ID:a41( t4 -> p11) set
[2023-08-05 12:39:57,844] 1579248 DEBUG FILE_LOGGER: ... Arc label position: X = 500.0 / Y = 12.0
[2023-08-05 12:39:57,844] 1579248 DEBUG FILE_LOGGER:    ... Arc (ID:a44( t10 -> p10) set
[2023-08-05 12:39:57,844] 1579248 DEBUG FILE_LOGGER: ... Arc label position: X = 500.0 / Y = 12.0
[2023-08-05 12:39:57,844] 1579248 DEBUG FILE_LOGGER:    ... Arc (ID:a43( t7 -> p11) set
[2023-08-05 12:39:57,844] 1579248 DEBUG FILE_LOGGER: ... Arc label position: X = 500.0 / Y = 12.0
[2023-08-05 12:39:57,845] 1579249 DEBUG FILE_LOGGER:    ... Arc (ID:a46( p9 -> t11) set
[2023-08-05 12:39:57,845] 1579249 DEBUG FILE_LOGGER: ... Arc label position: X = 500.0 / Y = 12.0
[2023-08-05 12:39:57,845] 1579249 DEBUG FILE_LOGGER:    ... Arc (ID:a45( p7 -> t11) set
[2023-08-05 12:39:57,845] 1579249 DEBUG FILE_LOGGER: ... Arc label position: X = 500.0 / Y = 12.0
[2023-08-05 12:39:57,845] 1579249 DEBUG FILE_LOGGER:    ... Arc (ID:a48( t11 -> p6) set
[2023-08-05 12:39:57,845] 1579249 DEBUG FILE_LOGGER: ... Arc label position: X = 500.0 / Y = 12.0
[2023-08-05 12:39:57,845] 1579249 DEBUG FILE_LOGGER:    ... Arc (ID:a47( t11 -> p9) set
[2023-08-05 12:39:57,845] 1579249 DEBUG FILE_LOGGER: ... Arc label position: X = 500.0 / Y = 12.0
[2023-08-05 12:39:57,845] 1579249 DEBUG FILE_LOGGER:    ... Arc (ID:a49( p8 -> t12) set
[2023-08-05 12:39:57,845] 1579249 DEBUG FILE_LOGGER: ... Arc label position: X = 500.0 / Y = 12.0
[2023-08-05 12:39:57,845] 1579249 DEBUG FILE_LOGGER:    ... Arc (ID:a51( p9 -> t12) set
[2023-08-05 12:39:57,845] 1579249 DEBUG FILE_LOGGER: ... Arc label position: X = 500.0 / Y = 12.0
[2023-08-05 12:39:57,845] 1579249 DEBUG FILE_LOGGER:    ... Arc (ID:a50( t12 -> p7) set
[2023-08-05 12:39:57,845] 1579249 DEBUG FILE_LOGGER: ... Arc label position: X = 500.0 / Y = 12.0
[2023-08-05 12:39:57,845] 1579249 DEBUG FILE_LOGGER:    ... Arc (ID:a53( p3 -> t6) set
[2023-08-05 12:39:57,845] 1579249 DEBUG FILE_LOGGER: ... Arc label position: X = 500.0 / Y = 12.0
[2023-08-05 12:39:57,845] 1579249 DEBUG FILE_LOGGER:    ... Arc (ID:a52( t12 -> p9) set
[2023-08-05 12:39:57,845] 1579249 DEBUG FILE_LOGGER: ... Arc label position: X = 500.0 / Y = 12.0
[2023-08-05 12:39:57,845] 1579249 DEBUG FILE_LOGGER:    ... Arc (ID:a11( t3 -> p3) set
[2023-08-05 12:39:57,845] 1579249 DEBUG FILE_LOGGER: ... Arc label position: X = 500.0 / Y = 12.0
[2023-08-05 12:39:57,845] 1579249 DEBUG FILE_LOGGER:    ... Arc (ID:a10( p5 -> t3) set
[2023-08-05 12:39:57,845] 1579249 DEBUG FILE_LOGGER: ... Arc label position: X = 500.0 / Y = 12.0
[2023-08-05 12:39:57,846] 1579250 DEBUG FILE_LOGGER:    ... Arc (ID:a54( p1 -> t5) set
[2023-08-05 12:39:57,846] 1579250 DEBUG FILE_LOGGER: ... Arc label position: X = 500.0 / Y = 12.0
[2023-08-05 12:39:57,846] 1579250 DEBUG FILE_LOGGER:    ... Arc (ID:a13( p2 -> t4) set
[2023-08-05 12:39:57,846] 1579250 DEBUG FILE_LOGGER: ... Arc label position: X = 500.0 / Y = 12.0
[2023-08-05 12:39:57,846] 1579250 DEBUG FILE_LOGGER:    ... Arc (ID:a12( p3 -> t4) set
[2023-08-05 12:39:57,846] 1579250 DEBUG FILE_LOGGER: ... Arc label position: X = 500.0 / Y = 12.0
[2023-08-05 12:39:57,846] 1579250 DEBUG FILE_LOGGER:    ... Arc (ID:a15( t2 -> p1) set
[2023-08-05 12:39:57,846] 1579250 DEBUG FILE_LOGGER: ... Arc label position: X = 500.0 / Y = 12.0
[2023-08-05 12:39:57,846] 1579250 DEBUG FILE_LOGGER:    ... Arc (ID:a14( p4 -> t3) set
[2023-08-05 12:39:57,846] 1579250 DEBUG FILE_LOGGER: ... Arc label position: X = 500.0 / Y = 12.0
[2023-08-05 12:39:57,846] 1579250 DEBUG FILE_LOGGER:    ... Arc (ID:a17( t1 -> p2) set
[2023-08-05 12:39:57,846] 1579250 DEBUG FILE_LOGGER: ... Arc label position: X = 500.0 / Y = 12.0
[2023-08-05 12:39:57,846] 1579250 DEBUG FILE_LOGGER:    ... Arc (ID:a16( p1 -> t2) set
[2023-08-05 12:39:57,846] 1579250 DEBUG FILE_LOGGER: ... Arc label position: X = 500.0 / Y = 12.0
[2023-08-05 12:39:57,847] 1579251 DEBUG FILE_LOGGER:    ... Arc (ID:a18( p2 -> t1) set
[2023-08-05 12:39:57,847] 1579251 DEBUG FILE_LOGGER: ... Arc label position: X = 500.0 / Y = 12.0
[2023-08-05 12:39:57,847] 1579251 DEBUG FILE_LOGGER:    ... Arc (ID:a20( p4 -> t5) set
[2023-08-05 12:39:57,847] 1579251 DEBUG FILE_LOGGER: ... Arc label position: X = 500.0 / Y = 12.0
[2023-08-05 12:39:57,847] 1579251 DEBUG FILE_LOGGER:    ... Arc (ID:a22( p4 -> t6) set
[2023-08-05 12:39:57,847] 1579251 DEBUG FILE_LOGGER: ... Arc label position: X = 500.0 / Y = 12.0
[2023-08-05 12:39:57,847] 1579251 DEBUG FILE_LOGGER:    ... Arc (ID:a21( p5 -> t6) set
[2023-08-05 12:39:57,847] 1579251 DEBUG FILE_LOGGER: ... Arc label position: X = 500.0 / Y = 12.0
[2023-08-05 12:39:57,847] 1579251 DEBUG FILE_LOGGER:    ... Arc (ID:a24( t3 -> p6) set
[2023-08-05 12:39:57,847] 1579251 DEBUG FILE_LOGGER: ... Arc label position: X = 500.0 / Y = 12.0
[2023-08-05 12:39:57,847] 1579251 DEBUG FILE_LOGGER:    ... Arc (ID:a23( t6 -> p4) set
[2023-08-05 12:39:57,847] 1579251 DEBUG FILE_LOGGER: ... Arc label position: X = 500.0 / Y = 12.0
[2023-08-05 12:39:57,847] 1579251 DEBUG FILE_LOGGER:    ... Arc (ID:a26( t3 -> p9) set
[2023-08-05 12:39:57,847] 1579251 DEBUG FILE_LOGGER: ... Arc label position: X = 500.0 / Y = 12.0
[2023-08-05 12:39:57,847] 1579251 DEBUG FILE_LOGGER:    ... Arc (ID:a25( t6 -> p8) set
[2023-08-05 12:39:57,847] 1579251 DEBUG FILE_LOGGER: ... Arc label position: X = 500.0 / Y = 12.0
[2023-08-05 12:39:57,847] 1579251 DEBUG FILE_LOGGER:    ... Arc (ID:a28( p6 -> t7) set
[2023-08-05 12:39:57,847] 1579251 DEBUG FILE_LOGGER: ... Arc label position: X = 500.0 / Y = 12.0
[2023-08-05 12:39:57,847] 1579251 DEBUG FILE_LOGGER:    ... Arc (ID:a27( t6 -> p9) set
[2023-08-05 12:39:57,847] 1579251 DEBUG FILE_LOGGER: ... Arc label position: X = 500.0 / Y = 12.0
[2023-08-05 12:39:57,848] 1579252 DEBUG FILE_LOGGER:    ... Arc (ID:a29( p6 -> t8) set
[2023-08-05 12:39:57,848] 1579252 DEBUG FILE_LOGGER: ... Arc label position: X = 500.0 / Y = 12.0
[2023-08-05 12:39:57,848] 1579252 DEBUG FILE_LOGGER:    ... Arc (ID:a1( p1 -> t1) set
[2023-08-05 12:39:57,848] 1579252 DEBUG FILE_LOGGER: ... Arc label position: X = 500.0 / Y = 12.0
[2023-08-05 12:39:57,848] 1579252 DEBUG FILE_LOGGER:    ... Arc (ID:a2( p2 -> t2) set
[2023-08-05 12:39:57,848] 1579252 DEBUG FILE_LOGGER: ... Arc label position: X = 500.0 / Y = 12.0
[2023-08-05 12:39:57,848] 1579252 DEBUG FILE_LOGGER:    ... Arc (ID:a3( t1 -> p3) set
[2023-08-05 12:39:57,848] 1579252 DEBUG FILE_LOGGER: ... Arc label position: X = 500.0 / Y = 12.0
[2023-08-05 12:39:57,848] 1579252 DEBUG FILE_LOGGER:    ... Arc (ID:a4( t2 -> p4) set
[2023-08-05 12:39:57,848] 1579252 DEBUG FILE_LOGGER: ... Arc label position: X = 500.0 / Y = 12.0
[2023-08-05 12:39:57,848] 1579252 DEBUG FILE_LOGGER:    ... Arc (ID:a5( t1 -> p5) set
[2023-08-05 12:39:57,848] 1579252 DEBUG FILE_LOGGER: ... Arc label position: X = 500.0 / Y = 12.0
[2023-08-05 12:39:57,848] 1579252 DEBUG FILE_LOGGER:    ... Arc (ID:a6( p5 -> t1) set
[2023-08-05 12:39:57,848] 1579252 DEBUG FILE_LOGGER: ... Arc label position: X = 500.0 / Y = 12.0
[2023-08-05 12:39:57,848] 1579252 DEBUG FILE_LOGGER:    ... Arc (ID:a7( p5 -> t2) set
[2023-08-05 12:39:57,848] 1579252 DEBUG FILE_LOGGER: ... Arc label position: X = 500.0 / Y = 12.0
[2023-08-05 12:39:57,848] 1579252 DEBUG FILE_LOGGER:    ... Arc (ID:a8( t2 -> p5) set
[2023-08-05 12:39:57,848] 1579252 DEBUG FILE_LOGGER: ... Arc label position: X = 500.0 / Y = 12.0
[2023-08-05 12:39:57,848] 1579252 DEBUG FILE_LOGGER:    ... Arc (ID:a9( p3 -> t3) set
[2023-08-05 12:39:57,848] 1579252 DEBUG FILE_LOGGER: ... Arc label position: X = 500.0 / Y = 12.0
[2023-08-05 12:39:57,848] 1579252 DEBUG FILE_LOGGER:    ... Arc (ID:a31( t7 -> p9) set
[2023-08-05 12:39:57,848] 1579252 DEBUG FILE_LOGGER: ... Arc label position: X = 500.0 / Y = 12.0
[2023-08-05 12:39:57,849] 1579253 DEBUG FILE_LOGGER:    ... Arc (ID:a30( p9 -> t7) set
[2023-08-05 12:39:57,849] 1579253 DEBUG FILE_LOGGER: ... Arc label position: X = 500.0 / Y = 12.0
[2023-08-05 12:39:57,853] 1579257 DEBUG FILE_LOGGER: ##### END PNML EXPORT ##### (12 ms)
[2023-08-05 12:39:57,853] 1579257  INFO FILE_LOGGER: Petrinet saved in file: D:\BPA Series\SupplementsOnGithub\bpa\Short 30 Tennis Scoring\petrinetz3.pnml
[2023-08-05 12:39:57,853] 1579257  INFO CONFIG_LOGGER: Setting current working directory: null
[2023-08-05 19:09:49,338] 24970742 DEBUG QUALANALYSIS_LOGGER: TokenGame: CHECK NET
[2023-08-05 19:09:49,339] 24970743 DEBUG QUALANALYSIS_LOGGER:            ... DONE (1 ms)
[2023-08-05 19:09:50,970] 24972374 DEBUG QUALANALYSIS_LOGGER: TokenGame: CHECK NET
[2023-08-05 19:09:50,971] 24972375 DEBUG QUALANALYSIS_LOGGER:            ... DONE (1 ms)
[2023-08-05 19:09:51,889] 24973293 DEBUG QUALANALYSIS_LOGGER: TokenGame: CHECK NET
[2023-08-05 19:09:51,890] 24973294 DEBUG QUALANALYSIS_LOGGER:            ... DONE (1 ms)
[2023-08-05 19:09:52,673] 24974077 DEBUG QUALANALYSIS_LOGGER: TokenGame: CHECK NET
[2023-08-05 19:09:52,675] 24974079 DEBUG QUALANALYSIS_LOGGER:            ... DONE (2 ms)
[2023-08-05 19:09:56,649] 24978053 DEBUG QUALANALYSIS_LOGGER: TokenGame: CHECK NET
[2023-08-05 19:09:56,651] 24978055 DEBUG QUALANALYSIS_LOGGER:            ... DONE (2 ms)
[2023-08-05 19:09:58,475] 24979879 DEBUG QUALANALYSIS_LOGGER: TokenGame: CHECK NET
[2023-08-05 19:09:58,475] 24979879 DEBUG QUALANALYSIS_LOGGER:            ... DONE (0 ms)
[2023-08-05 19:09:59,113] 24980517 DEBUG QUALANALYSIS_LOGGER: TokenGame: CHECK NET
[2023-08-05 19:09:59,114] 24980518 DEBUG QUALANALYSIS_LOGGER:            ... DONE (1 ms)
[2023-08-05 19:10:00,194] 24981598 DEBUG QUALANALYSIS_LOGGER: TokenGame: CHECK NET
[2023-08-05 19:10:00,195] 24981599 DEBUG QUALANALYSIS_LOGGER:            ... DONE (1 ms)
[2023-08-05 19:10:01,761] 24983165 DEBUG QUALANALYSIS_LOGGER: TokenGame: CHECK NET
[2023-08-05 19:10:01,763] 24983167 DEBUG QUALANALYSIS_LOGGER:            ... DONE (2 ms)
[2023-08-05 19:10:04,001] 24985405 DEBUG QUALANALYSIS_LOGGER: TokenGame: CHECK NET
[2023-08-05 19:10:04,002] 24985406 DEBUG QUALANALYSIS_LOGGER:            ... DONE (1 ms)
[2023-08-05 19:10:04,961] 24986365 DEBUG QUALANALYSIS_LOGGER: TokenGame: CHECK NET
[2023-08-05 19:10:04,962] 24986366 DEBUG QUALANALYSIS_LOGGER:            ... DONE (1 ms)
[2023-08-05 19:10:05,993] 24987397 DEBUG QUALANALYSIS_LOGGER: TokenGame: CHECK NET
[2023-08-05 19:10:05,995] 24987399 DEBUG QUALANALYSIS_LOGGER:            ... DONE (2 ms)
[2023-08-05 19:10:15,905] 24997309 DEBUG FILE_LOGGER: ##### START PNML EXPORT #####
[2023-08-05 19:10:15,906] 24997310 DEBUG FILE_LOGGER:    ... Transition (ID:t4) set
[2023-08-05 19:10:15,906] 24997310 DEBUG FILE_LOGGER:    ... Place (ID:p1) set
[2023-08-05 19:10:15,906] 24997310 DEBUG FILE_LOGGER:    ... Transition (ID:t5) set
[2023-08-05 19:10:15,906] 24997310 DEBUG FILE_LOGGER:    ... Place (ID:p2) set
[2023-08-05 19:10:15,906] 24997310 DEBUG FILE_LOGGER:    ... Transition (ID:t6) set
[2023-08-05 19:10:15,906] 24997310 DEBUG FILE_LOGGER:    ... Place (ID:p3) set
[2023-08-05 19:10:15,906] 24997310 DEBUG FILE_LOGGER:    ... Transition (ID:t7) set
[2023-08-05 19:10:15,906] 24997310 DEBUG FILE_LOGGER:    ... Place (ID:p4) set
[2023-08-05 19:10:15,906] 24997310 DEBUG FILE_LOGGER:    ... Transition (ID:t8) set
[2023-08-05 19:10:15,906] 24997310 DEBUG FILE_LOGGER:    ... Place (ID:p5) set
[2023-08-05 19:10:15,906] 24997310 DEBUG FILE_LOGGER:    ... Transition (ID:t9) set
[2023-08-05 19:10:15,906] 24997310 DEBUG FILE_LOGGER:    ... Place (ID:p6) set
[2023-08-05 19:10:15,906] 24997310 DEBUG FILE_LOGGER:    ... Place (ID:p7) set
[2023-08-05 19:10:15,906] 24997310 DEBUG FILE_LOGGER:    ... Place (ID:p8) set
[2023-08-05 19:10:15,907] 24997311 DEBUG FILE_LOGGER:    ... Place (ID:p9) set
[2023-08-05 19:10:15,907] 24997311 DEBUG FILE_LOGGER:    ... Place (ID:p10) set
[2023-08-05 19:10:15,907] 24997311 DEBUG FILE_LOGGER:    ... Place (ID:p11) set
[2023-08-05 19:10:15,907] 24997311 DEBUG FILE_LOGGER:    ... Transition (ID:t10) set
[2023-08-05 19:10:15,907] 24997311 DEBUG FILE_LOGGER:    ... Transition (ID:t12) set
[2023-08-05 19:10:15,907] 24997311 DEBUG FILE_LOGGER:    ... Transition (ID:t11) set
[2023-08-05 19:10:15,907] 24997311 DEBUG FILE_LOGGER:    ... Transition (ID:t1) set
[2023-08-05 19:10:15,907] 24997311 DEBUG FILE_LOGGER:    ... Transition (ID:t2) set
[2023-08-05 19:10:15,907] 24997311 DEBUG FILE_LOGGER:    ... Transition (ID:t3) set
[2023-08-05 19:10:15,907] 24997311 DEBUG FILE_LOGGER:    ... Arc (ID:a33( p9 -> t8) set
[2023-08-05 19:10:15,907] 24997311 DEBUG FILE_LOGGER: ... Arc label position: X = 500.0 / Y = 12.0
[2023-08-05 19:10:15,907] 24997311 DEBUG FILE_LOGGER:    ... Arc (ID:a32( t8 -> p9) set
[2023-08-05 19:10:15,907] 24997311 DEBUG FILE_LOGGER: ... Arc label position: X = 500.0 / Y = 12.0
[2023-08-05 19:10:15,907] 24997311 DEBUG FILE_LOGGER:    ... Arc (ID:a35( p7 -> t9) set
[2023-08-05 19:10:15,907] 24997311 DEBUG FILE_LOGGER: ... Arc label position: X = 500.0 / Y = 12.0
[2023-08-05 19:10:15,907] 24997311 DEBUG FILE_LOGGER:    ... Arc (ID:a34( t8 -> p7) set
[2023-08-05 19:10:15,907] 24997311 DEBUG FILE_LOGGER: ... Arc label position: X = 500.0 / Y = 12.0
[2023-08-05 19:10:15,907] 24997311 DEBUG FILE_LOGGER:    ... Arc (ID:a37( p9 -> t9) set
[2023-08-05 19:10:15,907] 24997311 DEBUG FILE_LOGGER: ... Arc label position: X = 500.0 / Y = 12.0
[2023-08-05 19:10:15,907] 24997311 DEBUG FILE_LOGGER:    ... Arc (ID:a36( t9 -> p8) set
[2023-08-05 19:10:15,907] 24997311 DEBUG FILE_LOGGER: ... Arc label position: X = 500.0 / Y = 12.0
[2023-08-05 19:10:15,908] 24997312 DEBUG FILE_LOGGER:    ... Arc (ID:a39( p8 -> t10) set
[2023-08-05 19:10:15,908] 24997312 DEBUG FILE_LOGGER: ... Arc label position: X = 500.0 / Y = 12.0
[2023-08-05 19:10:15,908] 24997312 DEBUG FILE_LOGGER:    ... Arc (ID:a38( t9 -> p9) set
[2023-08-05 19:10:15,908] 24997312 DEBUG FILE_LOGGER: ... Arc label position: X = 500.0 / Y = 12.0
[2023-08-05 19:10:15,908] 24997312 DEBUG FILE_LOGGER:    ... Arc (ID:a40( t5 -> p10) set
[2023-08-05 19:10:15,908] 24997312 DEBUG FILE_LOGGER: ... Arc label position: X = 500.0 / Y = 12.0
[2023-08-05 19:10:15,908] 24997312 DEBUG FILE_LOGGER:    ... Arc (ID:a41( t4 -> p11) set
[2023-08-05 19:10:15,908] 24997312 DEBUG FILE_LOGGER: ... Arc label position: X = 500.0 / Y = 12.0
[2023-08-05 19:10:15,908] 24997312 DEBUG FILE_LOGGER:    ... Arc (ID:a44( t10 -> p10) set
[2023-08-05 19:10:15,908] 24997312 DEBUG FILE_LOGGER: ... Arc label position: X = 500.0 / Y = 12.0
[2023-08-05 19:10:15,908] 24997312 DEBUG FILE_LOGGER:    ... Arc (ID:a43( t7 -> p11) set
[2023-08-05 19:10:15,908] 24997312 DEBUG FILE_LOGGER: ... Arc label position: X = 500.0 / Y = 12.0
[2023-08-05 19:10:15,908] 24997312 DEBUG FILE_LOGGER:    ... Arc (ID:a46( p9 -> t11) set
[2023-08-05 19:10:15,908] 24997312 DEBUG FILE_LOGGER: ... Arc label position: X = 500.0 / Y = 12.0
[2023-08-05 19:10:15,908] 24997312 DEBUG FILE_LOGGER:    ... Arc (ID:a45( p7 -> t11) set
[2023-08-05 19:10:15,908] 24997312 DEBUG FILE_LOGGER: ... Arc label position: X = 500.0 / Y = 12.0
[2023-08-05 19:10:15,908] 24997312 DEBUG FILE_LOGGER:    ... Arc (ID:a48( t11 -> p6) set
[2023-08-05 19:10:15,908] 24997312 DEBUG FILE_LOGGER: ... Arc label position: X = 500.0 / Y = 12.0
[2023-08-05 19:10:15,908] 24997312 DEBUG FILE_LOGGER:    ... Arc (ID:a47( t11 -> p9) set
[2023-08-05 19:10:15,908] 24997312 DEBUG FILE_LOGGER: ... Arc label position: X = 500.0 / Y = 12.0
[2023-08-05 19:10:15,908] 24997312 DEBUG FILE_LOGGER:    ... Arc (ID:a49( p8 -> t12) set
[2023-08-05 19:10:15,908] 24997312 DEBUG FILE_LOGGER: ... Arc label position: X = 500.0 / Y = 12.0
[2023-08-05 19:10:15,908] 24997312 DEBUG FILE_LOGGER:    ... Arc (ID:a51( p9 -> t12) set
[2023-08-05 19:10:15,908] 24997312 DEBUG FILE_LOGGER: ... Arc label position: X = 500.0 / Y = 12.0
[2023-08-05 19:10:15,908] 24997312 DEBUG FILE_LOGGER:    ... Arc (ID:a50( t12 -> p7) set
[2023-08-05 19:10:15,908] 24997312 DEBUG FILE_LOGGER: ... Arc label position: X = 500.0 / Y = 12.0
[2023-08-05 19:10:15,908] 24997312 DEBUG FILE_LOGGER:    ... Arc (ID:a53( p3 -> t6) set
[2023-08-05 19:10:15,909] 24997313 DEBUG FILE_LOGGER: ... Arc label position: X = 500.0 / Y = 12.0
[2023-08-05 19:10:15,909] 24997313 DEBUG FILE_LOGGER:    ... Arc (ID:a52( t12 -> p9) set
[2023-08-05 19:10:15,909] 24997313 DEBUG FILE_LOGGER: ... Arc label position: X = 500.0 / Y = 12.0
[2023-08-05 19:10:15,909] 24997313 DEBUG FILE_LOGGER:    ... Arc (ID:a11( t3 -> p3) set
[2023-08-05 19:10:15,909] 24997313 DEBUG FILE_LOGGER: ... Arc label position: X = 500.0 / Y = 12.0
[2023-08-05 19:10:15,909] 24997313 DEBUG FILE_LOGGER:    ... Arc (ID:a10( p5 -> t3) set
[2023-08-05 19:10:15,909] 24997313 DEBUG FILE_LOGGER: ... Arc label position: X = 500.0 / Y = 12.0
[2023-08-05 19:10:15,909] 24997313 DEBUG FILE_LOGGER:    ... Arc (ID:a54( p1 -> t5) set
[2023-08-05 19:10:15,909] 24997313 DEBUG FILE_LOGGER: ... Arc label position: X = 500.0 / Y = 12.0
[2023-08-05 19:10:15,909] 24997313 DEBUG FILE_LOGGER:    ... Arc (ID:a13( p2 -> t4) set
[2023-08-05 19:10:15,909] 24997313 DEBUG FILE_LOGGER: ... Arc label position: X = 500.0 / Y = 12.0
[2023-08-05 19:10:15,909] 24997313 DEBUG FILE_LOGGER:    ... Arc (ID:a12( p3 -> t4) set
[2023-08-05 19:10:15,909] 24997313 DEBUG FILE_LOGGER: ... Arc label position: X = 500.0 / Y = 12.0
[2023-08-05 19:10:15,909] 24997313 DEBUG FILE_LOGGER:    ... Arc (ID:a15( t2 -> p1) set
[2023-08-05 19:10:15,909] 24997313 DEBUG FILE_LOGGER: ... Arc label position: X = 500.0 / Y = 12.0
[2023-08-05 19:10:15,909] 24997313 DEBUG FILE_LOGGER:    ... Arc (ID:a14( p4 -> t3) set
[2023-08-05 19:10:15,909] 24997313 DEBUG FILE_LOGGER: ... Arc label position: X = 500.0 / Y = 12.0
[2023-08-05 19:10:15,909] 24997313 DEBUG FILE_LOGGER:    ... Arc (ID:a17( t1 -> p2) set
[2023-08-05 19:10:15,909] 24997313 DEBUG FILE_LOGGER: ... Arc label position: X = 500.0 / Y = 12.0
[2023-08-05 19:10:15,909] 24997313 DEBUG FILE_LOGGER:    ... Arc (ID:a16( p1 -> t2) set
[2023-08-05 19:10:15,909] 24997313 DEBUG FILE_LOGGER: ... Arc label position: X = 500.0 / Y = 12.0
[2023-08-05 19:10:15,909] 24997313 DEBUG FILE_LOGGER:    ... Arc (ID:a18( p2 -> t1) set
[2023-08-05 19:10:15,909] 24997313 DEBUG FILE_LOGGER: ... Arc label position: X = 500.0 / Y = 12.0
[2023-08-05 19:10:15,909] 24997313 DEBUG FILE_LOGGER:    ... Arc (ID:a20( p4 -> t5) set
[2023-08-05 19:10:15,909] 24997313 DEBUG FILE_LOGGER: ... Arc label position: X = 500.0 / Y = 12.0
[2023-08-05 19:10:15,909] 24997313 DEBUG FILE_LOGGER:    ... Arc (ID:a22( p4 -> t6) set
[2023-08-05 19:10:15,909] 24997313 DEBUG FILE_LOGGER: ... Arc label position: X = 500.0 / Y = 12.0
[2023-08-05 19:10:15,910] 24997314 DEBUG FILE_LOGGER:    ... Arc (ID:a21( p5 -> t6) set
[2023-08-05 19:10:15,910] 24997314 DEBUG FILE_LOGGER: ... Arc label position: X = 500.0 / Y = 12.0
[2023-08-05 19:10:15,910] 24997314 DEBUG FILE_LOGGER:    ... Arc (ID:a24( t3 -> p6) set
[2023-08-05 19:10:15,910] 24997314 DEBUG FILE_LOGGER: ... Arc label position: X = 500.0 / Y = 12.0
[2023-08-05 19:10:15,910] 24997314 DEBUG FILE_LOGGER:    ... Arc (ID:a23( t6 -> p4) set
[2023-08-05 19:10:15,910] 24997314 DEBUG FILE_LOGGER: ... Arc label position: X = 500.0 / Y = 12.0
[2023-08-05 19:10:15,910] 24997314 DEBUG FILE_LOGGER:    ... Arc (ID:a26( t3 -> p9) set
[2023-08-05 19:10:15,910] 24997314 DEBUG FILE_LOGGER: ... Arc label position: X = 500.0 / Y = 12.0
[2023-08-05 19:10:15,910] 24997314 DEBUG FILE_LOGGER:    ... Arc (ID:a25( t6 -> p8) set
[2023-08-05 19:10:15,910] 24997314 DEBUG FILE_LOGGER: ... Arc label position: X = 500.0 / Y = 12.0
[2023-08-05 19:10:15,910] 24997314 DEBUG FILE_LOGGER:    ... Arc (ID:a28( p6 -> t7) set
[2023-08-05 19:10:15,910] 24997314 DEBUG FILE_LOGGER: ... Arc label position: X = 500.0 / Y = 12.0
[2023-08-05 19:10:15,910] 24997314 DEBUG FILE_LOGGER:    ... Arc (ID:a27( t6 -> p9) set
[2023-08-05 19:10:15,910] 24997314 DEBUG FILE_LOGGER: ... Arc label position: X = 500.0 / Y = 12.0
[2023-08-05 19:10:15,910] 24997314 DEBUG FILE_LOGGER:    ... Arc (ID:a29( p6 -> t8) set
[2023-08-05 19:10:15,910] 24997314 DEBUG FILE_LOGGER: ... Arc label position: X = 500.0 / Y = 12.0
[2023-08-05 19:10:15,910] 24997314 DEBUG FILE_LOGGER:    ... Arc (ID:a1( p1 -> t1) set
[2023-08-05 19:10:15,910] 24997314 DEBUG FILE_LOGGER: ... Arc label position: X = 500.0 / Y = 12.0
[2023-08-05 19:10:15,910] 24997314 DEBUG FILE_LOGGER:    ... Arc (ID:a2( p2 -> t2) set
[2023-08-05 19:10:15,910] 24997314 DEBUG FILE_LOGGER: ... Arc label position: X = 500.0 / Y = 12.0
[2023-08-05 19:10:15,910] 24997314 DEBUG FILE_LOGGER:    ... Arc (ID:a3( t1 -> p3) set
[2023-08-05 19:10:15,910] 24997314 DEBUG FILE_LOGGER: ... Arc label position: X = 500.0 / Y = 12.0
[2023-08-05 19:10:15,910] 24997314 DEBUG FILE_LOGGER:    ... Arc (ID:a4( t2 -> p4) set
[2023-08-05 19:10:15,910] 24997314 DEBUG FILE_LOGGER: ... Arc label position: X = 500.0 / Y = 12.0
[2023-08-05 19:10:15,910] 24997314 DEBUG FILE_LOGGER:    ... Arc (ID:a5( t1 -> p5) set
[2023-08-05 19:10:15,910] 24997314 DEBUG FILE_LOGGER: ... Arc label position: X = 500.0 / Y = 12.0
[2023-08-05 19:10:15,910] 24997314 DEBUG FILE_LOGGER:    ... Arc (ID:a6( p5 -> t1) set
[2023-08-05 19:10:15,910] 24997314 DEBUG FILE_LOGGER: ... Arc label position: X = 500.0 / Y = 12.0
[2023-08-05 19:10:15,911] 24997315 DEBUG FILE_LOGGER:    ... Arc (ID:a7( p5 -> t2) set
[2023-08-05 19:10:15,911] 24997315 DEBUG FILE_LOGGER: ... Arc label position: X = 500.0 / Y = 12.0
[2023-08-05 19:10:15,911] 24997315 DEBUG FILE_LOGGER:    ... Arc (ID:a8( t2 -> p5) set
[2023-08-05 19:10:15,911] 24997315 DEBUG FILE_LOGGER: ... Arc label position: X = 500.0 / Y = 12.0
[2023-08-05 19:10:15,911] 24997315 DEBUG FILE_LOGGER:    ... Arc (ID:a9( p3 -> t3) set
[2023-08-05 19:10:15,911] 24997315 DEBUG FILE_LOGGER: ... Arc label position: X = 500.0 / Y = 12.0
[2023-08-05 19:10:15,911] 24997315 DEBUG FILE_LOGGER:    ... Arc (ID:a31( t7 -> p9) set
[2023-08-05 19:10:15,911] 24997315 DEBUG FILE_LOGGER: ... Arc label position: X = 500.0 / Y = 12.0
[2023-08-05 19:10:15,911] 24997315 DEBUG FILE_LOGGER:    ... Arc (ID:a30( p9 -> t7) set
[2023-08-05 19:10:15,911] 24997315 DEBUG FILE_LOGGER: ... Arc label position: X = 500.0 / Y = 12.0
[2023-08-05 19:10:15,914] 24997318 DEBUG FILE_LOGGER: ##### END PNML EXPORT ##### (9 ms)
[2023-08-05 19:10:15,914] 24997318  INFO FILE_LOGGER: Petrinet saved in file: D:\BPA Series\SupplementsOnGithub\bpa\Short 30 Tennis Scoring\petrinetz3.pnml
[2023-08-05 19:10:15,914] 24997318  INFO CONFIG_LOGGER: Setting current working directory: null
[2023-08-05 19:10:15,929] 24997333  INFO CONFIG_LOGGER: Configuration successfully saved to: C:\Users\User\.WoPeD-3.9.0\WoPeDconfig.xml
[2023-08-05 19:10:15,929] 24997333  INFO GUI_LOGGER: EXIT WoPeD
