[2025-07-24 14:26:15,545] 0  INFO GUI_LOGGER: INIT APPLICATION
[2025-07-24 14:26:15,565] 20  INFO CORE_LOGGER: START INIT Application
[2025-07-24 14:26:15,569] 24  INFO CONFIG_LOGGER: Setting default home directory: C:\Users\User\.WoPeD-3.9.0\nets\
[2025-07-24 14:26:15,569] 24  INFO CONFIG_LOGGER: Loading configuration from: C:\Users\User\.WoPeD-3.9.0\WoPeDconfig.xml.
[2025-07-24 14:26:15,713] 168  INFO CONFIG_LOGGER: Setting Locale to en_GB
[2025-07-24 14:26:15,716] 171  INFO CONFIG_LOGGER: Setting home directory: C:\Users\User\.WoPeD-3.9.0\nets\
[2025-07-24 14:26:15,716] 171  INFO CONFIG_LOGGER: Setting current working directory: null
[2025-07-24 14:26:15,716] 171  INFO CONFIG_LOGGER: Setting current working directory: C:\Users\User\.WoPeD-3.9.0\nets\
[2025-07-24 14:26:15,733] 188  INFO CONFIG_LOGGER: Configuration successfully loaded.
[2025-07-24 14:26:15,742] 197  WARN CONFIG_LOGGER: Configuration file not found: C:\Users\User\.WoPeD-3.9.0\WoPeDmetrics.xml. Using built-in settings.
[2025-07-24 14:26:15,764] 219  INFO CONFIG_LOGGER: Configuration successfully loaded.
[2025-07-24 14:26:15,797] 252  INFO CORE_LOGGER: Look-And-Feel set to com.sun.java.swing.plaf.windows.WindowsLookAndFeel
[2025-07-24 14:26:16,147] 602  INFO GUI_LOGGER: END  INIT Application
[2025-07-24 14:26:16,304] 759 DEBUG QUALANALYSIS_LOGGER: -> init() org.woped.qualanalysis.coverabilitygraph.gui.CoverabilityGraphFrameController
[2025-07-24 14:26:16,309] 764 DEBUG QUALANALYSIS_LOGGER: <- init() org.woped.qualanalysis.coverabilitygraph.gui.CoverabilityGraphFrameController
[2025-07-24 14:26:16,363] 818 DEBUG FILE_LOGGER: ##### START PNML Version (1.3.2) IMPORT #####
[2025-07-24 14:26:16,496] 951 DEBUG QUALANALYSIS_LOGGER: PT Handle Pairs calculated. (0 ms)
[2025-07-24 14:26:16,496] 951 DEBUG QUALANALYSIS_LOGGER: TP Handle Pairs calculated. (6 ms)
[2025-07-24 14:26:16,651] 1106 DEBUG FILE_LOGGER:  ... Place (ID:p1) imported
[2025-07-24 14:26:16,651] 1106 DEBUG FILE_LOGGER:  ... Place (ID:p2) imported
[2025-07-24 14:26:16,651] 1106 DEBUG FILE_LOGGER:  ... Place (ID:p3) imported
[2025-07-24 14:26:16,652] 1107 DEBUG FILE_LOGGER:  ... Place (ID:p4) imported
[2025-07-24 14:26:16,652] 1107 DEBUG FILE_LOGGER:  ... Place (ID:p5) imported
[2025-07-24 14:26:16,652] 1107 DEBUG FILE_LOGGER:  ... Place (ID:p6) imported
[2025-07-24 14:26:16,657] 1112 DEBUG FILE_LOGGER:  ... Transition (ID:t5) imported 
[2025-07-24 14:26:16,657] 1112 DEBUG FILE_LOGGER:  ... Transition (ID:t6) imported 
[2025-07-24 14:26:16,658] 1113 DEBUG FILE_LOGGER:  ... Transition (ID:t7) imported 
[2025-07-24 14:26:16,658] 1113 DEBUG FILE_LOGGER:  ... Transition (ID:t8) imported 
[2025-07-24 14:26:16,658] 1113 DEBUG FILE_LOGGER:  ... Transition (ID:t2) imported 
[2025-07-24 14:26:16,664] 1119 DEBUG FILE_LOGGER:  ... Arc created: (ID:a11) p5 -> t7 
[2025-07-24 14:26:16,664] 1119 DEBUG FILE_LOGGER:  ... Arc created: (ID:a22) p1 -> t2 
[2025-07-24 14:26:16,665] 1120 DEBUG FILE_LOGGER:  ... Arc created: (ID:a10) p5 -> t6 
[2025-07-24 14:26:16,665] 1120 DEBUG FILE_LOGGER:  ... Arc created: (ID:a13) t5 -> p6 
[2025-07-24 14:26:16,665] 1120 DEBUG FILE_LOGGER:  ... Arc created: (ID:a24) p4 -> t2 
[2025-07-24 14:26:16,665] 1120 DEBUG FILE_LOGGER:  ... Arc created: (ID:a12) p5 -> t8 
[2025-07-24 14:26:16,666] 1121 DEBUG FILE_LOGGER:  ... Arc created: (ID:a23) p3 -> t2 
[2025-07-24 14:26:16,666] 1121 DEBUG FILE_LOGGER:  ... Arc created: (ID:a15) t7 -> p6 
[2025-07-24 14:26:16,666] 1121 DEBUG FILE_LOGGER:  ... Arc created: (ID:a14) t6 -> p6 
[2025-07-24 14:26:16,666] 1121 DEBUG FILE_LOGGER:  ... Arc created: (ID:a17) t5 -> p1 
[2025-07-24 14:26:16,667] 1122 DEBUG FILE_LOGGER:  ... Arc created: (ID:a16) t8 -> p6 
[2025-07-24 14:26:16,667] 1122 DEBUG FILE_LOGGER:  ... Arc created: (ID:a19) t7 -> p3 
[2025-07-24 14:26:16,667] 1122 DEBUG FILE_LOGGER:  ... Arc created: (ID:a18) t6 -> p2 
[2025-07-24 14:26:16,667] 1122 DEBUG FILE_LOGGER:  ... Arc created: (ID:a2) p2 -> t2 
[2025-07-24 14:26:16,667] 1122 DEBUG FILE_LOGGER:  ... Arc created: (ID:a6) t2 -> p5 
[2025-07-24 14:26:16,668] 1123 DEBUG FILE_LOGGER:  ... Arc created: (ID:a9) p5 -> t5 
[2025-07-24 14:26:16,668] 1123 DEBUG FILE_LOGGER:  ... Arc created: (ID:a20) t8 -> p4 
[2025-07-24 14:26:16,735] 1190 DEBUG EDITOR_LOGGER: Net updated. (5 ms)
[2025-07-24 14:26:16,740] 1195 DEBUG EDITOR_LOGGER: Net updated. (4 ms)
[2025-07-24 14:26:16,740] 1195 DEBUG FILE_LOGGER: ##### END PNML IMPORT Version (1.3.2) ##### (377 ms)
[2025-07-24 14:26:16,741] 1196  INFO CONFIG_LOGGER: Setting current working directory: D:\BPA Series\SupplementsOnGithub\bpa\Short 17 Lotto
[2025-07-24 14:26:16,741] 1196  INFO FILE_LOGGER: Petrinet loaded from file: D:\BPA Series\SupplementsOnGithub\bpa\Short 17 Lotto\lotto.pnml
[2025-07-24 14:26:45,938] 30393 DEBUG EDITOR_LOGGER: Net updated. (2 ms)
[2025-07-24 14:26:46,757] 31212 DEBUG EDITOR_LOGGER: Net updated. (1 ms)
[2025-07-24 14:28:15,584] 120039 DEBUG EDITOR_LOGGER: Net updated. (2 ms)
[2025-07-24 14:28:18,335] 122790 DEBUG EDITOR_LOGGER: Net updated. (3 ms)
[2025-07-24 14:28:18,428] 122883 DEBUG EDITOR_LOGGER: Net updated. (1 ms)
[2025-07-24 14:29:28,710] 193165 DEBUG FILE_LOGGER: ##### START PNML EXPORT #####
[2025-07-24 14:29:28,723] 193178 DEBUG FILE_LOGGER:    ... Place (ID:p1) set
[2025-07-24 14:29:28,727] 193182 DEBUG FILE_LOGGER:    ... Transition (ID:t5) set
[2025-07-24 14:29:28,727] 193182 DEBUG FILE_LOGGER:    ... Place (ID:p2) set
[2025-07-24 14:29:28,728] 193183 DEBUG FILE_LOGGER:    ... Transition (ID:t6) set
[2025-07-24 14:29:28,728] 193183 DEBUG FILE_LOGGER:    ... Place (ID:p3) set
[2025-07-24 14:29:28,728] 193183 DEBUG FILE_LOGGER:    ... Transition (ID:t7) set
[2025-07-24 14:29:28,728] 193183 DEBUG FILE_LOGGER:    ... Place (ID:p4) set
[2025-07-24 14:29:28,729] 193184 DEBUG FILE_LOGGER:    ... Transition (ID:t8) set
[2025-07-24 14:29:28,729] 193184 DEBUG FILE_LOGGER:    ... Place (ID:p5) set
[2025-07-24 14:29:28,729] 193184 DEBUG FILE_LOGGER:    ... Place (ID:p6) set
[2025-07-24 14:29:28,729] 193184 DEBUG FILE_LOGGER:    ... Transition (ID:t2) set
[2025-07-24 14:29:28,730] 193185 DEBUG FILE_LOGGER:    ... Arc (ID:a11( p5 -> t7) set
[2025-07-24 14:29:28,731] 193186 DEBUG FILE_LOGGER: ... Arc label position: X = 500.0 / Y = 12.0
[2025-07-24 14:29:28,731] 193186 DEBUG FILE_LOGGER:    ... Arc (ID:a22( p1 -> t2) set
[2025-07-24 14:29:28,731] 193186 DEBUG FILE_LOGGER: ... Arc label position: X = 500.0 / Y = 12.0
[2025-07-24 14:29:28,731] 193186 DEBUG FILE_LOGGER:    ... Arc (ID:a10( p5 -> t6) set
[2025-07-24 14:29:28,731] 193186 DEBUG FILE_LOGGER: ... Arc label position: X = 500.0 / Y = 12.0
[2025-07-24 14:29:28,731] 193186 DEBUG FILE_LOGGER:    ... Arc (ID:a13( t5 -> p6) set
[2025-07-24 14:29:28,731] 193186 DEBUG FILE_LOGGER: ... Arc label position: X = 500.0 / Y = 12.0
[2025-07-24 14:29:28,732] 193187 DEBUG FILE_LOGGER:    ... Arc (ID:a24( p4 -> t2) set
[2025-07-24 14:29:28,732] 193187 DEBUG FILE_LOGGER: ... Arc label position: X = 500.0 / Y = 12.0
[2025-07-24 14:29:28,732] 193187 DEBUG FILE_LOGGER:    ... Arc (ID:a12( p5 -> t8) set
[2025-07-24 14:29:28,732] 193187 DEBUG FILE_LOGGER: ... Arc label position: X = 500.0 / Y = 12.0
[2025-07-24 14:29:28,732] 193187 DEBUG FILE_LOGGER:    ... Arc (ID:a23( p3 -> t2) set
[2025-07-24 14:29:28,732] 193187 DEBUG FILE_LOGGER: ... Arc label position: X = 500.0 / Y = 12.0
[2025-07-24 14:29:28,732] 193187 DEBUG FILE_LOGGER:    ... Arc (ID:a15( t7 -> p6) set
[2025-07-24 14:29:28,732] 193187 DEBUG FILE_LOGGER: ... Arc label position: X = 500.0 / Y = 12.0
[2025-07-24 14:29:28,733] 193188 DEBUG FILE_LOGGER:    ... Arc (ID:a14( t6 -> p6) set
[2025-07-24 14:29:28,733] 193188 DEBUG FILE_LOGGER: ... Arc label position: X = 500.0 / Y = 12.0
[2025-07-24 14:29:28,733] 193188 DEBUG FILE_LOGGER:    ... Arc (ID:a17( t5 -> p1) set
[2025-07-24 14:29:28,733] 193188 DEBUG FILE_LOGGER: ... Arc label position: X = 500.0 / Y = 12.0
[2025-07-24 14:29:28,733] 193188 DEBUG FILE_LOGGER:    ... Arc (ID:a16( t8 -> p6) set
[2025-07-24 14:29:28,733] 193188 DEBUG FILE_LOGGER: ... Arc label position: X = 500.0 / Y = 12.0
[2025-07-24 14:29:28,733] 193188 DEBUG FILE_LOGGER:    ... Arc (ID:a19( t7 -> p3) set
[2025-07-24 14:29:28,733] 193188 DEBUG FILE_LOGGER: ... Arc label position: X = 500.0 / Y = 12.0
[2025-07-24 14:29:28,734] 193189 DEBUG FILE_LOGGER:    ... Arc (ID:a18( t6 -> p2) set
[2025-07-24 14:29:28,734] 193189 DEBUG FILE_LOGGER: ... Arc label position: X = 500.0 / Y = 12.0
[2025-07-24 14:29:28,734] 193189 DEBUG FILE_LOGGER:    ... Arc (ID:a2( p2 -> t2) set
[2025-07-24 14:29:28,734] 193189 DEBUG FILE_LOGGER: ... Arc label position: X = 500.0 / Y = 12.0
[2025-07-24 14:29:28,734] 193189 DEBUG FILE_LOGGER:    ... Arc (ID:a6( t2 -> p5) set
[2025-07-24 14:29:28,734] 193189 DEBUG FILE_LOGGER: ... Arc label position: X = 500.0 / Y = 12.0
[2025-07-24 14:29:28,734] 193189 DEBUG FILE_LOGGER:    ... Arc (ID:a9( p5 -> t5) set
[2025-07-24 14:29:28,734] 193189 DEBUG FILE_LOGGER: ... Arc label position: X = 500.0 / Y = 12.0
[2025-07-24 14:29:28,735] 193190 DEBUG FILE_LOGGER:    ... Arc (ID:a20( t8 -> p4) set
[2025-07-24 14:29:28,735] 193190 DEBUG FILE_LOGGER: ... Arc label position: X = 500.0 / Y = 12.0
[2025-07-24 14:29:28,748] 193203 DEBUG FILE_LOGGER: ##### END PNML EXPORT ##### (38 ms)
[2025-07-24 14:29:28,748] 193203  INFO FILE_LOGGER: Petrinet saved in file: D:\BPA Series\SupplementsOnGithub\bpa\Short 17 Lotto\lotto.pnml
[2025-07-24 14:29:28,749] 193204  INFO CONFIG_LOGGER: Setting current working directory: null
[2025-07-24 14:29:30,718] 195173 DEBUG EDITOR_LOGGER: START TokenGame
[2025-07-24 14:29:30,746] 195201 DEBUG QUALANALYSIS_LOGGER: TokenGame: CHECK NET
[2025-07-24 14:29:30,755] 195210 DEBUG QUALANALYSIS_LOGGER:            ... DONE (9 ms)
[2025-07-24 14:29:32,486] 196941 DEBUG QUALANALYSIS_LOGGER: TokenGame: CHECK NET
[2025-07-24 14:29:32,496] 196951 DEBUG QUALANALYSIS_LOGGER:            ... DONE (10 ms)
[2025-07-24 14:29:44,452] 208907 DEBUG QUALANALYSIS_LOGGER: TokenGame: CHECK NET
[2025-07-24 14:29:44,456] 208911 DEBUG QUALANALYSIS_LOGGER:            ... DONE (4 ms)
[2025-07-24 14:29:49,406] 213861 DEBUG QUALANALYSIS_LOGGER: TokenGame: CHECK NET
[2025-07-24 14:29:49,415] 213870 DEBUG QUALANALYSIS_LOGGER:            ... DONE (9 ms)
[2025-07-24 14:29:54,540] 218995 DEBUG QUALANALYSIS_LOGGER: TokenGame: CHECK NET
[2025-07-24 14:29:54,542] 218997 DEBUG QUALANALYSIS_LOGGER:            ... DONE (2 ms)
[2025-07-24 14:30:01,638] 226093 DEBUG QUALANALYSIS_LOGGER: TokenGame: CHECK NET
[2025-07-24 14:30:01,644] 226099 DEBUG QUALANALYSIS_LOGGER:            ... DONE (6 ms)
[2025-07-24 14:30:02,966] 227421 DEBUG QUALANALYSIS_LOGGER: TokenGame: CHECK NET
[2025-07-24 14:30:02,972] 227427 DEBUG QUALANALYSIS_LOGGER:            ... DONE (6 ms)
[2025-07-24 14:30:05,616] 230071 DEBUG QUALANALYSIS_LOGGER: TokenGame: CHECK NET
[2025-07-24 14:30:05,624] 230079 DEBUG QUALANALYSIS_LOGGER:            ... DONE (9 ms)
[2025-07-24 14:30:06,414] 230869 DEBUG QUALANALYSIS_LOGGER: TokenGame: CHECK NET
[2025-07-24 14:30:06,421] 230876 DEBUG QUALANALYSIS_LOGGER:            ... DONE (7 ms)
[2025-07-24 14:30:07,910] 232365 DEBUG QUALANALYSIS_LOGGER: TokenGame: CHECK NET
[2025-07-24 14:30:07,913] 232368 DEBUG QUALANALYSIS_LOGGER:            ... DONE (3 ms)
[2025-07-24 14:30:09,437] 233892 DEBUG QUALANALYSIS_LOGGER: TokenGame: CHECK NET
[2025-07-24 14:30:09,444] 233899 DEBUG QUALANALYSIS_LOGGER:            ... DONE (7 ms)
[2025-07-24 14:30:10,605] 235060 DEBUG QUALANALYSIS_LOGGER: TokenGame: CHECK NET
[2025-07-24 14:30:10,617] 235072 DEBUG QUALANALYSIS_LOGGER:            ... DONE (12 ms)
[2025-07-24 14:30:11,913] 236368 DEBUG QUALANALYSIS_LOGGER: TokenGame: CHECK NET
[2025-07-24 14:30:11,919] 236374 DEBUG QUALANALYSIS_LOGGER:            ... DONE (6 ms)
[2025-07-24 14:30:13,366] 237821 DEBUG QUALANALYSIS_LOGGER: TokenGame: CHECK NET
[2025-07-24 14:30:13,372] 237827 DEBUG QUALANALYSIS_LOGGER:            ... DONE (6 ms)
[2025-07-24 14:30:14,342] 238797 DEBUG QUALANALYSIS_LOGGER: TokenGame: CHECK NET
[2025-07-24 14:30:14,351] 238806 DEBUG QUALANALYSIS_LOGGER:            ... DONE (9 ms)
[2025-07-24 14:30:15,542] 239997 DEBUG QUALANALYSIS_LOGGER: TokenGame: CHECK NET
[2025-07-24 14:30:15,549] 240004 DEBUG QUALANALYSIS_LOGGER:            ... DONE (7 ms)
[2025-07-24 14:30:16,305] 240760 DEBUG QUALANALYSIS_LOGGER: TokenGame: CHECK NET
[2025-07-24 14:30:16,312] 240767 DEBUG QUALANALYSIS_LOGGER:            ... DONE (7 ms)
[2025-07-24 14:30:17,526] 241981 DEBUG QUALANALYSIS_LOGGER: TokenGame: CHECK NET
[2025-07-24 14:30:17,535] 241990 DEBUG QUALANALYSIS_LOGGER:            ... DONE (9 ms)
[2025-07-24 14:30:18,222] 242677 DEBUG QUALANALYSIS_LOGGER: TokenGame: CHECK NET
[2025-07-24 14:30:18,231] 242686 DEBUG QUALANALYSIS_LOGGER:            ... DONE (10 ms)
[2025-07-24 14:30:19,902] 244357 DEBUG QUALANALYSIS_LOGGER: TokenGame: CHECK NET
[2025-07-24 14:30:19,914] 244369 DEBUG QUALANALYSIS_LOGGER:            ... DONE (12 ms)
[2025-07-24 14:30:23,478] 247933 DEBUG QUALANALYSIS_LOGGER: TokenGame: CHECK NET
[2025-07-24 14:30:23,483] 247938 DEBUG QUALANALYSIS_LOGGER:            ... DONE (5 ms)
[2025-07-24 14:30:26,134] 250589 DEBUG QUALANALYSIS_LOGGER: TokenGame: CHECK NET
[2025-07-24 14:30:26,140] 250595 DEBUG QUALANALYSIS_LOGGER:            ... DONE (6 ms)
[2025-07-24 14:30:30,566] 255021 DEBUG QUALANALYSIS_LOGGER: TokenGame: CHECK NET
[2025-07-24 14:30:30,573] 255028 DEBUG QUALANALYSIS_LOGGER:            ... DONE (7 ms)
[2025-07-24 14:30:33,912] 258367 DEBUG QUALANALYSIS_LOGGER: TokenGame: CHECK NET
[2025-07-24 14:30:33,945] 258400 DEBUG QUALANALYSIS_LOGGER:            ... DONE (33 ms)
[2025-07-24 14:30:36,317] 260772 DEBUG QUALANALYSIS_LOGGER: TokenGame: CHECK NET
[2025-07-24 14:30:36,328] 260783 DEBUG QUALANALYSIS_LOGGER:            ... DONE (11 ms)
[2025-07-24 14:30:55,395] 279850  INFO CONFIG_LOGGER: Configuration successfully saved to: C:\Users\User\.WoPeD-3.9.0\WoPeDconfig.xml
[2025-07-24 14:30:55,395] 279850  INFO GUI_LOGGER: EXIT WoPeD
[2025-07-24 15:11:29,960] 0  INFO GUI_LOGGER: INIT APPLICATION
[2025-07-24 15:11:29,987] 27  INFO CORE_LOGGER: START INIT Application
[2025-07-24 15:11:29,992] 32  INFO CONFIG_LOGGER: Setting default home directory: C:\Users\User\.WoPeD-3.9.0\nets\
[2025-07-24 15:11:29,993] 33  INFO CONFIG_LOGGER: Loading configuration from: C:\Users\User\.WoPeD-3.9.0\WoPeDconfig.xml.
[2025-07-24 15:11:30,142] 182  INFO CONFIG_LOGGER: Setting Locale to en_GB
[2025-07-24 15:11:30,145] 185  INFO CONFIG_LOGGER: Setting home directory: C:\Users\User\.WoPeD-3.9.0\nets\
[2025-07-24 15:11:30,145] 185  INFO CONFIG_LOGGER: Setting current working directory: null
[2025-07-24 15:11:30,145] 185  INFO CONFIG_LOGGER: Setting current working directory: C:\Users\User\.WoPeD-3.9.0\nets\
[2025-07-24 15:11:30,160] 200  INFO CONFIG_LOGGER: Configuration successfully loaded.
[2025-07-24 15:11:30,168] 208  WARN CONFIG_LOGGER: Configuration file not found: C:\Users\User\.WoPeD-3.9.0\WoPeDmetrics.xml. Using built-in settings.
[2025-07-24 15:11:30,187] 227  INFO CONFIG_LOGGER: Configuration successfully loaded.
[2025-07-24 15:11:30,215] 255  INFO CORE_LOGGER: Look-And-Feel set to com.sun.java.swing.plaf.windows.WindowsLookAndFeel
[2025-07-24 15:11:30,557] 597  INFO GUI_LOGGER: END  INIT Application
[2025-07-24 15:11:30,718] 758 DEBUG QUALANALYSIS_LOGGER: -> init() org.woped.qualanalysis.coverabilitygraph.gui.CoverabilityGraphFrameController
[2025-07-24 15:11:30,724] 764 DEBUG QUALANALYSIS_LOGGER: <- init() org.woped.qualanalysis.coverabilitygraph.gui.CoverabilityGraphFrameController
[2025-07-24 15:11:30,767] 807 DEBUG FILE_LOGGER: ##### START PNML Version (1.3.2) IMPORT #####
[2025-07-24 15:11:30,902] 942 DEBUG QUALANALYSIS_LOGGER: PT Handle Pairs calculated. (0 ms)
[2025-07-24 15:11:30,902] 942 DEBUG QUALANALYSIS_LOGGER: TP Handle Pairs calculated. (5 ms)
[2025-07-24 15:11:31,060] 1100 DEBUG FILE_LOGGER:  ... Place (ID:p1) imported
[2025-07-24 15:11:31,061] 1101 DEBUG FILE_LOGGER:  ... Place (ID:p2) imported
[2025-07-24 15:11:31,061] 1101 DEBUG FILE_LOGGER:  ... Place (ID:p3) imported
[2025-07-24 15:11:31,061] 1101 DEBUG FILE_LOGGER:  ... Place (ID:p4) imported
[2025-07-24 15:11:31,061] 1101 DEBUG FILE_LOGGER:  ... Place (ID:p5) imported
[2025-07-24 15:11:31,061] 1101 DEBUG FILE_LOGGER:  ... Place (ID:p6) imported
[2025-07-24 15:11:31,065] 1105 DEBUG FILE_LOGGER:  ... Transition (ID:t5) imported 
[2025-07-24 15:11:31,066] 1106 DEBUG FILE_LOGGER:  ... Transition (ID:t6) imported 
[2025-07-24 15:11:31,066] 1106 DEBUG FILE_LOGGER:  ... Transition (ID:t7) imported 
[2025-07-24 15:11:31,066] 1106 DEBUG FILE_LOGGER:  ... Transition (ID:t8) imported 
[2025-07-24 15:11:31,066] 1106 DEBUG FILE_LOGGER:  ... Transition (ID:t2) imported 
[2025-07-24 15:11:31,075] 1115 DEBUG FILE_LOGGER:  ... Arc created: (ID:a11) p5 -> t7 
[2025-07-24 15:11:31,075] 1115 DEBUG FILE_LOGGER:  ... Arc created: (ID:a22) p1 -> t2 
[2025-07-24 15:11:31,076] 1116 DEBUG FILE_LOGGER:  ... Arc created: (ID:a10) p5 -> t6 
[2025-07-24 15:11:31,076] 1116 DEBUG FILE_LOGGER:  ... Arc created: (ID:a13) t5 -> p6 
[2025-07-24 15:11:31,076] 1116 DEBUG FILE_LOGGER:  ... Arc created: (ID:a24) p4 -> t2 
[2025-07-24 15:11:31,076] 1116 DEBUG FILE_LOGGER:  ... Arc created: (ID:a12) p5 -> t8 
[2025-07-24 15:11:31,077] 1117 DEBUG FILE_LOGGER:  ... Arc created: (ID:a23) p3 -> t2 
[2025-07-24 15:11:31,077] 1117 DEBUG FILE_LOGGER:  ... Arc created: (ID:a15) t7 -> p6 
[2025-07-24 15:11:31,077] 1117 DEBUG FILE_LOGGER:  ... Arc created: (ID:a14) t6 -> p6 
[2025-07-24 15:11:31,077] 1117 DEBUG FILE_LOGGER:  ... Arc created: (ID:a17) t5 -> p1 
[2025-07-24 15:11:31,077] 1117 DEBUG FILE_LOGGER:  ... Arc created: (ID:a16) t8 -> p6 
[2025-07-24 15:11:31,078] 1118 DEBUG FILE_LOGGER:  ... Arc created: (ID:a19) t7 -> p3 
[2025-07-24 15:11:31,078] 1118 DEBUG FILE_LOGGER:  ... Arc created: (ID:a18) t6 -> p2 
[2025-07-24 15:11:31,078] 1118 DEBUG FILE_LOGGER:  ... Arc created: (ID:a2) p2 -> t2 
[2025-07-24 15:11:31,078] 1118 DEBUG FILE_LOGGER:  ... Arc created: (ID:a6) t2 -> p5 
[2025-07-24 15:11:31,078] 1118 DEBUG FILE_LOGGER:  ... Arc created: (ID:a9) p5 -> t5 
[2025-07-24 15:11:31,079] 1119 DEBUG FILE_LOGGER:  ... Arc created: (ID:a20) t8 -> p4 
[2025-07-24 15:11:31,145] 1185 DEBUG EDITOR_LOGGER: Net updated. (5 ms)
[2025-07-24 15:11:31,151] 1191 DEBUG EDITOR_LOGGER: Net updated. (6 ms)
[2025-07-24 15:11:31,151] 1191 DEBUG FILE_LOGGER: ##### END PNML IMPORT Version (1.3.2) ##### (384 ms)
[2025-07-24 15:11:31,151] 1191  INFO CONFIG_LOGGER: Setting current working directory: D:\BPA Series\SupplementsOnGithub\bpa\Short 17 Lotto
[2025-07-24 15:11:31,152] 1192  INFO FILE_LOGGER: Petrinet loaded from file: D:\BPA Series\SupplementsOnGithub\bpa\Short 17 Lotto\lotto.pnml
[2025-07-24 15:12:30,663] 60703 DEBUG EDITOR_LOGGER: START TokenGame
[2025-07-24 15:12:30,691] 60731 DEBUG QUALANALYSIS_LOGGER: TokenGame: CHECK NET
[2025-07-24 15:12:30,701] 60741 DEBUG QUALANALYSIS_LOGGER:            ... DONE (10 ms)
[2025-07-24 15:12:32,423] 62463 DEBUG QUALANALYSIS_LOGGER: TokenGame: CHECK NET
[2025-07-24 15:12:32,434] 62474 DEBUG QUALANALYSIS_LOGGER:            ... DONE (11 ms)
[2025-07-24 15:12:53,599] 83639 DEBUG QUALANALYSIS_LOGGER: TokenGame: CHECK NET
[2025-07-24 15:12:53,606] 83646 DEBUG QUALANALYSIS_LOGGER:            ... DONE (7 ms)
[2025-07-24 15:12:57,711] 87751 DEBUG QUALANALYSIS_LOGGER: TokenGame: CHECK NET
[2025-07-24 15:12:57,725] 87765 DEBUG QUALANALYSIS_LOGGER:            ... DONE (14 ms)
[2025-07-24 15:12:58,383] 88423 DEBUG QUALANALYSIS_LOGGER: TokenGame: CHECK NET
[2025-07-24 15:12:58,389] 88429 DEBUG QUALANALYSIS_LOGGER:            ... DONE (6 ms)
[2025-07-24 15:13:03,375] 93415 DEBUG QUALANALYSIS_LOGGER: TokenGame: CHECK NET
[2025-07-24 15:13:03,385] 93425 DEBUG QUALANALYSIS_LOGGER:            ... DONE (10 ms)
[2025-07-24 15:13:05,189] 95229 DEBUG QUALANALYSIS_LOGGER: TokenGame: CHECK NET
[2025-07-24 15:13:05,191] 95231 DEBUG QUALANALYSIS_LOGGER:            ... DONE (2 ms)
[2025-07-24 15:13:08,135] 98175 DEBUG QUALANALYSIS_LOGGER: TokenGame: CHECK NET
[2025-07-24 15:13:08,142] 98182 DEBUG QUALANALYSIS_LOGGER:            ... DONE (7 ms)
[2025-07-24 15:13:09,463] 99503 DEBUG QUALANALYSIS_LOGGER: TokenGame: CHECK NET
[2025-07-24 15:13:09,469] 99509 DEBUG QUALANALYSIS_LOGGER:            ... DONE (6 ms)
[2025-07-24 15:13:30,646] 120686 DEBUG QUALANALYSIS_LOGGER: TokenGame: CHECK NET
[2025-07-24 15:13:30,648] 120688 DEBUG QUALANALYSIS_LOGGER:            ... DONE (2 ms)
[2025-07-24 15:13:31,406] 121446 DEBUG QUALANALYSIS_LOGGER: TokenGame: CHECK NET
[2025-07-24 15:13:31,414] 121454 DEBUG QUALANALYSIS_LOGGER:            ... DONE (8 ms)
[2025-07-24 15:13:33,166] 123206 DEBUG QUALANALYSIS_LOGGER: TokenGame: CHECK NET
[2025-07-24 15:13:33,171] 123211 DEBUG QUALANALYSIS_LOGGER:            ... DONE (5 ms)
[2025-07-24 15:13:35,023] 125063 DEBUG QUALANALYSIS_LOGGER: TokenGame: CHECK NET
[2025-07-24 15:13:35,029] 125069 DEBUG QUALANALYSIS_LOGGER:            ... DONE (6 ms)
[2025-07-24 15:13:35,208] 125248 DEBUG QUALANALYSIS_LOGGER: TokenGame: CHECK NET
[2025-07-24 15:13:35,213] 125253 DEBUG QUALANALYSIS_LOGGER:            ... DONE (5 ms)
[2025-07-24 15:13:36,390] 126430 DEBUG QUALANALYSIS_LOGGER: TokenGame: CHECK NET
[2025-07-24 15:13:36,398] 126438 DEBUG QUALANALYSIS_LOGGER:            ... DONE (8 ms)
[2025-07-24 15:13:38,412] 128452 DEBUG QUALANALYSIS_LOGGER: TokenGame: CHECK NET
[2025-07-24 15:13:38,414] 128454 DEBUG QUALANALYSIS_LOGGER:            ... DONE (2 ms)
[2025-07-24 15:13:39,680] 129720 DEBUG QUALANALYSIS_LOGGER: TokenGame: CHECK NET
[2025-07-24 15:13:39,695] 129735 DEBUG QUALANALYSIS_LOGGER:            ... DONE (15 ms)
[2025-07-24 15:18:06,720] 396760 DEBUG FILE_LOGGER: ##### START PNML EXPORT #####
[2025-07-24 15:18:06,733] 396773 DEBUG FILE_LOGGER:    ... Place (ID:p1) set
[2025-07-24 15:18:06,736] 396776 DEBUG FILE_LOGGER:    ... Transition (ID:t5) set
[2025-07-24 15:18:06,736] 396776 DEBUG FILE_LOGGER:    ... Place (ID:p2) set
[2025-07-24 15:18:06,737] 396777 DEBUG FILE_LOGGER:    ... Transition (ID:t6) set
[2025-07-24 15:18:06,737] 396777 DEBUG FILE_LOGGER:    ... Place (ID:p3) set
[2025-07-24 15:18:06,737] 396777 DEBUG FILE_LOGGER:    ... Transition (ID:t7) set
[2025-07-24 15:18:06,737] 396777 DEBUG FILE_LOGGER:    ... Place (ID:p4) set
[2025-07-24 15:18:06,738] 396778 DEBUG FILE_LOGGER:    ... Transition (ID:t8) set
[2025-07-24 15:18:06,738] 396778 DEBUG FILE_LOGGER:    ... Place (ID:p5) set
[2025-07-24 15:18:06,738] 396778 DEBUG FILE_LOGGER:    ... Place (ID:p6) set
[2025-07-24 15:18:06,738] 396778 DEBUG FILE_LOGGER:    ... Transition (ID:t2) set
[2025-07-24 15:18:06,739] 396779 DEBUG FILE_LOGGER:    ... Arc (ID:a11( p5 -> t7) set
[2025-07-24 15:18:06,740] 396780 DEBUG FILE_LOGGER: ... Arc label position: X = 500.0 / Y = 12.0
[2025-07-24 15:18:06,740] 396780 DEBUG FILE_LOGGER:    ... Arc (ID:a22( p1 -> t2) set
[2025-07-24 15:18:06,740] 396780 DEBUG FILE_LOGGER: ... Arc label position: X = 500.0 / Y = 12.0
[2025-07-24 15:18:06,740] 396780 DEBUG FILE_LOGGER:    ... Arc (ID:a10( p5 -> t6) set
[2025-07-24 15:18:06,740] 396780 DEBUG FILE_LOGGER: ... Arc label position: X = 500.0 / Y = 12.0
[2025-07-24 15:18:06,741] 396781 DEBUG FILE_LOGGER:    ... Arc (ID:a13( t5 -> p6) set
[2025-07-24 15:18:06,741] 396781 DEBUG FILE_LOGGER: ... Arc label position: X = 500.0 / Y = 12.0
[2025-07-24 15:18:06,741] 396781 DEBUG FILE_LOGGER:    ... Arc (ID:a24( p4 -> t2) set
[2025-07-24 15:18:06,741] 396781 DEBUG FILE_LOGGER: ... Arc label position: X = 500.0 / Y = 12.0
[2025-07-24 15:18:06,741] 396781 DEBUG FILE_LOGGER:    ... Arc (ID:a12( p5 -> t8) set
[2025-07-24 15:18:06,741] 396781 DEBUG FILE_LOGGER: ... Arc label position: X = 500.0 / Y = 12.0
[2025-07-24 15:18:06,741] 396781 DEBUG FILE_LOGGER:    ... Arc (ID:a23( p3 -> t2) set
[2025-07-24 15:18:06,742] 396782 DEBUG FILE_LOGGER: ... Arc label position: X = 500.0 / Y = 12.0
[2025-07-24 15:18:06,742] 396782 DEBUG FILE_LOGGER:    ... Arc (ID:a15( t7 -> p6) set
[2025-07-24 15:18:06,742] 396782 DEBUG FILE_LOGGER: ... Arc label position: X = 500.0 / Y = 12.0
[2025-07-24 15:18:06,742] 396782 DEBUG FILE_LOGGER:    ... Arc (ID:a14( t6 -> p6) set
[2025-07-24 15:18:06,742] 396782 DEBUG FILE_LOGGER: ... Arc label position: X = 500.0 / Y = 12.0
[2025-07-24 15:18:06,742] 396782 DEBUG FILE_LOGGER:    ... Arc (ID:a17( t5 -> p1) set
[2025-07-24 15:18:06,742] 396782 DEBUG FILE_LOGGER: ... Arc label position: X = 500.0 / Y = 12.0
[2025-07-24 15:18:06,742] 396782 DEBUG FILE_LOGGER:    ... Arc (ID:a16( t8 -> p6) set
[2025-07-24 15:18:06,743] 396783 DEBUG FILE_LOGGER: ... Arc label position: X = 500.0 / Y = 12.0
[2025-07-24 15:18:06,743] 396783 DEBUG FILE_LOGGER:    ... Arc (ID:a19( t7 -> p3) set
[2025-07-24 15:18:06,743] 396783 DEBUG FILE_LOGGER: ... Arc label position: X = 500.0 / Y = 12.0
[2025-07-24 15:18:06,743] 396783 DEBUG FILE_LOGGER:    ... Arc (ID:a18( t6 -> p2) set
[2025-07-24 15:18:06,743] 396783 DEBUG FILE_LOGGER: ... Arc label position: X = 500.0 / Y = 12.0
[2025-07-24 15:18:06,743] 396783 DEBUG FILE_LOGGER:    ... Arc (ID:a2( p2 -> t2) set
[2025-07-24 15:18:06,743] 396783 DEBUG FILE_LOGGER: ... Arc label position: X = 500.0 / Y = 12.0
[2025-07-24 15:18:06,744] 396784 DEBUG FILE_LOGGER:    ... Arc (ID:a6( t2 -> p5) set
[2025-07-24 15:18:06,744] 396784 DEBUG FILE_LOGGER: ... Arc label position: X = 500.0 / Y = 12.0
[2025-07-24 15:18:06,744] 396784 DEBUG FILE_LOGGER:    ... Arc (ID:a9( p5 -> t5) set
[2025-07-24 15:18:06,744] 396784 DEBUG FILE_LOGGER: ... Arc label position: X = 500.0 / Y = 12.0
[2025-07-24 15:18:06,744] 396784 DEBUG FILE_LOGGER:    ... Arc (ID:a20( t8 -> p4) set
[2025-07-24 15:18:06,744] 396784 DEBUG FILE_LOGGER: ... Arc label position: X = 500.0 / Y = 12.0
[2025-07-24 15:18:06,760] 396800 DEBUG FILE_LOGGER: ##### END PNML EXPORT ##### (39 ms)
[2025-07-24 15:18:06,760] 396800  INFO FILE_LOGGER: Petrinet saved in file: D:\BPA Series\SupplementsOnGithub\bpa\Short 17 Lotto\lotto.pnml
[2025-07-24 15:18:06,760] 396800  INFO CONFIG_LOGGER: Setting current working directory: null
[2025-07-24 15:18:06,772] 396812  INFO CONFIG_LOGGER: Configuration successfully saved to: C:\Users\User\.WoPeD-3.9.0\WoPeDconfig.xml
[2025-07-24 15:18:06,772] 396812  INFO GUI_LOGGER: EXIT WoPeD
[2025-11-03 09:25:35,879] 0  INFO GUI_LOGGER: INIT APPLICATION
[2025-11-03 09:25:35,914] 35  INFO CORE_LOGGER: START INIT Application
[2025-11-03 09:25:35,918] 39  INFO CONFIG_LOGGER: Setting default home directory: C:\Users\User\.WoPeD-3.9.0\nets\
[2025-11-03 09:25:35,919] 40  INFO CONFIG_LOGGER: Loading configuration from: C:\Users\User\.WoPeD-3.9.0\WoPeDconfig.xml.
[2025-11-03 09:25:36,063] 184  INFO CONFIG_LOGGER: Setting Locale to en_GB
[2025-11-03 09:25:36,066] 187  INFO CONFIG_LOGGER: Setting home directory: C:\Users\User\.WoPeD-3.9.0\nets\
[2025-11-03 09:25:36,066] 187  INFO CONFIG_LOGGER: Setting current working directory: null
[2025-11-03 09:25:36,066] 187  INFO CONFIG_LOGGER: Setting current working directory: C:\Users\User\.WoPeD-3.9.0\nets\
[2025-11-03 09:25:36,078] 199  INFO CONFIG_LOGGER: Configuration successfully loaded.
[2025-11-03 09:25:36,085] 206  WARN CONFIG_LOGGER: Configuration file not found: C:\Users\User\.WoPeD-3.9.0\WoPeDmetrics.xml. Using built-in settings.
[2025-11-03 09:25:36,101] 222  INFO CONFIG_LOGGER: Configuration successfully loaded.
[2025-11-03 09:25:36,130] 251  INFO CORE_LOGGER: Look-And-Feel set to com.sun.java.swing.plaf.windows.WindowsLookAndFeel
[2025-11-03 09:25:36,503] 624  INFO GUI_LOGGER: END  INIT Application
[2025-11-03 09:25:36,651] 772 DEBUG QUALANALYSIS_LOGGER: -> init() org.woped.qualanalysis.coverabilitygraph.gui.CoverabilityGraphFrameController
[2025-11-03 09:25:36,656] 777 DEBUG QUALANALYSIS_LOGGER: <- init() org.woped.qualanalysis.coverabilitygraph.gui.CoverabilityGraphFrameController
[2025-11-03 09:25:36,702] 823 DEBUG FILE_LOGGER: ##### START PNML Version (1.3.2) IMPORT #####
[2025-11-03 09:25:36,826] 947 DEBUG QUALANALYSIS_LOGGER: PT Handle Pairs calculated. (0 ms)
[2025-11-03 09:25:36,827] 948 DEBUG QUALANALYSIS_LOGGER: TP Handle Pairs calculated. (7 ms)
[2025-11-03 09:25:36,981] 1102 DEBUG FILE_LOGGER:  ... Place (ID:p1) imported
[2025-11-03 09:25:36,981] 1102 DEBUG FILE_LOGGER:  ... Place (ID:p2) imported
[2025-11-03 09:25:36,981] 1102 DEBUG FILE_LOGGER:  ... Place (ID:p3) imported
[2025-11-03 09:25:36,981] 1102 DEBUG FILE_LOGGER:  ... Place (ID:p4) imported
[2025-11-03 09:25:36,981] 1102 DEBUG FILE_LOGGER:  ... Place (ID:p5) imported
[2025-11-03 09:25:36,982] 1103 DEBUG FILE_LOGGER:  ... Place (ID:p6) imported
[2025-11-03 09:25:36,987] 1108 DEBUG FILE_LOGGER:  ... Transition (ID:t5) imported 
[2025-11-03 09:25:36,988] 1109 DEBUG FILE_LOGGER:  ... Transition (ID:t6) imported 
[2025-11-03 09:25:36,988] 1109 DEBUG FILE_LOGGER:  ... Transition (ID:t7) imported 
[2025-11-03 09:25:36,988] 1109 DEBUG FILE_LOGGER:  ... Transition (ID:t8) imported 
[2025-11-03 09:25:36,988] 1109 DEBUG FILE_LOGGER:  ... Transition (ID:t2) imported 
[2025-11-03 09:25:36,994] 1115 DEBUG FILE_LOGGER:  ... Arc created: (ID:a11) p5 -> t7 
[2025-11-03 09:25:36,994] 1115 DEBUG FILE_LOGGER:  ... Arc created: (ID:a22) p1 -> t2 
[2025-11-03 09:25:36,994] 1115 DEBUG FILE_LOGGER:  ... Arc created: (ID:a10) p5 -> t6 
[2025-11-03 09:25:36,995] 1116 DEBUG FILE_LOGGER:  ... Arc created: (ID:a13) t5 -> p6 
[2025-11-03 09:25:36,995] 1116 DEBUG FILE_LOGGER:  ... Arc created: (ID:a24) p4 -> t2 
[2025-11-03 09:25:36,995] 1116 DEBUG FILE_LOGGER:  ... Arc created: (ID:a12) p5 -> t8 
[2025-11-03 09:25:36,995] 1116 DEBUG FILE_LOGGER:  ... Arc created: (ID:a23) p3 -> t2 
[2025-11-03 09:25:36,995] 1116 DEBUG FILE_LOGGER:  ... Arc created: (ID:a15) t7 -> p6 
[2025-11-03 09:25:36,996] 1117 DEBUG FILE_LOGGER:  ... Arc created: (ID:a14) t6 -> p6 
[2025-11-03 09:25:36,996] 1117 DEBUG FILE_LOGGER:  ... Arc created: (ID:a17) t5 -> p1 
[2025-11-03 09:25:36,996] 1117 DEBUG FILE_LOGGER:  ... Arc created: (ID:a16) t8 -> p6 
[2025-11-03 09:25:36,996] 1117 DEBUG FILE_LOGGER:  ... Arc created: (ID:a19) t7 -> p3 
[2025-11-03 09:25:36,996] 1117 DEBUG FILE_LOGGER:  ... Arc created: (ID:a18) t6 -> p2 
[2025-11-03 09:25:36,997] 1118 DEBUG FILE_LOGGER:  ... Arc created: (ID:a2) p2 -> t2 
[2025-11-03 09:25:36,997] 1118 DEBUG FILE_LOGGER:  ... Arc created: (ID:a6) t2 -> p5 
[2025-11-03 09:25:36,997] 1118 DEBUG FILE_LOGGER:  ... Arc created: (ID:a9) p5 -> t5 
[2025-11-03 09:25:36,997] 1118 DEBUG FILE_LOGGER:  ... Arc created: (ID:a20) t8 -> p4 
[2025-11-03 09:25:37,062] 1183 DEBUG EDITOR_LOGGER: Net updated. (3 ms)
[2025-11-03 09:25:37,069] 1190 DEBUG EDITOR_LOGGER: Net updated. (5 ms)
[2025-11-03 09:25:37,069] 1190 DEBUG FILE_LOGGER: ##### END PNML IMPORT Version (1.3.2) ##### (366 ms)
[2025-11-03 09:25:37,069] 1190  INFO CONFIG_LOGGER: Setting current working directory: D:\BPA Series\SupplementsOnGithub\bpa\Short 17 Lotto
[2025-11-03 09:25:37,070] 1191  INFO FILE_LOGGER: Petrinet loaded from file: D:\BPA Series\SupplementsOnGithub\bpa\Short 17 Lotto\lotto.pnml
[2025-11-03 09:27:42,095] 126216 DEBUG EDITOR_LOGGER: Net updated. (2 ms)
[2025-11-03 09:27:42,110] 126231 DEBUG QUALANALYSIS_LOGGER: Calculating flow from 'p5' to 't2'
[2025-11-03 09:27:42,110] 126231 DEBUG QUALANALYSIS_LOGGER: Resulting flow = 4
[2025-11-03 09:27:42,111] 126232 DEBUG QUALANALYSIS_LOGGER: PT Handle Pairs calculated. (1715 ms)
[2025-11-03 09:27:42,112] 126233 DEBUG QUALANALYSIS_LOGGER: Calculating flow from 't6' to 'p6'
[2025-11-03 09:27:42,112] 126233 DEBUG QUALANALYSIS_LOGGER: Resulting flow = 2
[2025-11-03 09:27:42,112] 126233 DEBUG QUALANALYSIS_LOGGER: Calculating flow from 't5' to 'p6'
[2025-11-03 09:27:42,112] 126233 DEBUG QUALANALYSIS_LOGGER: Resulting flow = 2
[2025-11-03 09:27:42,112] 126233 DEBUG QUALANALYSIS_LOGGER: Calculating flow from 't8' to 'p6'
[2025-11-03 09:27:42,113] 126234 DEBUG QUALANALYSIS_LOGGER: Resulting flow = 2
[2025-11-03 09:27:42,113] 126234 DEBUG QUALANALYSIS_LOGGER: Calculating flow from 't7' to 'p6'
[2025-11-03 09:27:42,113] 126234 DEBUG QUALANALYSIS_LOGGER: Resulting flow = 2
[2025-11-03 09:27:42,113] 126234 DEBUG QUALANALYSIS_LOGGER: TP Handle Pairs calculated. (420 ms)
[2025-11-03 09:27:42,487] 126608  INFO FILE_LOGGER: Local WoPeD analysis started.
[2025-11-03 09:29:09,302] 213423 DEBUG EDITOR_LOGGER: START TokenGame
[2025-11-03 09:29:09,307] 213428 DEBUG QUALANALYSIS_LOGGER: TokenGame: CHECK NET
[2025-11-03 09:29:09,308] 213429 DEBUG QUALANALYSIS_LOGGER:            ... DONE (1 ms)
[2025-11-03 09:29:11,021] 215142 DEBUG QUALANALYSIS_LOGGER: TokenGame: CHECK NET
[2025-11-03 09:29:11,023] 215144 DEBUG QUALANALYSIS_LOGGER:            ... DONE (2 ms)
[2025-11-03 09:29:17,268] 221389 DEBUG QUALANALYSIS_LOGGER: TokenGame: CHECK NET
[2025-11-03 09:29:17,270] 221391 DEBUG QUALANALYSIS_LOGGER:            ... DONE (2 ms)
[2025-11-03 09:29:21,661] 225782 DEBUG QUALANALYSIS_LOGGER: TokenGame: CHECK NET
[2025-11-03 09:29:21,663] 225784 DEBUG QUALANALYSIS_LOGGER:            ... DONE (2 ms)
[2025-11-03 09:29:22,668] 226789 DEBUG QUALANALYSIS_LOGGER: TokenGame: CHECK NET
[2025-11-03 09:29:22,670] 226791 DEBUG QUALANALYSIS_LOGGER:            ... DONE (2 ms)
[2025-11-03 09:29:23,334] 227455 DEBUG QUALANALYSIS_LOGGER: TokenGame: CHECK NET
[2025-11-03 09:29:23,335] 227456 DEBUG QUALANALYSIS_LOGGER:            ... DONE (1 ms)
[2025-11-03 09:29:24,260] 228381 DEBUG QUALANALYSIS_LOGGER: TokenGame: CHECK NET
[2025-11-03 09:29:24,263] 228384 DEBUG QUALANALYSIS_LOGGER:            ... DONE (3 ms)
[2025-11-03 09:29:24,885] 229006 DEBUG QUALANALYSIS_LOGGER: TokenGame: CHECK NET
[2025-11-03 09:29:24,887] 229008 DEBUG QUALANALYSIS_LOGGER:            ... DONE (2 ms)
[2025-11-03 09:29:25,829] 229950 DEBUG QUALANALYSIS_LOGGER: TokenGame: CHECK NET
[2025-11-03 09:29:25,831] 229952 DEBUG QUALANALYSIS_LOGGER:            ... DONE (2 ms)
[2025-11-03 09:29:26,516] 230637 DEBUG QUALANALYSIS_LOGGER: TokenGame: CHECK NET
[2025-11-03 09:29:26,518] 230639 DEBUG QUALANALYSIS_LOGGER:            ... DONE (2 ms)
[2025-11-03 09:29:27,341] 231462 DEBUG QUALANALYSIS_LOGGER: TokenGame: CHECK NET
[2025-11-03 09:29:27,342] 231463 DEBUG QUALANALYSIS_LOGGER:            ... DONE (1 ms)
[2025-11-03 09:29:27,949] 232070 DEBUG QUALANALYSIS_LOGGER: TokenGame: CHECK NET
[2025-11-03 09:29:27,951] 232072 DEBUG QUALANALYSIS_LOGGER:            ... DONE (2 ms)
[2025-11-03 09:29:28,724] 232845 DEBUG QUALANALYSIS_LOGGER: TokenGame: CHECK NET
[2025-11-03 09:29:28,726] 232847 DEBUG QUALANALYSIS_LOGGER:            ... DONE (2 ms)
[2025-11-03 09:29:29,412] 233533 DEBUG QUALANALYSIS_LOGGER: TokenGame: CHECK NET
[2025-11-03 09:29:29,415] 233536 DEBUG QUALANALYSIS_LOGGER:            ... DONE (3 ms)
[2025-11-03 09:29:30,398] 234519 DEBUG QUALANALYSIS_LOGGER: TokenGame: CHECK NET
[2025-11-03 09:29:30,399] 234520 DEBUG QUALANALYSIS_LOGGER:            ... DONE (1 ms)
[2025-11-03 09:29:31,334] 235455 DEBUG QUALANALYSIS_LOGGER: TokenGame: CHECK NET
[2025-11-03 09:29:31,336] 235457 DEBUG QUALANALYSIS_LOGGER:            ... DONE (2 ms)
[2025-11-03 09:29:32,068] 236189 DEBUG QUALANALYSIS_LOGGER: TokenGame: CHECK NET
[2025-11-03 09:29:32,070] 236191 DEBUG QUALANALYSIS_LOGGER:            ... DONE (2 ms)
[2025-11-03 09:29:32,861] 236982 DEBUG QUALANALYSIS_LOGGER: TokenGame: CHECK NET
[2025-11-03 09:29:32,863] 236984 DEBUG QUALANALYSIS_LOGGER:            ... DONE (2 ms)
[2025-11-03 09:29:33,725] 237846 DEBUG QUALANALYSIS_LOGGER: TokenGame: CHECK NET
[2025-11-03 09:29:33,727] 237848 DEBUG QUALANALYSIS_LOGGER:            ... DONE (2 ms)
[2025-11-03 09:29:34,421] 238542 DEBUG QUALANALYSIS_LOGGER: TokenGame: CHECK NET
[2025-11-03 09:29:34,423] 238544 DEBUG QUALANALYSIS_LOGGER:            ... DONE (2 ms)
[2025-11-03 09:29:36,988] 241109 DEBUG QUALANALYSIS_LOGGER: TokenGame: CHECK NET
[2025-11-03 09:29:36,990] 241111 DEBUG QUALANALYSIS_LOGGER:            ... DONE (2 ms)
[2025-11-03 09:29:48,405] 252526 DEBUG QUALANALYSIS_LOGGER: TokenGame: CHECK NET
[2025-11-03 09:29:48,407] 252528 DEBUG QUALANALYSIS_LOGGER:            ... DONE (2 ms)
[2025-11-03 09:29:50,341] 254462 DEBUG QUALANALYSIS_LOGGER: TokenGame: CHECK NET
[2025-11-03 09:29:50,343] 254464 DEBUG QUALANALYSIS_LOGGER:            ... DONE (2 ms)
[2025-11-03 09:29:51,188] 255309 DEBUG QUALANALYSIS_LOGGER: TokenGame: CHECK NET
[2025-11-03 09:29:51,191] 255312 DEBUG QUALANALYSIS_LOGGER:            ... DONE (3 ms)
[2025-11-03 09:29:51,916] 256037 DEBUG QUALANALYSIS_LOGGER: TokenGame: CHECK NET
[2025-11-03 09:29:51,918] 256039 DEBUG QUALANALYSIS_LOGGER:            ... DONE (2 ms)
[2025-11-03 09:29:53,093] 257214 DEBUG QUALANALYSIS_LOGGER: TokenGame: CHECK NET
[2025-11-03 09:29:53,094] 257215 DEBUG QUALANALYSIS_LOGGER:            ... DONE (1 ms)
[2025-11-03 09:29:53,780] 257901 DEBUG QUALANALYSIS_LOGGER: TokenGame: CHECK NET
[2025-11-03 09:29:53,782] 257903 DEBUG QUALANALYSIS_LOGGER:            ... DONE (2 ms)
[2025-11-03 09:29:54,620] 258741 DEBUG QUALANALYSIS_LOGGER: TokenGame: CHECK NET
[2025-11-03 09:29:54,622] 258743 DEBUG QUALANALYSIS_LOGGER:            ... DONE (2 ms)
[2025-11-03 09:29:55,324] 259445 DEBUG QUALANALYSIS_LOGGER: TokenGame: CHECK NET
[2025-11-03 09:29:55,326] 259447 DEBUG QUALANALYSIS_LOGGER:            ... DONE (2 ms)
[2025-11-03 09:29:56,188] 260309 DEBUG QUALANALYSIS_LOGGER: TokenGame: CHECK NET
[2025-11-03 09:29:56,190] 260311 DEBUG QUALANALYSIS_LOGGER:            ... DONE (2 ms)
[2025-11-03 09:29:57,268] 261389 DEBUG QUALANALYSIS_LOGGER: TokenGame: CHECK NET
[2025-11-03 09:29:57,271] 261392 DEBUG QUALANALYSIS_LOGGER:            ... DONE (3 ms)
[2025-11-03 09:29:58,428] 262549 DEBUG QUALANALYSIS_LOGGER: TokenGame: CHECK NET
[2025-11-03 09:29:58,430] 262551 DEBUG QUALANALYSIS_LOGGER:            ... DONE (2 ms)
[2025-11-03 09:29:59,180] 263301 DEBUG QUALANALYSIS_LOGGER: TokenGame: CHECK NET
[2025-11-03 09:29:59,183] 263304 DEBUG QUALANALYSIS_LOGGER:            ... DONE (3 ms)
[2025-11-03 09:29:59,861] 263982 DEBUG QUALANALYSIS_LOGGER: TokenGame: CHECK NET
[2025-11-03 09:29:59,863] 263984 DEBUG QUALANALYSIS_LOGGER:            ... DONE (2 ms)
[2025-11-03 09:30:00,644] 264765 DEBUG QUALANALYSIS_LOGGER: TokenGame: CHECK NET
[2025-11-03 09:30:00,646] 264767 DEBUG QUALANALYSIS_LOGGER:            ... DONE (2 ms)
[2025-11-03 09:30:01,349] 265470 DEBUG QUALANALYSIS_LOGGER: TokenGame: CHECK NET
[2025-11-03 09:30:01,350] 265471 DEBUG QUALANALYSIS_LOGGER:            ... DONE (1 ms)
[2025-11-03 09:30:01,972] 266093 DEBUG QUALANALYSIS_LOGGER: TokenGame: CHECK NET
[2025-11-03 09:30:01,974] 266095 DEBUG QUALANALYSIS_LOGGER:            ... DONE (2 ms)
[2025-11-03 09:30:02,828] 266949 DEBUG QUALANALYSIS_LOGGER: TokenGame: CHECK NET
[2025-11-03 09:30:02,831] 266952 DEBUG QUALANALYSIS_LOGGER:            ... DONE (3 ms)
[2025-11-03 09:30:03,700] 267821 DEBUG QUALANALYSIS_LOGGER: TokenGame: CHECK NET
[2025-11-03 09:30:03,702] 267823 DEBUG QUALANALYSIS_LOGGER:            ... DONE (2 ms)
[2025-11-03 09:30:04,340] 268461 DEBUG QUALANALYSIS_LOGGER: TokenGame: CHECK NET
[2025-11-03 09:30:04,343] 268464 DEBUG QUALANALYSIS_LOGGER:            ... DONE (3 ms)
[2025-11-03 09:30:05,061] 269182 DEBUG QUALANALYSIS_LOGGER: TokenGame: CHECK NET
[2025-11-03 09:30:05,063] 269184 DEBUG QUALANALYSIS_LOGGER:            ... DONE (2 ms)
[2025-11-03 09:30:05,708] 269829 DEBUG QUALANALYSIS_LOGGER: TokenGame: CHECK NET
[2025-11-03 09:30:05,710] 269831 DEBUG QUALANALYSIS_LOGGER:            ... DONE (2 ms)
[2025-11-03 09:30:06,445] 270566 DEBUG QUALANALYSIS_LOGGER: TokenGame: CHECK NET
[2025-11-03 09:30:06,447] 270568 DEBUG QUALANALYSIS_LOGGER:            ... DONE (2 ms)
[2025-11-03 09:30:07,180] 271301 DEBUG QUALANALYSIS_LOGGER: TokenGame: CHECK NET
[2025-11-03 09:30:07,182] 271303 DEBUG QUALANALYSIS_LOGGER:            ... DONE (2 ms)
[2025-11-03 09:30:07,964] 272085 DEBUG QUALANALYSIS_LOGGER: TokenGame: CHECK NET
[2025-11-03 09:30:07,966] 272087 DEBUG QUALANALYSIS_LOGGER:            ... DONE (2 ms)
[2025-11-03 09:30:08,829] 272950 DEBUG QUALANALYSIS_LOGGER: TokenGame: CHECK NET
[2025-11-03 09:30:08,831] 272952 DEBUG QUALANALYSIS_LOGGER:            ... DONE (2 ms)
[2025-11-03 09:30:09,629] 273750 DEBUG QUALANALYSIS_LOGGER: TokenGame: CHECK NET
[2025-11-03 09:30:09,631] 273752 DEBUG QUALANALYSIS_LOGGER:            ... DONE (2 ms)
[2025-11-03 09:30:10,388] 274509 DEBUG QUALANALYSIS_LOGGER: TokenGame: CHECK NET
[2025-11-03 09:30:10,390] 274511 DEBUG QUALANALYSIS_LOGGER:            ... DONE (2 ms)
[2025-11-03 09:30:11,246] 275367 DEBUG QUALANALYSIS_LOGGER: TokenGame: CHECK NET
[2025-11-03 09:30:11,249] 275370 DEBUG QUALANALYSIS_LOGGER:            ... DONE (3 ms)
[2025-11-03 09:30:12,126] 276247 DEBUG QUALANALYSIS_LOGGER: TokenGame: CHECK NET
[2025-11-03 09:30:12,127] 276248 DEBUG QUALANALYSIS_LOGGER:            ... DONE (1 ms)
[2025-11-03 09:30:12,844] 276965 DEBUG QUALANALYSIS_LOGGER: TokenGame: CHECK NET
[2025-11-03 09:30:12,846] 276967 DEBUG QUALANALYSIS_LOGGER:            ... DONE (2 ms)
[2025-11-03 09:30:13,661] 277782 DEBUG QUALANALYSIS_LOGGER: TokenGame: CHECK NET
[2025-11-03 09:30:13,662] 277783 DEBUG QUALANALYSIS_LOGGER:            ... DONE (1 ms)
[2025-11-03 09:30:14,437] 278558 DEBUG QUALANALYSIS_LOGGER: TokenGame: CHECK NET
[2025-11-03 09:30:14,438] 278559 DEBUG QUALANALYSIS_LOGGER:            ... DONE (1 ms)
[2025-11-03 09:30:15,252] 279373 DEBUG QUALANALYSIS_LOGGER: TokenGame: CHECK NET
[2025-11-03 09:30:15,255] 279376 DEBUG QUALANALYSIS_LOGGER:            ... DONE (3 ms)
[2025-11-03 09:30:25,789] 289910 DEBUG QUALANALYSIS_LOGGER: TokenGame: CHECK NET
[2025-11-03 09:30:25,790] 289911 DEBUG QUALANALYSIS_LOGGER:            ... DONE (1 ms)
[2025-11-03 09:30:27,469] 291590 DEBUG QUALANALYSIS_LOGGER: TokenGame: CHECK NET
[2025-11-03 09:30:27,471] 291592 DEBUG QUALANALYSIS_LOGGER:            ... DONE (2 ms)
[2025-11-03 09:30:28,796] 292917 DEBUG QUALANALYSIS_LOGGER: TokenGame: CHECK NET
[2025-11-03 09:30:28,799] 292920 DEBUG QUALANALYSIS_LOGGER:            ... DONE (3 ms)
[2025-11-03 09:30:29,437] 293558 DEBUG QUALANALYSIS_LOGGER: TokenGame: CHECK NET
[2025-11-03 09:30:29,438] 293559 DEBUG QUALANALYSIS_LOGGER:            ... DONE (1 ms)
[2025-11-03 09:30:53,549] 317670 DEBUG QUALANALYSIS_LOGGER: TokenGame: CHECK NET
[2025-11-03 09:30:53,551] 317672 DEBUG QUALANALYSIS_LOGGER:            ... DONE (2 ms)
[2025-11-03 09:30:53,551] 317672 DEBUG EDITOR_LOGGER: STOP TokenGame
[2025-11-03 09:31:10,230] 334351 DEBUG EDITOR_LOGGER: Net updated. (1 ms)
[2025-11-03 09:31:14,157] 338278 DEBUG EDITOR_LOGGER: Net updated. (1 ms)
[2025-11-03 09:31:17,421] 341542 DEBUG EDITOR_LOGGER: Net updated. (1 ms)
[2025-11-03 09:31:21,270] 345391 DEBUG EDITOR_LOGGER: Net updated. (1 ms)
[2025-11-03 09:32:16,743] 400864 DEBUG FILE_LOGGER: ##### START PNML EXPORT #####
[2025-11-03 09:32:16,754] 400875 DEBUG FILE_LOGGER:    ... Place (ID:p1) set
[2025-11-03 09:32:16,757] 400878 DEBUG FILE_LOGGER:    ... Transition (ID:t5) set
[2025-11-03 09:32:16,758] 400879 DEBUG FILE_LOGGER:    ... Place (ID:p2) set
[2025-11-03 09:32:16,758] 400879 DEBUG FILE_LOGGER:    ... Transition (ID:t6) set
[2025-11-03 09:32:16,758] 400879 DEBUG FILE_LOGGER:    ... Place (ID:p3) set
[2025-11-03 09:32:16,759] 400880 DEBUG FILE_LOGGER:    ... Transition (ID:t7) set
[2025-11-03 09:32:16,759] 400880 DEBUG FILE_LOGGER:    ... Place (ID:p4) set
[2025-11-03 09:32:16,759] 400880 DEBUG FILE_LOGGER:    ... Transition (ID:t8) set
[2025-11-03 09:32:16,759] 400880 DEBUG FILE_LOGGER:    ... Place (ID:p5) set
[2025-11-03 09:32:16,760] 400881 DEBUG FILE_LOGGER:    ... Place (ID:p6) set
[2025-11-03 09:32:16,760] 400881 DEBUG FILE_LOGGER:    ... Transition (ID:t2) set
[2025-11-03 09:32:16,761] 400882 DEBUG FILE_LOGGER:    ... Arc (ID:a11( p5 -> t7) set
[2025-11-03 09:32:16,761] 400882 DEBUG FILE_LOGGER: ... Arc label position: X = 500.0 / Y = 12.0
[2025-11-03 09:32:16,761] 400882 DEBUG FILE_LOGGER:    ... Arc (ID:a22( p1 -> t2) set
[2025-11-03 09:32:16,761] 400882 DEBUG FILE_LOGGER: ... Arc label position: X = 500.0 / Y = 12.0
[2025-11-03 09:32:16,762] 400883 DEBUG FILE_LOGGER:    ... Arc (ID:a10( p5 -> t6) set
[2025-11-03 09:32:16,762] 400883 DEBUG FILE_LOGGER: ... Arc label position: X = 500.0 / Y = 12.0
[2025-11-03 09:32:16,762] 400883 DEBUG FILE_LOGGER:    ... Arc (ID:a13( t5 -> p6) set
[2025-11-03 09:32:16,762] 400883 DEBUG FILE_LOGGER: ... Arc label position: X = 500.0 / Y = 12.0
[2025-11-03 09:32:16,762] 400883 DEBUG FILE_LOGGER:    ... Arc (ID:a24( p4 -> t2) set
[2025-11-03 09:32:16,762] 400883 DEBUG FILE_LOGGER: ... Arc label position: X = 500.0 / Y = 12.0
[2025-11-03 09:32:16,762] 400883 DEBUG FILE_LOGGER:    ... Arc (ID:a12( p5 -> t8) set
[2025-11-03 09:32:16,763] 400884 DEBUG FILE_LOGGER: ... Arc label position: X = 500.0 / Y = 12.0
[2025-11-03 09:32:16,763] 400884 DEBUG FILE_LOGGER:    ... Arc (ID:a23( p3 -> t2) set
[2025-11-03 09:32:16,763] 400884 DEBUG FILE_LOGGER: ... Arc label position: X = 500.0 / Y = 12.0
[2025-11-03 09:32:16,763] 400884 DEBUG FILE_LOGGER:    ... Arc (ID:a15( t7 -> p6) set
[2025-11-03 09:32:16,763] 400884 DEBUG FILE_LOGGER: ... Arc label position: X = 500.0 / Y = 12.0
[2025-11-03 09:32:16,763] 400884 DEBUG FILE_LOGGER:    ... Arc (ID:a14( t6 -> p6) set
[2025-11-03 09:32:16,763] 400884 DEBUG FILE_LOGGER: ... Arc label position: X = 500.0 / Y = 12.0
[2025-11-03 09:32:16,763] 400884 DEBUG FILE_LOGGER:    ... Arc (ID:a17( t5 -> p1) set
[2025-11-03 09:32:16,763] 400884 DEBUG FILE_LOGGER: ... Arc label position: X = 500.0 / Y = 12.0
[2025-11-03 09:32:16,764] 400885 DEBUG FILE_LOGGER:    ... Arc (ID:a16( t8 -> p6) set
[2025-11-03 09:32:16,764] 400885 DEBUG FILE_LOGGER: ... Arc label position: X = 500.0 / Y = 12.0
[2025-11-03 09:32:16,764] 400885 DEBUG FILE_LOGGER:    ... Arc (ID:a19( t7 -> p3) set
[2025-11-03 09:32:16,764] 400885 DEBUG FILE_LOGGER: ... Arc label position: X = 500.0 / Y = 12.0
[2025-11-03 09:32:16,764] 400885 DEBUG FILE_LOGGER:    ... Arc (ID:a18( t6 -> p2) set
[2025-11-03 09:32:16,764] 400885 DEBUG FILE_LOGGER: ... Arc label position: X = 500.0 / Y = 12.0
[2025-11-03 09:32:16,764] 400885 DEBUG FILE_LOGGER:    ... Arc (ID:a2( p2 -> t2) set
[2025-11-03 09:32:16,764] 400885 DEBUG FILE_LOGGER: ... Arc label position: X = 500.0 / Y = 12.0
[2025-11-03 09:32:16,764] 400885 DEBUG FILE_LOGGER:    ... Arc (ID:a6( t2 -> p5) set
[2025-11-03 09:32:16,764] 400885 DEBUG FILE_LOGGER: ... Arc label position: X = 500.0 / Y = 12.0
[2025-11-03 09:32:16,765] 400886 DEBUG FILE_LOGGER:    ... Arc (ID:a9( p5 -> t5) set
[2025-11-03 09:32:16,765] 400886 DEBUG FILE_LOGGER: ... Arc label position: X = 500.0 / Y = 12.0
[2025-11-03 09:32:16,765] 400886 DEBUG FILE_LOGGER:    ... Arc (ID:a20( t8 -> p4) set
[2025-11-03 09:32:16,765] 400886 DEBUG FILE_LOGGER: ... Arc label position: X = 500.0 / Y = 12.0
[2025-11-03 09:32:16,776] 400897 DEBUG FILE_LOGGER: ##### END PNML EXPORT ##### (33 ms)
[2025-11-03 09:32:16,776] 400897  INFO FILE_LOGGER: Petrinet saved in file: D:\BPA Series\SupplementsOnGithub\bpa\Short 17 Lotto\lotto.pnml
[2025-11-03 09:32:16,776] 400897  INFO CONFIG_LOGGER: Setting current working directory: null
[2025-11-03 09:32:22,724] 406845 DEBUG EDITOR_LOGGER: START TokenGame
[2025-11-03 09:32:22,727] 406848 DEBUG QUALANALYSIS_LOGGER: TokenGame: CHECK NET
[2025-11-03 09:32:22,728] 406849 DEBUG QUALANALYSIS_LOGGER:            ... DONE (1 ms)
[2025-11-03 09:32:27,716] 411837 DEBUG QUALANALYSIS_LOGGER: TokenGame: CHECK NET
[2025-11-03 09:32:27,718] 411839 DEBUG QUALANALYSIS_LOGGER:            ... DONE (2 ms)
[2025-11-03 09:32:33,148] 417269 DEBUG QUALANALYSIS_LOGGER: TokenGame: CHECK NET
[2025-11-03 09:32:33,150] 417271 DEBUG QUALANALYSIS_LOGGER:            ... DONE (2 ms)
[2025-11-03 09:32:34,308] 418429 DEBUG QUALANALYSIS_LOGGER: TokenGame: CHECK NET
[2025-11-03 09:32:34,310] 418431 DEBUG QUALANALYSIS_LOGGER:            ... DONE (2 ms)
[2025-11-03 09:32:35,188] 419309 DEBUG QUALANALYSIS_LOGGER: TokenGame: CHECK NET
[2025-11-03 09:32:35,190] 419311 DEBUG QUALANALYSIS_LOGGER:            ... DONE (2 ms)
[2025-11-03 09:32:35,973] 420094 DEBUG QUALANALYSIS_LOGGER: TokenGame: CHECK NET
[2025-11-03 09:32:35,974] 420095 DEBUG QUALANALYSIS_LOGGER:            ... DONE (1 ms)
[2025-11-03 09:32:36,901] 421022 DEBUG QUALANALYSIS_LOGGER: TokenGame: CHECK NET
[2025-11-03 09:32:36,903] 421024 DEBUG QUALANALYSIS_LOGGER:            ... DONE (2 ms)
[2025-11-03 09:32:37,580] 421701 DEBUG QUALANALYSIS_LOGGER: TokenGame: CHECK NET
[2025-11-03 09:32:37,582] 421703 DEBUG QUALANALYSIS_LOGGER:            ... DONE (2 ms)
[2025-11-03 09:32:38,356] 422477 DEBUG QUALANALYSIS_LOGGER: TokenGame: CHECK NET
[2025-11-03 09:32:38,358] 422479 DEBUG QUALANALYSIS_LOGGER:            ... DONE (2 ms)
[2025-11-03 09:32:39,236] 423357 DEBUG QUALANALYSIS_LOGGER: TokenGame: CHECK NET
[2025-11-03 09:32:39,237] 423358 DEBUG QUALANALYSIS_LOGGER:            ... DONE (1 ms)
[2025-11-03 09:32:40,580] 424701 DEBUG QUALANALYSIS_LOGGER: TokenGame: CHECK NET
[2025-11-03 09:32:40,581] 424702 DEBUG QUALANALYSIS_LOGGER:            ... DONE (1 ms)
[2025-11-03 09:32:53,452] 437573 DEBUG QUALANALYSIS_LOGGER: TokenGame: CHECK NET
[2025-11-03 09:32:53,454] 437575 DEBUG QUALANALYSIS_LOGGER:            ... DONE (2 ms)
[2025-11-03 09:32:54,980] 439101 DEBUG QUALANALYSIS_LOGGER: TokenGame: CHECK NET
[2025-11-03 09:32:54,983] 439104 DEBUG QUALANALYSIS_LOGGER:            ... DONE (3 ms)
[2025-11-03 09:32:55,924] 440045 DEBUG QUALANALYSIS_LOGGER: TokenGame: CHECK NET
[2025-11-03 09:32:55,925] 440046 DEBUG QUALANALYSIS_LOGGER:            ... DONE (1 ms)
[2025-11-03 09:32:56,724] 440845 DEBUG QUALANALYSIS_LOGGER: TokenGame: CHECK NET
[2025-11-03 09:32:56,726] 440847 DEBUG QUALANALYSIS_LOGGER:            ... DONE (2 ms)
[2025-11-03 09:32:57,412] 441533 DEBUG QUALANALYSIS_LOGGER: TokenGame: CHECK NET
[2025-11-03 09:32:57,414] 441535 DEBUG QUALANALYSIS_LOGGER:            ... DONE (2 ms)
[2025-11-03 09:32:58,204] 442325 DEBUG QUALANALYSIS_LOGGER: TokenGame: CHECK NET
[2025-11-03 09:32:58,205] 442326 DEBUG QUALANALYSIS_LOGGER:            ... DONE (1 ms)
[2025-11-03 09:32:58,980] 443101 DEBUG QUALANALYSIS_LOGGER: TokenGame: CHECK NET
[2025-11-03 09:32:58,983] 443104 DEBUG QUALANALYSIS_LOGGER:            ... DONE (2 ms)
[2025-11-03 09:32:59,804] 443925 DEBUG QUALANALYSIS_LOGGER: TokenGame: CHECK NET
[2025-11-03 09:32:59,806] 443927 DEBUG QUALANALYSIS_LOGGER:            ... DONE (2 ms)
[2025-11-03 09:33:00,621] 444742 DEBUG QUALANALYSIS_LOGGER: TokenGame: CHECK NET
[2025-11-03 09:33:00,623] 444744 DEBUG QUALANALYSIS_LOGGER:            ... DONE (2 ms)
[2025-11-03 09:33:02,467] 446588 DEBUG QUALANALYSIS_LOGGER: TokenGame: CHECK NET
[2025-11-03 09:33:02,469] 446590 DEBUG QUALANALYSIS_LOGGER:            ... DONE (2 ms)
[2025-11-03 09:33:03,636] 447757 DEBUG QUALANALYSIS_LOGGER: TokenGame: CHECK NET
[2025-11-03 09:33:03,638] 447759 DEBUG QUALANALYSIS_LOGGER:            ... DONE (2 ms)
[2025-11-03 09:33:04,580] 448701 DEBUG QUALANALYSIS_LOGGER: TokenGame: CHECK NET
[2025-11-03 09:33:04,581] 448702 DEBUG QUALANALYSIS_LOGGER:            ... DONE (1 ms)
[2025-11-03 09:33:05,380] 449501 DEBUG QUALANALYSIS_LOGGER: TokenGame: CHECK NET
[2025-11-03 09:33:05,381] 449502 DEBUG QUALANALYSIS_LOGGER:            ... DONE (1 ms)
[2025-11-03 09:33:06,204] 450325 DEBUG QUALANALYSIS_LOGGER: TokenGame: CHECK NET
[2025-11-03 09:33:06,206] 450327 DEBUG QUALANALYSIS_LOGGER:            ... DONE (2 ms)
[2025-11-03 09:33:07,068] 451189 DEBUG QUALANALYSIS_LOGGER: TokenGame: CHECK NET
[2025-11-03 09:33:07,070] 451191 DEBUG QUALANALYSIS_LOGGER:            ... DONE (2 ms)
[2025-11-03 09:33:28,235] 472356 DEBUG QUALANALYSIS_LOGGER: TokenGame: CHECK NET
[2025-11-03 09:33:28,238] 472359 DEBUG QUALANALYSIS_LOGGER:            ... DONE (3 ms)
[2025-11-03 09:33:30,092] 474213 DEBUG QUALANALYSIS_LOGGER: TokenGame: CHECK NET
[2025-11-03 09:33:30,094] 474215 DEBUG QUALANALYSIS_LOGGER:            ... DONE (2 ms)
[2025-11-03 09:33:31,092] 475213 DEBUG QUALANALYSIS_LOGGER: TokenGame: CHECK NET
[2025-11-03 09:33:31,094] 475215 DEBUG QUALANALYSIS_LOGGER:            ... DONE (2 ms)
[2025-11-03 09:33:32,060] 476181 DEBUG QUALANALYSIS_LOGGER: TokenGame: CHECK NET
[2025-11-03 09:33:32,062] 476183 DEBUG QUALANALYSIS_LOGGER:            ... DONE (2 ms)
[2025-11-03 09:33:35,516] 479637 DEBUG QUALANALYSIS_LOGGER: TokenGame: CHECK NET
[2025-11-03 09:33:35,518] 479639 DEBUG QUALANALYSIS_LOGGER:            ... DONE (2 ms)
[2025-11-03 09:33:36,652] 480773 DEBUG QUALANALYSIS_LOGGER: TokenGame: CHECK NET
[2025-11-03 09:33:36,654] 480775 DEBUG QUALANALYSIS_LOGGER:            ... DONE (2 ms)
[2025-11-03 09:33:37,884] 482005 DEBUG QUALANALYSIS_LOGGER: TokenGame: CHECK NET
[2025-11-03 09:33:37,886] 482007 DEBUG QUALANALYSIS_LOGGER:            ... DONE (2 ms)
[2025-11-03 09:33:39,365] 483486 DEBUG QUALANALYSIS_LOGGER: TokenGame: CHECK NET
[2025-11-03 09:33:39,367] 483488 DEBUG QUALANALYSIS_LOGGER:            ... DONE (1 ms)
[2025-11-03 09:33:40,892] 485013 DEBUG QUALANALYSIS_LOGGER: TokenGame: CHECK NET
[2025-11-03 09:33:40,894] 485015 DEBUG QUALANALYSIS_LOGGER:            ... DONE (2 ms)
[2025-11-03 09:33:47,380] 491501 DEBUG QUALANALYSIS_LOGGER: TokenGame: CHECK NET
[2025-11-03 09:33:47,382] 491503 DEBUG QUALANALYSIS_LOGGER:            ... DONE (2 ms)
[2025-11-03 09:33:55,004] 499125 DEBUG QUALANALYSIS_LOGGER: TokenGame: CHECK NET
[2025-11-03 09:33:55,006] 499127 DEBUG QUALANALYSIS_LOGGER:            ... DONE (2 ms)
[2025-11-03 09:33:58,452] 502573 DEBUG QUALANALYSIS_LOGGER: TokenGame: CHECK NET
[2025-11-03 09:33:58,454] 502575 DEBUG QUALANALYSIS_LOGGER:            ... DONE (2 ms)
[2025-11-03 09:34:00,396] 504517 DEBUG QUALANALYSIS_LOGGER: TokenGame: CHECK NET
[2025-11-03 09:34:00,398] 504519 DEBUG QUALANALYSIS_LOGGER:            ... DONE (2 ms)
[2025-11-03 09:34:02,187] 506308 DEBUG QUALANALYSIS_LOGGER: TokenGame: CHECK NET
[2025-11-03 09:34:02,189] 506310 DEBUG QUALANALYSIS_LOGGER:            ... DONE (2 ms)
[2025-11-03 09:34:10,404] 514525 DEBUG QUALANALYSIS_LOGGER: TokenGame: CHECK NET
[2025-11-03 09:34:10,405] 514526 DEBUG QUALANALYSIS_LOGGER:            ... DONE (1 ms)
[2025-11-03 09:34:37,500] 541621 DEBUG QUALANALYSIS_LOGGER: TokenGame: CHECK NET
[2025-11-03 09:34:37,502] 541623 DEBUG QUALANALYSIS_LOGGER:            ... DONE (2 ms)
[2025-11-03 09:34:40,171] 544292 DEBUG QUALANALYSIS_LOGGER: TokenGame: CHECK NET
[2025-11-03 09:34:40,174] 544295 DEBUG QUALANALYSIS_LOGGER:            ... DONE (3 ms)
[2025-11-03 09:34:41,292] 545413 DEBUG QUALANALYSIS_LOGGER: TokenGame: CHECK NET
[2025-11-03 09:34:41,293] 545414 DEBUG QUALANALYSIS_LOGGER:            ... DONE (1 ms)
[2025-11-03 09:34:42,190] 546311 DEBUG QUALANALYSIS_LOGGER: TokenGame: CHECK NET
[2025-11-03 09:34:42,191] 546312 DEBUG QUALANALYSIS_LOGGER:            ... DONE (1 ms)
[2025-11-03 09:34:42,939] 547060 DEBUG QUALANALYSIS_LOGGER: TokenGame: CHECK NET
[2025-11-03 09:34:42,941] 547062 DEBUG QUALANALYSIS_LOGGER:            ... DONE (2 ms)
[2025-11-03 09:34:43,668] 547789 DEBUG QUALANALYSIS_LOGGER: TokenGame: CHECK NET
[2025-11-03 09:34:43,670] 547791 DEBUG QUALANALYSIS_LOGGER:            ... DONE (2 ms)
[2025-11-03 09:34:44,652] 548773 DEBUG QUALANALYSIS_LOGGER: TokenGame: CHECK NET
[2025-11-03 09:34:44,654] 548775 DEBUG QUALANALYSIS_LOGGER:            ... DONE (2 ms)
[2025-11-03 09:34:45,564] 549685 DEBUG QUALANALYSIS_LOGGER: TokenGame: CHECK NET
[2025-11-03 09:34:45,566] 549687 DEBUG QUALANALYSIS_LOGGER:            ... DONE (2 ms)
[2025-11-03 09:34:46,500] 550621 DEBUG QUALANALYSIS_LOGGER: TokenGame: CHECK NET
[2025-11-03 09:34:46,502] 550623 DEBUG QUALANALYSIS_LOGGER:            ... DONE (2 ms)
[2025-11-03 09:34:47,252] 551373 DEBUG QUALANALYSIS_LOGGER: TokenGame: CHECK NET
[2025-11-03 09:34:47,255] 551376 DEBUG QUALANALYSIS_LOGGER:            ... DONE (3 ms)
[2025-11-03 09:34:48,348] 552469 DEBUG QUALANALYSIS_LOGGER: TokenGame: CHECK NET
[2025-11-03 09:34:48,349] 552470 DEBUG QUALANALYSIS_LOGGER:            ... DONE (1 ms)
[2025-11-03 09:35:07,203] 571324 DEBUG QUALANALYSIS_LOGGER: TokenGame: CHECK NET
[2025-11-03 09:35:07,205] 571326 DEBUG QUALANALYSIS_LOGGER:            ... DONE (2 ms)
[2025-11-03 09:35:12,235] 576356 DEBUG QUALANALYSIS_LOGGER: TokenGame: CHECK NET
[2025-11-03 09:35:12,238] 576359 DEBUG QUALANALYSIS_LOGGER:            ... DONE (3 ms)
[2025-11-03 09:35:14,652] 578773 DEBUG QUALANALYSIS_LOGGER: TokenGame: CHECK NET
[2025-11-03 09:35:14,653] 578774 DEBUG QUALANALYSIS_LOGGER:            ... DONE (1 ms)
[2025-11-03 09:35:15,428] 579549 DEBUG QUALANALYSIS_LOGGER: TokenGame: CHECK NET
[2025-11-03 09:35:15,429] 579550 DEBUG QUALANALYSIS_LOGGER:            ... DONE (1 ms)
[2025-11-03 09:35:16,124] 580245 DEBUG QUALANALYSIS_LOGGER: TokenGame: CHECK NET
[2025-11-03 09:35:16,126] 580247 DEBUG QUALANALYSIS_LOGGER:            ... DONE (2 ms)
[2025-11-03 09:35:16,796] 580917 DEBUG QUALANALYSIS_LOGGER: TokenGame: CHECK NET
[2025-11-03 09:35:16,798] 580919 DEBUG QUALANALYSIS_LOGGER:            ... DONE (2 ms)
[2025-11-03 09:35:17,708] 581829 DEBUG QUALANALYSIS_LOGGER: TokenGame: CHECK NET
[2025-11-03 09:35:17,709] 581830 DEBUG QUALANALYSIS_LOGGER:            ... DONE (1 ms)
[2025-11-03 09:35:18,323] 582444 DEBUG QUALANALYSIS_LOGGER: TokenGame: CHECK NET
[2025-11-03 09:35:18,325] 582446 DEBUG QUALANALYSIS_LOGGER:            ... DONE (2 ms)
[2025-11-03 09:35:19,180] 583301 DEBUG QUALANALYSIS_LOGGER: TokenGame: CHECK NET
[2025-11-03 09:35:19,181] 583302 DEBUG QUALANALYSIS_LOGGER:            ... DONE (1 ms)
[2025-11-03 09:35:20,245] 584366 DEBUG QUALANALYSIS_LOGGER: TokenGame: CHECK NET
[2025-11-03 09:35:20,247] 584368 DEBUG QUALANALYSIS_LOGGER:            ... DONE (2 ms)
[2025-11-03 09:35:21,147] 585268 DEBUG QUALANALYSIS_LOGGER: TokenGame: CHECK NET
[2025-11-03 09:35:21,149] 585270 DEBUG QUALANALYSIS_LOGGER:            ... DONE (2 ms)
[2025-11-03 09:35:22,060] 586181 DEBUG QUALANALYSIS_LOGGER: TokenGame: CHECK NET
[2025-11-03 09:35:22,062] 586183 DEBUG QUALANALYSIS_LOGGER:            ... DONE (2 ms)
[2025-11-03 09:35:22,932] 587053 DEBUG QUALANALYSIS_LOGGER: TokenGame: CHECK NET
[2025-11-03 09:35:22,934] 587055 DEBUG QUALANALYSIS_LOGGER:            ... DONE (2 ms)
[2025-11-03 09:35:23,827] 587948 DEBUG QUALANALYSIS_LOGGER: TokenGame: CHECK NET
[2025-11-03 09:35:23,829] 587950 DEBUG QUALANALYSIS_LOGGER:            ... DONE (2 ms)
[2025-11-03 09:35:24,652] 588773 DEBUG QUALANALYSIS_LOGGER: TokenGame: CHECK NET
[2025-11-03 09:35:24,654] 588775 DEBUG QUALANALYSIS_LOGGER:            ... DONE (2 ms)
[2025-11-03 09:35:41,932] 606053 DEBUG QUALANALYSIS_LOGGER: TokenGame: CHECK NET
[2025-11-03 09:35:41,934] 606055 DEBUG QUALANALYSIS_LOGGER:            ... DONE (2 ms)
[2025-11-03 09:36:31,075] 655196 DEBUG QUALANALYSIS_LOGGER: TokenGame: CHECK NET
[2025-11-03 09:36:31,077] 655198 DEBUG QUALANALYSIS_LOGGER:            ... DONE (2 ms)
[2025-11-03 09:36:33,092] 657213 DEBUG QUALANALYSIS_LOGGER: TokenGame: CHECK NET
[2025-11-03 09:36:33,093] 657214 DEBUG QUALANALYSIS_LOGGER:            ... DONE (1 ms)
[2025-11-03 09:36:33,093] 657214 DEBUG EDITOR_LOGGER: STOP TokenGame
[2025-11-03 09:36:46,363] 670484 DEBUG QUALANALYSIS_LOGGER: -> processViewEvent org.woped.qualanalysis.coverabilitygraph.gui.CoverabilityGraphEventProcessor
[2025-11-03 09:36:46,366] 670487 DEBUG EDITOR_LOGGER: Net updated. (1 ms)
[2025-11-03 09:36:46,366] 670487 DEBUG QUALANALYSIS_LOGGER: -> init() org.woped.qualanalysis.coverabilitygraph.gui.CoverabilityGraphVC
[2025-11-03 09:36:46,494] 670615 DEBUG QUALANALYSIS_LOGGER: <- init() org.woped.qualanalysis.coverabilitygraph.gui.CoverabilityGraphVC
[2025-11-03 09:36:46,630] 670751 DEBUG QUALANALYSIS_LOGGER: -> processViewEvent org.woped.qualanalysis.coverabilitygraph.gui.CoverabilityGraphEventProcessor
[2025-11-03 09:36:46,630] 670751 DEBUG QUALANALYSIS_LOGGER: <- processViewEvent org.woped.qualanalysis.coverabilitygraph.gui.CoverabilityGraphEventProcessor
[2025-11-03 09:36:46,672] 670793 DEBUG QUALANALYSIS_LOGGER: -> processViewEvent org.woped.qualanalysis.coverabilitygraph.gui.CoverabilityGraphEventProcessor
[2025-11-03 09:36:46,672] 670793 DEBUG QUALANALYSIS_LOGGER: <- processViewEvent org.woped.qualanalysis.coverabilitygraph.gui.CoverabilityGraphEventProcessor
[2025-11-03 09:36:46,679] 670800 DEBUG QUALANALYSIS_LOGGER: -> processViewEvent org.woped.qualanalysis.coverabilitygraph.gui.CoverabilityGraphEventProcessor
[2025-11-03 09:36:46,679] 670800 DEBUG QUALANALYSIS_LOGGER: <- processViewEvent org.woped.qualanalysis.coverabilitygraph.gui.CoverabilityGraphEventProcessor
[2025-11-03 09:36:46,682] 670803 DEBUG QUALANALYSIS_LOGGER: <- processViewEvent org.woped.qualanalysis.coverabilitygraph.gui.CoverabilityGraphEventProcessor
[2025-11-03 09:37:14,963] 699084 DEBUG QUALANALYSIS_LOGGER: -> processViewEvent org.woped.qualanalysis.coverabilitygraph.gui.CoverabilityGraphEventProcessor
[2025-11-03 09:37:14,963] 699084 DEBUG QUALANALYSIS_LOGGER: <- processViewEvent org.woped.qualanalysis.coverabilitygraph.gui.CoverabilityGraphEventProcessor
[2025-11-03 09:37:14,974] 699095 DEBUG QUALANALYSIS_LOGGER: -> processViewEvent org.woped.qualanalysis.coverabilitygraph.gui.CoverabilityGraphEventProcessor
[2025-11-03 09:37:14,974] 699095 DEBUG QUALANALYSIS_LOGGER: <- processViewEvent org.woped.qualanalysis.coverabilitygraph.gui.CoverabilityGraphEventProcessor
[2025-11-03 09:37:14,983] 699104 DEBUG QUALANALYSIS_LOGGER: -> processViewEvent org.woped.qualanalysis.coverabilitygraph.gui.CoverabilityGraphEventProcessor
[2025-11-03 09:37:14,983] 699104 DEBUG QUALANALYSIS_LOGGER: <- processViewEvent org.woped.qualanalysis.coverabilitygraph.gui.CoverabilityGraphEventProcessor
[2025-11-03 09:37:14,989] 699110 DEBUG QUALANALYSIS_LOGGER: -> processViewEvent org.woped.qualanalysis.coverabilitygraph.gui.CoverabilityGraphEventProcessor
[2025-11-03 09:37:14,989] 699110 DEBUG QUALANALYSIS_LOGGER: <- processViewEvent org.woped.qualanalysis.coverabilitygraph.gui.CoverabilityGraphEventProcessor
[2025-11-03 09:37:35,958] 720079 DEBUG EDITOR_LOGGER: Net updated. (1 ms)
[2025-11-03 09:37:37,132] 721253 DEBUG EDITOR_LOGGER: Net updated. (0 ms)
[2025-11-03 09:37:37,747] 721868 DEBUG EDITOR_LOGGER: Net updated. (0 ms)
[2025-11-03 09:37:38,032] 722153 DEBUG EDITOR_LOGGER: Net updated. (1 ms)
[2025-11-03 09:37:40,014] 724135 DEBUG EDITOR_LOGGER: Net updated. (1 ms)
[2025-11-03 09:37:41,444] 725565 DEBUG EDITOR_LOGGER: Net updated. (1 ms)
[2025-11-03 09:38:04,980] 749101 DEBUG EDITOR_LOGGER: Net updated. (1 ms)
[2025-11-03 09:38:05,150] 749271 DEBUG EDITOR_LOGGER: Net updated. (1 ms)
[2025-11-03 09:38:05,361] 749482 DEBUG EDITOR_LOGGER: Net updated. (0 ms)
[2025-11-03 09:38:05,522] 749643 DEBUG EDITOR_LOGGER: Net updated. (1 ms)
[2025-11-03 09:38:05,705] 749826 DEBUG EDITOR_LOGGER: Net updated. (1 ms)
[2025-11-03 09:38:05,882] 750003 DEBUG EDITOR_LOGGER: Net updated. (1 ms)
[2025-11-03 09:38:06,053] 750174 DEBUG EDITOR_LOGGER: Net updated. (2 ms)
[2025-11-03 09:38:06,227] 750348 DEBUG EDITOR_LOGGER: Net updated. (1 ms)
[2025-11-03 09:38:06,417] 750538 DEBUG EDITOR_LOGGER: Net updated. (1 ms)
[2025-11-03 09:38:06,605] 750726 DEBUG EDITOR_LOGGER: Net updated. (1 ms)
[2025-11-03 09:38:07,153] 751274 DEBUG EDITOR_LOGGER: Net updated. (1 ms)
[2025-11-03 09:38:07,327] 751448 DEBUG EDITOR_LOGGER: Net updated. (0 ms)
[2025-11-03 09:38:07,827] 751948 DEBUG EDITOR_LOGGER: Net updated. (1 ms)
[2025-11-03 09:38:07,874] 751995 DEBUG EDITOR_LOGGER: Net updated. (1 ms)
[2025-11-03 09:38:07,921] 752042 DEBUG EDITOR_LOGGER: Net updated. (1 ms)
[2025-11-03 09:38:07,968] 752089 DEBUG EDITOR_LOGGER: Net updated. (3 ms)
[2025-11-03 09:38:08,312] 752433 DEBUG EDITOR_LOGGER: Net updated. (1 ms)
[2025-11-03 09:38:08,678] 752799 DEBUG EDITOR_LOGGER: Net updated. (0 ms)
[2025-11-03 09:38:09,941] 754062 DEBUG EDITOR_LOGGER: Net updated. (1 ms)
[2025-11-03 09:38:10,909] 755030 DEBUG EDITOR_LOGGER: Net updated. (1 ms)
[2025-11-03 09:38:27,670] 771791 DEBUG EDITOR_LOGGER: Net updated. (1 ms)
[2025-11-03 09:38:27,674] 771795 DEBUG QUALANALYSIS_LOGGER: Calculating flow from 'p5' to 't2'
[2025-11-03 09:38:27,674] 771795 DEBUG QUALANALYSIS_LOGGER: Resulting flow = 4
[2025-11-03 09:38:27,674] 771795 DEBUG QUALANALYSIS_LOGGER: PT Handle Pairs calculated. (133 ms)
[2025-11-03 09:38:27,674] 771795 DEBUG QUALANALYSIS_LOGGER: Calculating flow from 't6' to 'p6'
[2025-11-03 09:38:27,674] 771795 DEBUG QUALANALYSIS_LOGGER: Resulting flow = 2
[2025-11-03 09:38:27,674] 771795 DEBUG QUALANALYSIS_LOGGER: Calculating flow from 't5' to 'p6'
[2025-11-03 09:38:27,675] 771796 DEBUG QUALANALYSIS_LOGGER: Resulting flow = 2
[2025-11-03 09:38:27,675] 771796 DEBUG QUALANALYSIS_LOGGER: Calculating flow from 't8' to 'p6'
[2025-11-03 09:38:27,675] 771796 DEBUG QUALANALYSIS_LOGGER: Resulting flow = 2
[2025-11-03 09:38:27,675] 771796 DEBUG QUALANALYSIS_LOGGER: Calculating flow from 't7' to 'p6'
[2025-11-03 09:38:27,675] 771796 DEBUG QUALANALYSIS_LOGGER: Resulting flow = 2
[2025-11-03 09:38:27,675] 771796 DEBUG QUALANALYSIS_LOGGER: TP Handle Pairs calculated. (213 ms)
[2025-11-03 09:39:32,746] 836867 DEBUG EDITOR_LOGGER: Net updated. (0 ms)
[2025-11-03 09:39:34,595] 838716 DEBUG EDITOR_LOGGER: Net updated. (0 ms)
[2025-11-03 09:40:23,221] 887342 DEBUG EDITOR_LOGGER: Net updated. (1 ms)
[2025-11-03 09:40:24,287] 888408 DEBUG EDITOR_LOGGER: Net updated. (1 ms)
[2025-11-03 09:52:18,569] 1602690 DEBUG EDITOR_LOGGER: START TokenGame
[2025-11-03 09:52:18,576] 1602697 DEBUG QUALANALYSIS_LOGGER: TokenGame: CHECK NET
[2025-11-03 09:52:18,576] 1602697 DEBUG QUALANALYSIS_LOGGER:            ... DONE (0 ms)
[2025-11-03 09:52:19,993] 1604114 DEBUG QUALANALYSIS_LOGGER: TokenGame: CHECK NET
[2025-11-03 09:52:19,994] 1604115 DEBUG QUALANALYSIS_LOGGER:            ... DONE (1 ms)
[2025-11-03 09:52:25,761] 1609882 DEBUG QUALANALYSIS_LOGGER: TokenGame: CHECK NET
[2025-11-03 09:52:25,763] 1609884 DEBUG QUALANALYSIS_LOGGER:            ... DONE (2 ms)
[2025-11-03 09:52:28,944] 1613065 DEBUG QUALANALYSIS_LOGGER: TokenGame: CHECK NET
[2025-11-03 09:52:28,947] 1613068 DEBUG QUALANALYSIS_LOGGER:            ... DONE (3 ms)
[2025-11-03 09:52:34,193] 1618314 DEBUG QUALANALYSIS_LOGGER: TokenGame: CHECK NET
[2025-11-03 09:52:34,194] 1618315 DEBUG QUALANALYSIS_LOGGER:            ... DONE (1 ms)
[2025-11-03 09:52:35,609] 1619730 DEBUG QUALANALYSIS_LOGGER: TokenGame: CHECK NET
[2025-11-03 09:52:35,611] 1619732 DEBUG QUALANALYSIS_LOGGER:            ... DONE (2 ms)
[2025-11-03 09:52:38,449] 1622570 DEBUG QUALANALYSIS_LOGGER: TokenGame: CHECK NET
[2025-11-03 09:52:38,451] 1622572 DEBUG QUALANALYSIS_LOGGER:            ... DONE (2 ms)
[2025-11-03 09:53:23,888] 1668009 DEBUG QUALANALYSIS_LOGGER: TokenGame: CHECK NET
[2025-11-03 09:53:23,890] 1668011 DEBUG QUALANALYSIS_LOGGER:            ... DONE (2 ms)
[2025-11-03 09:53:25,161] 1669282 DEBUG QUALANALYSIS_LOGGER: TokenGame: CHECK NET
[2025-11-03 09:53:25,162] 1669283 DEBUG QUALANALYSIS_LOGGER:            ... DONE (1 ms)
[2025-11-03 09:53:25,816] 1669937 DEBUG QUALANALYSIS_LOGGER: TokenGame: CHECK NET
[2025-11-03 09:53:25,818] 1669939 DEBUG QUALANALYSIS_LOGGER:            ... DONE (2 ms)
[2025-11-03 09:53:26,633] 1670754 DEBUG QUALANALYSIS_LOGGER: TokenGame: CHECK NET
[2025-11-03 09:53:26,634] 1670755 DEBUG QUALANALYSIS_LOGGER:            ... DONE (1 ms)
[2025-11-03 09:53:34,616] 1678737 DEBUG QUALANALYSIS_LOGGER: TokenGame: CHECK NET
[2025-11-03 09:53:34,619] 1678740 DEBUG QUALANALYSIS_LOGGER:            ... DONE (3 ms)
[2025-11-03 09:53:39,054] 1683175 DEBUG QUALANALYSIS_LOGGER: TokenGame: CHECK NET
[2025-11-03 09:53:39,055] 1683176 DEBUG QUALANALYSIS_LOGGER:            ... DONE (1 ms)
[2025-11-03 09:53:40,345] 1684466 DEBUG QUALANALYSIS_LOGGER: TokenGame: CHECK NET
[2025-11-03 09:53:40,347] 1684468 DEBUG QUALANALYSIS_LOGGER:            ... DONE (2 ms)
[2025-11-03 09:53:40,616] 1684737 DEBUG QUALANALYSIS_LOGGER: TokenGame: CHECK NET
[2025-11-03 09:53:40,618] 1684739 DEBUG QUALANALYSIS_LOGGER:            ... DONE (2 ms)
[2025-11-03 09:53:40,929] 1685050 DEBUG QUALANALYSIS_LOGGER: TokenGame: CHECK NET
[2025-11-03 09:53:40,931] 1685052 DEBUG QUALANALYSIS_LOGGER:            ... DONE (2 ms)
[2025-11-03 09:53:44,368] 1688489 DEBUG QUALANALYSIS_LOGGER: TokenGame: CHECK NET
[2025-11-03 09:53:44,371] 1688492 DEBUG QUALANALYSIS_LOGGER:            ... DONE (3 ms)
[2025-11-03 09:53:49,477] 1693598 DEBUG QUALANALYSIS_LOGGER: TokenGame: CHECK NET
[2025-11-03 09:53:49,478] 1693599 DEBUG QUALANALYSIS_LOGGER:            ... DONE (1 ms)
[2025-11-03 09:53:49,481] 1693602 DEBUG EDITOR_LOGGER: STOP TokenGame
[2025-11-03 09:56:45,291] 1869412 DEBUG FILE_LOGGER: ##### START PNML EXPORT #####
[2025-11-03 09:56:45,292] 1869413 DEBUG FILE_LOGGER:    ... Place (ID:p1) set
[2025-11-03 09:56:45,292] 1869413 DEBUG FILE_LOGGER:    ... Transition (ID:t5) set
[2025-11-03 09:56:45,292] 1869413 DEBUG FILE_LOGGER:    ... Place (ID:p2) set
[2025-11-03 09:56:45,292] 1869413 DEBUG FILE_LOGGER:    ... Transition (ID:t6) set
[2025-11-03 09:56:45,293] 1869414 DEBUG FILE_LOGGER:    ... Place (ID:p3) set
[2025-11-03 09:56:45,293] 1869414 DEBUG FILE_LOGGER:    ... Transition (ID:t7) set
[2025-11-03 09:56:45,293] 1869414 DEBUG FILE_LOGGER:    ... Place (ID:p4) set
[2025-11-03 09:56:45,293] 1869414 DEBUG FILE_LOGGER:    ... Transition (ID:t8) set
[2025-11-03 09:56:45,293] 1869414 DEBUG FILE_LOGGER:    ... Place (ID:p5) set
[2025-11-03 09:56:45,293] 1869414 DEBUG FILE_LOGGER:    ... Place (ID:p6) set
[2025-11-03 09:56:45,293] 1869414 DEBUG FILE_LOGGER:    ... Transition (ID:t2) set
[2025-11-03 09:56:45,294] 1869415 DEBUG FILE_LOGGER:    ... Arc (ID:a11( p5 -> t7) set
[2025-11-03 09:56:45,294] 1869415 DEBUG FILE_LOGGER: ... Arc label position: X = 500.0 / Y = 12.0
[2025-11-03 09:56:45,294] 1869415 DEBUG FILE_LOGGER:    ... Arc (ID:a22( p1 -> t2) set
[2025-11-03 09:56:45,294] 1869415 DEBUG FILE_LOGGER: ... Arc label position: X = 500.0 / Y = 12.0
[2025-11-03 09:56:45,294] 1869415 DEBUG FILE_LOGGER:    ... Arc (ID:a10( p5 -> t6) set
[2025-11-03 09:56:45,294] 1869415 DEBUG FILE_LOGGER: ... Arc label position: X = 500.0 / Y = 12.0
[2025-11-03 09:56:45,294] 1869415 DEBUG FILE_LOGGER:    ... Arc (ID:a13( t5 -> p6) set
[2025-11-03 09:56:45,294] 1869415 DEBUG FILE_LOGGER: ... Arc label position: X = 500.0 / Y = 12.0
[2025-11-03 09:56:45,294] 1869415 DEBUG FILE_LOGGER:    ... Arc (ID:a24( p4 -> t2) set
[2025-11-03 09:56:45,294] 1869415 DEBUG FILE_LOGGER: ... Arc label position: X = 500.0 / Y = 12.0
[2025-11-03 09:56:45,294] 1869415 DEBUG FILE_LOGGER:    ... Arc (ID:a12( p5 -> t8) set
[2025-11-03 09:56:45,294] 1869415 DEBUG FILE_LOGGER: ... Arc label position: X = 500.0 / Y = 12.0
[2025-11-03 09:56:45,294] 1869415 DEBUG FILE_LOGGER:    ... Arc (ID:a23( p3 -> t2) set
[2025-11-03 09:56:45,295] 1869416 DEBUG FILE_LOGGER: ... Arc label position: X = 500.0 / Y = 12.0
[2025-11-03 09:56:45,295] 1869416 DEBUG FILE_LOGGER:    ... Arc (ID:a15( t7 -> p6) set
[2025-11-03 09:56:45,295] 1869416 DEBUG FILE_LOGGER: ... Arc label position: X = 500.0 / Y = 12.0
[2025-11-03 09:56:45,295] 1869416 DEBUG FILE_LOGGER:    ... Arc (ID:a14( t6 -> p6) set
[2025-11-03 09:56:45,295] 1869416 DEBUG FILE_LOGGER: ... Arc label position: X = 500.0 / Y = 12.0
[2025-11-03 09:56:45,295] 1869416 DEBUG FILE_LOGGER:    ... Arc (ID:a17( t5 -> p1) set
[2025-11-03 09:56:45,295] 1869416 DEBUG FILE_LOGGER: ... Arc label position: X = 500.0 / Y = 12.0
[2025-11-03 09:56:45,295] 1869416 DEBUG FILE_LOGGER:    ... Arc (ID:a16( t8 -> p6) set
[2025-11-03 09:56:45,295] 1869416 DEBUG FILE_LOGGER: ... Arc label position: X = 500.0 / Y = 12.0
[2025-11-03 09:56:45,295] 1869416 DEBUG FILE_LOGGER:    ... Arc (ID:a19( t7 -> p3) set
[2025-11-03 09:56:45,295] 1869416 DEBUG FILE_LOGGER: ... Arc label position: X = 500.0 / Y = 12.0
[2025-11-03 09:56:45,295] 1869416 DEBUG FILE_LOGGER:    ... Arc (ID:a18( t6 -> p2) set
[2025-11-03 09:56:45,295] 1869416 DEBUG FILE_LOGGER: ... Arc label position: X = 500.0 / Y = 12.0
[2025-11-03 09:56:45,295] 1869416 DEBUG FILE_LOGGER:    ... Arc (ID:a2( p2 -> t2) set
[2025-11-03 09:56:45,295] 1869416 DEBUG FILE_LOGGER: ... Arc label position: X = 500.0 / Y = 12.0
[2025-11-03 09:56:45,296] 1869417 DEBUG FILE_LOGGER:    ... Arc (ID:a6( t2 -> p5) set
[2025-11-03 09:56:45,296] 1869417 DEBUG FILE_LOGGER: ... Arc label position: X = 500.0 / Y = 12.0
[2025-11-03 09:56:45,296] 1869417 DEBUG FILE_LOGGER:    ... Arc (ID:a9( p5 -> t5) set
[2025-11-03 09:56:45,296] 1869417 DEBUG FILE_LOGGER: ... Arc label position: X = 500.0 / Y = 12.0
[2025-11-03 09:56:45,296] 1869417 DEBUG FILE_LOGGER:    ... Arc (ID:a20( t8 -> p4) set
[2025-11-03 09:56:45,296] 1869417 DEBUG FILE_LOGGER: ... Arc label position: X = 500.0 / Y = 12.0
[2025-11-03 09:56:45,299] 1869420 DEBUG FILE_LOGGER: ##### END PNML EXPORT ##### (8 ms)
[2025-11-03 09:56:45,299] 1869420  INFO FILE_LOGGER: Petrinet saved in file: D:\BPA Series\SupplementsOnGithub\bpa\Short 17 Lotto\lotto.pnml
[2025-11-03 09:56:45,300] 1869421  INFO CONFIG_LOGGER: Setting current working directory: null
[2025-11-03 09:56:46,739] 1870860  INFO CONFIG_LOGGER: Configuration successfully saved to: C:\Users\User\.WoPeD-3.9.0\WoPeDconfig.xml
[2025-11-03 09:56:46,739] 1870860  INFO GUI_LOGGER: EXIT WoPeD
[2025-11-03 09:57:01,278] 0  INFO GUI_LOGGER: INIT APPLICATION
[2025-11-03 09:57:01,299] 21  INFO CORE_LOGGER: START INIT Application
[2025-11-03 09:57:01,302] 24  INFO CONFIG_LOGGER: Setting default home directory: C:\Users\User\.WoPeD-3.9.0\nets\
[2025-11-03 09:57:01,303] 25  INFO CONFIG_LOGGER: Loading configuration from: C:\Users\User\.WoPeD-3.9.0\WoPeDconfig.xml.
[2025-11-03 09:57:01,442] 164  INFO CONFIG_LOGGER: Setting Locale to en_GB
[2025-11-03 09:57:01,444] 166  INFO CONFIG_LOGGER: Setting home directory: C:\Users\User\.WoPeD-3.9.0\nets\
[2025-11-03 09:57:01,444] 166  INFO CONFIG_LOGGER: Setting current working directory: null
[2025-11-03 09:57:01,444] 166  INFO CONFIG_LOGGER: Setting current working directory: C:\Users\User\.WoPeD-3.9.0\nets\
[2025-11-03 09:57:01,457] 179  INFO CONFIG_LOGGER: Configuration successfully loaded.
[2025-11-03 09:57:01,464] 186  WARN CONFIG_LOGGER: Configuration file not found: C:\Users\User\.WoPeD-3.9.0\WoPeDmetrics.xml. Using built-in settings.
[2025-11-03 09:57:01,483] 205  INFO CONFIG_LOGGER: Configuration successfully loaded.
[2025-11-03 09:57:01,516] 238  INFO CORE_LOGGER: Look-And-Feel set to com.sun.java.swing.plaf.windows.WindowsLookAndFeel
[2025-11-03 09:57:01,878] 600  INFO GUI_LOGGER: END  INIT Application
[2025-11-03 09:57:02,029] 751 DEBUG QUALANALYSIS_LOGGER: -> init() org.woped.qualanalysis.coverabilitygraph.gui.CoverabilityGraphFrameController
[2025-11-03 09:57:02,034] 756 DEBUG QUALANALYSIS_LOGGER: <- init() org.woped.qualanalysis.coverabilitygraph.gui.CoverabilityGraphFrameController
[2025-11-03 09:57:02,073] 795 DEBUG FILE_LOGGER: ##### START PNML Version (1.3.2) IMPORT #####
[2025-11-03 09:57:02,197] 919 DEBUG QUALANALYSIS_LOGGER: PT Handle Pairs calculated. (0 ms)
[2025-11-03 09:57:02,197] 919 DEBUG QUALANALYSIS_LOGGER: TP Handle Pairs calculated. (6 ms)
[2025-11-03 09:57:02,351] 1073 DEBUG FILE_LOGGER:  ... Place (ID:p1) imported
[2025-11-03 09:57:02,352] 1074 DEBUG FILE_LOGGER:  ... Place (ID:p2) imported
[2025-11-03 09:57:02,352] 1074 DEBUG FILE_LOGGER:  ... Place (ID:p3) imported
[2025-11-03 09:57:02,352] 1074 DEBUG FILE_LOGGER:  ... Place (ID:p4) imported
[2025-11-03 09:57:02,352] 1074 DEBUG FILE_LOGGER:  ... Place (ID:p5) imported
[2025-11-03 09:57:02,353] 1075 DEBUG FILE_LOGGER:  ... Place (ID:p6) imported
[2025-11-03 09:57:02,356] 1078 DEBUG FILE_LOGGER:  ... Transition (ID:t5) imported 
[2025-11-03 09:57:02,356] 1078 DEBUG FILE_LOGGER:  ... Transition (ID:t6) imported 
[2025-11-03 09:57:02,357] 1079 DEBUG FILE_LOGGER:  ... Transition (ID:t7) imported 
[2025-11-03 09:57:02,357] 1079 DEBUG FILE_LOGGER:  ... Transition (ID:t8) imported 
[2025-11-03 09:57:02,357] 1079 DEBUG FILE_LOGGER:  ... Transition (ID:t2) imported 
[2025-11-03 09:57:02,363] 1085 DEBUG FILE_LOGGER:  ... Arc created: (ID:a11) p5 -> t7 
[2025-11-03 09:57:02,363] 1085 DEBUG FILE_LOGGER:  ... Arc created: (ID:a22) p1 -> t2 
[2025-11-03 09:57:02,363] 1085 DEBUG FILE_LOGGER:  ... Arc created: (ID:a10) p5 -> t6 
[2025-11-03 09:57:02,363] 1085 DEBUG FILE_LOGGER:  ... Arc created: (ID:a13) t5 -> p6 
[2025-11-03 09:57:02,364] 1086 DEBUG FILE_LOGGER:  ... Arc created: (ID:a24) p4 -> t2 
[2025-11-03 09:57:02,364] 1086 DEBUG FILE_LOGGER:  ... Arc created: (ID:a12) p5 -> t8 
[2025-11-03 09:57:02,365] 1087 DEBUG FILE_LOGGER:  ... Arc created: (ID:a23) p3 -> t2 
[2025-11-03 09:57:02,365] 1087 DEBUG FILE_LOGGER:  ... Arc created: (ID:a15) t7 -> p6 
[2025-11-03 09:57:02,365] 1087 DEBUG FILE_LOGGER:  ... Arc created: (ID:a14) t6 -> p6 
[2025-11-03 09:57:02,365] 1087 DEBUG FILE_LOGGER:  ... Arc created: (ID:a17) t5 -> p1 
[2025-11-03 09:57:02,365] 1087 DEBUG FILE_LOGGER:  ... Arc created: (ID:a16) t8 -> p6 
[2025-11-03 09:57:02,366] 1088 DEBUG FILE_LOGGER:  ... Arc created: (ID:a19) t7 -> p3 
[2025-11-03 09:57:02,366] 1088 DEBUG FILE_LOGGER:  ... Arc created: (ID:a18) t6 -> p2 
[2025-11-03 09:57:02,366] 1088 DEBUG FILE_LOGGER:  ... Arc created: (ID:a2) p2 -> t2 
[2025-11-03 09:57:02,366] 1088 DEBUG FILE_LOGGER:  ... Arc created: (ID:a6) t2 -> p5 
[2025-11-03 09:57:02,366] 1088 DEBUG FILE_LOGGER:  ... Arc created: (ID:a9) p5 -> t5 
[2025-11-03 09:57:02,366] 1088 DEBUG FILE_LOGGER:  ... Arc created: (ID:a20) t8 -> p4 
[2025-11-03 09:57:02,431] 1153 DEBUG EDITOR_LOGGER: Net updated. (6 ms)
[2025-11-03 09:57:02,438] 1160 DEBUG EDITOR_LOGGER: Net updated. (6 ms)
[2025-11-03 09:57:02,438] 1160 DEBUG FILE_LOGGER: ##### END PNML IMPORT Version (1.3.2) ##### (365 ms)
[2025-11-03 09:57:02,439] 1161  INFO CONFIG_LOGGER: Setting current working directory: D:\BPA Series\SupplementsOnGithub\bpa\Short 17 Lotto
[2025-11-03 09:57:02,439] 1161  INFO FILE_LOGGER: Petrinet loaded from file: D:\BPA Series\SupplementsOnGithub\bpa\Short 17 Lotto\lotto2.pnml
[2025-11-03 10:11:34,950] 873672 DEBUG EDITOR_LOGGER: START TokenGame
[2025-11-03 10:11:34,955] 873677 DEBUG QUALANALYSIS_LOGGER: TokenGame: CHECK NET
[2025-11-03 10:11:34,956] 873678 DEBUG QUALANALYSIS_LOGGER:            ... DONE (1 ms)
[2025-11-03 10:11:36,805] 875527 DEBUG QUALANALYSIS_LOGGER: TokenGame: CHECK NET
[2025-11-03 10:11:36,807] 875529 DEBUG QUALANALYSIS_LOGGER:            ... DONE (2 ms)
[2025-11-03 10:11:46,656] 885378 DEBUG QUALANALYSIS_LOGGER: TokenGame: CHECK NET
[2025-11-03 10:11:46,658] 885380 DEBUG QUALANALYSIS_LOGGER:            ... DONE (2 ms)
[2025-11-03 10:11:47,053] 885775 DEBUG QUALANALYSIS_LOGGER: TokenGame: CHECK NET
[2025-11-03 10:11:47,055] 885777 DEBUG QUALANALYSIS_LOGGER:            ... DONE (2 ms)
[2025-11-03 10:13:20,786] 979508 DEBUG FILE_LOGGER: ##### START PNML EXPORT #####
[2025-11-03 10:13:20,799] 979521 DEBUG FILE_LOGGER:    ... Place (ID:p1) set
[2025-11-03 10:13:20,803] 979525 DEBUG FILE_LOGGER:    ... Transition (ID:t5) set
[2025-11-03 10:13:20,803] 979525 DEBUG FILE_LOGGER:    ... Place (ID:p2) set
[2025-11-03 10:13:20,803] 979525 DEBUG FILE_LOGGER:    ... Transition (ID:t6) set
[2025-11-03 10:13:20,804] 979526 DEBUG FILE_LOGGER:    ... Place (ID:p3) set
[2025-11-03 10:13:20,804] 979526 DEBUG FILE_LOGGER:    ... Transition (ID:t7) set
[2025-11-03 10:13:20,804] 979526 DEBUG FILE_LOGGER:    ... Place (ID:p4) set
[2025-11-03 10:13:20,804] 979526 DEBUG FILE_LOGGER:    ... Transition (ID:t8) set
[2025-11-03 10:13:20,804] 979526 DEBUG FILE_LOGGER:    ... Place (ID:p5) set
[2025-11-03 10:13:20,805] 979527 DEBUG FILE_LOGGER:    ... Place (ID:p6) set
[2025-11-03 10:13:20,805] 979527 DEBUG FILE_LOGGER:    ... Transition (ID:t2) set
[2025-11-03 10:13:20,805] 979527 DEBUG FILE_LOGGER:    ... Arc (ID:a11( p5 -> t7) set
[2025-11-03 10:13:20,806] 979528 DEBUG FILE_LOGGER: ... Arc label position: X = 500.0 / Y = 12.0
[2025-11-03 10:13:20,806] 979528 DEBUG FILE_LOGGER:    ... Arc (ID:a22( p1 -> t2) set
[2025-11-03 10:13:20,806] 979528 DEBUG FILE_LOGGER: ... Arc label position: X = 500.0 / Y = 12.0
[2025-11-03 10:13:20,806] 979528 DEBUG FILE_LOGGER:    ... Arc (ID:a10( p5 -> t6) set
[2025-11-03 10:13:20,806] 979528 DEBUG FILE_LOGGER: ... Arc label position: X = 500.0 / Y = 12.0
[2025-11-03 10:13:20,807] 979529 DEBUG FILE_LOGGER:    ... Arc (ID:a13( t5 -> p6) set
[2025-11-03 10:13:20,807] 979529 DEBUG FILE_LOGGER: ... Arc label position: X = 500.0 / Y = 12.0
[2025-11-03 10:13:20,807] 979529 DEBUG FILE_LOGGER:    ... Arc (ID:a24( p4 -> t2) set
[2025-11-03 10:13:20,807] 979529 DEBUG FILE_LOGGER: ... Arc label position: X = 500.0 / Y = 12.0
[2025-11-03 10:13:20,807] 979529 DEBUG FILE_LOGGER:    ... Arc (ID:a12( p5 -> t8) set
[2025-11-03 10:13:20,807] 979529 DEBUG FILE_LOGGER: ... Arc label position: X = 500.0 / Y = 12.0
[2025-11-03 10:13:20,807] 979529 DEBUG FILE_LOGGER:    ... Arc (ID:a23( p3 -> t2) set
[2025-11-03 10:13:20,807] 979529 DEBUG FILE_LOGGER: ... Arc label position: X = 500.0 / Y = 12.0
[2025-11-03 10:13:20,808] 979530 DEBUG FILE_LOGGER:    ... Arc (ID:a15( t7 -> p6) set
[2025-11-03 10:13:20,808] 979530 DEBUG FILE_LOGGER: ... Arc label position: X = 500.0 / Y = 12.0
[2025-11-03 10:13:20,808] 979530 DEBUG FILE_LOGGER:    ... Arc (ID:a14( t6 -> p6) set
[2025-11-03 10:13:20,808] 979530 DEBUG FILE_LOGGER: ... Arc label position: X = 500.0 / Y = 12.0
[2025-11-03 10:13:20,808] 979530 DEBUG FILE_LOGGER:    ... Arc (ID:a17( t5 -> p1) set
[2025-11-03 10:13:20,808] 979530 DEBUG FILE_LOGGER: ... Arc label position: X = 500.0 / Y = 12.0
[2025-11-03 10:13:20,808] 979530 DEBUG FILE_LOGGER:    ... Arc (ID:a16( t8 -> p6) set
[2025-11-03 10:13:20,809] 979531 DEBUG FILE_LOGGER: ... Arc label position: X = 500.0 / Y = 12.0
[2025-11-03 10:13:20,809] 979531 DEBUG FILE_LOGGER:    ... Arc (ID:a19( t7 -> p3) set
[2025-11-03 10:13:20,809] 979531 DEBUG FILE_LOGGER: ... Arc label position: X = 500.0 / Y = 12.0
[2025-11-03 10:13:20,809] 979531 DEBUG FILE_LOGGER:    ... Arc (ID:a18( t6 -> p2) set
[2025-11-03 10:13:20,809] 979531 DEBUG FILE_LOGGER: ... Arc label position: X = 500.0 / Y = 12.0
[2025-11-03 10:13:20,809] 979531 DEBUG FILE_LOGGER:    ... Arc (ID:a2( p2 -> t2) set
[2025-11-03 10:13:20,809] 979531 DEBUG FILE_LOGGER: ... Arc label position: X = 500.0 / Y = 12.0
[2025-11-03 10:13:20,809] 979531 DEBUG FILE_LOGGER:    ... Arc (ID:a6( t2 -> p5) set
[2025-11-03 10:13:20,810] 979532 DEBUG FILE_LOGGER: ... Arc label position: X = 500.0 / Y = 12.0
[2025-11-03 10:13:20,810] 979532 DEBUG FILE_LOGGER:    ... Arc (ID:a9( p5 -> t5) set
[2025-11-03 10:13:20,810] 979532 DEBUG FILE_LOGGER: ... Arc label position: X = 500.0 / Y = 12.0
[2025-11-03 10:13:20,810] 979532 DEBUG FILE_LOGGER:    ... Arc (ID:a20( t8 -> p4) set
[2025-11-03 10:13:20,810] 979532 DEBUG FILE_LOGGER: ... Arc label position: X = 500.0 / Y = 12.0
[2025-11-03 10:13:20,821] 979543 DEBUG FILE_LOGGER: ##### END PNML EXPORT ##### (35 ms)
[2025-11-03 10:13:20,821] 979543  INFO FILE_LOGGER: Petrinet saved in file: D:\BPA Series\SupplementsOnGithub\bpa\Short 17 Lotto\lotto2.pnml
[2025-11-03 10:13:20,822] 979544  INFO CONFIG_LOGGER: Setting current working directory: null
[2025-11-03 10:13:22,249] 980971  INFO CONFIG_LOGGER: Configuration successfully saved to: C:\Users\User\.WoPeD-3.9.0\WoPeDconfig.xml
[2025-11-03 10:13:22,249] 980971  INFO GUI_LOGGER: EXIT WoPeD
