[2024-03-14 10:56:11,289] 1  INFO GUI_LOGGER: INIT APPLICATION
[2024-03-14 10:56:11,314] 26  INFO CORE_LOGGER: START INIT Application
[2024-03-14 10:56:11,324] 36  INFO CONFIG_LOGGER: Setting default home directory: C:\Users\User\.WoPeD-3.9.0\nets\
[2024-03-14 10:56:11,328] 40  INFO CONFIG_LOGGER: Loading configuration from: C:\Users\User\.WoPeD-3.9.0\WoPeDconfig.xml.
[2024-03-14 10:56:11,442] 154  INFO CONFIG_LOGGER: Setting Locale to en_GB
[2024-03-14 10:56:11,445] 157  INFO CONFIG_LOGGER: Setting home directory: C:\Users\User\.WoPeD-3.9.0\nets\
[2024-03-14 10:56:11,445] 157  INFO CONFIG_LOGGER: Setting current working directory: D:\BPA Series\SupplementsOnGithub\bpa\Short 40 Chainsaw\
[2024-03-14 10:56:11,457] 169  INFO CONFIG_LOGGER: Configuration successfully loaded.
[2024-03-14 10:56:11,469] 181  WARN CONFIG_LOGGER: Configuration file not found: C:\Users\User\.WoPeD-3.9.0\WoPeDmetrics.xml. Using built-in settings.
[2024-03-14 10:56:11,483] 195  INFO CONFIG_LOGGER: Configuration successfully loaded.
[2024-03-14 10:56:11,509] 221  INFO CORE_LOGGER: Look-And-Feel set to com.sun.java.swing.plaf.windows.WindowsLookAndFeel
[2024-03-14 10:56:11,786] 498  INFO GUI_LOGGER: END  INIT Application
[2024-03-14 10:56:11,943] 655 DEBUG QUALANALYSIS_LOGGER: -> init() org.woped.qualanalysis.coverabilitygraph.gui.CoverabilityGraphFrameController
[2024-03-14 10:56:11,950] 662 DEBUG QUALANALYSIS_LOGGER: <- init() org.woped.qualanalysis.coverabilitygraph.gui.CoverabilityGraphFrameController
[2024-03-14 10:56:11,993] 705 DEBUG FILE_LOGGER: ##### START PNML Version (1.3.2) IMPORT #####
[2024-03-14 10:56:12,127] 839 DEBUG QUALANALYSIS_LOGGER: PT Handle Pairs calculated. (0 ms)
[2024-03-14 10:56:12,128] 840 DEBUG QUALANALYSIS_LOGGER: TP Handle Pairs calculated. (7 ms)
[2024-03-14 10:56:12,281] 993 DEBUG FILE_LOGGER:  ... Place (ID:p1) imported
[2024-03-14 10:56:12,281] 993 DEBUG FILE_LOGGER:  ... Place (ID:p2) imported
[2024-03-14 10:56:12,281] 993 DEBUG FILE_LOGGER:  ... Place (ID:p3) imported
[2024-03-14 10:56:12,282] 994 DEBUG FILE_LOGGER:  ... Place (ID:p4) imported
[2024-03-14 10:56:12,282] 994 DEBUG FILE_LOGGER:  ... Place (ID:p5) imported
[2024-03-14 10:56:12,282] 994 DEBUG FILE_LOGGER:  ... Place (ID:p6) imported
[2024-03-14 10:56:12,282] 994 DEBUG FILE_LOGGER:  ... Place (ID:p7) imported
[2024-03-14 10:56:12,283] 995 DEBUG FILE_LOGGER:  ... Place (ID:p8) imported
[2024-03-14 10:56:12,283] 995 DEBUG FILE_LOGGER:  ... Place (ID:p9) imported
[2024-03-14 10:56:12,287] 999 DEBUG FILE_LOGGER:  ... Transition (ID:t4) imported 
[2024-03-14 10:56:12,287] 999 DEBUG FILE_LOGGER:  ... Transition (ID:t5) imported 
[2024-03-14 10:56:12,287] 999 DEBUG FILE_LOGGER:  ... Transition (ID:t6) imported 
[2024-03-14 10:56:12,288] 1000 DEBUG FILE_LOGGER:  ... Transition (ID:t7) imported 
[2024-03-14 10:56:12,288] 1000 DEBUG FILE_LOGGER:  ... Transition (ID:t8) imported 
[2024-03-14 10:56:12,289] 1001 DEBUG FILE_LOGGER:  ... Transition (ID:t1) imported 
[2024-03-14 10:56:12,290] 1002 DEBUG FILE_LOGGER:  ... Transition (ID:t2) imported 
[2024-03-14 10:56:12,290] 1002 DEBUG FILE_LOGGER:  ... Transition (ID:t3) imported 
[2024-03-14 10:56:12,299] 1011 DEBUG FILE_LOGGER:  ... Arc created: (ID:a11) p6 -> t5 
[2024-03-14 10:56:12,299] 1011 DEBUG FILE_LOGGER:  ... Arc created: (ID:a10) t6 -> p6 
[2024-03-14 10:56:12,299] 1011 DEBUG FILE_LOGGER:  ... Arc created: (ID:a13) p8 -> t7 
[2024-03-14 10:56:12,300] 1012 DEBUG FILE_LOGGER:  ... Arc created: (ID:a12) t5 -> p5 
[2024-03-14 10:56:12,300] 1012 DEBUG FILE_LOGGER:  ... Arc created: (ID:a15) t8 -> p8 
[2024-03-14 10:56:12,300] 1012 DEBUG FILE_LOGGER:  ... Arc created: (ID:a14) p7 -> t8 
[2024-03-14 10:56:12,300] 1012 DEBUG FILE_LOGGER:  ... Arc created: (ID:a17) p9 -> t1 
[2024-03-14 10:56:12,301] 1013 DEBUG FILE_LOGGER:  ... Arc created: (ID:a16) t7 -> p7 
[2024-03-14 10:56:12,301] 1013 DEBUG FILE_LOGGER:  ... Arc created: (ID:a19) p9 -> t6 
[2024-03-14 10:56:12,301] 1013 DEBUG FILE_LOGGER:  ... Arc created: (ID:a18) p9 -> t3 
[2024-03-14 10:56:12,301] 1013 DEBUG FILE_LOGGER:  ... Arc created: (ID:a20) p9 -> t8 
[2024-03-14 10:56:12,302] 1014 DEBUG FILE_LOGGER:  ... Arc created: (ID:a22) t4 -> p9 
[2024-03-14 10:56:12,302] 1014 DEBUG FILE_LOGGER:  ... Arc created: (ID:a21) t2 -> p9 
[2024-03-14 10:56:12,302] 1014 DEBUG FILE_LOGGER:  ... Arc created: (ID:a24) t7 -> p9 
[2024-03-14 10:56:12,305] 1017 DEBUG FILE_LOGGER:  ... Arc created: (ID:a23) t5 -> p9 
[2024-03-14 10:56:12,306] 1018 DEBUG FILE_LOGGER:  ... Arc created: (ID:a1) p1 -> t1 
[2024-03-14 10:56:12,306] 1018 DEBUG FILE_LOGGER:  ... Arc created: (ID:a2) t1 -> p2 
[2024-03-14 10:56:12,306] 1018 DEBUG FILE_LOGGER:  ... Arc created: (ID:a3) p2 -> t2 
[2024-03-14 10:56:12,306] 1018 DEBUG FILE_LOGGER:  ... Arc created: (ID:a4) t2 -> p1 
[2024-03-14 10:56:12,306] 1018 DEBUG FILE_LOGGER:  ... Arc created: (ID:a5) p3 -> t3 
[2024-03-14 10:56:12,307] 1019 DEBUG FILE_LOGGER:  ... Arc created: (ID:a6) t3 -> p4 
[2024-03-14 10:56:12,307] 1019 DEBUG FILE_LOGGER:  ... Arc created: (ID:a7) p4 -> t4 
[2024-03-14 10:56:12,307] 1019 DEBUG FILE_LOGGER:  ... Arc created: (ID:a8) t4 -> p3 
[2024-03-14 10:56:12,307] 1019 DEBUG FILE_LOGGER:  ... Arc created: (ID:a9) p5 -> t6 
[2024-03-14 10:56:12,387] 1099 DEBUG EDITOR_LOGGER: Net updated. (3 ms)
[2024-03-14 10:56:12,390] 1102 DEBUG EDITOR_LOGGER: Net updated. (2 ms)
[2024-03-14 10:56:12,390] 1102 DEBUG FILE_LOGGER: ##### END PNML IMPORT Version (1.3.2) ##### (396 ms)
[2024-03-14 10:56:12,391] 1103  INFO CONFIG_LOGGER: Setting current working directory: D:\BPA Series\SupplementsOnGithub\bpa\Short 31 Electric Roller Shutters
[2024-03-14 10:56:12,392] 1104  INFO FILE_LOGGER: Petrinet loaded from file: D:\BPA Series\SupplementsOnGithub\bpa\Short 31 Electric Roller Shutters\shutters.pnml
[2024-03-14 10:56:27,825] 16537 DEBUG EDITOR_LOGGER: START TokenGame
[2024-03-14 10:56:27,830] 16542 DEBUG QUALANALYSIS_LOGGER: TokenGame: CHECK NET
[2024-03-14 10:56:27,832] 16544 DEBUG QUALANALYSIS_LOGGER:            ... DONE (1 ms)
[2024-03-14 10:56:30,530] 19242 DEBUG QUALANALYSIS_LOGGER: TokenGame: CHECK NET
[2024-03-14 10:56:30,531] 19243 DEBUG QUALANALYSIS_LOGGER:            ... DONE (1 ms)
[2024-03-14 10:56:33,594] 22306 DEBUG QUALANALYSIS_LOGGER: TokenGame: CHECK NET
[2024-03-14 10:56:33,595] 22307 DEBUG QUALANALYSIS_LOGGER:            ... DONE (1 ms)
[2024-03-14 10:56:38,067] 26779 DEBUG QUALANALYSIS_LOGGER: TokenGame: CHECK NET
[2024-03-14 10:56:38,067] 26779 DEBUG QUALANALYSIS_LOGGER:            ... DONE (0 ms)
[2024-03-14 10:56:42,242] 30954 DEBUG QUALANALYSIS_LOGGER: TokenGame: CHECK NET
[2024-03-14 10:56:42,243] 30955 DEBUG QUALANALYSIS_LOGGER:            ... DONE (1 ms)
[2024-03-14 10:56:47,769] 36481 DEBUG QUALANALYSIS_LOGGER: TokenGame: CHECK NET
[2024-03-14 10:56:47,770] 36482 DEBUG QUALANALYSIS_LOGGER:            ... DONE (1 ms)
[2024-03-14 10:56:56,265] 44977 DEBUG QUALANALYSIS_LOGGER: TokenGame: CHECK NET
[2024-03-14 10:56:56,266] 44978 DEBUG QUALANALYSIS_LOGGER:            ... DONE (1 ms)
[2024-03-14 10:56:57,178] 45890 DEBUG QUALANALYSIS_LOGGER: TokenGame: CHECK NET
[2024-03-14 10:56:57,179] 45891 DEBUG QUALANALYSIS_LOGGER:            ... DONE (1 ms)
[2024-03-14 13:24:30,666] 8899378 DEBUG QUALANALYSIS_LOGGER: TokenGame: CHECK NET
[2024-03-14 13:24:30,668] 8899380 DEBUG QUALANALYSIS_LOGGER:            ... DONE (2 ms)
[2024-03-14 13:24:31,306] 8900018 DEBUG QUALANALYSIS_LOGGER: TokenGame: CHECK NET
[2024-03-14 13:24:31,307] 8900019 DEBUG QUALANALYSIS_LOGGER:            ... DONE (1 ms)
[2024-03-14 13:24:32,227] 8900939 DEBUG QUALANALYSIS_LOGGER: TokenGame: CHECK NET
[2024-03-14 13:24:32,228] 8900940 DEBUG QUALANALYSIS_LOGGER:            ... DONE (1 ms)
[2024-03-14 13:24:32,842] 8901554 DEBUG QUALANALYSIS_LOGGER: TokenGame: CHECK NET
[2024-03-14 13:24:32,843] 8901555 DEBUG QUALANALYSIS_LOGGER:            ... DONE (1 ms)
[2024-03-14 13:24:35,146] 8903858 DEBUG QUALANALYSIS_LOGGER: TokenGame: CHECK NET
[2024-03-14 13:24:35,147] 8903859 DEBUG QUALANALYSIS_LOGGER:            ... DONE (1 ms)
[2024-03-14 13:31:10,659] 9299371 DEBUG QUALANALYSIS_LOGGER: TokenGame: CHECK NET
[2024-03-14 13:31:10,660] 9299372 DEBUG QUALANALYSIS_LOGGER:            ... DONE (1 ms)
[2024-03-14 13:31:12,082] 9300794 DEBUG QUALANALYSIS_LOGGER: TokenGame: CHECK NET
[2024-03-14 13:31:12,083] 9300795 DEBUG QUALANALYSIS_LOGGER:            ... DONE (1 ms)
[2024-03-14 13:31:13,010] 9301722 DEBUG QUALANALYSIS_LOGGER: TokenGame: CHECK NET
[2024-03-14 13:31:13,011] 9301723 DEBUG QUALANALYSIS_LOGGER:            ... DONE (1 ms)
[2024-03-14 13:31:15,618] 9304330 DEBUG QUALANALYSIS_LOGGER: TokenGame: CHECK NET
[2024-03-14 13:31:15,620] 9304332 DEBUG QUALANALYSIS_LOGGER:            ... DONE (2 ms)
[2024-03-14 13:31:17,363] 9306075 DEBUG QUALANALYSIS_LOGGER: TokenGame: CHECK NET
[2024-03-14 13:31:17,364] 9306076 DEBUG QUALANALYSIS_LOGGER:            ... DONE (1 ms)
[2024-03-14 13:31:19,803] 9308515 DEBUG QUALANALYSIS_LOGGER: TokenGame: CHECK NET
[2024-03-14 13:31:19,804] 9308516 DEBUG QUALANALYSIS_LOGGER:            ... DONE (1 ms)
[2024-03-14 13:31:20,875] 9309587 DEBUG QUALANALYSIS_LOGGER: TokenGame: CHECK NET
[2024-03-14 13:31:20,876] 9309588 DEBUG QUALANALYSIS_LOGGER:            ... DONE (1 ms)
[2024-03-14 13:31:57,075] 9345787 DEBUG QUALANALYSIS_LOGGER: TokenGame: CHECK NET
[2024-03-14 13:31:57,076] 9345788 DEBUG QUALANALYSIS_LOGGER:            ... DONE (1 ms)
[2024-03-14 13:32:01,682] 9350394 DEBUG QUALANALYSIS_LOGGER: TokenGame: CHECK NET
[2024-03-14 13:32:01,683] 9350395 DEBUG QUALANALYSIS_LOGGER:            ... DONE (1 ms)
[2024-03-14 13:32:03,610] 9352322 DEBUG QUALANALYSIS_LOGGER: TokenGame: CHECK NET
[2024-03-14 13:32:03,611] 9352323 DEBUG QUALANALYSIS_LOGGER:            ... DONE (1 ms)
[2024-03-14 13:32:11,114] 9359826 DEBUG QUALANALYSIS_LOGGER: TokenGame: CHECK NET
[2024-03-14 13:32:11,115] 9359827 DEBUG QUALANALYSIS_LOGGER:            ... DONE (1 ms)
[2024-03-14 13:32:11,931] 9360643 DEBUG QUALANALYSIS_LOGGER: TokenGame: CHECK NET
[2024-03-14 13:32:11,932] 9360644 DEBUG QUALANALYSIS_LOGGER:            ... DONE (1 ms)
[2024-03-14 13:32:12,859] 9361571 DEBUG QUALANALYSIS_LOGGER: TokenGame: CHECK NET
[2024-03-14 13:32:12,860] 9361572 DEBUG QUALANALYSIS_LOGGER:            ... DONE (1 ms)
[2024-03-14 13:33:05,290] 9414002 DEBUG QUALANALYSIS_LOGGER: TokenGame: CHECK NET
[2024-03-14 13:33:05,291] 9414003 DEBUG QUALANALYSIS_LOGGER:            ... DONE (1 ms)
[2024-03-14 13:33:06,226] 9414938 DEBUG QUALANALYSIS_LOGGER: TokenGame: CHECK NET
[2024-03-14 13:33:06,227] 9414939 DEBUG QUALANALYSIS_LOGGER:            ... DONE (1 ms)
[2024-03-14 13:41:06,443] 9895155 DEBUG QUALANALYSIS_LOGGER: TokenGame: CHECK NET
[2024-03-14 13:41:06,444] 9895156 DEBUG QUALANALYSIS_LOGGER:            ... DONE (1 ms)
[2024-03-14 13:41:07,531] 9896243 DEBUG QUALANALYSIS_LOGGER: TokenGame: CHECK NET
[2024-03-14 13:41:08,012] 9896724 DEBUG QUALANALYSIS_LOGGER:            ... DONE (481 ms)
[2024-03-14 13:41:09,325] 9898037 DEBUG QUALANALYSIS_LOGGER: TokenGame: CHECK NET
[2024-03-14 13:41:09,325] 9898037 DEBUG QUALANALYSIS_LOGGER:            ... DONE (0 ms)
[2024-03-14 13:41:14,708] 9903420 DEBUG QUALANALYSIS_LOGGER: TokenGame: CHECK NET
[2024-03-14 13:41:14,709] 9903421 DEBUG QUALANALYSIS_LOGGER:            ... DONE (1 ms)
[2024-03-14 13:41:22,875] 9911587 DEBUG QUALANALYSIS_LOGGER: TokenGame: CHECK NET
[2024-03-14 13:41:22,876] 9911588 DEBUG QUALANALYSIS_LOGGER:            ... DONE (1 ms)
[2024-03-14 13:41:23,411] 9912123 DEBUG QUALANALYSIS_LOGGER: TokenGame: CHECK NET
[2024-03-14 13:41:23,412] 9912124 DEBUG QUALANALYSIS_LOGGER:            ... DONE (1 ms)
[2024-03-14 13:41:25,434] 9914146 DEBUG QUALANALYSIS_LOGGER: TokenGame: CHECK NET
[2024-03-14 13:41:25,436] 9914148 DEBUG QUALANALYSIS_LOGGER:            ... DONE (2 ms)
[2024-03-14 13:41:55,419] 9944131 DEBUG QUALANALYSIS_LOGGER: TokenGame: CHECK NET
[2024-03-14 13:41:55,421] 9944133 DEBUG QUALANALYSIS_LOGGER:            ... DONE (2 ms)
[2024-03-14 13:41:56,508] 9945220 DEBUG QUALANALYSIS_LOGGER: TokenGame: CHECK NET
[2024-03-14 13:41:56,508] 9945220 DEBUG QUALANALYSIS_LOGGER:            ... DONE (0 ms)
[2024-03-14 13:42:12,507] 9961219 DEBUG QUALANALYSIS_LOGGER: TokenGame: CHECK NET
[2024-03-14 13:42:12,508] 9961220 DEBUG QUALANALYSIS_LOGGER:            ... DONE (1 ms)
[2024-03-14 13:42:23,555] 9972267 DEBUG QUALANALYSIS_LOGGER: TokenGame: CHECK NET
[2024-03-14 13:42:23,556] 9972268 DEBUG QUALANALYSIS_LOGGER:            ... DONE (1 ms)
[2024-03-14 13:42:24,764] 9973476 DEBUG QUALANALYSIS_LOGGER: TokenGame: CHECK NET
[2024-03-14 13:42:24,765] 9973477 DEBUG QUALANALYSIS_LOGGER:            ... DONE (1 ms)
[2024-03-14 13:42:33,267] 9981979 DEBUG QUALANALYSIS_LOGGER: TokenGame: CHECK NET
[2024-03-14 13:42:33,268] 9981980 DEBUG QUALANALYSIS_LOGGER:            ... DONE (1 ms)
[2024-03-14 13:42:34,635] 9983347 DEBUG QUALANALYSIS_LOGGER: TokenGame: CHECK NET
[2024-03-14 13:42:34,636] 9983348 DEBUG QUALANALYSIS_LOGGER:            ... DONE (1 ms)
[2024-03-14 13:42:36,107] 9984819 DEBUG QUALANALYSIS_LOGGER: TokenGame: CHECK NET
[2024-03-14 13:42:36,108] 9984820 DEBUG QUALANALYSIS_LOGGER:            ... DONE (1 ms)
[2024-03-14 13:50:43,652] 10472364 DEBUG QUALANALYSIS_LOGGER: TokenGame: CHECK NET
[2024-03-14 13:50:43,653] 10472365 DEBUG QUALANALYSIS_LOGGER:            ... DONE (1 ms)
[2024-03-14 13:50:45,483] 10474195 DEBUG QUALANALYSIS_LOGGER: TokenGame: CHECK NET
[2024-03-14 13:50:45,484] 10474196 DEBUG QUALANALYSIS_LOGGER:            ... DONE (1 ms)
[2024-03-14 13:51:16,621] 10505333 DEBUG QUALANALYSIS_LOGGER: TokenGame: CHECK NET
[2024-03-14 13:51:16,622] 10505334 DEBUG QUALANALYSIS_LOGGER:            ... DONE (1 ms)
[2024-03-14 13:51:17,348] 10506060 DEBUG QUALANALYSIS_LOGGER: TokenGame: CHECK NET
[2024-03-14 13:51:17,349] 10506061 DEBUG QUALANALYSIS_LOGGER:            ... DONE (1 ms)
[2024-03-14 13:51:18,228] 10506940 DEBUG QUALANALYSIS_LOGGER: TokenGame: CHECK NET
[2024-03-14 13:51:18,229] 10506941 DEBUG QUALANALYSIS_LOGGER:            ... DONE (1 ms)
[2024-03-14 13:51:22,747] 10511459 DEBUG QUALANALYSIS_LOGGER: TokenGame: CHECK NET
[2024-03-14 13:51:22,748] 10511460 DEBUG QUALANALYSIS_LOGGER:            ... DONE (1 ms)
[2024-03-14 13:51:24,228] 10512940 DEBUG QUALANALYSIS_LOGGER: TokenGame: CHECK NET
[2024-03-14 13:51:24,229] 10512941 DEBUG QUALANALYSIS_LOGGER:            ... DONE (1 ms)
[2024-03-14 13:51:27,459] 10516171 DEBUG QUALANALYSIS_LOGGER: TokenGame: CHECK NET
[2024-03-14 13:51:27,460] 10516172 DEBUG QUALANALYSIS_LOGGER:            ... DONE (1 ms)
[2024-03-14 13:51:30,675] 10519387 DEBUG QUALANALYSIS_LOGGER: TokenGame: CHECK NET
[2024-03-14 13:51:30,676] 10519388 DEBUG QUALANALYSIS_LOGGER:            ... DONE (1 ms)
[2024-03-14 13:51:33,611] 10522323 DEBUG QUALANALYSIS_LOGGER: TokenGame: CHECK NET
[2024-03-14 13:51:33,612] 10522324 DEBUG QUALANALYSIS_LOGGER:            ... DONE (1 ms)
[2024-03-14 13:51:34,619] 10523331 DEBUG QUALANALYSIS_LOGGER: TokenGame: CHECK NET
[2024-03-14 13:51:34,621] 10523333 DEBUG QUALANALYSIS_LOGGER:            ... DONE (2 ms)
[2024-03-14 13:51:37,524] 10526236 DEBUG QUALANALYSIS_LOGGER: TokenGame: CHECK NET
[2024-03-14 13:51:37,525] 10526237 DEBUG QUALANALYSIS_LOGGER:            ... DONE (1 ms)
[2024-03-14 13:53:55,165] 10663877 DEBUG FILE_LOGGER: ##### START PNML EXPORT #####
[2024-03-14 13:53:55,179] 10663891 DEBUG FILE_LOGGER:    ... Transition (ID:t4) set
[2024-03-14 13:53:55,179] 10663891 DEBUG FILE_LOGGER:    ... Place (ID:p1) set
[2024-03-14 13:53:55,180] 10663892 DEBUG FILE_LOGGER:    ... Transition (ID:t5) set
[2024-03-14 13:53:55,180] 10663892 DEBUG FILE_LOGGER:    ... Place (ID:p2) set
[2024-03-14 13:53:55,180] 10663892 DEBUG FILE_LOGGER:    ... Transition (ID:t6) set
[2024-03-14 13:53:55,180] 10663892 DEBUG FILE_LOGGER:    ... Place (ID:p3) set
[2024-03-14 13:53:55,181] 10663893 DEBUG FILE_LOGGER:    ... Transition (ID:t7) set
[2024-03-14 13:53:55,181] 10663893 DEBUG FILE_LOGGER:    ... Place (ID:p4) set
[2024-03-14 13:53:55,181] 10663893 DEBUG FILE_LOGGER:    ... Transition (ID:t8) set
[2024-03-14 13:53:55,181] 10663893 DEBUG FILE_LOGGER:    ... Place (ID:p5) set
[2024-03-14 13:53:55,181] 10663893 DEBUG FILE_LOGGER:    ... Place (ID:p6) set
[2024-03-14 13:53:55,182] 10663894 DEBUG FILE_LOGGER:    ... Place (ID:p7) set
[2024-03-14 13:53:55,182] 10663894 DEBUG FILE_LOGGER:    ... Place (ID:p8) set
[2024-03-14 13:53:55,182] 10663894 DEBUG FILE_LOGGER:    ... Place (ID:p9) set
[2024-03-14 13:53:55,182] 10663894 DEBUG FILE_LOGGER:    ... Transition (ID:t1) set
[2024-03-14 13:53:55,182] 10663894 DEBUG FILE_LOGGER:    ... Transition (ID:t2) set
[2024-03-14 13:53:55,183] 10663895 DEBUG FILE_LOGGER:    ... Transition (ID:t3) set
[2024-03-14 13:53:55,183] 10663895 DEBUG FILE_LOGGER:    ... Arc (ID:a11( p6 -> t5) set
[2024-03-14 13:53:55,184] 10663896 DEBUG FILE_LOGGER: ... Arc label position: X = 500.0 / Y = 12.0
[2024-03-14 13:53:55,184] 10663896 DEBUG FILE_LOGGER:    ... Arc (ID:a22( t4 -> p9) set
[2024-03-14 13:53:55,184] 10663896 DEBUG FILE_LOGGER: ... Arc label position: X = 500.0 / Y = 12.0
[2024-03-14 13:53:55,184] 10663896 DEBUG FILE_LOGGER:    ... Arc (ID:a10( t6 -> p6) set
[2024-03-14 13:53:55,185] 10663897 DEBUG FILE_LOGGER: ... Arc label position: X = 500.0 / Y = 12.0
[2024-03-14 13:53:55,185] 10663897 DEBUG FILE_LOGGER:    ... Arc (ID:a21( t2 -> p9) set
[2024-03-14 13:53:55,185] 10663897 DEBUG FILE_LOGGER: ... Arc label position: X = 500.0 / Y = 12.0
[2024-03-14 13:53:55,185] 10663897 DEBUG FILE_LOGGER:    ... Arc (ID:a13( p8 -> t7) set
[2024-03-14 13:53:55,185] 10663897 DEBUG FILE_LOGGER: ... Arc label position: X = 500.0 / Y = 12.0
[2024-03-14 13:53:55,185] 10663897 DEBUG FILE_LOGGER:    ... Arc (ID:a24( t7 -> p9) set
[2024-03-14 13:53:55,185] 10663897 DEBUG FILE_LOGGER: ... Arc label position: X = 500.0 / Y = 12.0
[2024-03-14 13:53:55,185] 10663897 DEBUG FILE_LOGGER:    ... Arc (ID:a12( t5 -> p5) set
[2024-03-14 13:53:55,185] 10663897 DEBUG FILE_LOGGER: ... Arc label position: X = 500.0 / Y = 12.0
[2024-03-14 13:53:55,186] 10663898 DEBUG FILE_LOGGER:    ... Arc (ID:a23( t5 -> p9) set
[2024-03-14 13:53:55,186] 10663898 DEBUG FILE_LOGGER: ... Arc label position: X = 500.0 / Y = 12.0
[2024-03-14 13:53:55,186] 10663898 DEBUG FILE_LOGGER:    ... Arc (ID:a15( t8 -> p8) set
[2024-03-14 13:53:55,186] 10663898 DEBUG FILE_LOGGER: ... Arc label position: X = 500.0 / Y = 12.0
[2024-03-14 13:53:55,186] 10663898 DEBUG FILE_LOGGER:    ... Arc (ID:a14( p7 -> t8) set
[2024-03-14 13:53:55,186] 10663898 DEBUG FILE_LOGGER: ... Arc label position: X = 500.0 / Y = 12.0
[2024-03-14 13:53:55,186] 10663898 DEBUG FILE_LOGGER:    ... Arc (ID:a17( p9 -> t1) set
[2024-03-14 13:53:55,186] 10663898 DEBUG FILE_LOGGER: ... Arc label position: X = 500.0 / Y = 12.0
[2024-03-14 13:53:55,186] 10663898 DEBUG FILE_LOGGER:    ... Arc (ID:a16( t7 -> p7) set
[2024-03-14 13:53:55,186] 10663898 DEBUG FILE_LOGGER: ... Arc label position: X = 500.0 / Y = 12.0
[2024-03-14 13:53:55,187] 10663899 DEBUG FILE_LOGGER:    ... Arc (ID:a19( p9 -> t6) set
[2024-03-14 13:53:55,187] 10663899 DEBUG FILE_LOGGER: ... Arc label position: X = 500.0 / Y = 12.0
[2024-03-14 13:53:55,187] 10663899 DEBUG FILE_LOGGER:    ... Arc (ID:a18( p9 -> t3) set
[2024-03-14 13:53:55,187] 10663899 DEBUG FILE_LOGGER: ... Arc label position: X = 500.0 / Y = 12.0
[2024-03-14 13:53:55,187] 10663899 DEBUG FILE_LOGGER:    ... Arc (ID:a1( p1 -> t1) set
[2024-03-14 13:53:55,187] 10663899 DEBUG FILE_LOGGER: ... Arc label position: X = 500.0 / Y = 12.0
[2024-03-14 13:53:55,187] 10663899 DEBUG FILE_LOGGER:    ... Arc (ID:a2( t1 -> p2) set
[2024-03-14 13:53:55,187] 10663899 DEBUG FILE_LOGGER: ... Arc label position: X = 500.0 / Y = 12.0
[2024-03-14 13:53:55,187] 10663899 DEBUG FILE_LOGGER:    ... Arc (ID:a3( p2 -> t2) set
[2024-03-14 13:53:55,187] 10663899 DEBUG FILE_LOGGER: ... Arc label position: X = 500.0 / Y = 12.0
[2024-03-14 13:53:55,188] 10663900 DEBUG FILE_LOGGER:    ... Arc (ID:a4( t2 -> p1) set
[2024-03-14 13:53:55,188] 10663900 DEBUG FILE_LOGGER: ... Arc label position: X = 500.0 / Y = 12.0
[2024-03-14 13:53:55,188] 10663900 DEBUG FILE_LOGGER:    ... Arc (ID:a5( p3 -> t3) set
[2024-03-14 13:53:55,188] 10663900 DEBUG FILE_LOGGER: ... Arc label position: X = 500.0 / Y = 12.0
[2024-03-14 13:53:55,188] 10663900 DEBUG FILE_LOGGER:    ... Arc (ID:a6( t3 -> p4) set
[2024-03-14 13:53:55,188] 10663900 DEBUG FILE_LOGGER: ... Arc label position: X = 500.0 / Y = 12.0
[2024-03-14 13:53:55,188] 10663900 DEBUG FILE_LOGGER:    ... Arc (ID:a7( p4 -> t4) set
[2024-03-14 13:53:55,188] 10663900 DEBUG FILE_LOGGER: ... Arc label position: X = 500.0 / Y = 12.0
[2024-03-14 13:53:55,189] 10663901 DEBUG FILE_LOGGER:    ... Arc (ID:a8( t4 -> p3) set
[2024-03-14 13:53:55,189] 10663901 DEBUG FILE_LOGGER: ... Arc label position: X = 500.0 / Y = 12.0
[2024-03-14 13:53:55,189] 10663901 DEBUG FILE_LOGGER:    ... Arc (ID:a9( p5 -> t6) set
[2024-03-14 13:53:55,189] 10663901 DEBUG FILE_LOGGER: ... Arc label position: X = 500.0 / Y = 12.0
[2024-03-14 13:53:55,189] 10663901 DEBUG FILE_LOGGER:    ... Arc (ID:a20( p9 -> t8) set
[2024-03-14 13:53:55,189] 10663901 DEBUG FILE_LOGGER: ... Arc label position: X = 500.0 / Y = 12.0
[2024-03-14 13:53:55,201] 10663913 DEBUG FILE_LOGGER: ##### END PNML EXPORT ##### (35 ms)
[2024-03-14 13:53:55,202] 10663914  INFO FILE_LOGGER: Petrinet saved in file: D:\BPA Series\SupplementsOnGithub\bpa\Short 31 Electric Roller Shutters\shutters.pnml
[2024-03-14 13:53:55,202] 10663914  INFO CONFIG_LOGGER: Setting current working directory: null
[2024-03-14 13:53:55,214] 10663926  INFO CONFIG_LOGGER: Configuration successfully saved to: C:\Users\User\.WoPeD-3.9.0\WoPeDconfig.xml
[2024-03-14 13:53:55,214] 10663926  INFO GUI_LOGGER: EXIT WoPeD
