[2025-07-24 14:20:17,917] 0  INFO GUI_LOGGER: INIT APPLICATION
[2025-07-24 14:20:17,941] 24  INFO CORE_LOGGER: START INIT Application
[2025-07-24 14:20:17,945] 28  INFO CONFIG_LOGGER: Setting default home directory: C:\Users\User\.WoPeD-3.9.0\nets\
[2025-07-24 14:20:17,946] 29  INFO CONFIG_LOGGER: Loading configuration from: C:\Users\User\.WoPeD-3.9.0\WoPeDconfig.xml.
[2025-07-24 14:20:18,096] 179  INFO CONFIG_LOGGER: Setting Locale to en_GB
[2025-07-24 14:20:18,099] 182  INFO CONFIG_LOGGER: Setting home directory: C:\Users\User\.WoPeD-3.9.0\nets\
[2025-07-24 14:20:18,099] 182  INFO CONFIG_LOGGER: Setting current working directory: null
[2025-07-24 14:20:18,099] 182  INFO CONFIG_LOGGER: Setting current working directory: C:\Users\User\.WoPeD-3.9.0\nets\
[2025-07-24 14:20:18,117] 200  INFO CONFIG_LOGGER: Configuration successfully loaded.
[2025-07-24 14:20:18,126] 209  WARN CONFIG_LOGGER: Configuration file not found: C:\Users\User\.WoPeD-3.9.0\WoPeDmetrics.xml. Using built-in settings.
[2025-07-24 14:20:18,146] 229  INFO CONFIG_LOGGER: Configuration successfully loaded.
[2025-07-24 14:20:18,171] 254  INFO CORE_LOGGER: Look-And-Feel set to com.sun.java.swing.plaf.windows.WindowsLookAndFeel
[2025-07-24 14:20:18,502] 585  INFO GUI_LOGGER: END  INIT Application
[2025-07-24 14:20:18,670] 753 DEBUG QUALANALYSIS_LOGGER: -> init() org.woped.qualanalysis.coverabilitygraph.gui.CoverabilityGraphFrameController
[2025-07-24 14:20:18,677] 760 DEBUG QUALANALYSIS_LOGGER: <- init() org.woped.qualanalysis.coverabilitygraph.gui.CoverabilityGraphFrameController
[2025-07-24 14:20:18,724] 807 DEBUG FILE_LOGGER: ##### START PNML Version (1.3.2) IMPORT #####
[2025-07-24 14:20:18,866] 949 DEBUG QUALANALYSIS_LOGGER: PT Handle Pairs calculated. (0 ms)
[2025-07-24 14:20:18,867] 950 DEBUG QUALANALYSIS_LOGGER: TP Handle Pairs calculated. (9 ms)
[2025-07-24 14:20:19,031] 1114 DEBUG FILE_LOGGER:  ... Place (ID:p1) imported
[2025-07-24 14:20:19,031] 1114 DEBUG FILE_LOGGER:  ... Place (ID:p2) imported
[2025-07-24 14:20:19,031] 1114 DEBUG FILE_LOGGER:  ... Place (ID:p3) imported
[2025-07-24 14:20:19,031] 1114 DEBUG FILE_LOGGER:  ... Place (ID:p4) imported
[2025-07-24 14:20:19,032] 1115 DEBUG FILE_LOGGER:  ... Place (ID:p5) imported
[2025-07-24 14:20:19,032] 1115 DEBUG FILE_LOGGER:  ... Place (ID:p6) imported
[2025-07-24 14:20:19,032] 1115 DEBUG FILE_LOGGER:  ... Place (ID:p7) imported
[2025-07-24 14:20:19,032] 1115 DEBUG FILE_LOGGER:  ... Place (ID:p8) imported
[2025-07-24 14:20:19,032] 1115 DEBUG FILE_LOGGER:  ... Place (ID:p9) imported
[2025-07-24 14:20:19,037] 1120 DEBUG FILE_LOGGER:  ... Transition (ID:t4) imported 
[2025-07-24 14:20:19,038] 1121 DEBUG FILE_LOGGER:  ... Transition (ID:t5) imported 
[2025-07-24 14:20:19,038] 1121 DEBUG FILE_LOGGER:  ... Transition (ID:t6) imported 
[2025-07-24 14:20:19,038] 1121 DEBUG FILE_LOGGER:  ... Transition (ID:t7) imported 
[2025-07-24 14:20:19,039] 1122 DEBUG FILE_LOGGER:  ... Transition (ID:t8) imported 
[2025-07-24 14:20:19,039] 1122 DEBUG FILE_LOGGER:  ... Transition (ID:t9) imported 
[2025-07-24 14:20:19,039] 1122 DEBUG FILE_LOGGER:  ... Transition (ID:t10) imported 
[2025-07-24 14:20:19,039] 1122 DEBUG FILE_LOGGER:  ... Transition (ID:t11) imported 
[2025-07-24 14:20:19,039] 1122 DEBUG FILE_LOGGER:  ... Transition (ID:t1) imported 
[2025-07-24 14:20:19,040] 1123 DEBUG FILE_LOGGER:  ... Transition (ID:t2) imported 
[2025-07-24 14:20:19,040] 1123 DEBUG FILE_LOGGER:  ... Transition (ID:t3) imported 
[2025-07-24 14:20:19,045] 1128 DEBUG FILE_LOGGER:  ... Arc created: (ID:a11) p6 -> t6 
[2025-07-24 14:20:19,045] 1128 DEBUG FILE_LOGGER:  ... Arc created: (ID:a33) p2 -> t10 
[2025-07-24 14:20:19,046] 1129 DEBUG FILE_LOGGER:  ... Arc created: (ID:a10) t5 -> p8 
[2025-07-24 14:20:19,046] 1129 DEBUG FILE_LOGGER:  ... Arc created: (ID:a32) t11 -> p5 
[2025-07-24 14:20:19,046] 1129 DEBUG FILE_LOGGER:  ... Arc created: (ID:a13) t6 -> p1 
[2025-07-24 14:20:19,046] 1129 DEBUG FILE_LOGGER:  ... Arc created: (ID:a35) p4 -> t7 
[2025-07-24 14:20:19,047] 1130 DEBUG FILE_LOGGER:  ... Arc created: (ID:a12) p2 -> t6 
[2025-07-24 14:20:19,047] 1130 DEBUG FILE_LOGGER:  ... Arc created: (ID:a34) p3 -> t11 
[2025-07-24 14:20:19,047] 1130 DEBUG FILE_LOGGER:  ... Arc created: (ID:a15) p3 -> t7 
[2025-07-24 14:20:19,047] 1130 DEBUG FILE_LOGGER:  ... Arc created: (ID:a37) p9 -> t1 
[2025-07-24 14:20:19,047] 1130 DEBUG FILE_LOGGER:  ... Arc created: (ID:a14) p8 -> t7 
[2025-07-24 14:20:19,048] 1131 DEBUG FILE_LOGGER:  ... Arc created: (ID:a36) p4 -> t6 
[2025-07-24 14:20:19,048] 1131 DEBUG FILE_LOGGER:  ... Arc created: (ID:a17) t7 -> p5 
[2025-07-24 14:20:19,048] 1131 DEBUG FILE_LOGGER:  ... Arc created: (ID:a39) t6 -> p9 
[2025-07-24 14:20:19,048] 1131 DEBUG FILE_LOGGER:  ... Arc created: (ID:a16) t7 -> p1 
[2025-07-24 14:20:19,048] 1131 DEBUG FILE_LOGGER:  ... Arc created: (ID:a38) p9 -> t2 
[2025-07-24 14:20:19,048] 1131 DEBUG FILE_LOGGER:  ... Arc created: (ID:a19) p6 -> t8 
[2025-07-24 14:20:19,049] 1132 DEBUG FILE_LOGGER:  ... Arc created: (ID:a18) t6 -> p5 
[2025-07-24 14:20:19,049] 1132 DEBUG FILE_LOGGER:  ... Arc created: (ID:a40) t7 -> p9 
[2025-07-24 14:20:19,049] 1132 DEBUG FILE_LOGGER:  ... Arc created: (ID:a20) p3 -> t8 
[2025-07-24 14:20:19,049] 1132 DEBUG FILE_LOGGER:  ... Arc created: (ID:a42) t11 -> p9 
[2025-07-24 14:20:19,050] 1133 DEBUG FILE_LOGGER:  ... Arc created: (ID:a41) t9 -> p9 
[2025-07-24 14:20:19,050] 1133 DEBUG FILE_LOGGER:  ... Arc created: (ID:a22) t8 -> p5 
[2025-07-24 14:20:19,050] 1133 DEBUG FILE_LOGGER:  ... Arc created: (ID:a44) t8 -> p9 
[2025-07-24 14:20:19,050] 1133 DEBUG FILE_LOGGER:  ... Arc created: (ID:a21) t8 -> p4 
[2025-07-24 14:20:19,050] 1133 DEBUG FILE_LOGGER:  ... Arc created: (ID:a43) t10 -> p9 
[2025-07-24 14:20:19,051] 1134 DEBUG FILE_LOGGER:  ... Arc created: (ID:a24) t9 -> p4 
[2025-07-24 14:20:19,051] 1134 DEBUG FILE_LOGGER:  ... Arc created: (ID:a23) p8 -> t9 
[2025-07-24 14:20:19,051] 1134 DEBUG FILE_LOGGER:  ... Arc created: (ID:a26) t9 -> p5 
[2025-07-24 14:20:19,051] 1134 DEBUG FILE_LOGGER:  ... Arc created: (ID:a25) p2 -> t9 
[2025-07-24 14:20:19,051] 1134 DEBUG FILE_LOGGER:  ... Arc created: (ID:a28) t10 -> p4 
[2025-07-24 14:20:19,052] 1135 DEBUG FILE_LOGGER:  ... Arc created: (ID:a27) p7 -> t10 
[2025-07-24 14:20:19,052] 1135 DEBUG FILE_LOGGER:  ... Arc created: (ID:a29) p7 -> t11 
[2025-07-24 14:20:19,052] 1135 DEBUG FILE_LOGGER:  ... Arc created: (ID:a1) p1 -> t1 
[2025-07-24 14:20:19,052] 1135 DEBUG FILE_LOGGER:  ... Arc created: (ID:a2) t1 -> p2 
[2025-07-24 14:20:19,053] 1136 DEBUG FILE_LOGGER:  ... Arc created: (ID:a3) p1 -> t2 
[2025-07-24 14:20:19,053] 1136 DEBUG FILE_LOGGER:  ... Arc created: (ID:a4) t2 -> p3 
[2025-07-24 14:20:19,053] 1136 DEBUG FILE_LOGGER:  ... Arc created: (ID:a5) p5 -> t3 
[2025-07-24 14:20:19,053] 1136 DEBUG FILE_LOGGER:  ... Arc created: (ID:a6) p5 -> t4 
[2025-07-24 14:20:19,053] 1136 DEBUG FILE_LOGGER:  ... Arc created: (ID:a7) p5 -> t5 
[2025-07-24 14:20:19,053] 1136 DEBUG FILE_LOGGER:  ... Arc created: (ID:a8) t3 -> p6 
[2025-07-24 14:20:19,054] 1137 DEBUG FILE_LOGGER:  ... Arc created: (ID:a9) t4 -> p7 
[2025-07-24 14:20:19,054] 1137 DEBUG FILE_LOGGER:  ... Arc created: (ID:a31) t10 -> p5 
[2025-07-24 14:20:19,054] 1137 DEBUG FILE_LOGGER:  ... Arc created: (ID:a30) t11 -> p4 
[2025-07-24 14:20:19,180] 1263 DEBUG EDITOR_LOGGER: Net updated. (12 ms)
[2025-07-24 14:20:19,188] 1271 DEBUG EDITOR_LOGGER: Net updated. (7 ms)
[2025-07-24 14:20:19,188] 1271 DEBUG FILE_LOGGER: ##### END PNML IMPORT Version (1.3.2) ##### (464 ms)
[2025-07-24 14:20:19,189] 1272  INFO CONFIG_LOGGER: Setting current working directory: D:\BPA Series\SupplementsOnGithub\bpa\Short 16 Roulette en France
[2025-07-24 14:20:19,189] 1272  INFO FILE_LOGGER: Petrinet loaded from file: D:\BPA Series\SupplementsOnGithub\bpa\Short 16 Roulette en France\roulette.pnml
[2025-07-24 14:20:36,279] 18362 DEBUG EDITOR_LOGGER: Net updated. (12 ms)
[2025-07-24 14:20:41,914] 23997 DEBUG EDITOR_LOGGER: Net updated. (3 ms)
[2025-07-24 14:20:47,218] 29301 DEBUG EDITOR_LOGGER: Net updated. (3 ms)
[2025-07-24 14:20:51,425] 33508 DEBUG EDITOR_LOGGER: Net updated. (10 ms)
[2025-07-24 14:20:54,385] 36468 DEBUG EDITOR_LOGGER: Net updated. (2 ms)
[2025-07-24 14:21:00,327] 42410 DEBUG EDITOR_LOGGER: Net updated. (2 ms)
[2025-07-24 14:21:05,016] 47099 DEBUG EDITOR_LOGGER: Net updated. (2 ms)
[2025-07-24 14:21:09,329] 51412 DEBUG EDITOR_LOGGER: Net updated. (2 ms)
[2025-07-24 14:21:16,382] 58465 DEBUG EDITOR_LOGGER: Net updated. (11 ms)
[2025-07-24 14:21:20,194] 62277 DEBUG EDITOR_LOGGER: Net updated. (5 ms)
[2025-07-24 14:21:23,138] 65221 DEBUG EDITOR_LOGGER: Net updated. (2 ms)
[2025-07-24 14:21:26,296] 68379 DEBUG EDITOR_LOGGER: Net updated. (2 ms)
[2025-07-24 14:21:30,962] 73045 DEBUG EDITOR_LOGGER: Net updated. (2 ms)
[2025-07-24 14:21:34,960] 77043 DEBUG EDITOR_LOGGER: Net updated. (11 ms)
[2025-07-24 14:21:39,009] 81092 DEBUG EDITOR_LOGGER: Net updated. (1 ms)
[2025-07-24 14:21:42,709] 84792 DEBUG EDITOR_LOGGER: Net updated. (6 ms)
[2025-07-24 14:21:46,952] 89035 DEBUG EDITOR_LOGGER: Net updated. (2 ms)
[2025-07-24 14:22:03,737] 105820 DEBUG EDITOR_LOGGER: Net updated. (8 ms)
[2025-07-24 14:22:03,834] 105917 DEBUG EDITOR_LOGGER: Net updated. (2 ms)
[2025-07-24 14:22:09,720] 111803 DEBUG EDITOR_LOGGER: Net updated. (2 ms)
[2025-07-24 14:22:14,155] 116238 DEBUG EDITOR_LOGGER: Net updated. (5 ms)
[2025-07-24 14:22:16,890] 118973 DEBUG EDITOR_LOGGER: Net updated. (9 ms)
[2025-07-24 14:22:16,989] 119072 DEBUG EDITOR_LOGGER: Net updated. (3 ms)
[2025-07-24 14:22:34,266] 136349 DEBUG EDITOR_LOGGER: Net updated. (10 ms)
[2025-07-24 14:22:34,352] 136435 DEBUG EDITOR_LOGGER: Net updated. (2 ms)
[2025-07-24 14:22:37,944] 140027 DEBUG EDITOR_LOGGER: Net updated. (8 ms)
[2025-07-24 14:22:38,011] 140094 DEBUG EDITOR_LOGGER: Net updated. (2 ms)
[2025-07-24 14:22:40,276] 142359 DEBUG EDITOR_LOGGER: Net updated. (7 ms)
[2025-07-24 14:22:40,368] 142451 DEBUG EDITOR_LOGGER: Net updated. (2 ms)
[2025-07-24 14:22:48,600] 150683 DEBUG EDITOR_LOGGER: Net updated. (2 ms)
[2025-07-24 14:22:50,336] 152419 DEBUG EDITOR_LOGGER: Net updated. (1 ms)
[2025-07-24 14:22:50,431] 152514 DEBUG EDITOR_LOGGER: Net updated. (1 ms)
[2025-07-24 14:22:52,145] 154228 DEBUG EDITOR_LOGGER: Net updated. (6 ms)
[2025-07-24 14:22:52,227] 154310 DEBUG EDITOR_LOGGER: Net updated. (1 ms)
[2025-07-24 14:23:00,315] 162398 DEBUG EDITOR_LOGGER: Net updated. (7 ms)
[2025-07-24 14:23:00,417] 162500 DEBUG EDITOR_LOGGER: Net updated. (3 ms)
[2025-07-24 14:23:31,944] 194027 DEBUG EDITOR_LOGGER: Net updated. (9 ms)
[2025-07-24 14:23:32,428] 194511 DEBUG EDITOR_LOGGER: Net updated. (8 ms)
[2025-07-24 14:25:24,646] 306729 DEBUG FILE_LOGGER: ##### START PNML EXPORT #####
[2025-07-24 14:25:24,669] 306752 DEBUG FILE_LOGGER:    ... Transition (ID:t4) set
[2025-07-24 14:25:24,669] 306752 DEBUG FILE_LOGGER:    ... Place (ID:p1) set
[2025-07-24 14:25:24,669] 306752 DEBUG FILE_LOGGER:    ... Transition (ID:t5) set
[2025-07-24 14:25:24,670] 306753 DEBUG FILE_LOGGER:    ... Place (ID:p2) set
[2025-07-24 14:25:24,670] 306753 DEBUG FILE_LOGGER:    ... Transition (ID:t6) set
[2025-07-24 14:25:24,670] 306753 DEBUG FILE_LOGGER:    ... Place (ID:p3) set
[2025-07-24 14:25:24,670] 306753 DEBUG FILE_LOGGER:    ... Transition (ID:t7) set
[2025-07-24 14:25:24,670] 306753 DEBUG FILE_LOGGER:    ... Place (ID:p4) set
[2025-07-24 14:25:24,671] 306754 DEBUG FILE_LOGGER:    ... Transition (ID:t8) set
[2025-07-24 14:25:24,671] 306754 DEBUG FILE_LOGGER:    ... Place (ID:p5) set
[2025-07-24 14:25:24,671] 306754 DEBUG FILE_LOGGER:    ... Transition (ID:t9) set
[2025-07-24 14:25:24,672] 306755 DEBUG FILE_LOGGER:    ... Place (ID:p6) set
[2025-07-24 14:25:24,672] 306755 DEBUG FILE_LOGGER:    ... Place (ID:p7) set
[2025-07-24 14:25:24,672] 306755 DEBUG FILE_LOGGER:    ... Place (ID:p8) set
[2025-07-24 14:25:24,672] 306755 DEBUG FILE_LOGGER:    ... Place (ID:p9) set
[2025-07-24 14:25:24,672] 306755 DEBUG FILE_LOGGER:    ... Transition (ID:t10) set
[2025-07-24 14:25:24,672] 306755 DEBUG FILE_LOGGER:    ... Transition (ID:t11) set
[2025-07-24 14:25:24,673] 306756 DEBUG FILE_LOGGER:    ... Transition (ID:t1) set
[2025-07-24 14:25:24,673] 306756 DEBUG FILE_LOGGER:    ... Transition (ID:t2) set
[2025-07-24 14:25:24,673] 306756 DEBUG FILE_LOGGER:    ... Transition (ID:t3) set
[2025-07-24 14:25:24,674] 306757 DEBUG FILE_LOGGER:    ... Arc (ID:a11( p6 -> t6) set
[2025-07-24 14:25:24,674] 306757 DEBUG FILE_LOGGER: ... Arc label position: X = 500.0 / Y = 12.0
[2025-07-24 14:25:24,675] 306758 DEBUG FILE_LOGGER:    ... Arc (ID:a33( p2 -> t10) set
[2025-07-24 14:25:24,675] 306758 DEBUG FILE_LOGGER: ... Arc label position: X = 500.0 / Y = 12.0
[2025-07-24 14:25:24,675] 306758 DEBUG FILE_LOGGER:    ... Arc (ID:a10( t5 -> p8) set
[2025-07-24 14:25:24,675] 306758 DEBUG FILE_LOGGER: ... Arc label position: X = 500.0 / Y = 12.0
[2025-07-24 14:25:24,675] 306758 DEBUG FILE_LOGGER:    ... Arc (ID:a32( t11 -> p5) set
[2025-07-24 14:25:24,675] 306758 DEBUG FILE_LOGGER: ... Arc label position: X = 500.0 / Y = 12.0
[2025-07-24 14:25:24,675] 306758 DEBUG FILE_LOGGER:    ... Arc (ID:a13( t6 -> p1) set
[2025-07-24 14:25:24,676] 306759 DEBUG FILE_LOGGER: ... Arc label position: X = 500.0 / Y = 12.0
[2025-07-24 14:25:24,676] 306759 DEBUG FILE_LOGGER:    ... Arc (ID:a35( p4 -> t7) set
[2025-07-24 14:25:24,676] 306759 DEBUG FILE_LOGGER: ... Arc label position: X = 500.0 / Y = 12.0
[2025-07-24 14:25:24,676] 306759 DEBUG FILE_LOGGER:    ... Arc (ID:a12( p2 -> t6) set
[2025-07-24 14:25:24,676] 306759 DEBUG FILE_LOGGER: ... Arc label position: X = 500.0 / Y = 12.0
[2025-07-24 14:25:24,676] 306759 DEBUG FILE_LOGGER:    ... Arc (ID:a34( p3 -> t11) set
[2025-07-24 14:25:24,676] 306759 DEBUG FILE_LOGGER: ... Arc label position: X = 500.0 / Y = 12.0
[2025-07-24 14:25:24,676] 306759 DEBUG FILE_LOGGER:    ... Arc (ID:a15( p3 -> t7) set
[2025-07-24 14:25:24,676] 306759 DEBUG FILE_LOGGER: ... Arc label position: X = 500.0 / Y = 12.0
[2025-07-24 14:25:24,677] 306760 DEBUG FILE_LOGGER:    ... Arc (ID:a37( p9 -> t1) set
[2025-07-24 14:25:24,677] 306760 DEBUG FILE_LOGGER: ... Arc label position: X = 500.0 / Y = 12.0
[2025-07-24 14:25:24,677] 306760 DEBUG FILE_LOGGER:    ... Arc (ID:a14( p8 -> t7) set
[2025-07-24 14:25:24,677] 306760 DEBUG FILE_LOGGER: ... Arc label position: X = 500.0 / Y = 12.0
[2025-07-24 14:25:24,677] 306760 DEBUG FILE_LOGGER:    ... Arc (ID:a36( p4 -> t6) set
[2025-07-24 14:25:24,677] 306760 DEBUG FILE_LOGGER: ... Arc label position: X = 500.0 / Y = 12.0
[2025-07-24 14:25:24,677] 306760 DEBUG FILE_LOGGER:    ... Arc (ID:a17( t7 -> p5) set
[2025-07-24 14:25:24,677] 306760 DEBUG FILE_LOGGER: ... Arc label position: X = 500.0 / Y = 12.0
[2025-07-24 14:25:24,678] 306761 DEBUG FILE_LOGGER:    ... Arc (ID:a39( t6 -> p9) set
[2025-07-24 14:25:24,678] 306761 DEBUG FILE_LOGGER: ... Arc label position: X = 500.0 / Y = 12.0
[2025-07-24 14:25:24,678] 306761 DEBUG FILE_LOGGER:    ... Arc (ID:a16( t7 -> p1) set
[2025-07-24 14:25:24,678] 306761 DEBUG FILE_LOGGER: ... Arc label position: X = 500.0 / Y = 12.0
[2025-07-24 14:25:24,678] 306761 DEBUG FILE_LOGGER:    ... Arc (ID:a38( p9 -> t2) set
[2025-07-24 14:25:24,678] 306761 DEBUG FILE_LOGGER: ... Arc label position: X = 500.0 / Y = 12.0
[2025-07-24 14:25:24,678] 306761 DEBUG FILE_LOGGER:    ... Arc (ID:a19( p6 -> t8) set
[2025-07-24 14:25:24,678] 306761 DEBUG FILE_LOGGER: ... Arc label position: X = 500.0 / Y = 12.0
[2025-07-24 14:25:24,678] 306761 DEBUG FILE_LOGGER:    ... Arc (ID:a18( t6 -> p5) set
[2025-07-24 14:25:24,678] 306761 DEBUG FILE_LOGGER: ... Arc label position: X = 500.0 / Y = 12.0
[2025-07-24 14:25:24,678] 306761 DEBUG FILE_LOGGER:    ... Arc (ID:a40( t7 -> p9) set
[2025-07-24 14:25:24,679] 306762 DEBUG FILE_LOGGER: ... Arc label position: X = 500.0 / Y = 12.0
[2025-07-24 14:25:24,679] 306762 DEBUG FILE_LOGGER:    ... Arc (ID:a20( p3 -> t8) set
[2025-07-24 14:25:24,679] 306762 DEBUG FILE_LOGGER: ... Arc label position: X = 500.0 / Y = 12.0
[2025-07-24 14:25:24,679] 306762 DEBUG FILE_LOGGER:    ... Arc (ID:a42( t11 -> p9) set
[2025-07-24 14:25:24,679] 306762 DEBUG FILE_LOGGER: ... Arc label position: X = 500.0 / Y = 12.0
[2025-07-24 14:25:24,679] 306762 DEBUG FILE_LOGGER:    ... Arc (ID:a41( t9 -> p9) set
[2025-07-24 14:25:24,679] 306762 DEBUG FILE_LOGGER: ... Arc label position: X = 500.0 / Y = 12.0
[2025-07-24 14:25:24,679] 306762 DEBUG FILE_LOGGER:    ... Arc (ID:a22( t8 -> p5) set
[2025-07-24 14:25:24,679] 306762 DEBUG FILE_LOGGER: ... Arc label position: X = 500.0 / Y = 12.0
[2025-07-24 14:25:24,679] 306762 DEBUG FILE_LOGGER:    ... Arc (ID:a44( t8 -> p9) set
[2025-07-24 14:25:24,679] 306762 DEBUG FILE_LOGGER: ... Arc label position: X = 500.0 / Y = 12.0
[2025-07-24 14:25:24,680] 306763 DEBUG FILE_LOGGER:    ... Arc (ID:a21( t8 -> p4) set
[2025-07-24 14:25:24,680] 306763 DEBUG FILE_LOGGER: ... Arc label position: X = 500.0 / Y = 12.0
[2025-07-24 14:25:24,680] 306763 DEBUG FILE_LOGGER:    ... Arc (ID:a43( t10 -> p9) set
[2025-07-24 14:25:24,680] 306763 DEBUG FILE_LOGGER: ... Arc label position: X = 500.0 / Y = 12.0
[2025-07-24 14:25:24,680] 306763 DEBUG FILE_LOGGER:    ... Arc (ID:a24( t9 -> p4) set
[2025-07-24 14:25:24,680] 306763 DEBUG FILE_LOGGER: ... Arc label position: X = 500.0 / Y = 12.0
[2025-07-24 14:25:24,680] 306763 DEBUG FILE_LOGGER:    ... Arc (ID:a23( p8 -> t9) set
[2025-07-24 14:25:24,680] 306763 DEBUG FILE_LOGGER: ... Arc label position: X = 500.0 / Y = 12.0
[2025-07-24 14:25:24,680] 306763 DEBUG FILE_LOGGER:    ... Arc (ID:a26( t9 -> p5) set
[2025-07-24 14:25:24,680] 306763 DEBUG FILE_LOGGER: ... Arc label position: X = 500.0 / Y = 12.0
[2025-07-24 14:25:24,680] 306763 DEBUG FILE_LOGGER:    ... Arc (ID:a25( p2 -> t9) set
[2025-07-24 14:25:24,680] 306763 DEBUG FILE_LOGGER: ... Arc label position: X = 500.0 / Y = 12.0
[2025-07-24 14:25:24,680] 306763 DEBUG FILE_LOGGER:    ... Arc (ID:a28( t10 -> p4) set
[2025-07-24 14:25:24,680] 306763 DEBUG FILE_LOGGER: ... Arc label position: X = 500.0 / Y = 12.0
[2025-07-24 14:25:24,681] 306764 DEBUG FILE_LOGGER:    ... Arc (ID:a27( p7 -> t10) set
[2025-07-24 14:25:24,681] 306764 DEBUG FILE_LOGGER: ... Arc label position: X = 500.0 / Y = 12.0
[2025-07-24 14:25:24,681] 306764 DEBUG FILE_LOGGER:    ... Arc (ID:a29( p7 -> t11) set
[2025-07-24 14:25:24,681] 306764 DEBUG FILE_LOGGER: ... Arc label position: X = 500.0 / Y = 12.0
[2025-07-24 14:25:24,681] 306764 DEBUG FILE_LOGGER:    ... Arc (ID:a1( p1 -> t1) set
[2025-07-24 14:25:24,681] 306764 DEBUG FILE_LOGGER: ... Arc label position: X = 500.0 / Y = 12.0
[2025-07-24 14:25:24,681] 306764 DEBUG FILE_LOGGER:    ... Arc (ID:a2( t1 -> p2) set
[2025-07-24 14:25:24,682] 306765 DEBUG FILE_LOGGER: ... Arc label position: X = 500.0 / Y = 12.0
[2025-07-24 14:25:24,682] 306765 DEBUG FILE_LOGGER:    ... Arc (ID:a3( p1 -> t2) set
[2025-07-24 14:25:24,682] 306765 DEBUG FILE_LOGGER: ... Arc label position: X = 500.0 / Y = 12.0
[2025-07-24 14:25:24,682] 306765 DEBUG FILE_LOGGER:    ... Arc (ID:a4( t2 -> p3) set
[2025-07-24 14:25:24,682] 306765 DEBUG FILE_LOGGER: ... Arc label position: X = 500.0 / Y = 12.0
[2025-07-24 14:25:24,682] 306765 DEBUG FILE_LOGGER:    ... Arc (ID:a5( p5 -> t3) set
[2025-07-24 14:25:24,682] 306765 DEBUG FILE_LOGGER: ... Arc label position: X = 500.0 / Y = 12.0
[2025-07-24 14:25:24,682] 306765 DEBUG FILE_LOGGER:    ... Arc (ID:a6( p5 -> t4) set
[2025-07-24 14:25:24,682] 306765 DEBUG FILE_LOGGER: ... Arc label position: X = 500.0 / Y = 12.0
[2025-07-24 14:25:24,682] 306765 DEBUG FILE_LOGGER:    ... Arc (ID:a7( p5 -> t5) set
[2025-07-24 14:25:24,682] 306765 DEBUG FILE_LOGGER: ... Arc label position: X = 500.0 / Y = 12.0
[2025-07-24 14:25:24,682] 306765 DEBUG FILE_LOGGER:    ... Arc (ID:a8( t3 -> p6) set
[2025-07-24 14:25:24,682] 306765 DEBUG FILE_LOGGER: ... Arc label position: X = 500.0 / Y = 12.0
[2025-07-24 14:25:24,682] 306765 DEBUG FILE_LOGGER:    ... Arc (ID:a9( t4 -> p7) set
[2025-07-24 14:25:24,682] 306765 DEBUG FILE_LOGGER: ... Arc label position: X = 500.0 / Y = 12.0
[2025-07-24 14:25:24,683] 306766 DEBUG FILE_LOGGER:    ... Arc (ID:a31( t10 -> p5) set
[2025-07-24 14:25:24,683] 306766 DEBUG FILE_LOGGER: ... Arc label position: X = 500.0 / Y = 12.0
[2025-07-24 14:25:24,683] 306766 DEBUG FILE_LOGGER:    ... Arc (ID:a30( t11 -> p4) set
[2025-07-24 14:25:24,683] 306766 DEBUG FILE_LOGGER: ... Arc label position: X = 500.0 / Y = 12.0
[2025-07-24 14:25:24,699] 306782 DEBUG FILE_LOGGER: ##### END PNML EXPORT ##### (53 ms)
[2025-07-24 14:25:24,699] 306782  INFO FILE_LOGGER: Petrinet saved in file: D:\BPA Series\SupplementsOnGithub\bpa\Short 16 Roulette en France\roulette.pnml
[2025-07-24 14:25:24,699] 306782  INFO CONFIG_LOGGER: Setting current working directory: null
[2025-07-24 14:25:26,416] 308499  INFO CONFIG_LOGGER: Configuration successfully saved to: C:\Users\User\.WoPeD-3.9.0\WoPeDconfig.xml
[2025-07-24 14:25:26,417] 308500  INFO GUI_LOGGER: EXIT WoPeD
