[2025-03-20 17:22:07,127] 1  INFO GUI_LOGGER: INIT APPLICATION
[2025-03-20 17:22:07,147] 21  INFO CORE_LOGGER: START INIT Application
[2025-03-20 17:22:07,159] 33  INFO CONFIG_LOGGER: Setting default home directory: C:\Users\User\.WoPeD-3.9.0\nets\
[2025-03-20 17:22:07,163] 37  INFO CONFIG_LOGGER: Loading configuration from: C:\Users\User\.WoPeD-3.9.0\WoPeDconfig.xml.
[2025-03-20 17:22:07,279] 153  INFO CONFIG_LOGGER: Setting Locale to en_GB
[2025-03-20 17:22:07,283] 157  INFO CONFIG_LOGGER: Setting home directory: C:\Users\User\.WoPeD-3.9.0\nets\
[2025-03-20 17:22:07,283] 157  INFO CONFIG_LOGGER: Setting current working directory: D:\BPA Series\SupplementsOnGithub\bpa\Short 06 Wolf goat cabbage
[2025-03-20 17:22:07,301] 175  INFO CONFIG_LOGGER: Configuration successfully loaded.
[2025-03-20 17:22:07,320] 194  WARN CONFIG_LOGGER: Configuration file not found: C:\Users\User\.WoPeD-3.9.0\WoPeDmetrics.xml. Using built-in settings.
[2025-03-20 17:22:07,342] 216  INFO CONFIG_LOGGER: Configuration successfully loaded.
[2025-03-20 17:22:07,369] 243  INFO CORE_LOGGER: Look-And-Feel set to com.sun.java.swing.plaf.windows.WindowsLookAndFeel
[2025-03-20 17:22:07,713] 587  INFO GUI_LOGGER: END  INIT Application
[2025-03-20 17:22:07,851] 725 DEBUG QUALANALYSIS_LOGGER: -> init() org.woped.qualanalysis.coverabilitygraph.gui.CoverabilityGraphFrameController
[2025-03-20 17:22:07,857] 731 DEBUG QUALANALYSIS_LOGGER: <- init() org.woped.qualanalysis.coverabilitygraph.gui.CoverabilityGraphFrameController
[2025-03-20 17:22:07,901] 775 DEBUG FILE_LOGGER: ##### START PNML Version (1.3.2) IMPORT #####
[2025-03-20 17:22:08,019] 893 DEBUG QUALANALYSIS_LOGGER: PT Handle Pairs calculated. (0 ms)
[2025-03-20 17:22:08,020] 894 DEBUG QUALANALYSIS_LOGGER: TP Handle Pairs calculated. (8 ms)
[2025-03-20 17:22:08,163] 1037 DEBUG FILE_LOGGER:  ... Place (ID:p1) imported
[2025-03-20 17:22:08,164] 1038 DEBUG FILE_LOGGER:  ... Place (ID:p2) imported
[2025-03-20 17:22:08,164] 1038 DEBUG FILE_LOGGER:  ... Place (ID:p3) imported
[2025-03-20 17:22:08,164] 1038 DEBUG FILE_LOGGER:  ... Place (ID:p4) imported
[2025-03-20 17:22:08,164] 1038 DEBUG FILE_LOGGER:  ... Place (ID:p5) imported
[2025-03-20 17:22:08,169] 1043 DEBUG FILE_LOGGER:  ... Transition (ID:t4) imported 
[2025-03-20 17:22:08,169] 1043 DEBUG FILE_LOGGER:  ... Transition (ID:t5) imported 
[2025-03-20 17:22:08,169] 1043 DEBUG FILE_LOGGER:  ... Transition (ID:t6) imported 
[2025-03-20 17:22:08,169] 1043 DEBUG FILE_LOGGER:  ... Transition (ID:t1) imported 
[2025-03-20 17:22:08,170] 1044 DEBUG FILE_LOGGER:  ... Transition (ID:t2) imported 
[2025-03-20 17:22:08,170] 1044 DEBUG FILE_LOGGER:  ... Transition (ID:t3) imported 
[2025-03-20 17:22:08,179] 1053 DEBUG FILE_LOGGER:  ... Arc created: (ID:a11) p5 -> t4 
[2025-03-20 17:22:08,180] 1054 DEBUG FILE_LOGGER:  ... Arc created: (ID:a10) t4 -> p5 
[2025-03-20 17:22:08,180] 1054 DEBUG FILE_LOGGER:  ... Arc created: (ID:a13) t5 -> p5 
[2025-03-20 17:22:08,180] 1054 DEBUG FILE_LOGGER:  ... Arc created: (ID:a12) p4 -> t5 
[2025-03-20 17:22:08,180] 1054 DEBUG FILE_LOGGER:  ... Arc created: (ID:a15) t6 -> p4 
[2025-03-20 17:22:08,181] 1055 DEBUG FILE_LOGGER:  ... Arc created: (ID:a14) p5 -> t6 
[2025-03-20 17:22:08,181] 1055 DEBUG FILE_LOGGER:  ... Arc created: (ID:a17) t3 -> p3 
[2025-03-20 17:22:08,181] 1055 DEBUG FILE_LOGGER:  ... Arc created: (ID:a16) p2 -> t3 
[2025-03-20 17:22:08,182] 1056 DEBUG FILE_LOGGER:  ... Arc created: (ID:a19) t3 -> p4 
[2025-03-20 17:22:08,182] 1056 DEBUG FILE_LOGGER:  ... Arc created: (ID:a18) t4 -> p2 
[2025-03-20 17:22:08,182] 1056 DEBUG FILE_LOGGER:  ... Arc created: (ID:a1) p1 -> t1 
[2025-03-20 17:22:08,182] 1056 DEBUG FILE_LOGGER:  ... Arc created: (ID:a2) t1 -> p2 
[2025-03-20 17:22:08,183] 1057 DEBUG FILE_LOGGER:  ... Arc created: (ID:a3) p2 -> t2 
[2025-03-20 17:22:08,183] 1057 DEBUG FILE_LOGGER:  ... Arc created: (ID:a4) t2 -> p1 
[2025-03-20 17:22:08,183] 1057 DEBUG FILE_LOGGER:  ... Arc created: (ID:a5) p4 -> t1 
[2025-03-20 17:22:08,184] 1058 DEBUG FILE_LOGGER:  ... Arc created: (ID:a6) t1 -> p4 
[2025-03-20 17:22:08,185] 1059 DEBUG FILE_LOGGER:  ... Arc created: (ID:a7) p5 -> t2 
[2025-03-20 17:22:08,185] 1059 DEBUG FILE_LOGGER:  ... Arc created: (ID:a8) t2 -> p5 
[2025-03-20 17:22:08,185] 1059 DEBUG FILE_LOGGER:  ... Arc created: (ID:a9) p3 -> t4 
[2025-03-20 17:22:08,185] 1059 DEBUG FILE_LOGGER:  ... Arc created: (ID:a20) p4 -> t3 
[2025-03-20 17:22:08,239] 1113 DEBUG EDITOR_LOGGER: Net updated. (2 ms)
[2025-03-20 17:22:08,241] 1115 DEBUG EDITOR_LOGGER: Net updated. (2 ms)
[2025-03-20 17:22:08,241] 1115 DEBUG FILE_LOGGER: ##### END PNML IMPORT Version (1.3.2) ##### (339 ms)
[2025-03-20 17:22:08,243] 1117  INFO CONFIG_LOGGER: Setting current working directory: D:\BPA Series\SupplementsOnGithub\bpa\Short 07 Car radiator fan
[2025-03-20 17:22:08,243] 1117  INFO FILE_LOGGER: Petrinet loaded from file: D:\BPA Series\SupplementsOnGithub\bpa\Short 07 Car radiator fan\fan.pnml
[2025-03-20 17:23:13,882] 66756  INFO CONFIG_LOGGER: Configuration successfully saved to: C:\Users\User\.WoPeD-3.9.0\WoPeDconfig.xml
[2025-03-20 17:23:13,882] 66756  INFO GUI_LOGGER: EXIT WoPeD
