[2025-03-21 13:16:41,764] 0  INFO GUI_LOGGER: INIT APPLICATION
[2025-03-21 13:16:41,786] 22  INFO CORE_LOGGER: START INIT Application
[2025-03-21 13:16:41,796] 32  INFO CONFIG_LOGGER: Setting default home directory: C:\Users\User\.WoPeD-3.9.0\nets\
[2025-03-21 13:16:41,798] 34  INFO CONFIG_LOGGER: Loading configuration from: C:\Users\User\.WoPeD-3.9.0\WoPeDconfig.xml.
[2025-03-21 13:16:41,911] 147  INFO CONFIG_LOGGER: Setting Locale to en_GB
[2025-03-21 13:16:41,913] 149  INFO CONFIG_LOGGER: Setting home directory: C:\Users\User\.WoPeD-3.9.0\nets\
[2025-03-21 13:16:41,913] 149  INFO CONFIG_LOGGER: Setting current working directory: D:\BPA Series\SupplementsOnGithub\bpa\Short 09 Safe lock
[2025-03-21 13:16:41,930] 166  INFO CONFIG_LOGGER: Configuration successfully loaded.
[2025-03-21 13:16:41,948] 184  WARN CONFIG_LOGGER: Configuration file not found: C:\Users\User\.WoPeD-3.9.0\WoPeDmetrics.xml. Using built-in settings.
[2025-03-21 13:16:41,967] 203  INFO CONFIG_LOGGER: Configuration successfully loaded.
[2025-03-21 13:16:41,994] 230  INFO CORE_LOGGER: Look-And-Feel set to com.sun.java.swing.plaf.windows.WindowsLookAndFeel
[2025-03-21 13:16:42,349] 585  INFO GUI_LOGGER: END  INIT Application
[2025-03-21 13:16:42,493] 729 DEBUG QUALANALYSIS_LOGGER: -> init() org.woped.qualanalysis.coverabilitygraph.gui.CoverabilityGraphFrameController
[2025-03-21 13:16:42,499] 735 DEBUG QUALANALYSIS_LOGGER: <- init() org.woped.qualanalysis.coverabilitygraph.gui.CoverabilityGraphFrameController
[2025-03-21 13:16:42,541] 777 DEBUG FILE_LOGGER: ##### START PNML Version (1.3.2) IMPORT #####
[2025-03-21 13:16:42,668] 904 DEBUG QUALANALYSIS_LOGGER: PT Handle Pairs calculated. (0 ms)
[2025-03-21 13:16:42,668] 904 DEBUG QUALANALYSIS_LOGGER: TP Handle Pairs calculated. (7 ms)
[2025-03-21 13:16:42,818] 1054 DEBUG FILE_LOGGER:  ... Place (ID:p1) imported
[2025-03-21 13:16:42,819] 1055 DEBUG FILE_LOGGER:  ... Place (ID:p2) imported
[2025-03-21 13:16:42,819] 1055 DEBUG FILE_LOGGER:  ... Place (ID:p3) imported
[2025-03-21 13:16:42,819] 1055 DEBUG FILE_LOGGER:  ... Place (ID:p4) imported
[2025-03-21 13:16:42,819] 1055 DEBUG FILE_LOGGER:  ... Place (ID:p5) imported
[2025-03-21 13:16:42,823] 1059 DEBUG FILE_LOGGER:  ... Transition (ID:t5) imported 
[2025-03-21 13:16:42,823] 1059 DEBUG FILE_LOGGER:  ... Transition (ID:t6) imported 
[2025-03-21 13:16:42,823] 1059 DEBUG FILE_LOGGER:  ... Transition (ID:t1) imported 
[2025-03-21 13:16:42,824] 1060 DEBUG FILE_LOGGER:  ... Transition (ID:t2) imported 
[2025-03-21 13:16:42,824] 1060 DEBUG FILE_LOGGER:  ... Transition (ID:t3) imported 
[2025-03-21 13:16:42,833] 1069 DEBUG FILE_LOGGER:  ... Arc created: (ID:a21) p3 -> t2 
[2025-03-21 13:16:42,833] 1069 DEBUG FILE_LOGGER:  ... Arc created: (ID:a13) t5 -> p5 
[2025-03-21 13:16:42,833] 1069 DEBUG FILE_LOGGER:  ... Arc created: (ID:a12) p4 -> t5 
[2025-03-21 13:16:42,834] 1070 DEBUG FILE_LOGGER:  ... Arc created: (ID:a15) t6 -> p4 
[2025-03-21 13:16:42,834] 1070 DEBUG FILE_LOGGER:  ... Arc created: (ID:a14) p5 -> t6 
[2025-03-21 13:16:42,834] 1070 DEBUG FILE_LOGGER:  ... Arc created: (ID:a17) t3 -> p3 
[2025-03-21 13:16:42,835] 1071 DEBUG FILE_LOGGER:  ... Arc created: (ID:a16) p2 -> t3 
[2025-03-21 13:16:42,835] 1071 DEBUG FILE_LOGGER:  ... Arc created: (ID:a19) p5 -> t3 
[2025-03-21 13:16:42,836] 1072 DEBUG FILE_LOGGER:  ... Arc created: (ID:a1) p1 -> t1 
[2025-03-21 13:16:42,836] 1072 DEBUG FILE_LOGGER:  ... Arc created: (ID:a2) t1 -> p2 
[2025-03-21 13:16:42,836] 1072 DEBUG FILE_LOGGER:  ... Arc created: (ID:a4) t2 -> p1 
[2025-03-21 13:16:42,836] 1072 DEBUG FILE_LOGGER:  ... Arc created: (ID:a5) p4 -> t1 
[2025-03-21 13:16:42,836] 1072 DEBUG FILE_LOGGER:  ... Arc created: (ID:a6) t1 -> p4 
[2025-03-21 13:16:42,836] 1072 DEBUG FILE_LOGGER:  ... Arc created: (ID:a20) t3 -> p5 
[2025-03-21 13:16:42,892] 1128 DEBUG EDITOR_LOGGER: Net updated. (2 ms)
[2025-03-21 13:16:42,895] 1131 DEBUG EDITOR_LOGGER: Net updated. (3 ms)
[2025-03-21 13:16:42,896] 1132 DEBUG FILE_LOGGER: ##### END PNML IMPORT Version (1.3.2) ##### (354 ms)
[2025-03-21 13:16:42,897] 1133  INFO CONFIG_LOGGER: Setting current working directory: D:\BPA Series\SupplementsOnGithub\bpa\Short 10 Extractor fan
[2025-03-21 13:16:42,898] 1134  INFO FILE_LOGGER: Petrinet loaded from file: D:\BPA Series\SupplementsOnGithub\bpa\Short 10 Extractor fan\fanBath.pnml
[2025-03-21 13:17:21,654] 39890  INFO CONFIG_LOGGER: Configuration successfully saved to: C:\Users\User\.WoPeD-3.9.0\WoPeDconfig.xml
[2025-03-21 13:17:21,654] 39890  INFO GUI_LOGGER: EXIT WoPeD
[2025-07-24 12:49:00,676] 1  INFO GUI_LOGGER: INIT APPLICATION
[2025-07-24 12:49:00,733] 58  INFO CORE_LOGGER: START INIT Application
[2025-07-24 12:49:00,739] 64  INFO CONFIG_LOGGER: Setting default home directory: C:\Users\User\.WoPeD-3.9.0\nets\
[2025-07-24 12:49:00,740] 65  INFO CONFIG_LOGGER: Loading configuration from: C:\Users\User\.WoPeD-3.9.0\WoPeDconfig.xml.
[2025-07-24 12:49:00,955] 280  INFO CONFIG_LOGGER: Setting Locale to en_GB
[2025-07-24 12:49:00,960] 285  INFO CONFIG_LOGGER: Setting home directory: C:\Users\User\.WoPeD-3.9.0\nets\
[2025-07-24 12:49:00,960] 285  INFO CONFIG_LOGGER: Setting current working directory: null
[2025-07-24 12:49:00,960] 285  INFO CONFIG_LOGGER: Setting current working directory: C:\Users\User\.WoPeD-3.9.0\nets\
[2025-07-24 12:49:00,979] 304  INFO CONFIG_LOGGER: Configuration successfully loaded.
[2025-07-24 12:49:00,989] 314  WARN CONFIG_LOGGER: Configuration file not found: C:\Users\User\.WoPeD-3.9.0\WoPeDmetrics.xml. Using built-in settings.
[2025-07-24 12:49:01,011] 336  INFO CONFIG_LOGGER: Configuration successfully loaded.
[2025-07-24 12:49:01,049] 374  INFO CORE_LOGGER: Look-And-Feel set to com.sun.java.swing.plaf.windows.WindowsLookAndFeel
[2025-07-24 12:49:01,473] 798  INFO GUI_LOGGER: END  INIT Application
[2025-07-24 12:49:01,708] 1033 DEBUG QUALANALYSIS_LOGGER: -> init() org.woped.qualanalysis.coverabilitygraph.gui.CoverabilityGraphFrameController
[2025-07-24 12:49:01,716] 1041 DEBUG QUALANALYSIS_LOGGER: <- init() org.woped.qualanalysis.coverabilitygraph.gui.CoverabilityGraphFrameController
[2025-07-24 12:49:01,783] 1108 DEBUG FILE_LOGGER: ##### START PNML Version (1.3.2) IMPORT #####
[2025-07-24 12:49:01,949] 1274 DEBUG QUALANALYSIS_LOGGER: PT Handle Pairs calculated. (0 ms)
[2025-07-24 12:49:01,949] 1274 DEBUG QUALANALYSIS_LOGGER: TP Handle Pairs calculated. (9 ms)
[2025-07-24 12:49:02,153] 1478 DEBUG FILE_LOGGER:  ... Place (ID:p1) imported
[2025-07-24 12:49:02,153] 1478 DEBUG FILE_LOGGER:  ... Place (ID:p2) imported
[2025-07-24 12:49:02,154] 1479 DEBUG FILE_LOGGER:  ... Place (ID:p3) imported
[2025-07-24 12:49:02,154] 1479 DEBUG FILE_LOGGER:  ... Place (ID:p4) imported
[2025-07-24 12:49:02,154] 1479 DEBUG FILE_LOGGER:  ... Place (ID:p5) imported
[2025-07-24 12:49:02,160] 1485 DEBUG FILE_LOGGER:  ... Transition (ID:t5) imported 
[2025-07-24 12:49:02,161] 1486 DEBUG FILE_LOGGER:  ... Transition (ID:t6) imported 
[2025-07-24 12:49:02,161] 1486 DEBUG FILE_LOGGER:  ... Transition (ID:t1) imported 
[2025-07-24 12:49:02,162] 1487 DEBUG FILE_LOGGER:  ... Transition (ID:t2) imported 
[2025-07-24 12:49:02,162] 1487 DEBUG FILE_LOGGER:  ... Transition (ID:t3) imported 
[2025-07-24 12:49:02,172] 1497 DEBUG FILE_LOGGER:  ... Arc created: (ID:a21) p3 -> t2 
[2025-07-24 12:49:02,172] 1497 DEBUG FILE_LOGGER:  ... Arc created: (ID:a13) t5 -> p5 
[2025-07-24 12:49:02,172] 1497 DEBUG FILE_LOGGER:  ... Arc created: (ID:a12) p4 -> t5 
[2025-07-24 12:49:02,173] 1498 DEBUG FILE_LOGGER:  ... Arc created: (ID:a15) t6 -> p4 
[2025-07-24 12:49:02,173] 1498 DEBUG FILE_LOGGER:  ... Arc created: (ID:a14) p5 -> t6 
[2025-07-24 12:49:02,174] 1499 DEBUG FILE_LOGGER:  ... Arc created: (ID:a17) t3 -> p3 
[2025-07-24 12:49:02,174] 1499 DEBUG FILE_LOGGER:  ... Arc created: (ID:a16) p2 -> t3 
[2025-07-24 12:49:02,175] 1500 DEBUG FILE_LOGGER:  ... Arc created: (ID:a19) p5 -> t3 
[2025-07-24 12:49:02,175] 1500 DEBUG FILE_LOGGER:  ... Arc created: (ID:a1) p1 -> t1 
[2025-07-24 12:49:02,175] 1500 DEBUG FILE_LOGGER:  ... Arc created: (ID:a2) t1 -> p2 
[2025-07-24 12:49:02,176] 1501 DEBUG FILE_LOGGER:  ... Arc created: (ID:a4) t2 -> p1 
[2025-07-24 12:49:03,000] 2325 DEBUG FILE_LOGGER:  ... Arc created: (ID:a5) p4 -> t1 
[2025-07-24 12:49:03,000] 2325 DEBUG FILE_LOGGER:  ... Arc created: (ID:a6) t1 -> p4 
[2025-07-24 12:49:03,001] 2326 DEBUG FILE_LOGGER:  ... Arc created: (ID:a20) t3 -> p5 
[2025-07-24 12:49:03,070] 2395 DEBUG EDITOR_LOGGER: Net updated. (5 ms)
[2025-07-24 12:49:03,076] 2401 DEBUG EDITOR_LOGGER: Net updated. (4 ms)
[2025-07-24 12:49:03,077] 2402 DEBUG FILE_LOGGER: ##### END PNML IMPORT Version (1.3.2) ##### (1293 ms)
[2025-07-24 12:49:03,173] 2498  INFO CONFIG_LOGGER: Setting current working directory: D:\BPA Series\SupplementsOnGithub\bpa\Short 10 Extractor fan
[2025-07-24 12:49:03,173] 2498  INFO FILE_LOGGER: Petrinet loaded from file: D:\BPA Series\SupplementsOnGithub\bpa\Short 10 Extractor fan\fanBath.pnml
[2025-07-24 12:51:37,919] 157244 DEBUG FILE_LOGGER: ##### START PNML EXPORT #####
[2025-07-24 12:51:37,931] 157256 DEBUG FILE_LOGGER:    ... Place (ID:p1) set
[2025-07-24 12:51:37,933] 157258 DEBUG FILE_LOGGER:    ... Transition (ID:t5) set
[2025-07-24 12:51:37,933] 157258 DEBUG FILE_LOGGER:    ... Place (ID:p2) set
[2025-07-24 12:51:37,934] 157259 DEBUG FILE_LOGGER:    ... Transition (ID:t6) set
[2025-07-24 12:51:37,934] 157259 DEBUG FILE_LOGGER:    ... Place (ID:p3) set
[2025-07-24 12:51:37,934] 157259 DEBUG FILE_LOGGER:    ... Place (ID:p4) set
[2025-07-24 12:51:37,934] 157259 DEBUG FILE_LOGGER:    ... Place (ID:p5) set
[2025-07-24 12:51:37,935] 157260 DEBUG FILE_LOGGER:    ... Transition (ID:t1) set
[2025-07-24 12:51:37,935] 157260 DEBUG FILE_LOGGER:    ... Transition (ID:t2) set
[2025-07-24 12:51:37,935] 157260 DEBUG FILE_LOGGER:    ... Transition (ID:t3) set
[2025-07-24 12:51:37,936] 157261 DEBUG FILE_LOGGER:    ... Arc (ID:a21( p3 -> t2) set
[2025-07-24 12:51:37,936] 157261 DEBUG FILE_LOGGER: ... Arc label position: X = 500.0 / Y = 12.0
[2025-07-24 12:51:37,936] 157261 DEBUG FILE_LOGGER:    ... Arc (ID:a13( t5 -> p5) set
[2025-07-24 12:51:37,936] 157261 DEBUG FILE_LOGGER: ... Arc label position: X = 500.0 / Y = 12.0
[2025-07-24 12:51:37,937] 157262 DEBUG FILE_LOGGER:    ... Arc (ID:a12( p4 -> t5) set
[2025-07-24 12:51:37,937] 157262 DEBUG FILE_LOGGER: ... Arc label position: X = 500.0 / Y = 12.0
[2025-07-24 12:51:37,937] 157262 DEBUG FILE_LOGGER:    ... Arc (ID:a15( t6 -> p4) set
[2025-07-24 12:51:37,937] 157262 DEBUG FILE_LOGGER: ... Arc label position: X = 500.0 / Y = 12.0
[2025-07-24 12:51:37,937] 157262 DEBUG FILE_LOGGER:    ... Arc (ID:a14( p5 -> t6) set
[2025-07-24 12:51:37,937] 157262 DEBUG FILE_LOGGER: ... Arc label position: X = 500.0 / Y = 12.0
[2025-07-24 12:51:37,937] 157262 DEBUG FILE_LOGGER:    ... Arc (ID:a17( t3 -> p3) set
[2025-07-24 12:51:37,937] 157262 DEBUG FILE_LOGGER: ... Arc label position: X = 500.0 / Y = 12.0
[2025-07-24 12:51:37,938] 157263 DEBUG FILE_LOGGER:    ... Arc (ID:a16( p2 -> t3) set
[2025-07-24 12:51:37,938] 157263 DEBUG FILE_LOGGER: ... Arc label position: X = 500.0 / Y = 12.0
[2025-07-24 12:51:37,938] 157263 DEBUG FILE_LOGGER:    ... Arc (ID:a19( p5 -> t3) set
[2025-07-24 12:51:37,938] 157263 DEBUG FILE_LOGGER: ... Arc label position: X = 500.0 / Y = 12.0
[2025-07-24 12:51:37,938] 157263 DEBUG FILE_LOGGER:    ... Arc (ID:a1( p1 -> t1) set
[2025-07-24 12:51:37,938] 157263 DEBUG FILE_LOGGER: ... Arc label position: X = 500.0 / Y = 12.0
[2025-07-24 12:51:37,938] 157263 DEBUG FILE_LOGGER:    ... Arc (ID:a2( t1 -> p2) set
[2025-07-24 12:51:37,938] 157263 DEBUG FILE_LOGGER: ... Arc label position: X = 500.0 / Y = 12.0
[2025-07-24 12:51:37,938] 157263 DEBUG FILE_LOGGER:    ... Arc (ID:a4( t2 -> p1) set
[2025-07-24 12:51:37,939] 157264 DEBUG FILE_LOGGER: ... Arc label position: X = 500.0 / Y = 12.0
[2025-07-24 12:51:37,939] 157264 DEBUG FILE_LOGGER:    ... Arc (ID:a5( p4 -> t1) set
[2025-07-24 12:51:37,939] 157264 DEBUG FILE_LOGGER: ... Arc label position: X = 500.0 / Y = 12.0
[2025-07-24 12:51:37,939] 157264 DEBUG FILE_LOGGER:    ... Arc (ID:a6( t1 -> p4) set
[2025-07-24 12:51:37,939] 157264 DEBUG FILE_LOGGER: ... Arc label position: X = 500.0 / Y = 12.0
[2025-07-24 12:51:37,939] 157264 DEBUG FILE_LOGGER:    ... Arc (ID:a20( t3 -> p5) set
[2025-07-24 12:51:37,939] 157264 DEBUG FILE_LOGGER: ... Arc label position: X = 500.0 / Y = 12.0
[2025-07-24 12:51:37,952] 157277 DEBUG FILE_LOGGER: ##### END PNML EXPORT ##### (33 ms)
[2025-07-24 12:51:37,952] 157277  INFO FILE_LOGGER: Petrinet saved in file: D:\BPA Series\SupplementsOnGithub\bpa\Short 10 Extractor fan\fanBath.pnml
[2025-07-24 12:51:37,953] 157278  INFO CONFIG_LOGGER: Setting current working directory: null
[2025-07-24 12:51:37,963] 157288  INFO CONFIG_LOGGER: Configuration successfully saved to: C:\Users\User\.WoPeD-3.9.0\WoPeDconfig.xml
[2025-07-24 12:51:37,963] 157288  INFO GUI_LOGGER: EXIT WoPeD
[2025-07-24 14:57:42,323] 0  INFO GUI_LOGGER: INIT APPLICATION
[2025-07-24 14:57:42,349] 26  INFO CORE_LOGGER: START INIT Application
[2025-07-24 14:57:42,354] 31  INFO CONFIG_LOGGER: Setting default home directory: C:\Users\User\.WoPeD-3.9.0\nets\
[2025-07-24 14:57:42,354] 31  INFO CONFIG_LOGGER: Loading configuration from: C:\Users\User\.WoPeD-3.9.0\WoPeDconfig.xml.
[2025-07-24 14:57:42,499] 176  INFO CONFIG_LOGGER: Setting Locale to en_GB
[2025-07-24 14:57:42,502] 179  INFO CONFIG_LOGGER: Setting home directory: C:\Users\User\.WoPeD-3.9.0\nets\
[2025-07-24 14:57:42,502] 179  INFO CONFIG_LOGGER: Setting current working directory: D:\BPA Series\SupplementsOnGithub\bpa\Short 09 Safe lock
[2025-07-24 14:57:42,515] 192  INFO CONFIG_LOGGER: Configuration successfully loaded.
[2025-07-24 14:57:42,522] 199  WARN CONFIG_LOGGER: Configuration file not found: C:\Users\User\.WoPeD-3.9.0\WoPeDmetrics.xml. Using built-in settings.
[2025-07-24 14:57:42,541] 218  INFO CONFIG_LOGGER: Configuration successfully loaded.
[2025-07-24 14:57:42,570] 247  INFO CORE_LOGGER: Look-And-Feel set to com.sun.java.swing.plaf.windows.WindowsLookAndFeel
[2025-07-24 14:57:42,897] 574  INFO GUI_LOGGER: END  INIT Application
[2025-07-24 14:57:43,047] 724 DEBUG QUALANALYSIS_LOGGER: -> init() org.woped.qualanalysis.coverabilitygraph.gui.CoverabilityGraphFrameController
[2025-07-24 14:57:43,053] 730 DEBUG QUALANALYSIS_LOGGER: <- init() org.woped.qualanalysis.coverabilitygraph.gui.CoverabilityGraphFrameController
[2025-07-24 14:57:43,095] 772 DEBUG FILE_LOGGER: ##### START PNML Version (1.3.2) IMPORT #####
[2025-07-24 14:57:43,237] 914 DEBUG QUALANALYSIS_LOGGER: PT Handle Pairs calculated. (0 ms)
[2025-07-24 14:57:43,238] 915 DEBUG QUALANALYSIS_LOGGER: TP Handle Pairs calculated. (6 ms)
[2025-07-24 14:57:43,380] 1057 DEBUG FILE_LOGGER:  ... Place (ID:p1) imported
[2025-07-24 14:57:43,380] 1057 DEBUG FILE_LOGGER:  ... Place (ID:p2) imported
[2025-07-24 14:57:43,380] 1057 DEBUG FILE_LOGGER:  ... Place (ID:p3) imported
[2025-07-24 14:57:43,380] 1057 DEBUG FILE_LOGGER:  ... Place (ID:p4) imported
[2025-07-24 14:57:43,381] 1058 DEBUG FILE_LOGGER:  ... Place (ID:p5) imported
[2025-07-24 14:57:43,389] 1066 DEBUG FILE_LOGGER:  ... Transition (ID:t5) imported 
[2025-07-24 14:57:43,389] 1066 DEBUG FILE_LOGGER:  ... Transition (ID:t6) imported 
[2025-07-24 14:57:43,389] 1066 DEBUG FILE_LOGGER:  ... Transition (ID:t1) imported 
[2025-07-24 14:57:43,389] 1066 DEBUG FILE_LOGGER:  ... Transition (ID:t2) imported 
[2025-07-24 14:57:43,390] 1067 DEBUG FILE_LOGGER:  ... Transition (ID:t3) imported 
[2025-07-24 14:57:43,396] 1073 DEBUG FILE_LOGGER:  ... Arc created: (ID:a21) p3 -> t2 
[2025-07-24 14:57:43,396] 1073 DEBUG FILE_LOGGER:  ... Arc created: (ID:a13) t5 -> p5 
[2025-07-24 14:57:43,396] 1073 DEBUG FILE_LOGGER:  ... Arc created: (ID:a12) p4 -> t5 
[2025-07-24 14:57:43,397] 1074 DEBUG FILE_LOGGER:  ... Arc created: (ID:a15) t6 -> p4 
[2025-07-24 14:57:43,397] 1074 DEBUG FILE_LOGGER:  ... Arc created: (ID:a14) p5 -> t6 
[2025-07-24 14:57:43,397] 1074 DEBUG FILE_LOGGER:  ... Arc created: (ID:a17) t3 -> p3 
[2025-07-24 14:57:43,397] 1074 DEBUG FILE_LOGGER:  ... Arc created: (ID:a16) p2 -> t3 
[2025-07-24 14:57:43,398] 1075 DEBUG FILE_LOGGER:  ... Arc created: (ID:a19) p5 -> t3 
[2025-07-24 14:57:43,398] 1075 DEBUG FILE_LOGGER:  ... Arc created: (ID:a1) p1 -> t1 
[2025-07-24 14:57:43,398] 1075 DEBUG FILE_LOGGER:  ... Arc created: (ID:a2) t1 -> p2 
[2025-07-24 14:57:43,398] 1075 DEBUG FILE_LOGGER:  ... Arc created: (ID:a4) t2 -> p1 
[2025-07-24 14:57:43,398] 1075 DEBUG FILE_LOGGER:  ... Arc created: (ID:a5) p4 -> t1 
[2025-07-24 14:57:43,399] 1076 DEBUG FILE_LOGGER:  ... Arc created: (ID:a6) t1 -> p4 
[2025-07-24 14:57:43,399] 1076 DEBUG FILE_LOGGER:  ... Arc created: (ID:a20) t3 -> p5 
[2025-07-24 14:57:43,457] 1134 DEBUG EDITOR_LOGGER: Net updated. (4 ms)
[2025-07-24 14:57:43,460] 1137 DEBUG EDITOR_LOGGER: Net updated. (2 ms)
[2025-07-24 14:57:43,461] 1138 DEBUG FILE_LOGGER: ##### END PNML IMPORT Version (1.3.2) ##### (366 ms)
[2025-07-24 14:57:43,462] 1139  INFO CONFIG_LOGGER: Setting current working directory: D:\BPA Series\SupplementsOnGithub\bpa\Short 10 Extractor fan
[2025-07-24 14:57:43,462] 1139  INFO FILE_LOGGER: Petrinet loaded from file: D:\BPA Series\SupplementsOnGithub\bpa\Short 10 Extractor fan\fanBath.pnml
[2025-07-24 14:58:23,658] 41335 DEBUG EDITOR_LOGGER: START TokenGame
[2025-07-24 14:58:23,701] 41378 DEBUG QUALANALYSIS_LOGGER: TokenGame: CHECK NET
[2025-07-24 14:58:23,702] 41379 DEBUG QUALANALYSIS_LOGGER:            ... DONE (1 ms)
[2025-07-24 14:58:25,986] 43663 DEBUG QUALANALYSIS_LOGGER: TokenGame: CHECK NET
[2025-07-24 14:58:25,994] 43671 DEBUG QUALANALYSIS_LOGGER:            ... DONE (8 ms)
[2025-07-24 14:58:31,313] 48990 DEBUG QUALANALYSIS_LOGGER: TokenGame: CHECK NET
[2025-07-24 14:58:31,326] 49003 DEBUG QUALANALYSIS_LOGGER:            ... DONE (13 ms)
[2025-07-24 14:58:33,745] 51422 DEBUG QUALANALYSIS_LOGGER: TokenGame: CHECK NET
[2025-07-24 14:58:33,756] 51433 DEBUG QUALANALYSIS_LOGGER:            ... DONE (11 ms)
[2025-07-24 15:00:04,011] 141688  INFO CONFIG_LOGGER: Configuration successfully saved to: C:\Users\User\.WoPeD-3.9.0\WoPeDconfig.xml
[2025-07-24 15:00:04,011] 141688  INFO GUI_LOGGER: EXIT WoPeD
[2025-11-01 13:43:18,763] 0  INFO GUI_LOGGER: INIT APPLICATION
[2025-11-01 13:43:18,793] 30  INFO CORE_LOGGER: START INIT Application
[2025-11-01 13:43:18,798] 35  INFO CONFIG_LOGGER: Setting default home directory: C:\Users\User\.WoPeD-3.9.0\nets\
[2025-11-01 13:43:18,799] 36  INFO CONFIG_LOGGER: Loading configuration from: C:\Users\User\.WoPeD-3.9.0\WoPeDconfig.xml.
[2025-11-01 13:43:18,951] 188  INFO CONFIG_LOGGER: Setting Locale to en_GB
[2025-11-01 13:43:18,954] 191  INFO CONFIG_LOGGER: Setting home directory: C:\Users\User\.WoPeD-3.9.0\nets\
[2025-11-01 13:43:18,954] 191  INFO CONFIG_LOGGER: Setting current working directory: null
[2025-11-01 13:43:18,954] 191  INFO CONFIG_LOGGER: Setting current working directory: C:\Users\User\.WoPeD-3.9.0\nets\
[2025-11-01 13:43:18,967] 204  INFO CONFIG_LOGGER: Configuration successfully loaded.
[2025-11-01 13:43:18,976] 213  WARN CONFIG_LOGGER: Configuration file not found: C:\Users\User\.WoPeD-3.9.0\WoPeDmetrics.xml. Using built-in settings.
[2025-11-01 13:43:18,994] 231  INFO CONFIG_LOGGER: Configuration successfully loaded.
[2025-11-01 13:43:19,021] 258  INFO CORE_LOGGER: Look-And-Feel set to com.sun.java.swing.plaf.windows.WindowsLookAndFeel
[2025-11-01 13:43:19,356] 593  INFO GUI_LOGGER: END  INIT Application
[2025-11-01 13:43:19,512] 749 DEBUG QUALANALYSIS_LOGGER: -> init() org.woped.qualanalysis.coverabilitygraph.gui.CoverabilityGraphFrameController
[2025-11-01 13:43:19,517] 754 DEBUG QUALANALYSIS_LOGGER: <- init() org.woped.qualanalysis.coverabilitygraph.gui.CoverabilityGraphFrameController
[2025-11-01 13:43:19,556] 793 DEBUG FILE_LOGGER: ##### START PNML Version (1.3.2) IMPORT #####
[2025-11-01 13:43:19,682] 919 DEBUG QUALANALYSIS_LOGGER: PT Handle Pairs calculated. (0 ms)
[2025-11-01 13:43:19,682] 919 DEBUG QUALANALYSIS_LOGGER: TP Handle Pairs calculated. (6 ms)
[2025-11-01 13:43:19,836] 1073 DEBUG FILE_LOGGER:  ... Place (ID:p1) imported
[2025-11-01 13:43:19,837] 1074 DEBUG FILE_LOGGER:  ... Place (ID:p2) imported
[2025-11-01 13:43:19,837] 1074 DEBUG FILE_LOGGER:  ... Place (ID:p3) imported
[2025-11-01 13:43:19,837] 1074 DEBUG FILE_LOGGER:  ... Place (ID:p4) imported
[2025-11-01 13:43:19,837] 1074 DEBUG FILE_LOGGER:  ... Place (ID:p5) imported
[2025-11-01 13:43:19,841] 1078 DEBUG FILE_LOGGER:  ... Transition (ID:t5) imported 
[2025-11-01 13:43:19,842] 1079 DEBUG FILE_LOGGER:  ... Transition (ID:t6) imported 
[2025-11-01 13:43:19,842] 1079 DEBUG FILE_LOGGER:  ... Transition (ID:t1) imported 
[2025-11-01 13:43:19,842] 1079 DEBUG FILE_LOGGER:  ... Transition (ID:t2) imported 
[2025-11-01 13:43:19,842] 1079 DEBUG FILE_LOGGER:  ... Transition (ID:t3) imported 
[2025-11-01 13:43:19,849] 1086 DEBUG FILE_LOGGER:  ... Arc created: (ID:a21) p3 -> t2 
[2025-11-01 13:43:19,849] 1086 DEBUG FILE_LOGGER:  ... Arc created: (ID:a13) t5 -> p5 
[2025-11-01 13:43:19,850] 1087 DEBUG FILE_LOGGER:  ... Arc created: (ID:a12) p4 -> t5 
[2025-11-01 13:43:19,850] 1087 DEBUG FILE_LOGGER:  ... Arc created: (ID:a15) t6 -> p4 
[2025-11-01 13:43:19,850] 1087 DEBUG FILE_LOGGER:  ... Arc created: (ID:a14) p5 -> t6 
[2025-11-01 13:43:19,851] 1088 DEBUG FILE_LOGGER:  ... Arc created: (ID:a17) t3 -> p3 
[2025-11-01 13:43:19,851] 1088 DEBUG FILE_LOGGER:  ... Arc created: (ID:a16) p2 -> t3 
[2025-11-01 13:43:19,851] 1088 DEBUG FILE_LOGGER:  ... Arc created: (ID:a19) p5 -> t3 
[2025-11-01 13:43:19,851] 1088 DEBUG FILE_LOGGER:  ... Arc created: (ID:a1) p1 -> t1 
[2025-11-01 13:43:19,852] 1089 DEBUG FILE_LOGGER:  ... Arc created: (ID:a2) t1 -> p2 
[2025-11-01 13:43:19,852] 1089 DEBUG FILE_LOGGER:  ... Arc created: (ID:a4) t2 -> p1 
[2025-11-01 13:43:19,852] 1089 DEBUG FILE_LOGGER:  ... Arc created: (ID:a5) p4 -> t1 
[2025-11-01 13:43:19,852] 1089 DEBUG FILE_LOGGER:  ... Arc created: (ID:a6) t1 -> p4 
[2025-11-01 13:43:19,852] 1089 DEBUG FILE_LOGGER:  ... Arc created: (ID:a20) t3 -> p5 
[2025-11-01 13:43:19,912] 1149 DEBUG EDITOR_LOGGER: Net updated. (6 ms)
[2025-11-01 13:43:19,918] 1155 DEBUG EDITOR_LOGGER: Net updated. (5 ms)
[2025-11-01 13:43:19,918] 1155 DEBUG FILE_LOGGER: ##### END PNML IMPORT Version (1.3.2) ##### (362 ms)
[2025-11-01 13:43:19,919] 1156  INFO CONFIG_LOGGER: Setting current working directory: D:\BPA Series\SupplementsOnGithub\bpa\Short 10 Extractor fan
[2025-11-01 13:43:19,919] 1156  INFO FILE_LOGGER: Petrinet loaded from file: D:\BPA Series\SupplementsOnGithub\bpa\Short 10 Extractor fan\fanBath.pnml
[2025-11-01 13:43:57,692] 38929 DEBUG EDITOR_LOGGER: Net updated. (2 ms)
[2025-11-01 13:43:58,190] 39427 DEBUG EDITOR_LOGGER: Net updated. (2 ms)
[2025-11-01 13:43:58,240] 39477 DEBUG EDITOR_LOGGER: Net updated. (1 ms)
[2025-11-01 13:43:58,283] 39520 DEBUG EDITOR_LOGGER: Net updated. (2 ms)
[2025-11-01 13:43:58,327] 39564 DEBUG EDITOR_LOGGER: Net updated. (1 ms)
[2025-11-01 13:43:58,365] 39602 DEBUG EDITOR_LOGGER: Net updated. (2 ms)
[2025-11-01 13:43:58,405] 39642 DEBUG EDITOR_LOGGER: Net updated. (2 ms)
[2025-11-01 13:43:58,452] 39689 DEBUG EDITOR_LOGGER: Net updated. (3 ms)
[2025-11-01 13:43:58,485] 39722 DEBUG EDITOR_LOGGER: Net updated. (2 ms)
[2025-11-01 13:43:58,500] 39737 DEBUG EDITOR_LOGGER: Net updated. (3 ms)
[2025-11-01 13:43:58,547] 39784 DEBUG EDITOR_LOGGER: Net updated. (2 ms)
[2025-11-01 13:43:58,582] 39819 DEBUG EDITOR_LOGGER: Net updated. (1 ms)
[2025-11-01 13:43:58,591] 39828 DEBUG EDITOR_LOGGER: Net updated. (1 ms)
[2025-11-01 13:43:58,625] 39862 DEBUG EDITOR_LOGGER: Net updated. (1 ms)
[2025-11-01 13:43:58,660] 39897 DEBUG EDITOR_LOGGER: Net updated. (1 ms)
[2025-11-01 13:43:59,396] 40633 DEBUG EDITOR_LOGGER: Net updated. (1 ms)
[2025-11-01 13:44:00,028] 41265 DEBUG EDITOR_LOGGER: Net updated. (1 ms)
[2025-11-01 13:44:00,607] 41844 DEBUG EDITOR_LOGGER: Net updated. (0 ms)
[2025-11-01 13:44:19,568] 60805 DEBUG EDITOR_LOGGER: Net updated. (1 ms)
[2025-11-01 13:44:20,072] 61309 DEBUG EDITOR_LOGGER: Net updated. (3 ms)
[2025-11-01 13:44:20,126] 61363 DEBUG EDITOR_LOGGER: Net updated. (3 ms)
[2025-11-01 13:44:20,173] 61410 DEBUG EDITOR_LOGGER: Net updated. (1 ms)
[2025-11-01 13:44:20,181] 61418 DEBUG EDITOR_LOGGER: Net updated. (2 ms)
[2025-11-01 13:44:20,228] 61465 DEBUG EDITOR_LOGGER: Net updated. (2 ms)
[2025-11-01 13:44:20,278] 61515 DEBUG EDITOR_LOGGER: Net updated. (2 ms)
[2025-11-01 13:44:20,325] 61562 DEBUG EDITOR_LOGGER: Net updated. (1 ms)
[2025-11-01 13:44:20,371] 61608 DEBUG EDITOR_LOGGER: Net updated. (1 ms)
[2025-11-01 13:44:20,414] 61651 DEBUG EDITOR_LOGGER: Net updated. (1 ms)
[2025-11-01 13:44:20,826] 62063 DEBUG EDITOR_LOGGER: Net updated. (2 ms)
[2025-11-01 13:44:21,046] 62283 DEBUG EDITOR_LOGGER: Net updated. (2 ms)
[2025-11-01 13:44:21,481] 62718 DEBUG EDITOR_LOGGER: Net updated. (1 ms)
[2025-11-01 13:44:22,478] 63715 DEBUG EDITOR_LOGGER: Net updated. (1 ms)
[2025-11-01 13:44:22,964] 64201 DEBUG EDITOR_LOGGER: Net updated. (3 ms)
[2025-11-01 13:44:27,999] 69236 DEBUG EDITOR_LOGGER: Net updated. (1 ms)
[2025-11-01 13:44:28,497] 69734 DEBUG EDITOR_LOGGER: Net updated. (1 ms)
[2025-11-01 13:44:28,537] 69774 DEBUG EDITOR_LOGGER: Net updated. (1 ms)
[2025-11-01 13:44:28,577] 69814 DEBUG EDITOR_LOGGER: Net updated. (1 ms)
[2025-11-01 13:44:28,618] 69855 DEBUG EDITOR_LOGGER: Net updated. (0 ms)
[2025-11-01 13:44:28,658] 69895 DEBUG EDITOR_LOGGER: Net updated. (1 ms)
[2025-11-01 13:44:28,701] 69938 DEBUG EDITOR_LOGGER: Net updated. (1 ms)
[2025-11-01 13:44:28,740] 69977 DEBUG EDITOR_LOGGER: Net updated. (1 ms)
[2025-11-01 13:44:28,781] 70018 DEBUG EDITOR_LOGGER: Net updated. (1 ms)
[2025-11-01 13:44:28,822] 70059 DEBUG EDITOR_LOGGER: Net updated. (1 ms)
[2025-11-01 13:44:28,865] 70102 DEBUG EDITOR_LOGGER: Net updated. (2 ms)
[2025-11-01 13:44:28,869] 70106 DEBUG EDITOR_LOGGER: Net updated. (1 ms)
[2025-11-01 13:44:28,909] 70146 DEBUG EDITOR_LOGGER: Net updated. (0 ms)
[2025-11-01 13:44:28,947] 70184 DEBUG EDITOR_LOGGER: Net updated. (0 ms)
[2025-11-01 13:44:35,496] 76733 DEBUG EDITOR_LOGGER: Net updated. (1 ms)
[2025-11-01 13:44:35,997] 77234 DEBUG EDITOR_LOGGER: Net updated. (0 ms)
[2025-11-01 13:44:36,037] 77274 DEBUG EDITOR_LOGGER: Net updated. (1 ms)
[2025-11-01 13:44:36,077] 77314 DEBUG EDITOR_LOGGER: Net updated. (0 ms)
[2025-11-01 13:44:36,116] 77353 DEBUG EDITOR_LOGGER: Net updated. (1 ms)
[2025-11-01 13:44:36,154] 77391 DEBUG EDITOR_LOGGER: Net updated. (1 ms)
[2025-11-01 13:44:36,192] 77429 DEBUG EDITOR_LOGGER: Net updated. (0 ms)
[2025-11-01 13:44:36,231] 77468 DEBUG EDITOR_LOGGER: Net updated. (0 ms)
[2025-11-01 13:44:36,269] 77506 DEBUG EDITOR_LOGGER: Net updated. (0 ms)
[2025-11-01 13:44:36,309] 77546 DEBUG EDITOR_LOGGER: Net updated. (1 ms)
[2025-11-01 13:44:36,348] 77585 DEBUG EDITOR_LOGGER: Net updated. (2 ms)
[2025-11-01 13:44:36,852] 78089 DEBUG EDITOR_LOGGER: Net updated. (0 ms)
[2025-11-01 13:44:37,051] 78288 DEBUG EDITOR_LOGGER: Net updated. (0 ms)
[2025-11-01 13:44:37,616] 78853 DEBUG EDITOR_LOGGER: Net updated. (0 ms)
[2025-11-01 13:44:38,100] 79337 DEBUG EDITOR_LOGGER: Net updated. (0 ms)
[2025-11-01 13:44:39,192] 80429 DEBUG EDITOR_LOGGER: Net updated. (1 ms)
[2025-11-01 13:44:40,789] 82026 DEBUG EDITOR_LOGGER: Net updated. (0 ms)
[2025-11-01 13:44:43,286] 84523 DEBUG EDITOR_LOGGER: Net updated. (1 ms)
[2025-11-01 13:44:46,406] 87643 DEBUG EDITOR_LOGGER: Net updated. (1 ms)
[2025-11-01 13:44:46,622] 87859 DEBUG EDITOR_LOGGER: Net updated. (0 ms)
[2025-11-01 13:44:46,806] 88043 DEBUG EDITOR_LOGGER: Net updated. (1 ms)
[2025-11-01 13:44:46,990] 88227 DEBUG EDITOR_LOGGER: Net updated. (0 ms)
[2025-11-01 13:44:48,197] 89434 DEBUG EDITOR_LOGGER: Net updated. (1 ms)
[2025-11-01 13:45:02,715] 103952 DEBUG EDITOR_LOGGER: Net updated. (1 ms)
[2025-11-01 13:45:02,905] 104142 DEBUG EDITOR_LOGGER: Net updated. (0 ms)
[2025-11-01 13:45:03,516] 104753 DEBUG EDITOR_LOGGER: Net updated. (1 ms)
[2025-11-01 13:45:04,113] 105350 DEBUG EDITOR_LOGGER: Net updated. (0 ms)
[2025-11-01 13:45:04,290] 105527 DEBUG EDITOR_LOGGER: Net updated. (0 ms)
[2025-11-01 13:45:04,718] 105955 DEBUG EDITOR_LOGGER: Net updated. (0 ms)
[2025-11-01 13:45:05,300] 106537 DEBUG EDITOR_LOGGER: Net updated. (1 ms)
[2025-11-01 13:45:07,961] 109198 DEBUG EDITOR_LOGGER: Net updated. (1 ms)
[2025-11-01 13:45:10,563] 111800 DEBUG EDITOR_LOGGER: Net updated. (1 ms)
[2025-11-01 13:45:11,001] 112238 DEBUG EDITOR_LOGGER: Net updated. (0 ms)
[2025-11-01 13:45:11,238] 112475 DEBUG EDITOR_LOGGER: Net updated. (0 ms)
[2025-11-01 13:45:12,166] 113403 DEBUG EDITOR_LOGGER: Net updated. (1 ms)
[2025-11-01 13:45:12,626] 113863 DEBUG EDITOR_LOGGER: Net updated. (0 ms)
[2025-11-01 13:45:13,246] 114483 DEBUG EDITOR_LOGGER: Net updated. (1 ms)
[2025-11-01 13:45:13,617] 114854 DEBUG EDITOR_LOGGER: Net updated. (1 ms)
[2025-11-01 13:45:18,674] 119911 DEBUG EDITOR_LOGGER: Net updated. (2 ms)
[2025-11-01 13:45:19,172] 120409 DEBUG EDITOR_LOGGER: Net updated. (0 ms)
[2025-11-01 13:45:19,210] 120447 DEBUG EDITOR_LOGGER: Net updated. (0 ms)
[2025-11-01 13:45:19,246] 120483 DEBUG EDITOR_LOGGER: Net updated. (0 ms)
[2025-11-01 13:45:19,282] 120519 DEBUG EDITOR_LOGGER: Net updated. (0 ms)
[2025-11-01 13:45:19,321] 120558 DEBUG EDITOR_LOGGER: Net updated. (1 ms)
[2025-11-01 13:45:19,357] 120594 DEBUG EDITOR_LOGGER: Net updated. (0 ms)
[2025-11-01 13:45:19,399] 120636 DEBUG EDITOR_LOGGER: Net updated. (0 ms)
[2025-11-01 13:45:19,437] 120674 DEBUG EDITOR_LOGGER: Net updated. (1 ms)
[2025-11-01 13:45:19,474] 120711 DEBUG EDITOR_LOGGER: Net updated. (0 ms)
[2025-11-01 13:45:19,930] 121167 DEBUG EDITOR_LOGGER: Net updated. (1 ms)
[2025-11-01 13:45:20,118] 121355 DEBUG EDITOR_LOGGER: Net updated. (1 ms)
[2025-11-01 13:45:20,357] 121594 DEBUG EDITOR_LOGGER: Net updated. (1 ms)
[2025-11-01 13:45:20,591] 121828 DEBUG EDITOR_LOGGER: Edit is dying!
[2025-11-01 13:45:20,593] 121830 DEBUG EDITOR_LOGGER: Net updated. (1 ms)
[2025-11-01 13:45:20,773] 122010 DEBUG EDITOR_LOGGER: Edit is dying!
[2025-11-01 13:45:20,775] 122012 DEBUG EDITOR_LOGGER: Net updated. (1 ms)
[2025-11-01 13:45:21,016] 122253 DEBUG EDITOR_LOGGER: Edit is dying!
[2025-11-01 13:45:21,018] 122255 DEBUG EDITOR_LOGGER: Net updated. (0 ms)
[2025-11-01 13:45:21,257] 122494 DEBUG EDITOR_LOGGER: Edit is dying!
[2025-11-01 13:45:21,259] 122496 DEBUG EDITOR_LOGGER: Net updated. (1 ms)
[2025-11-01 13:45:21,529] 122766 DEBUG EDITOR_LOGGER: Edit is dying!
[2025-11-01 13:45:21,530] 122767 DEBUG EDITOR_LOGGER: Net updated. (1 ms)
[2025-11-01 13:45:21,821] 123058 DEBUG EDITOR_LOGGER: Edit is dying!
[2025-11-01 13:45:21,822] 123059 DEBUG EDITOR_LOGGER: Net updated. (0 ms)
[2025-11-01 13:45:22,094] 123331 DEBUG EDITOR_LOGGER: Edit is dying!
[2025-11-01 13:45:22,096] 123333 DEBUG EDITOR_LOGGER: Net updated. (1 ms)
[2025-11-01 13:45:22,687] 123924 DEBUG EDITOR_LOGGER: Edit is dying!
[2025-11-01 13:45:22,689] 123926 DEBUG EDITOR_LOGGER: Net updated. (1 ms)
[2025-11-01 13:45:24,802] 126039 DEBUG EDITOR_LOGGER: Edit is dying!
[2025-11-01 13:45:24,803] 126040 DEBUG EDITOR_LOGGER: Net updated. (0 ms)
[2025-11-01 13:45:25,301] 126538 DEBUG EDITOR_LOGGER: Edit is dying!
[2025-11-01 13:45:25,302] 126539 DEBUG EDITOR_LOGGER: Net updated. (0 ms)
[2025-11-01 13:45:25,339] 126576 DEBUG EDITOR_LOGGER: Edit is dying!
[2025-11-01 13:45:25,341] 126578 DEBUG EDITOR_LOGGER: Net updated. (1 ms)
[2025-11-01 13:45:25,377] 126614 DEBUG EDITOR_LOGGER: Edit is dying!
[2025-11-01 13:45:25,379] 126616 DEBUG EDITOR_LOGGER: Net updated. (1 ms)
[2025-11-01 13:45:25,413] 126650 DEBUG EDITOR_LOGGER: Edit is dying!
[2025-11-01 13:45:25,415] 126652 DEBUG EDITOR_LOGGER: Net updated. (1 ms)
[2025-11-01 13:45:26,852] 128089 DEBUG EDITOR_LOGGER: Edit is dying!
[2025-11-01 13:45:26,854] 128091 DEBUG EDITOR_LOGGER: Net updated. (1 ms)
[2025-11-01 13:45:27,827] 129064 DEBUG EDITOR_LOGGER: Edit is dying!
[2025-11-01 13:45:27,829] 129066 DEBUG EDITOR_LOGGER: Net updated. (1 ms)
[2025-11-01 13:45:31,414] 132651 DEBUG EDITOR_LOGGER: Edit is dying!
[2025-11-01 13:45:31,416] 132653 DEBUG EDITOR_LOGGER: Net updated. (1 ms)
[2025-11-01 13:45:31,831] 133068 DEBUG EDITOR_LOGGER: Edit is dying!
[2025-11-01 13:45:31,833] 133070 DEBUG EDITOR_LOGGER: Net updated. (0 ms)
[2025-11-01 13:45:32,547] 133784 DEBUG EDITOR_LOGGER: Edit is dying!
[2025-11-01 13:45:32,549] 133786 DEBUG EDITOR_LOGGER: Net updated. (1 ms)
[2025-11-01 13:45:33,354] 134591 DEBUG EDITOR_LOGGER: Edit is dying!
[2025-11-01 13:45:33,356] 134593 DEBUG EDITOR_LOGGER: Net updated. (1 ms)
[2025-11-01 13:45:34,093] 135330 DEBUG EDITOR_LOGGER: Edit is dying!
[2025-11-01 13:45:34,095] 135332 DEBUG EDITOR_LOGGER: Net updated. (0 ms)
[2025-11-01 13:45:34,520] 135757 DEBUG EDITOR_LOGGER: Edit is dying!
[2025-11-01 13:45:34,521] 135758 DEBUG EDITOR_LOGGER: Net updated. (0 ms)
[2025-11-01 13:45:36,633] 137870 DEBUG EDITOR_LOGGER: Edit is dying!
[2025-11-01 13:45:36,634] 137871 DEBUG EDITOR_LOGGER: Net updated. (0 ms)
[2025-11-01 13:45:38,194] 139431 DEBUG EDITOR_LOGGER: Edit is dying!
[2025-11-01 13:45:38,195] 139432 DEBUG EDITOR_LOGGER: Net updated. (0 ms)
[2025-11-01 13:45:41,011] 142248 DEBUG EDITOR_LOGGER: Edit is dying!
[2025-11-01 13:45:41,012] 142249 DEBUG EDITOR_LOGGER: Net updated. (0 ms)
[2025-11-01 13:45:41,969] 143206 DEBUG EDITOR_LOGGER: Edit is dying!
[2025-11-01 13:45:41,970] 143207 DEBUG EDITOR_LOGGER: Net updated. (0 ms)
[2025-11-01 13:45:42,497] 143734 DEBUG EDITOR_LOGGER: Edit is dying!
[2025-11-01 13:45:42,499] 143736 DEBUG EDITOR_LOGGER: Net updated. (1 ms)
[2025-11-01 13:45:43,029] 144266 DEBUG EDITOR_LOGGER: Edit is dying!
[2025-11-01 13:45:43,030] 144267 DEBUG EDITOR_LOGGER: Net updated. (0 ms)
[2025-11-01 13:45:44,828] 146065 DEBUG EDITOR_LOGGER: Edit is dying!
[2025-11-01 13:45:44,829] 146066 DEBUG EDITOR_LOGGER: Net updated. (0 ms)
[2025-11-01 13:46:04,377] 165614 DEBUG EDITOR_LOGGER: Edit is dying!
[2025-11-01 13:46:04,379] 165616 DEBUG EDITOR_LOGGER: Net updated. (1 ms)
[2025-11-01 13:46:04,877] 166114 DEBUG EDITOR_LOGGER: Edit is dying!
[2025-11-01 13:46:04,879] 166116 DEBUG EDITOR_LOGGER: Net updated. (1 ms)
[2025-11-01 13:46:04,915] 166152 DEBUG EDITOR_LOGGER: Edit is dying!
[2025-11-01 13:46:04,917] 166154 DEBUG EDITOR_LOGGER: Net updated. (1 ms)
[2025-11-01 13:46:04,952] 166189 DEBUG EDITOR_LOGGER: Edit is dying!
[2025-11-01 13:46:04,954] 166191 DEBUG EDITOR_LOGGER: Net updated. (1 ms)
[2025-11-01 13:46:04,990] 166227 DEBUG EDITOR_LOGGER: Edit is dying!
[2025-11-01 13:46:04,992] 166229 DEBUG EDITOR_LOGGER: Net updated. (1 ms)
[2025-11-01 13:46:05,026] 166263 DEBUG EDITOR_LOGGER: Edit is dying!
[2025-11-01 13:46:05,028] 166265 DEBUG EDITOR_LOGGER: Net updated. (1 ms)
[2025-11-01 13:46:05,063] 166300 DEBUG EDITOR_LOGGER: Edit is dying!
[2025-11-01 13:46:05,064] 166301 DEBUG EDITOR_LOGGER: Net updated. (0 ms)
[2025-11-01 13:46:05,098] 166335 DEBUG EDITOR_LOGGER: Edit is dying!
[2025-11-01 13:46:05,099] 166336 DEBUG EDITOR_LOGGER: Net updated. (0 ms)
[2025-11-01 13:46:05,134] 166371 DEBUG EDITOR_LOGGER: Edit is dying!
[2025-11-01 13:46:05,135] 166372 DEBUG EDITOR_LOGGER: Net updated. (0 ms)
[2025-11-01 13:46:05,170] 166407 DEBUG EDITOR_LOGGER: Edit is dying!
[2025-11-01 13:46:05,171] 166408 DEBUG EDITOR_LOGGER: Net updated. (1 ms)
[2025-11-01 13:46:05,210] 166447 DEBUG EDITOR_LOGGER: Edit is dying!
[2025-11-01 13:46:05,211] 166448 DEBUG EDITOR_LOGGER: Net updated. (0 ms)
[2025-11-01 13:46:05,249] 166486 DEBUG EDITOR_LOGGER: Edit is dying!
[2025-11-01 13:46:05,251] 166488 DEBUG EDITOR_LOGGER: Net updated. (1 ms)
[2025-11-01 13:46:05,286] 166523 DEBUG EDITOR_LOGGER: Edit is dying!
[2025-11-01 13:46:05,287] 166524 DEBUG EDITOR_LOGGER: Net updated. (0 ms)
[2025-11-01 13:46:05,322] 166559 DEBUG EDITOR_LOGGER: Edit is dying!
[2025-11-01 13:46:05,324] 166561 DEBUG EDITOR_LOGGER: Net updated. (1 ms)
[2025-11-01 13:46:05,359] 166596 DEBUG EDITOR_LOGGER: Edit is dying!
[2025-11-01 13:46:05,360] 166597 DEBUG EDITOR_LOGGER: Net updated. (0 ms)
[2025-11-01 13:46:05,396] 166633 DEBUG EDITOR_LOGGER: Edit is dying!
[2025-11-01 13:46:05,397] 166634 DEBUG EDITOR_LOGGER: Net updated. (0 ms)
[2025-11-01 13:46:05,432] 166669 DEBUG EDITOR_LOGGER: Edit is dying!
[2025-11-01 13:46:05,434] 166671 DEBUG EDITOR_LOGGER: Net updated. (1 ms)
[2025-11-01 13:46:05,469] 166706 DEBUG EDITOR_LOGGER: Edit is dying!
[2025-11-01 13:46:05,470] 166707 DEBUG EDITOR_LOGGER: Net updated. (0 ms)
[2025-11-01 13:46:05,505] 166742 DEBUG EDITOR_LOGGER: Edit is dying!
[2025-11-01 13:46:05,507] 166744 DEBUG EDITOR_LOGGER: Net updated. (1 ms)
[2025-11-01 13:46:05,509] 166746 DEBUG EDITOR_LOGGER: Edit is dying!
[2025-11-01 13:46:05,510] 166747 DEBUG EDITOR_LOGGER: Net updated. (1 ms)
[2025-11-01 13:46:05,544] 166781 DEBUG EDITOR_LOGGER: Edit is dying!
[2025-11-01 13:46:05,545] 166782 DEBUG EDITOR_LOGGER: Net updated. (0 ms)
[2025-11-01 13:46:05,581] 166818 DEBUG EDITOR_LOGGER: Edit is dying!
[2025-11-01 13:46:05,582] 166819 DEBUG EDITOR_LOGGER: Net updated. (0 ms)
[2025-11-01 13:46:05,614] 166851 DEBUG EDITOR_LOGGER: Edit is dying!
[2025-11-01 13:46:05,616] 166853 DEBUG EDITOR_LOGGER: Net updated. (1 ms)
[2025-11-01 13:46:05,650] 166887 DEBUG EDITOR_LOGGER: Edit is dying!
[2025-11-01 13:46:05,652] 166889 DEBUG EDITOR_LOGGER: Net updated. (1 ms)
[2025-11-01 13:46:05,686] 166923 DEBUG EDITOR_LOGGER: Edit is dying!
[2025-11-01 13:46:05,688] 166925 DEBUG EDITOR_LOGGER: Net updated. (1 ms)
[2025-11-01 13:46:05,721] 166958 DEBUG EDITOR_LOGGER: Edit is dying!
[2025-11-01 13:46:05,723] 166960 DEBUG EDITOR_LOGGER: Net updated. (1 ms)
[2025-11-01 13:46:05,756] 166993 DEBUG EDITOR_LOGGER: Edit is dying!
[2025-11-01 13:46:05,757] 166994 DEBUG EDITOR_LOGGER: Net updated. (0 ms)
[2025-11-01 13:46:05,790] 167027 DEBUG EDITOR_LOGGER: Edit is dying!
[2025-11-01 13:46:05,792] 167029 DEBUG EDITOR_LOGGER: Net updated. (1 ms)
[2025-11-01 13:46:05,826] 167063 DEBUG EDITOR_LOGGER: Edit is dying!
[2025-11-01 13:46:05,828] 167065 DEBUG EDITOR_LOGGER: Net updated. (1 ms)
[2025-11-01 13:46:05,863] 167100 DEBUG EDITOR_LOGGER: Edit is dying!
[2025-11-01 13:46:05,864] 167101 DEBUG EDITOR_LOGGER: Net updated. (0 ms)
[2025-11-01 13:46:06,176] 167413 DEBUG EDITOR_LOGGER: Edit is dying!
[2025-11-01 13:46:06,178] 167415 DEBUG EDITOR_LOGGER: Net updated. (0 ms)
[2025-11-01 13:46:06,375] 167612 DEBUG EDITOR_LOGGER: Edit is dying!
[2025-11-01 13:46:06,376] 167613 DEBUG EDITOR_LOGGER: Net updated. (0 ms)
[2025-11-01 13:46:06,571] 167808 DEBUG EDITOR_LOGGER: Edit is dying!
[2025-11-01 13:46:06,573] 167810 DEBUG EDITOR_LOGGER: Net updated. (1 ms)
[2025-11-01 13:46:06,945] 168182 DEBUG EDITOR_LOGGER: Edit is dying!
[2025-11-01 13:46:06,946] 168183 DEBUG EDITOR_LOGGER: Net updated. (0 ms)
[2025-11-01 13:46:08,839] 170076 DEBUG EDITOR_LOGGER: Edit is dying!
[2025-11-01 13:46:08,841] 170078 DEBUG EDITOR_LOGGER: Net updated. (0 ms)
[2025-11-01 13:46:15,854] 177091 DEBUG EDITOR_LOGGER: Edit is dying!
[2025-11-01 13:46:15,856] 177093 DEBUG EDITOR_LOGGER: Net updated. (0 ms)
[2025-11-01 13:46:16,354] 177591 DEBUG EDITOR_LOGGER: Edit is dying!
[2025-11-01 13:46:16,356] 177593 DEBUG EDITOR_LOGGER: Net updated. (0 ms)
[2025-11-01 13:46:16,442] 177679 DEBUG EDITOR_LOGGER: Edit is dying!
[2025-11-01 13:46:16,444] 177681 DEBUG EDITOR_LOGGER: Net updated. (0 ms)
[2025-11-01 13:46:16,450] 177687 DEBUG EDITOR_LOGGER: Edit is dying!
[2025-11-01 13:46:16,452] 177689 DEBUG EDITOR_LOGGER: Net updated. (1 ms)
[2025-11-01 13:46:16,525] 177762 DEBUG EDITOR_LOGGER: Edit is dying!
[2025-11-01 13:46:16,527] 177764 DEBUG EDITOR_LOGGER: Net updated. (0 ms)
[2025-11-01 13:46:16,601] 177838 DEBUG EDITOR_LOGGER: Edit is dying!
[2025-11-01 13:46:16,603] 177840 DEBUG EDITOR_LOGGER: Net updated. (0 ms)
[2025-11-01 13:46:16,610] 177847 DEBUG EDITOR_LOGGER: Edit is dying!
[2025-11-01 13:46:16,611] 177848 DEBUG EDITOR_LOGGER: Net updated. (0 ms)
[2025-11-01 13:46:16,678] 177915 DEBUG EDITOR_LOGGER: Edit is dying!
[2025-11-01 13:46:16,681] 177918 DEBUG EDITOR_LOGGER: Net updated. (1 ms)
[2025-11-01 13:46:16,686] 177923 DEBUG EDITOR_LOGGER: Edit is dying!
[2025-11-01 13:46:16,687] 177924 DEBUG EDITOR_LOGGER: Net updated. (0 ms)
[2025-11-01 13:46:16,726] 177963 DEBUG EDITOR_LOGGER: Edit is dying!
[2025-11-01 13:46:16,728] 177965 DEBUG EDITOR_LOGGER: Net updated. (1 ms)
[2025-11-01 13:46:16,867] 178104 DEBUG EDITOR_LOGGER: Edit is dying!
[2025-11-01 13:46:16,869] 178106 DEBUG EDITOR_LOGGER: Net updated. (0 ms)
[2025-11-01 13:46:25,636] 186873 DEBUG EDITOR_LOGGER: Edit is dying!
[2025-11-01 13:46:25,637] 186874 DEBUG EDITOR_LOGGER: Net updated. (0 ms)
[2025-11-01 13:46:26,343] 187580 DEBUG EDITOR_LOGGER: Edit is dying!
[2025-11-01 13:46:26,344] 187581 DEBUG EDITOR_LOGGER: Net updated. (0 ms)
[2025-11-01 13:46:26,844] 188081 DEBUG EDITOR_LOGGER: Edit is dying!
[2025-11-01 13:46:26,846] 188083 DEBUG EDITOR_LOGGER: Net updated. (1 ms)
[2025-11-01 13:46:26,884] 188121 DEBUG EDITOR_LOGGER: Edit is dying!
[2025-11-01 13:46:26,885] 188122 DEBUG EDITOR_LOGGER: Net updated. (0 ms)
[2025-11-01 13:46:26,919] 188156 DEBUG EDITOR_LOGGER: Edit is dying!
[2025-11-01 13:46:26,920] 188157 DEBUG EDITOR_LOGGER: Net updated. (0 ms)
[2025-11-01 13:46:26,956] 188193 DEBUG EDITOR_LOGGER: Edit is dying!
[2025-11-01 13:46:26,957] 188194 DEBUG EDITOR_LOGGER: Net updated. (1 ms)
[2025-11-01 13:46:27,229] 188466 DEBUG EDITOR_LOGGER: Edit is dying!
[2025-11-01 13:46:27,231] 188468 DEBUG EDITOR_LOGGER: Net updated. (1 ms)
[2025-11-01 13:46:27,437] 188674 DEBUG EDITOR_LOGGER: Edit is dying!
[2025-11-01 13:46:27,439] 188676 DEBUG EDITOR_LOGGER: Net updated. (1 ms)
[2025-11-01 13:46:27,633] 188870 DEBUG EDITOR_LOGGER: Edit is dying!
[2025-11-01 13:46:27,634] 188871 DEBUG EDITOR_LOGGER: Net updated. (1 ms)
[2025-11-01 13:46:28,103] 189340 DEBUG EDITOR_LOGGER: Edit is dying!
[2025-11-01 13:46:28,104] 189341 DEBUG EDITOR_LOGGER: Net updated. (0 ms)
[2025-11-01 13:46:31,376] 192613 DEBUG EDITOR_LOGGER: Edit is dying!
[2025-11-01 13:46:31,376] 192613 DEBUG EDITOR_LOGGER: Net updated. (0 ms)
[2025-11-01 13:46:31,876] 193113 DEBUG EDITOR_LOGGER: Edit is dying!
[2025-11-01 13:46:31,877] 193114 DEBUG EDITOR_LOGGER: Net updated. (0 ms)
[2025-11-01 13:46:31,938] 193175 DEBUG EDITOR_LOGGER: Edit is dying!
[2025-11-01 13:46:31,942] 193179 DEBUG EDITOR_LOGGER: Net updated. (3 ms)
[2025-11-01 13:46:31,978] 193215 DEBUG EDITOR_LOGGER: Edit is dying!
[2025-11-01 13:46:31,981] 193218 DEBUG EDITOR_LOGGER: Net updated. (1 ms)
[2025-11-01 13:46:32,015] 193252 DEBUG EDITOR_LOGGER: Edit is dying!
[2025-11-01 13:46:32,016] 193253 DEBUG EDITOR_LOGGER: Net updated. (0 ms)
[2025-11-01 13:46:32,050] 193287 DEBUG EDITOR_LOGGER: Edit is dying!
[2025-11-01 13:46:32,052] 193289 DEBUG EDITOR_LOGGER: Net updated. (1 ms)
[2025-11-01 13:46:32,086] 193323 DEBUG EDITOR_LOGGER: Edit is dying!
[2025-11-01 13:46:32,088] 193325 DEBUG EDITOR_LOGGER: Net updated. (1 ms)
[2025-11-01 13:46:32,120] 193357 DEBUG EDITOR_LOGGER: Edit is dying!
[2025-11-01 13:46:32,122] 193359 DEBUG EDITOR_LOGGER: Net updated. (1 ms)
[2025-11-01 13:46:40,749] 201986 DEBUG EDITOR_LOGGER: Edit is dying!
[2025-11-01 13:46:40,751] 201988 DEBUG EDITOR_LOGGER: Net updated. (1 ms)
[2025-11-01 13:46:40,936] 202173 DEBUG EDITOR_LOGGER: Edit is dying!
[2025-11-01 13:46:40,938] 202175 DEBUG EDITOR_LOGGER: Net updated. (1 ms)
[2025-11-01 13:46:41,218] 202455 DEBUG EDITOR_LOGGER: Edit is dying!
[2025-11-01 13:46:41,220] 202457 DEBUG EDITOR_LOGGER: Net updated. (1 ms)
[2025-11-01 13:46:41,647] 202884 DEBUG EDITOR_LOGGER: Edit is dying!
[2025-11-01 13:46:41,648] 202885 DEBUG EDITOR_LOGGER: Net updated. (0 ms)
[2025-11-01 13:46:41,867] 203104 DEBUG EDITOR_LOGGER: Edit is dying!
[2025-11-01 13:46:41,868] 203105 DEBUG EDITOR_LOGGER: Net updated. (0 ms)
[2025-11-01 13:46:42,068] 203305 DEBUG EDITOR_LOGGER: Edit is dying!
[2025-11-01 13:46:42,069] 203306 DEBUG EDITOR_LOGGER: Net updated. (1 ms)
[2025-11-01 13:46:42,799] 204036 DEBUG EDITOR_LOGGER: Edit is dying!
[2025-11-01 13:46:42,800] 204037 DEBUG EDITOR_LOGGER: Net updated. (1 ms)
[2025-11-01 13:46:44,465] 205702 DEBUG EDITOR_LOGGER: Edit is dying!
[2025-11-01 13:46:44,466] 205703 DEBUG EDITOR_LOGGER: Net updated. (0 ms)
[2025-11-01 13:46:44,762] 205999 DEBUG EDITOR_LOGGER: Edit is dying!
[2025-11-01 13:46:44,763] 206000 DEBUG EDITOR_LOGGER: Net updated. (0 ms)
[2025-11-01 13:46:45,215] 206452 DEBUG EDITOR_LOGGER: Edit is dying!
[2025-11-01 13:46:45,216] 206453 DEBUG EDITOR_LOGGER: Net updated. (0 ms)
[2025-11-01 13:46:46,859] 208096 DEBUG EDITOR_LOGGER: Edit is dying!
[2025-11-01 13:46:46,860] 208097 DEBUG EDITOR_LOGGER: Net updated. (0 ms)
[2025-11-01 13:46:47,805] 209042 DEBUG EDITOR_LOGGER: Edit is dying!
[2025-11-01 13:46:47,806] 209043 DEBUG EDITOR_LOGGER: Net updated. (0 ms)
[2025-11-01 13:46:48,254] 209491 DEBUG EDITOR_LOGGER: Edit is dying!
[2025-11-01 13:46:48,255] 209492 DEBUG EDITOR_LOGGER: Net updated. (0 ms)
[2025-11-01 13:46:55,742] 216979 DEBUG EDITOR_LOGGER: Edit is dying!
[2025-11-01 13:46:55,746] 216983 DEBUG EDITOR_LOGGER: Net updated. (1 ms)
[2025-11-01 13:46:55,919] 217156 DEBUG EDITOR_LOGGER: Edit is dying!
[2025-11-01 13:46:55,921] 217158 DEBUG EDITOR_LOGGER: Net updated. (0 ms)
[2025-11-01 13:46:56,100] 217337 DEBUG EDITOR_LOGGER: Edit is dying!
[2025-11-01 13:46:56,102] 217339 DEBUG EDITOR_LOGGER: Net updated. (1 ms)
[2025-11-01 13:46:56,285] 217522 DEBUG EDITOR_LOGGER: Edit is dying!
[2025-11-01 13:46:56,287] 217524 DEBUG EDITOR_LOGGER: Net updated. (1 ms)
[2025-11-01 13:46:56,486] 217723 DEBUG EDITOR_LOGGER: Edit is dying!
[2025-11-01 13:46:56,488] 217725 DEBUG EDITOR_LOGGER: Net updated. (1 ms)
[2025-11-01 13:46:57,150] 218387 DEBUG EDITOR_LOGGER: Edit is dying!
[2025-11-01 13:46:57,151] 218388 DEBUG EDITOR_LOGGER: Net updated. (0 ms)
[2025-11-01 13:47:09,308] 230545 DEBUG EDITOR_LOGGER: Edit is dying!
[2025-11-01 13:47:14,548] 235785 DEBUG EDITOR_LOGGER: Edit is dying!
[2025-11-01 13:47:19,612] 240849 DEBUG EDITOR_LOGGER: Edit is dying!
[2025-11-01 13:47:28,292] 249529 DEBUG EDITOR_LOGGER: Edit is dying!
[2025-11-01 13:47:56,360] 277597 DEBUG EDITOR_LOGGER: Edit is dying!
[2025-11-01 13:47:56,362] 277599 DEBUG EDITOR_LOGGER: Net updated. (1 ms)
[2025-11-01 13:47:56,590] 277827 DEBUG EDITOR_LOGGER: Edit is dying!
[2025-11-01 13:47:56,592] 277829 DEBUG EDITOR_LOGGER: Net updated. (1 ms)
[2025-11-01 13:47:56,838] 278075 DEBUG EDITOR_LOGGER: Edit is dying!
[2025-11-01 13:47:56,839] 278076 DEBUG EDITOR_LOGGER: Net updated. (0 ms)
[2025-11-01 13:47:57,083] 278320 DEBUG EDITOR_LOGGER: Edit is dying!
[2025-11-01 13:47:57,085] 278322 DEBUG EDITOR_LOGGER: Net updated. (0 ms)
[2025-11-01 13:47:59,262] 280499 DEBUG EDITOR_LOGGER: Edit is dying!
[2025-11-01 13:47:59,263] 280500 DEBUG EDITOR_LOGGER: Net updated. (0 ms)
[2025-11-01 13:47:59,449] 280686 DEBUG EDITOR_LOGGER: Edit is dying!
[2025-11-01 13:47:59,450] 280687 DEBUG EDITOR_LOGGER: Net updated. (0 ms)
[2025-11-01 13:47:59,631] 280868 DEBUG EDITOR_LOGGER: Edit is dying!
[2025-11-01 13:47:59,636] 280873 DEBUG EDITOR_LOGGER: Net updated. (1 ms)
[2025-11-01 13:47:59,841] 281078 DEBUG EDITOR_LOGGER: Edit is dying!
[2025-11-01 13:47:59,843] 281080 DEBUG EDITOR_LOGGER: Net updated. (0 ms)
[2025-11-01 13:48:28,888] 310125 DEBUG EDITOR_LOGGER: Edit is dying!
[2025-11-01 13:48:28,890] 310127 DEBUG EDITOR_LOGGER: Net updated. (1 ms)
[2025-11-01 13:48:30,568] 311805 DEBUG EDITOR_LOGGER: Edit is dying!
[2025-11-01 13:48:30,569] 311806 DEBUG EDITOR_LOGGER: Net updated. (0 ms)
[2025-11-01 13:48:31,544] 312781 DEBUG EDITOR_LOGGER: Edit is dying!
[2025-11-01 13:48:31,545] 312782 DEBUG EDITOR_LOGGER: Net updated. (0 ms)
[2025-11-01 13:48:32,683] 313920 DEBUG EDITOR_LOGGER: Edit is dying!
[2025-11-01 13:48:32,685] 313922 DEBUG EDITOR_LOGGER: Net updated. (1 ms)
[2025-11-01 13:50:47,027] 448264 DEBUG FILE_LOGGER: ##### START PNML EXPORT #####
[2025-11-01 13:50:47,039] 448276 DEBUG FILE_LOGGER:    ... Place (ID:p1) set
[2025-11-01 13:50:47,044] 448281 DEBUG FILE_LOGGER:    ... Transition (ID:t5) set
[2025-11-01 13:50:47,045] 448282 DEBUG FILE_LOGGER:    ... Place (ID:p2) set
[2025-11-01 13:50:47,045] 448282 DEBUG FILE_LOGGER:    ... Transition (ID:t6) set
[2025-11-01 13:50:47,045] 448282 DEBUG FILE_LOGGER:    ... Place (ID:p3) set
[2025-11-01 13:50:47,045] 448282 DEBUG FILE_LOGGER:    ... Place (ID:p4) set
[2025-11-01 13:50:47,045] 448282 DEBUG FILE_LOGGER:    ... Place (ID:p5) set
[2025-11-01 13:50:47,046] 448283 DEBUG FILE_LOGGER:    ... Transition (ID:t1) set
[2025-11-01 13:50:47,046] 448283 DEBUG FILE_LOGGER:    ... Transition (ID:t2) set
[2025-11-01 13:50:47,046] 448283 DEBUG FILE_LOGGER:    ... Transition (ID:t3) set
[2025-11-01 13:50:47,047] 448284 DEBUG FILE_LOGGER:    ... Arc (ID:a21( p3 -> t2) set
[2025-11-01 13:50:47,047] 448284 DEBUG FILE_LOGGER: ... Arc label position: X = 500.0 / Y = 12.0
[2025-11-01 13:50:47,047] 448284 DEBUG FILE_LOGGER:    ... Arc (ID:a13( t5 -> p5) set
[2025-11-01 13:50:47,048] 448285 DEBUG FILE_LOGGER: ... Arc label position: X = 500.0 / Y = 12.0
[2025-11-01 13:50:47,048] 448285 DEBUG FILE_LOGGER:    ... Arc (ID:a12( p4 -> t5) set
[2025-11-01 13:50:47,048] 448285 DEBUG FILE_LOGGER: ... Arc label position: X = 500.0 / Y = 12.0
[2025-11-01 13:50:47,048] 448285 DEBUG FILE_LOGGER:    ... Arc (ID:a15( t6 -> p4) set
[2025-11-01 13:50:47,048] 448285 DEBUG FILE_LOGGER: ... Arc label position: X = 500.0 / Y = 12.0
[2025-11-01 13:50:47,048] 448285 DEBUG FILE_LOGGER:    ... Arc (ID:a14( p5 -> t6) set
[2025-11-01 13:50:47,049] 448286 DEBUG FILE_LOGGER: ... Arc label position: X = 500.0 / Y = 12.0
[2025-11-01 13:50:47,049] 448286 DEBUG FILE_LOGGER:    ... Arc (ID:a17( t3 -> p3) set
[2025-11-01 13:50:47,049] 448286 DEBUG FILE_LOGGER: ... Arc label position: X = 500.0 / Y = 12.0
[2025-11-01 13:50:47,049] 448286 DEBUG FILE_LOGGER:    ... Arc (ID:a16( p2 -> t3) set
[2025-11-01 13:50:47,049] 448286 DEBUG FILE_LOGGER: ... Arc label position: X = 500.0 / Y = 12.0
[2025-11-01 13:50:47,049] 448286 DEBUG FILE_LOGGER:    ... Arc (ID:a19( p5 -> t3) set
[2025-11-01 13:50:47,049] 448286 DEBUG FILE_LOGGER: ... Arc label position: X = 500.0 / Y = 12.0
[2025-11-01 13:50:47,050] 448287 DEBUG FILE_LOGGER:    ... Arc (ID:a1( p1 -> t1) set
[2025-11-01 13:50:47,050] 448287 DEBUG FILE_LOGGER: ... Arc label position: X = 500.0 / Y = 12.0
[2025-11-01 13:50:47,050] 448287 DEBUG FILE_LOGGER:    ... Arc (ID:a2( t1 -> p2) set
[2025-11-01 13:50:47,050] 448287 DEBUG FILE_LOGGER: ... Arc label position: X = 500.0 / Y = 12.0
[2025-11-01 13:50:47,050] 448287 DEBUG FILE_LOGGER:    ... Arc (ID:a4( t2 -> p1) set
[2025-11-01 13:50:47,050] 448287 DEBUG FILE_LOGGER: ... Arc label position: X = 500.0 / Y = 12.0
[2025-11-01 13:50:47,050] 448287 DEBUG FILE_LOGGER:    ... Arc (ID:a5( p4 -> t1) set
[2025-11-01 13:50:47,051] 448288 DEBUG FILE_LOGGER: ... Arc label position: X = 500.0 / Y = 12.0
[2025-11-01 13:50:47,051] 448288 DEBUG FILE_LOGGER:    ... Arc (ID:a6( t1 -> p4) set
[2025-11-01 13:50:47,051] 448288 DEBUG FILE_LOGGER: ... Arc label position: X = 500.0 / Y = 12.0
[2025-11-01 13:50:47,051] 448288 DEBUG FILE_LOGGER:    ... Arc (ID:a20( t3 -> p5) set
[2025-11-01 13:50:47,051] 448288 DEBUG FILE_LOGGER: ... Arc label position: X = 500.0 / Y = 12.0
[2025-11-01 13:50:47,066] 448303 DEBUG FILE_LOGGER: ##### END PNML EXPORT ##### (39 ms)
[2025-11-01 13:50:47,066] 448303  INFO FILE_LOGGER: Petrinet saved in file: D:\BPA Series\SupplementsOnGithub\bpa\Short 10 Extractor fan\fanBath.pnml
[2025-11-01 13:50:47,067] 448304  INFO CONFIG_LOGGER: Setting current working directory: null
[2025-11-01 13:50:53,113] 454350 DEBUG EDITOR_LOGGER: Net updated. (0 ms)
[2025-11-01 13:50:53,119] 454356 DEBUG QUALANALYSIS_LOGGER: Calculating flow from 'p4' to 't1'
[2025-11-01 13:50:53,119] 454356 DEBUG QUALANALYSIS_LOGGER: Resulting flow = 2
[2025-11-01 13:50:53,119] 454356 DEBUG QUALANALYSIS_LOGGER: Calculating flow from 'p4' to 't3'
[2025-11-01 13:50:53,119] 454356 DEBUG QUALANALYSIS_LOGGER: Resulting flow = 2
[2025-11-01 13:50:53,119] 454356 DEBUG QUALANALYSIS_LOGGER: Calculating flow from 'p5' to 't1'
[2025-11-01 13:50:53,119] 454356 DEBUG QUALANALYSIS_LOGGER: Resulting flow = 2
[2025-11-01 13:50:53,120] 454357 DEBUG QUALANALYSIS_LOGGER: Calculating flow from 'p5' to 't3'
[2025-11-01 13:50:53,120] 454357 DEBUG QUALANALYSIS_LOGGER: Resulting flow = 2
[2025-11-01 13:50:53,120] 454357 DEBUG QUALANALYSIS_LOGGER: PT Handle Pairs calculated. (556 ms)
[2025-11-01 13:50:53,120] 454357 DEBUG QUALANALYSIS_LOGGER: Calculating flow from 't1' to 'p4'
[2025-11-01 13:50:53,120] 454357 DEBUG QUALANALYSIS_LOGGER: Resulting flow = 2
[2025-11-01 13:50:53,120] 454357 DEBUG QUALANALYSIS_LOGGER: Calculating flow from 't1' to 'p5'
[2025-11-01 13:50:53,120] 454357 DEBUG QUALANALYSIS_LOGGER: Resulting flow = 2
[2025-11-01 13:50:53,120] 454357 DEBUG QUALANALYSIS_LOGGER: Calculating flow from 't3' to 'p4'
[2025-11-01 13:50:53,120] 454357 DEBUG QUALANALYSIS_LOGGER: Resulting flow = 2
[2025-11-01 13:50:53,120] 454357 DEBUG QUALANALYSIS_LOGGER: Calculating flow from 't3' to 'p5'
[2025-11-01 13:50:53,120] 454357 DEBUG QUALANALYSIS_LOGGER: Resulting flow = 2
[2025-11-01 13:50:53,120] 454357 DEBUG QUALANALYSIS_LOGGER: TP Handle Pairs calculated. (321 ms)
[2025-11-01 13:50:53,128] 454365  INFO FILE_LOGGER: Local WoPeD analysis started.
[2025-11-01 13:52:25,504] 546741 DEBUG QUALANALYSIS_LOGGER: -> processViewEvent org.woped.qualanalysis.coverabilitygraph.gui.CoverabilityGraphEventProcessor
[2025-11-01 13:52:25,506] 546743 DEBUG EDITOR_LOGGER: Net updated. (1 ms)
[2025-11-01 13:52:25,506] 546743 DEBUG QUALANALYSIS_LOGGER: -> init() org.woped.qualanalysis.coverabilitygraph.gui.CoverabilityGraphVC
[2025-11-01 13:52:25,525] 546762 DEBUG QUALANALYSIS_LOGGER: <- init() org.woped.qualanalysis.coverabilitygraph.gui.CoverabilityGraphVC
[2025-11-01 13:52:25,532] 546769 DEBUG EDITOR_LOGGER: Edit is dying!
[2025-11-01 13:52:25,539] 546776 DEBUG QUALANALYSIS_LOGGER: -> processViewEvent org.woped.qualanalysis.coverabilitygraph.gui.CoverabilityGraphEventProcessor
[2025-11-01 13:52:25,539] 546776 DEBUG QUALANALYSIS_LOGGER: <- processViewEvent org.woped.qualanalysis.coverabilitygraph.gui.CoverabilityGraphEventProcessor
[2025-11-01 13:52:25,542] 546779 DEBUG EDITOR_LOGGER: Edit is dying!
[2025-11-01 13:52:25,548] 546785 DEBUG EDITOR_LOGGER: Edit is dying!
[2025-11-01 13:52:25,554] 546791 DEBUG QUALANALYSIS_LOGGER: -> processViewEvent org.woped.qualanalysis.coverabilitygraph.gui.CoverabilityGraphEventProcessor
[2025-11-01 13:52:25,554] 546791 DEBUG QUALANALYSIS_LOGGER: <- processViewEvent org.woped.qualanalysis.coverabilitygraph.gui.CoverabilityGraphEventProcessor
[2025-11-01 13:52:25,559] 546796 DEBUG QUALANALYSIS_LOGGER: -> processViewEvent org.woped.qualanalysis.coverabilitygraph.gui.CoverabilityGraphEventProcessor
[2025-11-01 13:52:25,559] 546796 DEBUG QUALANALYSIS_LOGGER: <- processViewEvent org.woped.qualanalysis.coverabilitygraph.gui.CoverabilityGraphEventProcessor
[2025-11-01 13:52:25,563] 546800 DEBUG QUALANALYSIS_LOGGER: <- processViewEvent org.woped.qualanalysis.coverabilitygraph.gui.CoverabilityGraphEventProcessor
[2025-11-01 13:52:49,619] 570856 DEBUG EDITOR_LOGGER: Edit is dying!
[2025-11-01 13:52:49,621] 570858 DEBUG EDITOR_LOGGER: Edit is dying!
[2025-11-01 13:53:02,376] 583613 DEBUG EDITOR_LOGGER: Edit is dying!
[2025-11-01 13:53:02,378] 583615 DEBUG EDITOR_LOGGER: Edit is dying!
[2025-11-01 13:53:11,464] 592701 DEBUG EDITOR_LOGGER: Edit is dying!
[2025-11-01 13:53:11,466] 592703 DEBUG EDITOR_LOGGER: Edit is dying!
[2025-11-01 13:53:11,833] 593070 DEBUG EDITOR_LOGGER: Edit is dying!
[2025-11-01 13:53:11,836] 593073 DEBUG EDITOR_LOGGER: Edit is dying!
[2025-11-01 13:53:17,336] 598573 DEBUG QUALANALYSIS_LOGGER: -> processViewEvent org.woped.qualanalysis.coverabilitygraph.gui.CoverabilityGraphEventProcessor
[2025-11-01 13:53:17,341] 598578 DEBUG QUALANALYSIS_LOGGER: <- processViewEvent org.woped.qualanalysis.coverabilitygraph.gui.CoverabilityGraphEventProcessor
[2025-11-01 13:53:21,511] 602748 DEBUG QUALANALYSIS_LOGGER: -> processViewEvent org.woped.qualanalysis.coverabilitygraph.gui.CoverabilityGraphEventProcessor
[2025-11-01 13:53:21,517] 602754 DEBUG QUALANALYSIS_LOGGER: <- processViewEvent org.woped.qualanalysis.coverabilitygraph.gui.CoverabilityGraphEventProcessor
[2025-11-01 13:53:23,736] 604973 DEBUG QUALANALYSIS_LOGGER: -> processViewEvent org.woped.qualanalysis.coverabilitygraph.gui.CoverabilityGraphEventProcessor
[2025-11-01 13:53:23,741] 604978 DEBUG QUALANALYSIS_LOGGER: <- processViewEvent org.woped.qualanalysis.coverabilitygraph.gui.CoverabilityGraphEventProcessor
[2025-11-01 13:53:25,984] 607221 DEBUG QUALANALYSIS_LOGGER: -> processViewEvent org.woped.qualanalysis.coverabilitygraph.gui.CoverabilityGraphEventProcessor
[2025-11-01 13:53:25,989] 607226 DEBUG QUALANALYSIS_LOGGER: <- processViewEvent org.woped.qualanalysis.coverabilitygraph.gui.CoverabilityGraphEventProcessor
[2025-11-01 13:53:37,136] 618373 DEBUG QUALANALYSIS_LOGGER: -> processViewEvent org.woped.qualanalysis.coverabilitygraph.gui.CoverabilityGraphEventProcessor
[2025-11-01 13:53:37,136] 618373 DEBUG QUALANALYSIS_LOGGER: <- processViewEvent org.woped.qualanalysis.coverabilitygraph.gui.CoverabilityGraphEventProcessor
[2025-11-01 13:53:37,141] 618378 DEBUG EDITOR_LOGGER: Edit is dying!
[2025-11-01 13:53:37,143] 618380 DEBUG QUALANALYSIS_LOGGER: -> processViewEvent org.woped.qualanalysis.coverabilitygraph.gui.CoverabilityGraphEventProcessor
[2025-11-01 13:53:37,143] 618380 DEBUG QUALANALYSIS_LOGGER: <- processViewEvent org.woped.qualanalysis.coverabilitygraph.gui.CoverabilityGraphEventProcessor
[2025-11-01 13:53:37,144] 618381 DEBUG EDITOR_LOGGER: Edit is dying!
[2025-11-01 13:53:37,147] 618384 DEBUG QUALANALYSIS_LOGGER: -> processViewEvent org.woped.qualanalysis.coverabilitygraph.gui.CoverabilityGraphEventProcessor
[2025-11-01 13:53:37,147] 618384 DEBUG QUALANALYSIS_LOGGER: <- processViewEvent org.woped.qualanalysis.coverabilitygraph.gui.CoverabilityGraphEventProcessor
[2025-11-01 13:53:37,152] 618389 DEBUG QUALANALYSIS_LOGGER: -> processViewEvent org.woped.qualanalysis.coverabilitygraph.gui.CoverabilityGraphEventProcessor
[2025-11-01 13:53:37,152] 618389 DEBUG QUALANALYSIS_LOGGER: <- processViewEvent org.woped.qualanalysis.coverabilitygraph.gui.CoverabilityGraphEventProcessor
[2025-11-01 13:53:37,154] 618391 DEBUG EDITOR_LOGGER: Edit is dying!
[2025-11-01 13:53:37,157] 618394 DEBUG EDITOR_LOGGER: Edit is dying!
[2025-11-01 13:53:37,159] 618396 DEBUG EDITOR_LOGGER: Edit is dying!
[2025-11-01 13:53:40,368] 621605 DEBUG EDITOR_LOGGER: START TokenGame
[2025-11-01 13:53:40,368] 621605 DEBUG EDITOR_LOGGER: Edit is dying!
[2025-11-01 13:53:40,372] 621609 DEBUG QUALANALYSIS_LOGGER: TokenGame: CHECK NET
[2025-11-01 13:53:40,373] 621610 DEBUG QUALANALYSIS_LOGGER:            ... DONE (0 ms)
[2025-11-01 13:53:43,296] 624533 DEBUG QUALANALYSIS_LOGGER: TokenGame: CHECK NET
[2025-11-01 13:53:43,298] 624535 DEBUG QUALANALYSIS_LOGGER:            ... DONE (2 ms)
[2025-11-01 13:53:50,055] 631292 DEBUG QUALANALYSIS_LOGGER: TokenGame: CHECK NET
[2025-11-01 13:53:50,058] 631295 DEBUG QUALANALYSIS_LOGGER:            ... DONE (3 ms)
[2025-11-01 13:53:51,488] 632725 DEBUG QUALANALYSIS_LOGGER: TokenGame: CHECK NET
[2025-11-01 13:53:51,490] 632727 DEBUG QUALANALYSIS_LOGGER:            ... DONE (2 ms)
[2025-11-01 13:53:52,392] 633629 DEBUG QUALANALYSIS_LOGGER: TokenGame: CHECK NET
[2025-11-01 13:53:52,394] 633631 DEBUG QUALANALYSIS_LOGGER:            ... DONE (2 ms)
[2025-11-01 13:53:57,496] 638733 DEBUG QUALANALYSIS_LOGGER: TokenGame: CHECK NET
[2025-11-01 13:53:57,498] 638735 DEBUG QUALANALYSIS_LOGGER:            ... DONE (2 ms)
[2025-11-01 13:53:59,904] 641141 DEBUG QUALANALYSIS_LOGGER: TokenGame: CHECK NET
[2025-11-01 13:53:59,905] 641142 DEBUG QUALANALYSIS_LOGGER:            ... DONE (1 ms)
[2025-11-01 13:54:09,520] 650757 DEBUG QUALANALYSIS_LOGGER: TokenGame: CHECK NET
[2025-11-01 13:54:09,521] 650758 DEBUG QUALANALYSIS_LOGGER:            ... DONE (1 ms)
[2025-11-01 13:54:13,120] 654357 DEBUG QUALANALYSIS_LOGGER: TokenGame: CHECK NET
[2025-11-01 13:54:13,122] 654359 DEBUG QUALANALYSIS_LOGGER:            ... DONE (2 ms)
[2025-11-01 13:54:16,424] 657661 DEBUG QUALANALYSIS_LOGGER: TokenGame: CHECK NET
[2025-11-01 13:54:16,426] 657663 DEBUG QUALANALYSIS_LOGGER:            ... DONE (2 ms)
[2025-11-01 13:54:18,040] 659277 DEBUG QUALANALYSIS_LOGGER: TokenGame: CHECK NET
[2025-11-01 13:54:18,042] 659279 DEBUG QUALANALYSIS_LOGGER:            ... DONE (2 ms)
[2025-11-01 13:55:02,152] 703389 DEBUG QUALANALYSIS_LOGGER: TokenGame: CHECK NET
[2025-11-01 13:55:02,155] 703392 DEBUG QUALANALYSIS_LOGGER:            ... DONE (3 ms)
[2025-11-01 13:55:04,695] 705932 DEBUG QUALANALYSIS_LOGGER: TokenGame: CHECK NET
[2025-11-01 13:55:04,698] 705935 DEBUG QUALANALYSIS_LOGGER:            ... DONE (3 ms)
[2025-11-01 13:55:07,608] 708845 DEBUG QUALANALYSIS_LOGGER: TokenGame: CHECK NET
[2025-11-01 13:55:07,610] 708847 DEBUG QUALANALYSIS_LOGGER:            ... DONE (2 ms)
[2025-11-01 13:55:08,719] 709956 DEBUG QUALANALYSIS_LOGGER: TokenGame: CHECK NET
[2025-11-01 13:55:08,721] 709958 DEBUG QUALANALYSIS_LOGGER:            ... DONE (2 ms)
[2025-11-01 13:59:42,143] 983380 DEBUG EDITOR_LOGGER: Edit is dying!
[2025-11-01 13:59:42,145] 983382 DEBUG QUALANALYSIS_LOGGER: TokenGame: CHECK NET
[2025-11-01 13:59:42,146] 983383 DEBUG QUALANALYSIS_LOGGER:            ... DONE (1 ms)
[2025-11-01 13:59:42,146] 983383 DEBUG EDITOR_LOGGER: STOP TokenGame
[2025-11-01 13:59:42,146] 983383 DEBUG EDITOR_LOGGER: Edit is dying!
[2025-11-01 13:59:44,908] 986145 DEBUG FILE_LOGGER: ##### START PNML EXPORT #####
[2025-11-01 13:59:44,909] 986146 DEBUG FILE_LOGGER:    ... Place (ID:p1) set
[2025-11-01 13:59:44,909] 986146 DEBUG FILE_LOGGER:    ... Transition (ID:t5) set
[2025-11-01 13:59:44,909] 986146 DEBUG FILE_LOGGER:    ... Place (ID:p2) set
[2025-11-01 13:59:44,910] 986147 DEBUG FILE_LOGGER:    ... Transition (ID:t6) set
[2025-11-01 13:59:44,910] 986147 DEBUG FILE_LOGGER:    ... Place (ID:p3) set
[2025-11-01 13:59:44,910] 986147 DEBUG FILE_LOGGER:    ... Place (ID:p4) set
[2025-11-01 13:59:44,910] 986147 DEBUG FILE_LOGGER:    ... Place (ID:p5) set
[2025-11-01 13:59:44,910] 986147 DEBUG FILE_LOGGER:    ... Transition (ID:t1) set
[2025-11-01 13:59:44,910] 986147 DEBUG FILE_LOGGER:    ... Transition (ID:t2) set
[2025-11-01 13:59:44,910] 986147 DEBUG FILE_LOGGER:    ... Transition (ID:t3) set
[2025-11-01 13:59:44,910] 986147 DEBUG FILE_LOGGER:    ... Arc (ID:a21( p3 -> t2) set
[2025-11-01 13:59:44,910] 986147 DEBUG FILE_LOGGER: ... Arc label position: X = 500.0 / Y = 12.0
[2025-11-01 13:59:44,910] 986147 DEBUG FILE_LOGGER:    ... Arc (ID:a13( t5 -> p5) set
[2025-11-01 13:59:44,911] 986148 DEBUG FILE_LOGGER: ... Arc label position: X = 500.0 / Y = 12.0
[2025-11-01 13:59:44,911] 986148 DEBUG FILE_LOGGER:    ... Arc (ID:a12( p4 -> t5) set
[2025-11-01 13:59:44,911] 986148 DEBUG FILE_LOGGER: ... Arc label position: X = 500.0 / Y = 12.0
[2025-11-01 13:59:44,911] 986148 DEBUG FILE_LOGGER:    ... Arc (ID:a15( t6 -> p4) set
[2025-11-01 13:59:44,911] 986148 DEBUG FILE_LOGGER: ... Arc label position: X = 500.0 / Y = 12.0
[2025-11-01 13:59:44,911] 986148 DEBUG FILE_LOGGER:    ... Arc (ID:a14( p5 -> t6) set
[2025-11-01 13:59:44,911] 986148 DEBUG FILE_LOGGER: ... Arc label position: X = 500.0 / Y = 12.0
[2025-11-01 13:59:44,911] 986148 DEBUG FILE_LOGGER:    ... Arc (ID:a17( t3 -> p3) set
[2025-11-01 13:59:44,911] 986148 DEBUG FILE_LOGGER: ... Arc label position: X = 500.0 / Y = 12.0
[2025-11-01 13:59:44,912] 986149 DEBUG FILE_LOGGER:    ... Arc (ID:a16( p2 -> t3) set
[2025-11-01 13:59:44,912] 986149 DEBUG FILE_LOGGER: ... Arc label position: X = 500.0 / Y = 12.0
[2025-11-01 13:59:44,912] 986149 DEBUG FILE_LOGGER:    ... Arc (ID:a19( p5 -> t3) set
[2025-11-01 13:59:44,912] 986149 DEBUG FILE_LOGGER: ... Arc label position: X = 500.0 / Y = 12.0
[2025-11-01 13:59:44,912] 986149 DEBUG FILE_LOGGER:    ... Arc (ID:a1( p1 -> t1) set
[2025-11-01 13:59:44,912] 986149 DEBUG FILE_LOGGER: ... Arc label position: X = 500.0 / Y = 12.0
[2025-11-01 13:59:44,912] 986149 DEBUG FILE_LOGGER:    ... Arc (ID:a2( t1 -> p2) set
[2025-11-01 13:59:44,912] 986149 DEBUG FILE_LOGGER: ... Arc label position: X = 500.0 / Y = 12.0
[2025-11-01 13:59:44,912] 986149 DEBUG FILE_LOGGER:    ... Arc (ID:a4( t2 -> p1) set
[2025-11-01 13:59:44,912] 986149 DEBUG FILE_LOGGER: ... Arc label position: X = 500.0 / Y = 12.0
[2025-11-01 13:59:44,913] 986150 DEBUG FILE_LOGGER:    ... Arc (ID:a5( p4 -> t1) set
[2025-11-01 13:59:44,913] 986150 DEBUG FILE_LOGGER: ... Arc label position: X = 500.0 / Y = 12.0
[2025-11-01 13:59:44,913] 986150 DEBUG FILE_LOGGER:    ... Arc (ID:a6( t1 -> p4) set
[2025-11-01 13:59:44,913] 986150 DEBUG FILE_LOGGER: ... Arc label position: X = 500.0 / Y = 12.0
[2025-11-01 13:59:44,913] 986150 DEBUG FILE_LOGGER:    ... Arc (ID:a20( t3 -> p5) set
[2025-11-01 13:59:44,913] 986150 DEBUG FILE_LOGGER: ... Arc label position: X = 500.0 / Y = 12.0
[2025-11-01 13:59:44,916] 986153 DEBUG FILE_LOGGER: ##### END PNML EXPORT ##### (8 ms)
[2025-11-01 13:59:44,917] 986154  INFO FILE_LOGGER: Petrinet saved in file: D:\BPA Series\SupplementsOnGithub\bpa\Short 10 Extractor fan\fanBath.pnml
[2025-11-01 13:59:44,917] 986154  INFO CONFIG_LOGGER: Setting current working directory: null
[2025-11-01 13:59:44,920] 986157 DEBUG EDITOR_LOGGER: Edit is dying!
[2025-11-01 13:59:44,932] 986169  INFO CONFIG_LOGGER: Configuration successfully saved to: C:\Users\User\.WoPeD-3.9.0\WoPeDconfig.xml
[2025-11-01 13:59:44,932] 986169  INFO GUI_LOGGER: EXIT WoPeD
[2025-11-01 17:37:18,498] 0  INFO GUI_LOGGER: INIT APPLICATION
[2025-11-01 17:37:18,517] 19  INFO CORE_LOGGER: START INIT Application
[2025-11-01 17:37:18,522] 24  INFO CONFIG_LOGGER: Setting default home directory: C:\Users\User\.WoPeD-3.9.0\nets\
[2025-11-01 17:37:18,522] 24  INFO CONFIG_LOGGER: Loading configuration from: C:\Users\User\.WoPeD-3.9.0\WoPeDconfig.xml.
[2025-11-01 17:37:18,677] 179  INFO CONFIG_LOGGER: Setting Locale to en_GB
[2025-11-01 17:37:18,680] 182  INFO CONFIG_LOGGER: Setting home directory: C:\Users\User\.WoPeD-3.9.0\nets\
[2025-11-01 17:37:18,680] 182  INFO CONFIG_LOGGER: Setting current working directory: D:\BPA Series\SupplementsOnGithub\bpa\Short 07 Car radiator fan
[2025-11-01 17:37:18,694] 196  INFO CONFIG_LOGGER: Configuration successfully loaded.
[2025-11-01 17:37:18,702] 204  WARN CONFIG_LOGGER: Configuration file not found: C:\Users\User\.WoPeD-3.9.0\WoPeDmetrics.xml. Using built-in settings.
[2025-11-01 17:37:18,726] 228  INFO CONFIG_LOGGER: Configuration successfully loaded.
[2025-11-01 17:37:18,762] 264  INFO CORE_LOGGER: Look-And-Feel set to com.sun.java.swing.plaf.windows.WindowsLookAndFeel
[2025-11-01 17:37:19,103] 605  INFO GUI_LOGGER: END  INIT Application
[2025-11-01 17:37:19,257] 759 DEBUG QUALANALYSIS_LOGGER: -> init() org.woped.qualanalysis.coverabilitygraph.gui.CoverabilityGraphFrameController
[2025-11-01 17:37:19,263] 765 DEBUG QUALANALYSIS_LOGGER: <- init() org.woped.qualanalysis.coverabilitygraph.gui.CoverabilityGraphFrameController
[2025-11-01 17:37:19,305] 807 DEBUG FILE_LOGGER: ##### START PNML Version (1.3.2) IMPORT #####
[2025-11-01 17:37:19,428] 930 DEBUG QUALANALYSIS_LOGGER: PT Handle Pairs calculated. (0 ms)
[2025-11-01 17:37:19,428] 930 DEBUG QUALANALYSIS_LOGGER: TP Handle Pairs calculated. (7 ms)
[2025-11-01 17:37:19,583] 1085 DEBUG FILE_LOGGER:  ... Place (ID:p1) imported
[2025-11-01 17:37:19,583] 1085 DEBUG FILE_LOGGER:  ... Place (ID:p2) imported
[2025-11-01 17:37:19,583] 1085 DEBUG FILE_LOGGER:  ... Place (ID:p3) imported
[2025-11-01 17:37:19,584] 1086 DEBUG FILE_LOGGER:  ... Place (ID:p4) imported
[2025-11-01 17:37:19,584] 1086 DEBUG FILE_LOGGER:  ... Place (ID:p5) imported
[2025-11-01 17:37:19,588] 1090 DEBUG FILE_LOGGER:  ... Transition (ID:t5) imported 
[2025-11-01 17:37:19,589] 1091 DEBUG FILE_LOGGER:  ... Transition (ID:t6) imported 
[2025-11-01 17:37:19,589] 1091 DEBUG FILE_LOGGER:  ... Transition (ID:t1) imported 
[2025-11-01 17:37:19,589] 1091 DEBUG FILE_LOGGER:  ... Transition (ID:t2) imported 
[2025-11-01 17:37:19,590] 1092 DEBUG FILE_LOGGER:  ... Transition (ID:t3) imported 
[2025-11-01 17:37:19,597] 1099 DEBUG FILE_LOGGER:  ... Arc created: (ID:a21) p3 -> t2 
[2025-11-01 17:37:19,597] 1099 DEBUG FILE_LOGGER:  ... Arc created: (ID:a13) t5 -> p5 
[2025-11-01 17:37:19,597] 1099 DEBUG FILE_LOGGER:  ... Arc created: (ID:a12) p4 -> t5 
[2025-11-01 17:37:19,598] 1100 DEBUG FILE_LOGGER:  ... Arc created: (ID:a15) t6 -> p4 
[2025-11-01 17:37:19,598] 1100 DEBUG FILE_LOGGER:  ... Arc created: (ID:a14) p5 -> t6 
[2025-11-01 17:37:19,598] 1100 DEBUG FILE_LOGGER:  ... Arc created: (ID:a17) t3 -> p3 
[2025-11-01 17:37:19,598] 1100 DEBUG FILE_LOGGER:  ... Arc created: (ID:a16) p2 -> t3 
[2025-11-01 17:37:19,599] 1101 DEBUG FILE_LOGGER:  ... Arc created: (ID:a19) p5 -> t3 
[2025-11-01 17:37:19,599] 1101 DEBUG FILE_LOGGER:  ... Arc created: (ID:a1) p1 -> t1 
[2025-11-01 17:37:19,599] 1101 DEBUG FILE_LOGGER:  ... Arc created: (ID:a2) t1 -> p2 
[2025-11-01 17:37:19,599] 1101 DEBUG FILE_LOGGER:  ... Arc created: (ID:a4) t2 -> p1 
[2025-11-01 17:37:19,600] 1102 DEBUG FILE_LOGGER:  ... Arc created: (ID:a5) p4 -> t1 
[2025-11-01 17:37:19,600] 1102 DEBUG FILE_LOGGER:  ... Arc created: (ID:a6) t1 -> p4 
[2025-11-01 17:37:19,600] 1102 DEBUG FILE_LOGGER:  ... Arc created: (ID:a20) t3 -> p5 
[2025-11-01 17:37:19,658] 1160 DEBUG EDITOR_LOGGER: Net updated. (5 ms)
[2025-11-01 17:37:19,663] 1165 DEBUG EDITOR_LOGGER: Net updated. (4 ms)
[2025-11-01 17:37:19,663] 1165 DEBUG FILE_LOGGER: ##### END PNML IMPORT Version (1.3.2) ##### (358 ms)
[2025-11-01 17:37:19,664] 1166  INFO CONFIG_LOGGER: Setting current working directory: D:\BPA Series\SupplementsOnGithub\bpa\Short 10 Extractor fan
[2025-11-01 17:37:19,665] 1167  INFO FILE_LOGGER: Petrinet loaded from file: D:\BPA Series\SupplementsOnGithub\bpa\Short 10 Extractor fan\fanBath.pnml
[2025-11-01 17:37:24,852] 6354 DEBUG EDITOR_LOGGER: Net updated. (3 ms)
[2025-11-01 17:37:24,859] 6361 DEBUG QUALANALYSIS_LOGGER: Calculating flow from 'p5' to 't3'
[2025-11-01 17:37:24,860] 6362 DEBUG QUALANALYSIS_LOGGER: Resulting flow = 2
[2025-11-01 17:37:24,860] 6362 DEBUG QUALANALYSIS_LOGGER: Calculating flow from 'p5' to 't1'
[2025-11-01 17:37:24,860] 6362 DEBUG QUALANALYSIS_LOGGER: Resulting flow = 2
[2025-11-01 17:37:24,860] 6362 DEBUG QUALANALYSIS_LOGGER: Calculating flow from 'p4' to 't3'
[2025-11-01 17:37:24,860] 6362 DEBUG QUALANALYSIS_LOGGER: Resulting flow = 2
[2025-11-01 17:37:24,860] 6362 DEBUG QUALANALYSIS_LOGGER: Calculating flow from 'p4' to 't1'
[2025-11-01 17:37:24,860] 6362 DEBUG QUALANALYSIS_LOGGER: Resulting flow = 2
[2025-11-01 17:37:24,860] 6362 DEBUG QUALANALYSIS_LOGGER: PT Handle Pairs calculated. (970 ms)
[2025-11-01 17:37:24,861] 6363 DEBUG QUALANALYSIS_LOGGER: Calculating flow from 't3' to 'p5'
[2025-11-01 17:37:24,861] 6363 DEBUG QUALANALYSIS_LOGGER: Resulting flow = 2
[2025-11-01 17:37:24,861] 6363 DEBUG QUALANALYSIS_LOGGER: Calculating flow from 't3' to 'p4'
[2025-11-01 17:37:24,861] 6363 DEBUG QUALANALYSIS_LOGGER: Resulting flow = 2
[2025-11-01 17:37:24,861] 6363 DEBUG QUALANALYSIS_LOGGER: Calculating flow from 't1' to 'p5'
[2025-11-01 17:37:24,861] 6363 DEBUG QUALANALYSIS_LOGGER: Resulting flow = 2
[2025-11-01 17:37:24,861] 6363 DEBUG QUALANALYSIS_LOGGER: Calculating flow from 't1' to 'p4'
[2025-11-01 17:37:24,861] 6363 DEBUG QUALANALYSIS_LOGGER: Resulting flow = 2
[2025-11-01 17:37:24,861] 6363 DEBUG QUALANALYSIS_LOGGER: TP Handle Pairs calculated. (424 ms)
[2025-11-01 17:37:24,867] 6369  INFO FILE_LOGGER: Local WoPeD analysis started.
[2025-11-01 17:37:40,200] 21702 DEBUG QUALANALYSIS_LOGGER: -> processViewEvent org.woped.qualanalysis.coverabilitygraph.gui.CoverabilityGraphEventProcessor
[2025-11-01 17:37:40,203] 21705 DEBUG EDITOR_LOGGER: Net updated. (1 ms)
[2025-11-01 17:37:40,203] 21705 DEBUG QUALANALYSIS_LOGGER: -> init() org.woped.qualanalysis.coverabilitygraph.gui.CoverabilityGraphVC
[2025-11-01 17:37:40,220] 21722 DEBUG QUALANALYSIS_LOGGER: <- init() org.woped.qualanalysis.coverabilitygraph.gui.CoverabilityGraphVC
[2025-11-01 17:37:40,232] 21734 DEBUG QUALANALYSIS_LOGGER: -> processViewEvent org.woped.qualanalysis.coverabilitygraph.gui.CoverabilityGraphEventProcessor
[2025-11-01 17:37:40,233] 21735 DEBUG QUALANALYSIS_LOGGER: <- processViewEvent org.woped.qualanalysis.coverabilitygraph.gui.CoverabilityGraphEventProcessor
[2025-11-01 17:37:40,240] 21742 DEBUG QUALANALYSIS_LOGGER: <- processViewEvent org.woped.qualanalysis.coverabilitygraph.gui.CoverabilityGraphEventProcessor
[2025-11-01 17:37:53,115] 34617 DEBUG QUALANALYSIS_LOGGER: -> processViewEvent org.woped.qualanalysis.coverabilitygraph.gui.CoverabilityGraphEventProcessor
[2025-11-01 17:37:53,115] 34617 DEBUG QUALANALYSIS_LOGGER: <- processViewEvent org.woped.qualanalysis.coverabilitygraph.gui.CoverabilityGraphEventProcessor
[2025-11-01 17:37:53,139] 34641  INFO CONFIG_LOGGER: Configuration successfully saved to: C:\Users\User\.WoPeD-3.9.0\WoPeDconfig.xml
[2025-11-01 17:37:53,139] 34641  INFO GUI_LOGGER: EXIT WoPeD
