[2025-07-24 14:33:14,639] 0  INFO GUI_LOGGER: INIT APPLICATION
[2025-07-24 14:33:14,664] 25  INFO CORE_LOGGER: START INIT Application
[2025-07-24 14:33:14,670] 31  INFO CONFIG_LOGGER: Setting default home directory: C:\Users\User\.WoPeD-3.9.0\nets\
[2025-07-24 14:33:14,670] 31  INFO CONFIG_LOGGER: Loading configuration from: C:\Users\User\.WoPeD-3.9.0\WoPeDconfig.xml.
[2025-07-24 14:33:14,826] 187  INFO CONFIG_LOGGER: Setting Locale to en_GB
[2025-07-24 14:33:14,828] 189  INFO CONFIG_LOGGER: Setting home directory: C:\Users\User\.WoPeD-3.9.0\nets\
[2025-07-24 14:33:14,828] 189  INFO CONFIG_LOGGER: Setting current working directory: null
[2025-07-24 14:33:14,829] 190  INFO CONFIG_LOGGER: Setting current working directory: C:\Users\User\.WoPeD-3.9.0\nets\
[2025-07-24 14:33:14,841] 202  INFO CONFIG_LOGGER: Configuration successfully loaded.
[2025-07-24 14:33:14,849] 210  WARN CONFIG_LOGGER: Configuration file not found: C:\Users\User\.WoPeD-3.9.0\WoPeDmetrics.xml. Using built-in settings.
[2025-07-24 14:33:14,868] 229  INFO CONFIG_LOGGER: Configuration successfully loaded.
[2025-07-24 14:33:14,898] 259  INFO CORE_LOGGER: Look-And-Feel set to com.sun.java.swing.plaf.windows.WindowsLookAndFeel
[2025-07-24 14:33:15,217] 578  INFO GUI_LOGGER: END  INIT Application
[2025-07-24 14:33:15,377] 738 DEBUG QUALANALYSIS_LOGGER: -> init() org.woped.qualanalysis.coverabilitygraph.gui.CoverabilityGraphFrameController
[2025-07-24 14:33:15,383] 744 DEBUG QUALANALYSIS_LOGGER: <- init() org.woped.qualanalysis.coverabilitygraph.gui.CoverabilityGraphFrameController
[2025-07-24 14:33:15,432] 793 DEBUG FILE_LOGGER: ##### START PNML Version (1.3.2) IMPORT #####
[2025-07-24 14:33:15,567] 928 DEBUG QUALANALYSIS_LOGGER: PT Handle Pairs calculated. (0 ms)
[2025-07-24 14:33:15,567] 928 DEBUG QUALANALYSIS_LOGGER: TP Handle Pairs calculated. (6 ms)
[2025-07-24 14:33:15,723] 1084 DEBUG FILE_LOGGER:  ... Place (ID:p1) imported
[2025-07-24 14:33:15,725] 1086 DEBUG FILE_LOGGER:  ... Place (ID:p2) imported
[2025-07-24 14:33:15,725] 1086 DEBUG FILE_LOGGER:  ... Place (ID:p3) imported
[2025-07-24 14:33:15,725] 1086 DEBUG FILE_LOGGER:  ... Place (ID:p4) imported
[2025-07-24 14:33:15,725] 1086 DEBUG FILE_LOGGER:  ... Place (ID:p5) imported
[2025-07-24 14:33:15,726] 1087 DEBUG FILE_LOGGER:  ... Place (ID:p6) imported
[2025-07-24 14:33:15,726] 1087 DEBUG FILE_LOGGER:  ... Place (ID:p7) imported
[2025-07-24 14:33:15,726] 1087 DEBUG FILE_LOGGER:  ... Place (ID:p8) imported
[2025-07-24 14:33:15,726] 1087 DEBUG FILE_LOGGER:  ... Place (ID:p9) imported
[2025-07-24 14:33:15,726] 1087 DEBUG FILE_LOGGER:  ... Place (ID:p10) imported
[2025-07-24 14:33:15,727] 1088 DEBUG FILE_LOGGER:  ... Place (ID:p11) imported
[2025-07-24 14:33:15,731] 1092 DEBUG FILE_LOGGER:  ... Transition (ID:t4) imported 
[2025-07-24 14:33:15,731] 1092 DEBUG FILE_LOGGER:  ... Transition (ID:t5) imported 
[2025-07-24 14:33:15,731] 1092 DEBUG FILE_LOGGER:  ... Transition (ID:t6) imported 
[2025-07-24 14:33:15,731] 1092 DEBUG FILE_LOGGER:  ... Transition (ID:t7) imported 
[2025-07-24 14:33:15,732] 1093 DEBUG FILE_LOGGER:  ... Transition (ID:t8) imported 
[2025-07-24 14:33:15,732] 1093 DEBUG FILE_LOGGER:  ... Transition (ID:t9) imported 
[2025-07-24 14:33:15,732] 1093 DEBUG FILE_LOGGER:  ... Transition (ID:t10) imported 
[2025-07-24 14:33:15,732] 1093 DEBUG FILE_LOGGER:  ... Transition (ID:t12) imported 
[2025-07-24 14:33:15,733] 1094 DEBUG FILE_LOGGER:  ... Transition (ID:t11) imported 
[2025-07-24 14:33:15,733] 1094 DEBUG FILE_LOGGER:  ... Transition (ID:t1) imported 
[2025-07-24 14:33:15,733] 1094 DEBUG FILE_LOGGER:  ... Transition (ID:t2) imported 
[2025-07-24 14:33:15,733] 1094 DEBUG FILE_LOGGER:  ... Transition (ID:t3) imported 
[2025-07-24 14:33:15,739] 1100 DEBUG FILE_LOGGER:  ... Arc created: (ID:a11) p4 -> t6 
[2025-07-24 14:33:15,739] 1100 DEBUG FILE_LOGGER:  ... Arc created: (ID:a33) p7 -> t2 
[2025-07-24 14:33:15,740] 1101 DEBUG FILE_LOGGER:  ... Arc created: (ID:a10) t5 -> p4 
[2025-07-24 14:33:15,740] 1101 DEBUG FILE_LOGGER:  ... Arc created: (ID:a32) t2 -> p8 
[2025-07-24 14:33:15,740] 1101 DEBUG FILE_LOGGER:  ... Arc created: (ID:a13) p6 -> t7 
[2025-07-24 14:33:15,741] 1102 DEBUG FILE_LOGGER:  ... Arc created: (ID:a12) t6 -> p3 
[2025-07-24 14:33:15,741] 1102 DEBUG FILE_LOGGER:  ... Arc created: (ID:a34) t2 -> p7 
[2025-07-24 14:33:15,741] 1102 DEBUG FILE_LOGGER:  ... Arc created: (ID:a15) p7 -> t8 
[2025-07-24 14:33:15,741] 1102 DEBUG FILE_LOGGER:  ... Arc created: (ID:a14) t7 -> p7 
[2025-07-24 14:33:15,741] 1102 DEBUG FILE_LOGGER:  ... Arc created: (ID:a17) p8 -> t9 
[2025-07-24 14:33:15,742] 1103 DEBUG FILE_LOGGER:  ... Arc created: (ID:a16) t8 -> p6 
[2025-07-24 14:33:15,742] 1103 DEBUG FILE_LOGGER:  ... Arc created: (ID:a19) p9 -> t10 
[2025-07-24 14:33:15,742] 1103 DEBUG FILE_LOGGER:  ... Arc created: (ID:a18) t9 -> p9 
[2025-07-24 14:33:15,742] 1103 DEBUG FILE_LOGGER:  ... Arc created: (ID:a20) t10 -> p8 
[2025-07-24 14:33:15,742] 1103 DEBUG FILE_LOGGER:  ... Arc created: (ID:a22) t11 -> p11 
[2025-07-24 14:33:15,743] 1104 DEBUG FILE_LOGGER:  ... Arc created: (ID:a21) p10 -> t11 
[2025-07-24 14:33:15,743] 1104 DEBUG FILE_LOGGER:  ... Arc created: (ID:a24) t12 -> p10 
[2025-07-24 14:33:15,743] 1104 DEBUG FILE_LOGGER:  ... Arc created: (ID:a23) p11 -> t12 
[2025-07-24 14:33:15,743] 1104 DEBUG FILE_LOGGER:  ... Arc created: (ID:a28) t2 -> p4 
[2025-07-24 14:33:15,743] 1104 DEBUG FILE_LOGGER:  ... Arc created: (ID:a27) p4 -> t2 
[2025-07-24 14:33:15,744] 1105 DEBUG FILE_LOGGER:  ... Arc created: (ID:a29) p10 -> t2 
[2025-07-24 14:33:15,744] 1105 DEBUG FILE_LOGGER:  ... Arc created: (ID:a1) p1 -> t1 
[2025-07-24 14:33:15,744] 1105 DEBUG FILE_LOGGER:  ... Arc created: (ID:a2) t1 -> p2 
[2025-07-24 14:33:15,744] 1105 DEBUG FILE_LOGGER:  ... Arc created: (ID:a3) p2 -> t2 
[2025-07-24 14:33:15,744] 1105 DEBUG FILE_LOGGER:  ... Arc created: (ID:a4) t2 -> p1 
[2025-07-24 14:33:15,745] 1106 DEBUG FILE_LOGGER:  ... Arc created: (ID:a5) p3 -> t3 
[2025-07-24 14:33:15,745] 1106 DEBUG FILE_LOGGER:  ... Arc created: (ID:a6) t3 -> p4 
[2025-07-24 14:33:15,745] 1106 DEBUG FILE_LOGGER:  ... Arc created: (ID:a7) p4 -> t4 
[2025-07-24 14:33:15,745] 1106 DEBUG FILE_LOGGER:  ... Arc created: (ID:a8) t4 -> p5 
[2025-07-24 14:33:15,745] 1106 DEBUG FILE_LOGGER:  ... Arc created: (ID:a9) p5 -> t5 
[2025-07-24 14:33:15,746] 1107 DEBUG FILE_LOGGER:  ... Arc created: (ID:a31) p8 -> t2 
[2025-07-24 14:33:15,746] 1107 DEBUG FILE_LOGGER:  ... Arc created: (ID:a30) t2 -> p10 
[2025-07-24 14:33:15,843] 1204 DEBUG EDITOR_LOGGER: Net updated. (8 ms)
[2025-07-24 14:33:15,847] 1208 DEBUG EDITOR_LOGGER: Net updated. (3 ms)
[2025-07-24 14:33:15,848] 1209 DEBUG FILE_LOGGER: ##### END PNML IMPORT Version (1.3.2) ##### (416 ms)
[2025-07-24 14:33:15,849] 1210  INFO CONFIG_LOGGER: Setting current working directory: D:\BPA Series\SupplementsOnGithub\bpa\Short 25 Wind farm
[2025-07-24 14:33:15,849] 1210  INFO FILE_LOGGER: Petrinet loaded from file: D:\BPA Series\SupplementsOnGithub\bpa\Short 25 Wind farm\windFarm.pnml
[2025-07-24 14:43:51,122] 636483 DEBUG FILE_LOGGER: ##### START PNML EXPORT #####
[2025-07-24 14:43:51,137] 636498 DEBUG FILE_LOGGER:    ... Transition (ID:t4) set
[2025-07-24 14:43:51,138] 636499 DEBUG FILE_LOGGER:    ... Place (ID:p1) set
[2025-07-24 14:43:51,138] 636499 DEBUG FILE_LOGGER:    ... Transition (ID:t5) set
[2025-07-24 14:43:51,138] 636499 DEBUG FILE_LOGGER:    ... Place (ID:p2) set
[2025-07-24 14:43:51,139] 636500 DEBUG FILE_LOGGER:    ... Transition (ID:t6) set
[2025-07-24 14:43:51,139] 636500 DEBUG FILE_LOGGER:    ... Place (ID:p3) set
[2025-07-24 14:43:51,139] 636500 DEBUG FILE_LOGGER:    ... Transition (ID:t7) set
[2025-07-24 14:43:51,140] 636501 DEBUG FILE_LOGGER:    ... Place (ID:p4) set
[2025-07-24 14:43:51,140] 636501 DEBUG FILE_LOGGER:    ... Transition (ID:t8) set
[2025-07-24 14:43:51,140] 636501 DEBUG FILE_LOGGER:    ... Place (ID:p5) set
[2025-07-24 14:43:51,140] 636501 DEBUG FILE_LOGGER:    ... Transition (ID:t9) set
[2025-07-24 14:43:51,141] 636502 DEBUG FILE_LOGGER:    ... Place (ID:p6) set
[2025-07-24 14:43:51,141] 636502 DEBUG FILE_LOGGER:    ... Place (ID:p7) set
[2025-07-24 14:43:51,141] 636502 DEBUG FILE_LOGGER:    ... Place (ID:p8) set
[2025-07-24 14:43:51,141] 636502 DEBUG FILE_LOGGER:    ... Place (ID:p9) set
[2025-07-24 14:43:51,141] 636502 DEBUG FILE_LOGGER:    ... Place (ID:p10) set
[2025-07-24 14:43:51,141] 636502 DEBUG FILE_LOGGER:    ... Place (ID:p11) set
[2025-07-24 14:43:51,142] 636503 DEBUG FILE_LOGGER:    ... Transition (ID:t10) set
[2025-07-24 14:43:51,142] 636503 DEBUG FILE_LOGGER:    ... Transition (ID:t12) set
[2025-07-24 14:43:51,142] 636503 DEBUG FILE_LOGGER:    ... Transition (ID:t11) set
[2025-07-24 14:43:51,142] 636503 DEBUG FILE_LOGGER:    ... Transition (ID:t1) set
[2025-07-24 14:43:51,142] 636503 DEBUG FILE_LOGGER:    ... Transition (ID:t2) set
[2025-07-24 14:43:51,143] 636504 DEBUG FILE_LOGGER:    ... Transition (ID:t3) set
[2025-07-24 14:43:51,143] 636504 DEBUG FILE_LOGGER:    ... Arc (ID:a11( p4 -> t6) set
[2025-07-24 14:43:51,144] 636505 DEBUG FILE_LOGGER: ... Arc label position: X = 500.0 / Y = 12.0
[2025-07-24 14:43:51,144] 636505 DEBUG FILE_LOGGER:    ... Arc (ID:a33( p7 -> t2) set
[2025-07-24 14:43:51,144] 636505 DEBUG FILE_LOGGER: ... Arc label position: X = 500.0 / Y = 12.0
[2025-07-24 14:43:51,144] 636505 DEBUG FILE_LOGGER:    ... Arc (ID:a10( t5 -> p4) set
[2025-07-24 14:43:51,144] 636505 DEBUG FILE_LOGGER: ... Arc label position: X = 500.0 / Y = 12.0
[2025-07-24 14:43:51,144] 636505 DEBUG FILE_LOGGER:    ... Arc (ID:a32( t2 -> p8) set
[2025-07-24 14:43:51,144] 636505 DEBUG FILE_LOGGER: ... Arc label position: X = 500.0 / Y = 12.0
[2025-07-24 14:43:51,144] 636505 DEBUG FILE_LOGGER:    ... Arc (ID:a13( p6 -> t7) set
[2025-07-24 14:43:51,144] 636505 DEBUG FILE_LOGGER: ... Arc label position: X = 500.0 / Y = 12.0
[2025-07-24 14:43:51,144] 636505 DEBUG FILE_LOGGER:    ... Arc (ID:a12( t6 -> p3) set
[2025-07-24 14:43:51,144] 636505 DEBUG FILE_LOGGER: ... Arc label position: X = 500.0 / Y = 12.0
[2025-07-24 14:43:51,144] 636505 DEBUG FILE_LOGGER:    ... Arc (ID:a34( t2 -> p7) set
[2025-07-24 14:43:51,144] 636505 DEBUG FILE_LOGGER: ... Arc label position: X = 500.0 / Y = 12.0
[2025-07-24 14:43:51,144] 636505 DEBUG FILE_LOGGER:    ... Arc (ID:a15( p7 -> t8) set
[2025-07-24 14:43:51,145] 636506 DEBUG FILE_LOGGER: ... Arc label position: X = 500.0 / Y = 12.0
[2025-07-24 14:43:51,145] 636506 DEBUG FILE_LOGGER:    ... Arc (ID:a14( t7 -> p7) set
[2025-07-24 14:43:51,145] 636506 DEBUG FILE_LOGGER: ... Arc label position: X = 500.0 / Y = 12.0
[2025-07-24 14:43:51,145] 636506 DEBUG FILE_LOGGER:    ... Arc (ID:a17( p8 -> t9) set
[2025-07-24 14:43:51,145] 636506 DEBUG FILE_LOGGER: ... Arc label position: X = 500.0 / Y = 12.0
[2025-07-24 14:43:51,145] 636506 DEBUG FILE_LOGGER:    ... Arc (ID:a16( t8 -> p6) set
[2025-07-24 14:43:51,145] 636506 DEBUG FILE_LOGGER: ... Arc label position: X = 500.0 / Y = 12.0
[2025-07-24 14:43:51,145] 636506 DEBUG FILE_LOGGER:    ... Arc (ID:a19( p9 -> t10) set
[2025-07-24 14:43:51,146] 636507 DEBUG FILE_LOGGER: ... Arc label position: X = 500.0 / Y = 12.0
[2025-07-24 14:43:51,146] 636507 DEBUG FILE_LOGGER:    ... Arc (ID:a18( t9 -> p9) set
[2025-07-24 14:43:51,146] 636507 DEBUG FILE_LOGGER: ... Arc label position: X = 500.0 / Y = 12.0
[2025-07-24 14:43:51,146] 636507 DEBUG FILE_LOGGER:    ... Arc (ID:a20( t10 -> p8) set
[2025-07-24 14:43:51,146] 636507 DEBUG FILE_LOGGER: ... Arc label position: X = 500.0 / Y = 12.0
[2025-07-24 14:43:51,146] 636507 DEBUG FILE_LOGGER:    ... Arc (ID:a22( t11 -> p11) set
[2025-07-24 14:43:51,146] 636507 DEBUG FILE_LOGGER: ... Arc label position: X = 500.0 / Y = 12.0
[2025-07-24 14:43:51,146] 636507 DEBUG FILE_LOGGER:    ... Arc (ID:a21( p10 -> t11) set
[2025-07-24 14:43:51,147] 636508 DEBUG FILE_LOGGER: ... Arc label position: X = 500.0 / Y = 12.0
[2025-07-24 14:43:51,147] 636508 DEBUG FILE_LOGGER:    ... Arc (ID:a24( t12 -> p10) set
[2025-07-24 14:43:51,147] 636508 DEBUG FILE_LOGGER: ... Arc label position: X = 500.0 / Y = 12.0
[2025-07-24 14:43:51,147] 636508 DEBUG FILE_LOGGER:    ... Arc (ID:a23( p11 -> t12) set
[2025-07-24 14:43:51,147] 636508 DEBUG FILE_LOGGER: ... Arc label position: X = 500.0 / Y = 12.0
[2025-07-24 14:43:51,147] 636508 DEBUG FILE_LOGGER:    ... Arc (ID:a28( t2 -> p4) set
[2025-07-24 14:43:51,147] 636508 DEBUG FILE_LOGGER: ... Arc label position: X = 500.0 / Y = 12.0
[2025-07-24 14:43:51,147] 636508 DEBUG FILE_LOGGER:    ... Arc (ID:a27( p4 -> t2) set
[2025-07-24 14:43:51,147] 636508 DEBUG FILE_LOGGER: ... Arc label position: X = 500.0 / Y = 12.0
[2025-07-24 14:43:51,147] 636508 DEBUG FILE_LOGGER:    ... Arc (ID:a29( p10 -> t2) set
[2025-07-24 14:43:51,147] 636508 DEBUG FILE_LOGGER: ... Arc label position: X = 500.0 / Y = 12.0
[2025-07-24 14:43:51,148] 636509 DEBUG FILE_LOGGER:    ... Arc (ID:a1( p1 -> t1) set
[2025-07-24 14:43:51,148] 636509 DEBUG FILE_LOGGER: ... Arc label position: X = 500.0 / Y = 12.0
[2025-07-24 14:43:51,148] 636509 DEBUG FILE_LOGGER:    ... Arc (ID:a2( t1 -> p2) set
[2025-07-24 14:43:51,148] 636509 DEBUG FILE_LOGGER: ... Arc label position: X = 500.0 / Y = 12.0
[2025-07-24 14:43:51,148] 636509 DEBUG FILE_LOGGER:    ... Arc (ID:a3( p2 -> t2) set
[2025-07-24 14:43:51,148] 636509 DEBUG FILE_LOGGER: ... Arc label position: X = 471.0 / Y = 6.0
[2025-07-24 14:43:51,148] 636509 DEBUG FILE_LOGGER:    ... Arc (ID:a4( t2 -> p1) set
[2025-07-24 14:43:51,148] 636509 DEBUG FILE_LOGGER: ... Arc label position: X = 500.0 / Y = 12.0
[2025-07-24 14:43:51,148] 636509 DEBUG FILE_LOGGER:    ... Arc (ID:a5( p3 -> t3) set
[2025-07-24 14:43:51,148] 636509 DEBUG FILE_LOGGER: ... Arc label position: X = 500.0 / Y = 12.0
[2025-07-24 14:43:51,149] 636510 DEBUG FILE_LOGGER:    ... Arc (ID:a6( t3 -> p4) set
[2025-07-24 14:43:51,149] 636510 DEBUG FILE_LOGGER: ... Arc label position: X = 500.0 / Y = 12.0
[2025-07-24 14:43:51,149] 636510 DEBUG FILE_LOGGER:    ... Arc (ID:a7( p4 -> t4) set
[2025-07-24 14:43:51,149] 636510 DEBUG FILE_LOGGER: ... Arc label position: X = 500.0 / Y = 12.0
[2025-07-24 14:43:51,149] 636510 DEBUG FILE_LOGGER:    ... Arc (ID:a8( t4 -> p5) set
[2025-07-24 14:43:51,149] 636510 DEBUG FILE_LOGGER: ... Arc label position: X = 500.0 / Y = 12.0
[2025-07-24 14:43:51,149] 636510 DEBUG FILE_LOGGER:    ... Arc (ID:a9( p5 -> t5) set
[2025-07-24 14:43:51,149] 636510 DEBUG FILE_LOGGER: ... Arc label position: X = 500.0 / Y = 12.0
[2025-07-24 14:43:51,149] 636510 DEBUG FILE_LOGGER:    ... Arc (ID:a31( p8 -> t2) set
[2025-07-24 14:43:51,149] 636510 DEBUG FILE_LOGGER: ... Arc label position: X = 500.0 / Y = 12.0
[2025-07-24 14:43:51,149] 636510 DEBUG FILE_LOGGER:    ... Arc (ID:a30( t2 -> p10) set
[2025-07-24 14:43:51,150] 636511 DEBUG FILE_LOGGER: ... Arc label position: X = 500.0 / Y = 12.0
[2025-07-24 14:43:51,170] 636531 DEBUG FILE_LOGGER: ##### END PNML EXPORT ##### (48 ms)
[2025-07-24 14:43:51,170] 636531  INFO FILE_LOGGER: Petrinet saved in file: D:\BPA Series\SupplementsOnGithub\bpa\Short 25 Wind farm\windFarm.pnml
[2025-07-24 14:43:51,170] 636531  INFO CONFIG_LOGGER: Setting current working directory: null
[2025-07-24 14:43:51,181] 636542  INFO CONFIG_LOGGER: Configuration successfully saved to: C:\Users\User\.WoPeD-3.9.0\WoPeDconfig.xml
[2025-07-24 14:43:51,181] 636542  INFO GUI_LOGGER: EXIT WoPeD
[2025-07-24 15:25:48,605] 0  INFO GUI_LOGGER: INIT APPLICATION
[2025-07-24 15:25:48,629] 24  INFO CORE_LOGGER: START INIT Application
[2025-07-24 15:25:48,636] 31  INFO CONFIG_LOGGER: Setting default home directory: C:\Users\User\.WoPeD-3.9.0\nets\
[2025-07-24 15:25:48,636] 31  INFO CONFIG_LOGGER: Loading configuration from: C:\Users\User\.WoPeD-3.9.0\WoPeDconfig.xml.
[2025-07-24 15:25:48,786] 181  INFO CONFIG_LOGGER: Setting Locale to en_GB
[2025-07-24 15:25:48,789] 184  INFO CONFIG_LOGGER: Setting home directory: C:\Users\User\.WoPeD-3.9.0\nets\
[2025-07-24 15:25:48,790] 185  INFO CONFIG_LOGGER: Setting current working directory: D:\BPA Series\SupplementsOnGithub\bpa\Short 20 Plane gear
[2025-07-24 15:25:48,803] 198  INFO CONFIG_LOGGER: Configuration successfully loaded.
[2025-07-24 15:25:48,812] 207  WARN CONFIG_LOGGER: Configuration file not found: C:\Users\User\.WoPeD-3.9.0\WoPeDmetrics.xml. Using built-in settings.
[2025-07-24 15:25:48,829] 224  INFO CONFIG_LOGGER: Configuration successfully loaded.
[2025-07-24 15:25:48,854] 249  INFO CORE_LOGGER: Look-And-Feel set to com.sun.java.swing.plaf.windows.WindowsLookAndFeel
[2025-07-24 15:25:49,183] 578  INFO GUI_LOGGER: END  INIT Application
[2025-07-24 15:25:49,350] 745 DEBUG QUALANALYSIS_LOGGER: -> init() org.woped.qualanalysis.coverabilitygraph.gui.CoverabilityGraphFrameController
[2025-07-24 15:25:49,356] 751 DEBUG QUALANALYSIS_LOGGER: <- init() org.woped.qualanalysis.coverabilitygraph.gui.CoverabilityGraphFrameController
[2025-07-24 15:25:49,399] 794 DEBUG FILE_LOGGER: ##### START PNML Version (1.3.2) IMPORT #####
[2025-07-24 15:25:49,539] 934 DEBUG QUALANALYSIS_LOGGER: PT Handle Pairs calculated. (0 ms)
[2025-07-24 15:25:49,539] 934 DEBUG QUALANALYSIS_LOGGER: TP Handle Pairs calculated. (5 ms)
[2025-07-24 15:25:49,692] 1087 DEBUG FILE_LOGGER:  ... Place (ID:p1) imported
[2025-07-24 15:25:49,694] 1089 DEBUG FILE_LOGGER:  ... Place (ID:p2) imported
[2025-07-24 15:25:49,694] 1089 DEBUG FILE_LOGGER:  ... Place (ID:p3) imported
[2025-07-24 15:25:49,694] 1089 DEBUG FILE_LOGGER:  ... Place (ID:p4) imported
[2025-07-24 15:25:49,695] 1090 DEBUG FILE_LOGGER:  ... Place (ID:p5) imported
[2025-07-24 15:25:49,695] 1090 DEBUG FILE_LOGGER:  ... Place (ID:p6) imported
[2025-07-24 15:25:49,695] 1090 DEBUG FILE_LOGGER:  ... Place (ID:p7) imported
[2025-07-24 15:25:49,695] 1090 DEBUG FILE_LOGGER:  ... Place (ID:p8) imported
[2025-07-24 15:25:49,696] 1091 DEBUG FILE_LOGGER:  ... Place (ID:p9) imported
[2025-07-24 15:25:49,696] 1091 DEBUG FILE_LOGGER:  ... Place (ID:p10) imported
[2025-07-24 15:25:49,696] 1091 DEBUG FILE_LOGGER:  ... Place (ID:p11) imported
[2025-07-24 15:25:49,701] 1096 DEBUG FILE_LOGGER:  ... Transition (ID:t4) imported 
[2025-07-24 15:25:49,701] 1096 DEBUG FILE_LOGGER:  ... Transition (ID:t5) imported 
[2025-07-24 15:25:49,701] 1096 DEBUG FILE_LOGGER:  ... Transition (ID:t6) imported 
[2025-07-24 15:25:49,702] 1097 DEBUG FILE_LOGGER:  ... Transition (ID:t7) imported 
[2025-07-24 15:25:49,702] 1097 DEBUG FILE_LOGGER:  ... Transition (ID:t8) imported 
[2025-07-24 15:25:49,702] 1097 DEBUG FILE_LOGGER:  ... Transition (ID:t9) imported 
[2025-07-24 15:25:49,703] 1098 DEBUG FILE_LOGGER:  ... Transition (ID:t10) imported 
[2025-07-24 15:25:49,703] 1098 DEBUG FILE_LOGGER:  ... Transition (ID:t12) imported 
[2025-07-24 15:25:49,703] 1098 DEBUG FILE_LOGGER:  ... Transition (ID:t11) imported 
[2025-07-24 15:25:49,704] 1099 DEBUG FILE_LOGGER:  ... Transition (ID:t1) imported 
[2025-07-24 15:25:49,704] 1099 DEBUG FILE_LOGGER:  ... Transition (ID:t2) imported 
[2025-07-24 15:25:49,704] 1099 DEBUG FILE_LOGGER:  ... Transition (ID:t3) imported 
[2025-07-24 15:25:49,711] 1106 DEBUG FILE_LOGGER:  ... Arc created: (ID:a11) p4 -> t6 
[2025-07-24 15:25:49,711] 1106 DEBUG FILE_LOGGER:  ... Arc created: (ID:a33) p7 -> t2 
[2025-07-24 15:25:49,711] 1106 DEBUG FILE_LOGGER:  ... Arc created: (ID:a10) t5 -> p4 
[2025-07-24 15:25:49,712] 1107 DEBUG FILE_LOGGER:  ... Arc created: (ID:a32) t2 -> p8 
[2025-07-24 15:25:49,712] 1107 DEBUG FILE_LOGGER:  ... Arc created: (ID:a13) p6 -> t7 
[2025-07-24 15:25:49,712] 1107 DEBUG FILE_LOGGER:  ... Arc created: (ID:a12) t6 -> p3 
[2025-07-24 15:25:49,712] 1107 DEBUG FILE_LOGGER:  ... Arc created: (ID:a34) t2 -> p7 
[2025-07-24 15:25:49,712] 1107 DEBUG FILE_LOGGER:  ... Arc created: (ID:a15) p7 -> t8 
[2025-07-24 15:25:49,713] 1108 DEBUG FILE_LOGGER:  ... Arc created: (ID:a14) t7 -> p7 
[2025-07-24 15:25:49,713] 1108 DEBUG FILE_LOGGER:  ... Arc created: (ID:a17) p8 -> t9 
[2025-07-24 15:25:49,713] 1108 DEBUG FILE_LOGGER:  ... Arc created: (ID:a16) t8 -> p6 
[2025-07-24 15:25:49,713] 1108 DEBUG FILE_LOGGER:  ... Arc created: (ID:a19) p9 -> t10 
[2025-07-24 15:25:49,713] 1108 DEBUG FILE_LOGGER:  ... Arc created: (ID:a18) t9 -> p9 
[2025-07-24 15:25:49,714] 1109 DEBUG FILE_LOGGER:  ... Arc created: (ID:a20) t10 -> p8 
[2025-07-24 15:25:49,714] 1109 DEBUG FILE_LOGGER:  ... Arc created: (ID:a22) t11 -> p11 
[2025-07-24 15:25:49,714] 1109 DEBUG FILE_LOGGER:  ... Arc created: (ID:a21) p10 -> t11 
[2025-07-24 15:25:49,714] 1109 DEBUG FILE_LOGGER:  ... Arc created: (ID:a24) t12 -> p10 
[2025-07-24 15:25:49,714] 1109 DEBUG FILE_LOGGER:  ... Arc created: (ID:a23) p11 -> t12 
[2025-07-24 15:25:49,715] 1110 DEBUG FILE_LOGGER:  ... Arc created: (ID:a28) t2 -> p4 
[2025-07-24 15:25:49,715] 1110 DEBUG FILE_LOGGER:  ... Arc created: (ID:a27) p4 -> t2 
[2025-07-24 15:25:49,715] 1110 DEBUG FILE_LOGGER:  ... Arc created: (ID:a29) p10 -> t2 
[2025-07-24 15:25:49,715] 1110 DEBUG FILE_LOGGER:  ... Arc created: (ID:a1) p1 -> t1 
[2025-07-24 15:25:49,715] 1110 DEBUG FILE_LOGGER:  ... Arc created: (ID:a2) t1 -> p2 
[2025-07-24 15:25:49,715] 1110 DEBUG FILE_LOGGER:  ... Arc created: (ID:a3) p2 -> t2 
[2025-07-24 15:25:49,716] 1111 DEBUG FILE_LOGGER:  ... Arc created: (ID:a4) t2 -> p1 
[2025-07-24 15:25:49,716] 1111 DEBUG FILE_LOGGER:  ... Arc created: (ID:a5) p3 -> t3 
[2025-07-24 15:25:49,716] 1111 DEBUG FILE_LOGGER:  ... Arc created: (ID:a6) t3 -> p4 
[2025-07-24 15:25:49,716] 1111 DEBUG FILE_LOGGER:  ... Arc created: (ID:a7) p4 -> t4 
[2025-07-24 15:25:49,716] 1111 DEBUG FILE_LOGGER:  ... Arc created: (ID:a8) t4 -> p5 
[2025-07-24 15:25:49,717] 1112 DEBUG FILE_LOGGER:  ... Arc created: (ID:a9) p5 -> t5 
[2025-07-24 15:25:49,717] 1112 DEBUG FILE_LOGGER:  ... Arc created: (ID:a31) p8 -> t2 
[2025-07-24 15:25:49,717] 1112 DEBUG FILE_LOGGER:  ... Arc created: (ID:a30) t2 -> p10 
[2025-07-24 15:25:49,822] 1217 DEBUG EDITOR_LOGGER: Net updated. (10 ms)
[2025-07-24 15:25:49,834] 1229 DEBUG EDITOR_LOGGER: Net updated. (11 ms)
[2025-07-24 15:25:49,834] 1229 DEBUG FILE_LOGGER: ##### END PNML IMPORT Version (1.3.2) ##### (435 ms)
[2025-07-24 15:25:49,835] 1230  INFO CONFIG_LOGGER: Setting current working directory: D:\BPA Series\SupplementsOnGithub\bpa\Short 25 Wind farm
[2025-07-24 15:25:49,835] 1230  INFO FILE_LOGGER: Petrinet loaded from file: D:\BPA Series\SupplementsOnGithub\bpa\Short 25 Wind farm\windFarm.pnml
[2025-07-24 15:27:25,020] 96415  INFO CONFIG_LOGGER: Configuration successfully saved to: C:\Users\User\.WoPeD-3.9.0\WoPeDconfig.xml
[2025-07-24 15:27:25,020] 96415  INFO GUI_LOGGER: EXIT WoPeD
